<?xml version="1.0" encoding="UTF-8"?>
<testsuite name="org.rootservices.authorization.persistence.mapper.ConfigurationMapperTest" tests="4" skipped="0" failures="0" errors="0" timestamp="2018-01-07T16:02:07" hostname="Kristins-MBP" time="0.049">
  <properties/>
  <testcase name="getShouldBeOk" classname="org.rootservices.authorization.persistence.mapper.ConfigurationMapperTest" time="0.013"/>
  <testcase name="updateRefreshTokenSizeShouldBeOk" classname="org.rootservices.authorization.persistence.mapper.ConfigurationMapperTest" time="0.009"/>
  <testcase name="updateAuthorizationCodeSizeShouldBeOk" classname="org.rootservices.authorization.persistence.mapper.ConfigurationMapperTest" time="0.01"/>
  <testcase name="updateAccessTokenSizeShouldBeOk" classname="org.rootservices.authorization.persistence.mapper.ConfigurationMapperTest" time="0.014"/>
  <system-out><![CDATA[2018-01-07T10:02:07,188  INFO Test worker support.DefaultTestContextBootstrapper:260 - Loaded default TestExecutionListener class names from location [META-INF/spring.factories]: [org.springframework.test.context.web.ServletTestExecutionListener, org.springframework.test.context.support.DirtiesContextBeforeModesTestExecutionListener, org.springframework.test.context.support.DependencyInjectionTestExecutionListener, org.springframework.test.context.support.DirtiesContextTestExecutionListener, org.springframework.test.context.transaction.TransactionalTestExecutionListener, org.springframework.test.context.jdbc.SqlScriptsTestExecutionListener]
2018-01-07T10:02:07,191  INFO Test worker support.DefaultTestContextBootstrapper:209 - Could not instantiate TestExecutionListener [org.springframework.test.context.web.ServletTestExecutionListener]. Specify custom listener classes or make the default listener classes (and their required dependencies) available. Offending class: [javax/servlet/ServletContext]
2018-01-07T10:02:07,191  INFO Test worker support.DefaultTestContextBootstrapper:187 - Using TestExecutionListeners: [org.springframework.test.context.support.DirtiesContextBeforeModesTestExecutionListener@3c14f3b6, org.springframework.test.context.support.DependencyInjectionTestExecutionListener@50155bb4, org.springframework.test.context.support.DirtiesContextTestExecutionListener@61978895, org.springframework.test.context.transaction.TransactionalTestExecutionListener@1b38b311, org.springframework.test.context.jdbc.SqlScriptsTestExecutionListener@2a6a83]
2018-01-07T10:02:07,199  INFO Test worker transaction.TransactionContext:101 - Began transaction (1) for test context [DefaultTestContext@79682af7 testClass = ConfigurationMapperTest, testInstance = org.rootservices.authorization.persistence.mapper.ConfigurationMapperTest@2a45392b, testMethod = getShouldBeOk@ConfigurationMapperTest, testException = [null], mergedContextConfiguration = [MergedContextConfiguration@7a9859c9 testClass = ConfigurationMapperTest, locations = '{classpath:spring-auth-test.xml}', classes = '{}', contextInitializerClasses = '[]', activeProfiles = '{}', propertySourceLocations = '{}', propertySourceProperties = '{}', contextCustomizers = set[[empty]], contextLoader = 'org.springframework.test.context.support.DelegatingSmartContextLoader', parent = [null]]]; transaction manager [org.springframework.jdbc.datasource.DataSourceTransactionManager@6cc63594]; rollback [true]
2018-01-07T10:02:07,208  INFO Test worker transaction.TransactionContext:136 - Rolled back transaction for test context [DefaultTestContext@79682af7 testClass = ConfigurationMapperTest, testInstance = org.rootservices.authorization.persistence.mapper.ConfigurationMapperTest@2a45392b, testMethod = getShouldBeOk@ConfigurationMapperTest, testException = [null], mergedContextConfiguration = [MergedContextConfiguration@7a9859c9 testClass = ConfigurationMapperTest, locations = '{classpath:spring-auth-test.xml}', classes = '{}', contextInitializerClasses = '[]', activeProfiles = '{}', propertySourceLocations = '{}', propertySourceProperties = '{}', contextCustomizers = set[[empty]], contextLoader = 'org.springframework.test.context.support.DelegatingSmartContextLoader', parent = [null]]].
2018-01-07T10:02:07,214  INFO Test worker transaction.TransactionContext:101 - Began transaction (1) for test context [DefaultTestContext@79682af7 testClass = ConfigurationMapperTest, testInstance = org.rootservices.authorization.persistence.mapper.ConfigurationMapperTest@60b1c, testMethod = updateRefreshTokenSizeShouldBeOk@ConfigurationMapperTest, testException = [null], mergedContextConfiguration = [MergedContextConfiguration@7a9859c9 testClass = ConfigurationMapperTest, locations = '{classpath:spring-auth-test.xml}', classes = '{}', contextInitializerClasses = '[]', activeProfiles = '{}', propertySourceLocations = '{}', propertySourceProperties = '{}', contextCustomizers = set[[empty]], contextLoader = 'org.springframework.test.context.support.DelegatingSmartContextLoader', parent = [null]]]; transaction manager [org.springframework.jdbc.datasource.DataSourceTransactionManager@6cc63594]; rollback [true]
2018-01-07T10:02:07,221  INFO Test worker transaction.TransactionContext:136 - Rolled back transaction for test context [DefaultTestContext@79682af7 testClass = ConfigurationMapperTest, testInstance = org.rootservices.authorization.persistence.mapper.ConfigurationMapperTest@60b1c, testMethod = updateRefreshTokenSizeShouldBeOk@ConfigurationMapperTest, testException = [null], mergedContextConfiguration = [MergedContextConfiguration@7a9859c9 testClass = ConfigurationMapperTest, locations = '{classpath:spring-auth-test.xml}', classes = '{}', contextInitializerClasses = '[]', activeProfiles = '{}', propertySourceLocations = '{}', propertySourceProperties = '{}', contextCustomizers = set[[empty]], contextLoader = 'org.springframework.test.context.support.DelegatingSmartContextLoader', parent = [null]]].
2018-01-07T10:02:07,223  INFO Test worker transaction.TransactionContext:101 - Began transaction (1) for test context [DefaultTestContext@79682af7 testClass = ConfigurationMapperTest, testInstance = org.rootservices.authorization.persistence.mapper.ConfigurationMapperTest@425fa5eb, testMethod = updateAuthorizationCodeSizeShouldBeOk@ConfigurationMapperTest, testException = [null], mergedContextConfiguration = [MergedContextConfiguration@7a9859c9 testClass = ConfigurationMapperTest, locations = '{classpath:spring-auth-test.xml}', classes = '{}', contextInitializerClasses = '[]', activeProfiles = '{}', propertySourceLocations = '{}', propertySourceProperties = '{}', contextCustomizers = set[[empty]], contextLoader = 'org.springframework.test.context.support.DelegatingSmartContextLoader', parent = [null]]]; transaction manager [org.springframework.jdbc.datasource.DataSourceTransactionManager@6cc63594]; rollback [true]
2018-01-07T10:02:07,232  INFO Test worker transaction.TransactionContext:136 - Rolled back transaction for test context [DefaultTestContext@79682af7 testClass = ConfigurationMapperTest, testInstance = org.rootservices.authorization.persistence.mapper.ConfigurationMapperTest@425fa5eb, testMethod = updateAuthorizationCodeSizeShouldBeOk@ConfigurationMapperTest, testException = [null], mergedContextConfiguration = [MergedContextConfiguration@7a9859c9 testClass = ConfigurationMapperTest, locations = '{classpath:spring-auth-test.xml}', classes = '{}', contextInitializerClasses = '[]', activeProfiles = '{}', propertySourceLocations = '{}', propertySourceProperties = '{}', contextCustomizers = set[[empty]], contextLoader = 'org.springframework.test.context.support.DelegatingSmartContextLoader', parent = [null]]].
2018-01-07T10:02:07,234  INFO Test worker transaction.TransactionContext:101 - Began transaction (1) for test context [DefaultTestContext@79682af7 testClass = ConfigurationMapperTest, testInstance = org.rootservices.authorization.persistence.mapper.ConfigurationMapperTest@3e7e443b, testMethod = updateAccessTokenSizeShouldBeOk@ConfigurationMapperTest, testException = [null], mergedContextConfiguration = [MergedContextConfiguration@7a9859c9 testClass = ConfigurationMapperTest, locations = '{classpath:spring-auth-test.xml}', classes = '{}', contextInitializerClasses = '[]', activeProfiles = '{}', propertySourceLocations = '{}', propertySourceProperties = '{}', contextCustomizers = set[[empty]], contextLoader = 'org.springframework.test.context.support.DelegatingSmartContextLoader', parent = [null]]]; transaction manager [org.springframework.jdbc.datasource.DataSourceTransactionManager@6cc63594]; rollback [true]
2018-01-07T10:02:07,247  INFO Test worker transaction.TransactionContext:136 - Rolled back transaction for test context [DefaultTestContext@79682af7 testClass = ConfigurationMapperTest, testInstance = org.rootservices.authorization.persistence.mapper.ConfigurationMapperTest@3e7e443b, testMethod = updateAccessTokenSizeShouldBeOk@ConfigurationMapperTest, testException = [null], mergedContextConfiguration = [MergedContextConfiguration@7a9859c9 testClass = ConfigurationMapperTest, locations = '{classpath:spring-auth-test.xml}', classes = '{}', contextInitializerClasses = '[]', activeProfiles = '{}', propertySourceLocations = '{}', propertySourceProperties = '{}', contextCustomizers = set[[empty]], contextLoader = 'org.springframework.test.context.support.DelegatingSmartContextLoader', parent = [null]]].
]]></system-out>
  <system-err><![CDATA[]]></system-err>
</testsuite>
