<?xml version="1.0" encoding="UTF-8"?>
<testsuite name="integration.authorization.openid.grant.token.request.ValidateOpenIdParams.validation.Nonce.ClientFoundRedirectMismatchTest" tests="4" skipped="0" failures="0" errors="0" timestamp="2018-01-07T16:01:51" hostname="Kristins-MBP" time="0.07">
  <properties/>
  <testcase name="noncesIsBlankStringShouldThrowInformResourceOwnerException" classname="integration.authorization.openid.grant.token.request.ValidateOpenIdParams.validation.Nonce.ClientFoundRedirectMismatchTest" time="0.018"/>
  <testcase name="noncesIsNullShouldThrowInformResourceOwnerException" classname="integration.authorization.openid.grant.token.request.ValidateOpenIdParams.validation.Nonce.ClientFoundRedirectMismatchTest" time="0.017"/>
  <testcase name="noncesHasTwoItemsShouldThrowInformResourceOwnerException" classname="integration.authorization.openid.grant.token.request.ValidateOpenIdParams.validation.Nonce.ClientFoundRedirectMismatchTest" time="0.014"/>
  <testcase name="noncesIsEmptyListShouldThrowInformResourceOwnerException" classname="integration.authorization.openid.grant.token.request.ValidateOpenIdParams.validation.Nonce.ClientFoundRedirectMismatchTest" time="0.016"/>
  <system-out><![CDATA[2018-01-07T10:01:51,273  INFO Test worker support.DefaultTestContextBootstrapper:260 - Loaded default TestExecutionListener class names from location [META-INF/spring.factories]: [org.springframework.test.context.web.ServletTestExecutionListener, org.springframework.test.context.support.DirtiesContextBeforeModesTestExecutionListener, org.springframework.test.context.support.DependencyInjectionTestExecutionListener, org.springframework.test.context.support.DirtiesContextTestExecutionListener, org.springframework.test.context.transaction.TransactionalTestExecutionListener, org.springframework.test.context.jdbc.SqlScriptsTestExecutionListener]
2018-01-07T10:01:51,274  INFO Test worker support.DefaultTestContextBootstrapper:209 - Could not instantiate TestExecutionListener [org.springframework.test.context.web.ServletTestExecutionListener]. Specify custom listener classes or make the default listener classes (and their required dependencies) available. Offending class: [javax/servlet/ServletContext]
2018-01-07T10:01:51,275  INFO Test worker support.DefaultTestContextBootstrapper:187 - Using TestExecutionListeners: [org.springframework.test.context.support.DirtiesContextBeforeModesTestExecutionListener@4c2677f, org.springframework.test.context.support.DependencyInjectionTestExecutionListener@7df5f6ad, org.springframework.test.context.support.DirtiesContextTestExecutionListener@35bb416b, org.springframework.test.context.transaction.TransactionalTestExecutionListener@778932a, org.springframework.test.context.jdbc.SqlScriptsTestExecutionListener@1016f525]
2018-01-07T10:01:51,284  INFO Test worker transaction.TransactionContext:101 - Began transaction (1) for test context [DefaultTestContext@49e1c043 testClass = ClientFoundRedirectMismatchTest, testInstance = integration.authorization.openid.grant.token.request.ValidateOpenIdParams.validation.Nonce.ClientFoundRedirectMismatchTest@2ace0cf2, testMethod = noncesIsBlankStringShouldThrowInformResourceOwnerException@ClientFoundRedirectMismatchTest, testException = [null], mergedContextConfiguration = [MergedContextConfiguration@42843914 testClass = ClientFoundRedirectMismatchTest, locations = '{classpath:spring-auth-test.xml}', classes = '{}', contextInitializerClasses = '[]', activeProfiles = '{}', propertySourceLocations = '{}', propertySourceProperties = '{}', contextCustomizers = set[[empty]], contextLoader = 'org.springframework.test.context.support.DelegatingSmartContextLoader', parent = [null]]]; transaction manager [org.springframework.jdbc.datasource.DataSourceTransactionManager@7c498c62]; rollback [true]
2018-01-07T10:01:51,300  INFO Test worker transaction.TransactionContext:136 - Rolled back transaction for test context [DefaultTestContext@49e1c043 testClass = ClientFoundRedirectMismatchTest, testInstance = integration.authorization.openid.grant.token.request.ValidateOpenIdParams.validation.Nonce.ClientFoundRedirectMismatchTest@2ace0cf2, testMethod = noncesIsBlankStringShouldThrowInformResourceOwnerException@ClientFoundRedirectMismatchTest, testException = [null], mergedContextConfiguration = [MergedContextConfiguration@42843914 testClass = ClientFoundRedirectMismatchTest, locations = '{classpath:spring-auth-test.xml}', classes = '{}', contextInitializerClasses = '[]', activeProfiles = '{}', propertySourceLocations = '{}', propertySourceProperties = '{}', contextCustomizers = set[[empty]], contextLoader = 'org.springframework.test.context.support.DelegatingSmartContextLoader', parent = [null]]].
2018-01-07T10:01:51,302  INFO Test worker transaction.TransactionContext:101 - Began transaction (1) for test context [DefaultTestContext@49e1c043 testClass = ClientFoundRedirectMismatchTest, testInstance = integration.authorization.openid.grant.token.request.ValidateOpenIdParams.validation.Nonce.ClientFoundRedirectMismatchTest@78043daa, testMethod = noncesIsNullShouldThrowInformResourceOwnerException@ClientFoundRedirectMismatchTest, testException = [null], mergedContextConfiguration = [MergedContextConfiguration@42843914 testClass = ClientFoundRedirectMismatchTest, locations = '{classpath:spring-auth-test.xml}', classes = '{}', contextInitializerClasses = '[]', activeProfiles = '{}', propertySourceLocations = '{}', propertySourceProperties = '{}', contextCustomizers = set[[empty]], contextLoader = 'org.springframework.test.context.support.DelegatingSmartContextLoader', parent = [null]]]; transaction manager [org.springframework.jdbc.datasource.DataSourceTransactionManager@7c498c62]; rollback [true]
2018-01-07T10:01:51,317  INFO Test worker transaction.TransactionContext:136 - Rolled back transaction for test context [DefaultTestContext@49e1c043 testClass = ClientFoundRedirectMismatchTest, testInstance = integration.authorization.openid.grant.token.request.ValidateOpenIdParams.validation.Nonce.ClientFoundRedirectMismatchTest@78043daa, testMethod = noncesIsNullShouldThrowInformResourceOwnerException@ClientFoundRedirectMismatchTest, testException = [null], mergedContextConfiguration = [MergedContextConfiguration@42843914 testClass = ClientFoundRedirectMismatchTest, locations = '{classpath:spring-auth-test.xml}', classes = '{}', contextInitializerClasses = '[]', activeProfiles = '{}', propertySourceLocations = '{}', propertySourceProperties = '{}', contextCustomizers = set[[empty]], contextLoader = 'org.springframework.test.context.support.DelegatingSmartContextLoader', parent = [null]]].
2018-01-07T10:01:51,323  INFO Test worker transaction.TransactionContext:101 - Began transaction (1) for test context [DefaultTestContext@49e1c043 testClass = ClientFoundRedirectMismatchTest, testInstance = integration.authorization.openid.grant.token.request.ValidateOpenIdParams.validation.Nonce.ClientFoundRedirectMismatchTest@65532bbb, testMethod = noncesHasTwoItemsShouldThrowInformResourceOwnerException@ClientFoundRedirectMismatchTest, testException = [null], mergedContextConfiguration = [MergedContextConfiguration@42843914 testClass = ClientFoundRedirectMismatchTest, locations = '{classpath:spring-auth-test.xml}', classes = '{}', contextInitializerClasses = '[]', activeProfiles = '{}', propertySourceLocations = '{}', propertySourceProperties = '{}', contextCustomizers = set[[empty]], contextLoader = 'org.springframework.test.context.support.DelegatingSmartContextLoader', parent = [null]]]; transaction manager [org.springframework.jdbc.datasource.DataSourceTransactionManager@7c498c62]; rollback [true]
2018-01-07T10:01:51,335  INFO Test worker transaction.TransactionContext:136 - Rolled back transaction for test context [DefaultTestContext@49e1c043 testClass = ClientFoundRedirectMismatchTest, testInstance = integration.authorization.openid.grant.token.request.ValidateOpenIdParams.validation.Nonce.ClientFoundRedirectMismatchTest@65532bbb, testMethod = noncesHasTwoItemsShouldThrowInformResourceOwnerException@ClientFoundRedirectMismatchTest, testException = [null], mergedContextConfiguration = [MergedContextConfiguration@42843914 testClass = ClientFoundRedirectMismatchTest, locations = '{classpath:spring-auth-test.xml}', classes = '{}', contextInitializerClasses = '[]', activeProfiles = '{}', propertySourceLocations = '{}', propertySourceProperties = '{}', contextCustomizers = set[[empty]], contextLoader = 'org.springframework.test.context.support.DelegatingSmartContextLoader', parent = [null]]].
2018-01-07T10:01:51,338  INFO Test worker transaction.TransactionContext:101 - Began transaction (1) for test context [DefaultTestContext@49e1c043 testClass = ClientFoundRedirectMismatchTest, testInstance = integration.authorization.openid.grant.token.request.ValidateOpenIdParams.validation.Nonce.ClientFoundRedirectMismatchTest@4a6d5a1b, testMethod = noncesIsEmptyListShouldThrowInformResourceOwnerException@ClientFoundRedirectMismatchTest, testException = [null], mergedContextConfiguration = [MergedContextConfiguration@42843914 testClass = ClientFoundRedirectMismatchTest, locations = '{classpath:spring-auth-test.xml}', classes = '{}', contextInitializerClasses = '[]', activeProfiles = '{}', propertySourceLocations = '{}', propertySourceProperties = '{}', contextCustomizers = set[[empty]], contextLoader = 'org.springframework.test.context.support.DelegatingSmartContextLoader', parent = [null]]]; transaction manager [org.springframework.jdbc.datasource.DataSourceTransactionManager@7c498c62]; rollback [true]
2018-01-07T10:01:51,351  INFO Test worker transaction.TransactionContext:136 - Rolled back transaction for test context [DefaultTestContext@49e1c043 testClass = ClientFoundRedirectMismatchTest, testInstance = integration.authorization.openid.grant.token.request.ValidateOpenIdParams.validation.Nonce.ClientFoundRedirectMismatchTest@4a6d5a1b, testMethod = noncesIsEmptyListShouldThrowInformResourceOwnerException@ClientFoundRedirectMismatchTest, testException = [null], mergedContextConfiguration = [MergedContextConfiguration@42843914 testClass = ClientFoundRedirectMismatchTest, locations = '{classpath:spring-auth-test.xml}', classes = '{}', contextInitializerClasses = '[]', activeProfiles = '{}', propertySourceLocations = '{}', propertySourceProperties = '{}', contextCustomizers = set[[empty]], contextLoader = 'org.springframework.test.context.support.DelegatingSmartContextLoader', parent = [null]]].
]]></system-out>
  <system-err><![CDATA[]]></system-err>
</testsuite>
