<?xml version="1.0" encoding="UTF-8"?>
<testsuite name="org.rootservices.authorization.openId.grant.redirect.implicit.authorization.request.ComparePublicClientToOpenIdAuthRequestTest" tests="5" skipped="0" failures="0" errors="0" timestamp="2018-01-07T16:01:59" hostname="Kristins-MBP" time="0.217">
  <properties/>
  <testcase name="authRequestInvalidScopeShouldThrowInformClientException" classname="org.rootservices.authorization.openId.grant.redirect.implicit.authorization.request.ComparePublicClientToOpenIdAuthRequestTest" time="0.212"/>
  <testcase name="responseTypeMismatchShouldThrowInformClientException" classname="org.rootservices.authorization.openId.grant.redirect.implicit.authorization.request.ComparePublicClientToOpenIdAuthRequestTest" time="0.001"/>
  <testcase name="shouldBeOk" classname="org.rootservices.authorization.openId.grant.redirect.implicit.authorization.request.ComparePublicClientToOpenIdAuthRequestTest" time="0.001"/>
  <testcase name="runClientNotFoundShouldThrowInformResourceOwnerException" classname="org.rootservices.authorization.openId.grant.redirect.implicit.authorization.request.ComparePublicClientToOpenIdAuthRequestTest" time="0.001"/>
  <testcase name="redirectUriMismatchShouldThrowInformResourceOwnerException" classname="org.rootservices.authorization.openId.grant.redirect.implicit.authorization.request.ComparePublicClientToOpenIdAuthRequestTest" time="0.001"/>
  <system-out><![CDATA[]]></system-out>
  <system-err><![CDATA[]]></system-err>
</testsuite>
