<?xml version="1.0" encoding="UTF-8"?>
<testsuite name="org.rootservices.authorization.persistence.mapper.AuthCodeMapperTest" tests="7" skipped="0" failures="0" errors="0" timestamp="2018-01-07T16:02:10" hostname="Kristins-MBP" time="2.545">
  <properties/>
  <testcase name="insert" classname="org.rootservices.authorization.persistence.mapper.AuthCodeMapperTest" time="0.213"/>
  <testcase name="revokeByIdShouldRevoke" classname="org.rootservices.authorization.persistence.mapper.AuthCodeMapperTest" time="0.652"/>
  <testcase name="getByClientIdAndAuthCodeWhenCodeIsRevoked" classname="org.rootservices.authorization.persistence.mapper.AuthCodeMapperTest" time="0.393"/>
  <testcase name="getByClientIdAndAuthCodeWhenTokenIsPresent" classname="org.rootservices.authorization.persistence.mapper.AuthCodeMapperTest" time="0.435"/>
  <testcase name="insertDuplicateExpectDuplicateKeyException" classname="org.rootservices.authorization.persistence.mapper.AuthCodeMapperTest" time="0.216"/>
  <testcase name="getByClientIdAndAuthCodeShouldBeOk" classname="org.rootservices.authorization.persistence.mapper.AuthCodeMapperTest" time="0.316"/>
  <testcase name="getByClientIdAndAuthCodeWhenRedirectURIIsNotPresent" classname="org.rootservices.authorization.persistence.mapper.AuthCodeMapperTest" time="0.317"/>
  <system-out><![CDATA[2018-01-07T10:02:10,636  INFO Test worker support.DefaultTestContextBootstrapper:260 - Loaded default TestExecutionListener class names from location [META-INF/spring.factories]: [org.springframework.test.context.web.ServletTestExecutionListener, org.springframework.test.context.support.DirtiesContextBeforeModesTestExecutionListener, org.springframework.test.context.support.DependencyInjectionTestExecutionListener, org.springframework.test.context.support.DirtiesContextTestExecutionListener, org.springframework.test.context.transaction.TransactionalTestExecutionListener, org.springframework.test.context.jdbc.SqlScriptsTestExecutionListener]
2018-01-07T10:02:10,640  INFO Test worker support.DefaultTestContextBootstrapper:209 - Could not instantiate TestExecutionListener [org.springframework.test.context.web.ServletTestExecutionListener]. Specify custom listener classes or make the default listener classes (and their required dependencies) available. Offending class: [javax/servlet/ServletContext]
2018-01-07T10:02:10,641  INFO Test worker support.DefaultTestContextBootstrapper:187 - Using TestExecutionListeners: [org.springframework.test.context.support.DirtiesContextBeforeModesTestExecutionListener@40e0dd7b, org.springframework.test.context.support.DependencyInjectionTestExecutionListener@742d338f, org.springframework.test.context.support.DirtiesContextTestExecutionListener@382c0466, org.springframework.test.context.transaction.TransactionalTestExecutionListener@24850a3, org.springframework.test.context.jdbc.SqlScriptsTestExecutionListener@44055e94]
2018-01-07T10:02:10,648  INFO Test worker transaction.TransactionContext:101 - Began transaction (1) for test context [DefaultTestContext@5c43f4f7 testClass = AuthCodeMapperTest, testInstance = org.rootservices.authorization.persistence.mapper.AuthCodeMapperTest@c2864b5, testMethod = insert@AuthCodeMapperTest, testException = [null], mergedContextConfiguration = [MergedContextConfiguration@5929acd0 testClass = AuthCodeMapperTest, locations = '{classpath:spring-auth-test.xml}', classes = '{}', contextInitializerClasses = '[]', activeProfiles = '{}', propertySourceLocations = '{}', propertySourceProperties = '{}', contextCustomizers = set[[empty]], contextLoader = 'org.springframework.test.context.support.DelegatingSmartContextLoader', parent = [null]]]; transaction manager [org.springframework.jdbc.datasource.DataSourceTransactionManager@2afd27a1]; rollback [true]
2018-01-07T10:02:10,860  INFO Test worker transaction.TransactionContext:136 - Rolled back transaction for test context [DefaultTestContext@5c43f4f7 testClass = AuthCodeMapperTest, testInstance = org.rootservices.authorization.persistence.mapper.AuthCodeMapperTest@c2864b5, testMethod = insert@AuthCodeMapperTest, testException = [null], mergedContextConfiguration = [MergedContextConfiguration@5929acd0 testClass = AuthCodeMapperTest, locations = '{classpath:spring-auth-test.xml}', classes = '{}', contextInitializerClasses = '[]', activeProfiles = '{}', propertySourceLocations = '{}', propertySourceProperties = '{}', contextCustomizers = set[[empty]], contextLoader = 'org.springframework.test.context.support.DelegatingSmartContextLoader', parent = [null]]].
2018-01-07T10:02:10,862  INFO Test worker transaction.TransactionContext:101 - Began transaction (1) for test context [DefaultTestContext@5c43f4f7 testClass = AuthCodeMapperTest, testInstance = org.rootservices.authorization.persistence.mapper.AuthCodeMapperTest@3944012e, testMethod = revokeByIdShouldRevoke@AuthCodeMapperTest, testException = [null], mergedContextConfiguration = [MergedContextConfiguration@5929acd0 testClass = AuthCodeMapperTest, locations = '{classpath:spring-auth-test.xml}', classes = '{}', contextInitializerClasses = '[]', activeProfiles = '{}', propertySourceLocations = '{}', propertySourceProperties = '{}', contextCustomizers = set[[empty]], contextLoader = 'org.springframework.test.context.support.DelegatingSmartContextLoader', parent = [null]]]; transaction manager [org.springframework.jdbc.datasource.DataSourceTransactionManager@2afd27a1]; rollback [true]
2018-01-07T10:02:11,513  INFO Test worker transaction.TransactionContext:136 - Rolled back transaction for test context [DefaultTestContext@5c43f4f7 testClass = AuthCodeMapperTest, testInstance = org.rootservices.authorization.persistence.mapper.AuthCodeMapperTest@3944012e, testMethod = revokeByIdShouldRevoke@AuthCodeMapperTest, testException = [null], mergedContextConfiguration = [MergedContextConfiguration@5929acd0 testClass = AuthCodeMapperTest, locations = '{classpath:spring-auth-test.xml}', classes = '{}', contextInitializerClasses = '[]', activeProfiles = '{}', propertySourceLocations = '{}', propertySourceProperties = '{}', contextCustomizers = set[[empty]], contextLoader = 'org.springframework.test.context.support.DelegatingSmartContextLoader', parent = [null]]].
2018-01-07T10:02:11,514  INFO Test worker transaction.TransactionContext:101 - Began transaction (1) for test context [DefaultTestContext@5c43f4f7 testClass = AuthCodeMapperTest, testInstance = org.rootservices.authorization.persistence.mapper.AuthCodeMapperTest@14f4c46f, testMethod = getByClientIdAndAuthCodeWhenCodeIsRevoked@AuthCodeMapperTest, testException = [null], mergedContextConfiguration = [MergedContextConfiguration@5929acd0 testClass = AuthCodeMapperTest, locations = '{classpath:spring-auth-test.xml}', classes = '{}', contextInitializerClasses = '[]', activeProfiles = '{}', propertySourceLocations = '{}', propertySourceProperties = '{}', contextCustomizers = set[[empty]], contextLoader = 'org.springframework.test.context.support.DelegatingSmartContextLoader', parent = [null]]]; transaction manager [org.springframework.jdbc.datasource.DataSourceTransactionManager@2afd27a1]; rollback [true]
2018-01-07T10:02:11,906  INFO Test worker transaction.TransactionContext:136 - Rolled back transaction for test context [DefaultTestContext@5c43f4f7 testClass = AuthCodeMapperTest, testInstance = org.rootservices.authorization.persistence.mapper.AuthCodeMapperTest@14f4c46f, testMethod = getByClientIdAndAuthCodeWhenCodeIsRevoked@AuthCodeMapperTest, testException = [null], mergedContextConfiguration = [MergedContextConfiguration@5929acd0 testClass = AuthCodeMapperTest, locations = '{classpath:spring-auth-test.xml}', classes = '{}', contextInitializerClasses = '[]', activeProfiles = '{}', propertySourceLocations = '{}', propertySourceProperties = '{}', contextCustomizers = set[[empty]], contextLoader = 'org.springframework.test.context.support.DelegatingSmartContextLoader', parent = [null]]].
2018-01-07T10:02:11,908  INFO Test worker transaction.TransactionContext:101 - Began transaction (1) for test context [DefaultTestContext@5c43f4f7 testClass = AuthCodeMapperTest, testInstance = org.rootservices.authorization.persistence.mapper.AuthCodeMapperTest@6cd0a138, testMethod = getByClientIdAndAuthCodeWhenTokenIsPresent@AuthCodeMapperTest, testException = [null], mergedContextConfiguration = [MergedContextConfiguration@5929acd0 testClass = AuthCodeMapperTest, locations = '{classpath:spring-auth-test.xml}', classes = '{}', contextInitializerClasses = '[]', activeProfiles = '{}', propertySourceLocations = '{}', propertySourceProperties = '{}', contextCustomizers = set[[empty]], contextLoader = 'org.springframework.test.context.support.DelegatingSmartContextLoader', parent = [null]]]; transaction manager [org.springframework.jdbc.datasource.DataSourceTransactionManager@2afd27a1]; rollback [true]
2018-01-07T10:02:12,342  INFO Test worker transaction.TransactionContext:136 - Rolled back transaction for test context [DefaultTestContext@5c43f4f7 testClass = AuthCodeMapperTest, testInstance = org.rootservices.authorization.persistence.mapper.AuthCodeMapperTest@6cd0a138, testMethod = getByClientIdAndAuthCodeWhenTokenIsPresent@AuthCodeMapperTest, testException = [null], mergedContextConfiguration = [MergedContextConfiguration@5929acd0 testClass = AuthCodeMapperTest, locations = '{classpath:spring-auth-test.xml}', classes = '{}', contextInitializerClasses = '[]', activeProfiles = '{}', propertySourceLocations = '{}', propertySourceProperties = '{}', contextCustomizers = set[[empty]], contextLoader = 'org.springframework.test.context.support.DelegatingSmartContextLoader', parent = [null]]].
2018-01-07T10:02:12,343  INFO Test worker transaction.TransactionContext:101 - Began transaction (1) for test context [DefaultTestContext@5c43f4f7 testClass = AuthCodeMapperTest, testInstance = org.rootservices.authorization.persistence.mapper.AuthCodeMapperTest@12cf4fa1, testMethod = insertDuplicateExpectDuplicateKeyException@AuthCodeMapperTest, testException = [null], mergedContextConfiguration = [MergedContextConfiguration@5929acd0 testClass = AuthCodeMapperTest, locations = '{classpath:spring-auth-test.xml}', classes = '{}', contextInitializerClasses = '[]', activeProfiles = '{}', propertySourceLocations = '{}', propertySourceProperties = '{}', contextCustomizers = set[[empty]], contextLoader = 'org.springframework.test.context.support.DelegatingSmartContextLoader', parent = [null]]]; transaction manager [org.springframework.jdbc.datasource.DataSourceTransactionManager@2afd27a1]; rollback [true]
2018-01-07T10:02:12,559  INFO Test worker transaction.TransactionContext:136 - Rolled back transaction for test context [DefaultTestContext@5c43f4f7 testClass = AuthCodeMapperTest, testInstance = org.rootservices.authorization.persistence.mapper.AuthCodeMapperTest@12cf4fa1, testMethod = insertDuplicateExpectDuplicateKeyException@AuthCodeMapperTest, testException = [null], mergedContextConfiguration = [MergedContextConfiguration@5929acd0 testClass = AuthCodeMapperTest, locations = '{classpath:spring-auth-test.xml}', classes = '{}', contextInitializerClasses = '[]', activeProfiles = '{}', propertySourceLocations = '{}', propertySourceProperties = '{}', contextCustomizers = set[[empty]], contextLoader = 'org.springframework.test.context.support.DelegatingSmartContextLoader', parent = [null]]].
2018-01-07T10:02:12,560  INFO Test worker transaction.TransactionContext:101 - Began transaction (1) for test context [DefaultTestContext@5c43f4f7 testClass = AuthCodeMapperTest, testInstance = org.rootservices.authorization.persistence.mapper.AuthCodeMapperTest@15b25002, testMethod = getByClientIdAndAuthCodeShouldBeOk@AuthCodeMapperTest, testException = [null], mergedContextConfiguration = [MergedContextConfiguration@5929acd0 testClass = AuthCodeMapperTest, locations = '{classpath:spring-auth-test.xml}', classes = '{}', contextInitializerClasses = '[]', activeProfiles = '{}', propertySourceLocations = '{}', propertySourceProperties = '{}', contextCustomizers = set[[empty]], contextLoader = 'org.springframework.test.context.support.DelegatingSmartContextLoader', parent = [null]]]; transaction manager [org.springframework.jdbc.datasource.DataSourceTransactionManager@2afd27a1]; rollback [true]
2018-01-07T10:02:12,875  INFO Test worker transaction.TransactionContext:136 - Rolled back transaction for test context [DefaultTestContext@5c43f4f7 testClass = AuthCodeMapperTest, testInstance = org.rootservices.authorization.persistence.mapper.AuthCodeMapperTest@15b25002, testMethod = getByClientIdAndAuthCodeShouldBeOk@AuthCodeMapperTest, testException = [null], mergedContextConfiguration = [MergedContextConfiguration@5929acd0 testClass = AuthCodeMapperTest, locations = '{classpath:spring-auth-test.xml}', classes = '{}', contextInitializerClasses = '[]', activeProfiles = '{}', propertySourceLocations = '{}', propertySourceProperties = '{}', contextCustomizers = set[[empty]], contextLoader = 'org.springframework.test.context.support.DelegatingSmartContextLoader', parent = [null]]].
2018-01-07T10:02:12,877  INFO Test worker transaction.TransactionContext:101 - Began transaction (1) for test context [DefaultTestContext@5c43f4f7 testClass = AuthCodeMapperTest, testInstance = org.rootservices.authorization.persistence.mapper.AuthCodeMapperTest@699d6e5f, testMethod = getByClientIdAndAuthCodeWhenRedirectURIIsNotPresent@AuthCodeMapperTest, testException = [null], mergedContextConfiguration = [MergedContextConfiguration@5929acd0 testClass = AuthCodeMapperTest, locations = '{classpath:spring-auth-test.xml}', classes = '{}', contextInitializerClasses = '[]', activeProfiles = '{}', propertySourceLocations = '{}', propertySourceProperties = '{}', contextCustomizers = set[[empty]], contextLoader = 'org.springframework.test.context.support.DelegatingSmartContextLoader', parent = [null]]]; transaction manager [org.springframework.jdbc.datasource.DataSourceTransactionManager@2afd27a1]; rollback [true]
2018-01-07T10:02:13,192  INFO Test worker transaction.TransactionContext:136 - Rolled back transaction for test context [DefaultTestContext@5c43f4f7 testClass = AuthCodeMapperTest, testInstance = org.rootservices.authorization.persistence.mapper.AuthCodeMapperTest@699d6e5f, testMethod = getByClientIdAndAuthCodeWhenRedirectURIIsNotPresent@AuthCodeMapperTest, testException = [null], mergedContextConfiguration = [MergedContextConfiguration@5929acd0 testClass = AuthCodeMapperTest, locations = '{classpath:spring-auth-test.xml}', classes = '{}', contextInitializerClasses = '[]', activeProfiles = '{}', propertySourceLocations = '{}', propertySourceProperties = '{}', contextCustomizers = set[[empty]], contextLoader = 'org.springframework.test.context.support.DelegatingSmartContextLoader', parent = [null]]].
]]></system-out>
  <system-err><![CDATA[]]></system-err>
</testsuite>
