<?xml version="1.0" encoding="UTF-8"?>
<testsuite name="integration.authorization.openid.grant.code.request.ValidateOpenIdParams.validation.Scopes.ClientFoundRedirectMismatchTest" tests="3" skipped="0" failures="0" errors="0" timestamp="2018-01-07T16:01:49" hostname="Kristins-MBP" time="1.099">
  <properties/>
  <testcase name="scopeIsBlankStringShouldThrowInformResourceOwnerException" classname="integration.authorization.openid.grant.code.request.ValidateOpenIdParams.validation.Scopes.ClientFoundRedirectMismatchTest" time="0.504"/>
  <testcase name="scopesHasTwoItemsShouldThrowInformResourceOwnerException" classname="integration.authorization.openid.grant.code.request.ValidateOpenIdParams.validation.Scopes.ClientFoundRedirectMismatchTest" time="0.301"/>
  <testcase name="scopeIsInvalidShouldThrowInformResourceOwnerException" classname="integration.authorization.openid.grant.code.request.ValidateOpenIdParams.validation.Scopes.ClientFoundRedirectMismatchTest" time="0.294"/>
  <system-out><![CDATA[2018-01-07T10:01:49,508  INFO Test worker support.DefaultTestContextBootstrapper:260 - Loaded default TestExecutionListener class names from location [META-INF/spring.factories]: [org.springframework.test.context.web.ServletTestExecutionListener, org.springframework.test.context.support.DirtiesContextBeforeModesTestExecutionListener, org.springframework.test.context.support.DependencyInjectionTestExecutionListener, org.springframework.test.context.support.DirtiesContextTestExecutionListener, org.springframework.test.context.transaction.TransactionalTestExecutionListener, org.springframework.test.context.jdbc.SqlScriptsTestExecutionListener]
2018-01-07T10:01:49,510  INFO Test worker support.DefaultTestContextBootstrapper:209 - Could not instantiate TestExecutionListener [org.springframework.test.context.web.ServletTestExecutionListener]. Specify custom listener classes or make the default listener classes (and their required dependencies) available. Offending class: [javax/servlet/ServletContext]
2018-01-07T10:01:49,512  INFO Test worker support.DefaultTestContextBootstrapper:187 - Using TestExecutionListeners: [org.springframework.test.context.support.DirtiesContextBeforeModesTestExecutionListener@44c09014, org.springframework.test.context.support.DependencyInjectionTestExecutionListener@1869519, org.springframework.test.context.support.DirtiesContextTestExecutionListener@1a777097, org.springframework.test.context.transaction.TransactionalTestExecutionListener@a676d24, org.springframework.test.context.jdbc.SqlScriptsTestExecutionListener@4ae70c4c]
2018-01-07T10:01:49,518  INFO Test worker transaction.TransactionContext:101 - Began transaction (1) for test context [DefaultTestContext@1d66ee9a testClass = ClientFoundRedirectMismatchTest, testInstance = integration.authorization.openid.grant.code.request.ValidateOpenIdParams.validation.Scopes.ClientFoundRedirectMismatchTest@1b4e5b4, testMethod = scopeIsBlankStringShouldThrowInformResourceOwnerException@ClientFoundRedirectMismatchTest, testException = [null], mergedContextConfiguration = [MergedContextConfiguration@7f7c7654 testClass = ClientFoundRedirectMismatchTest, locations = '{classpath:spring-auth-test.xml}', classes = '{}', contextInitializerClasses = '[]', activeProfiles = '{}', propertySourceLocations = '{}', propertySourceProperties = '{}', contextCustomizers = set[[empty]], contextLoader = 'org.springframework.test.context.support.DelegatingSmartContextLoader', parent = [null]]]; transaction manager [org.springframework.jdbc.datasource.DataSourceTransactionManager@7c498c62]; rollback [true]
2018-01-07T10:01:50,019  INFO Test worker transaction.TransactionContext:136 - Rolled back transaction for test context [DefaultTestContext@1d66ee9a testClass = ClientFoundRedirectMismatchTest, testInstance = integration.authorization.openid.grant.code.request.ValidateOpenIdParams.validation.Scopes.ClientFoundRedirectMismatchTest@1b4e5b4, testMethod = scopeIsBlankStringShouldThrowInformResourceOwnerException@ClientFoundRedirectMismatchTest, testException = [null], mergedContextConfiguration = [MergedContextConfiguration@7f7c7654 testClass = ClientFoundRedirectMismatchTest, locations = '{classpath:spring-auth-test.xml}', classes = '{}', contextInitializerClasses = '[]', activeProfiles = '{}', propertySourceLocations = '{}', propertySourceProperties = '{}', contextCustomizers = set[[empty]], contextLoader = 'org.springframework.test.context.support.DelegatingSmartContextLoader', parent = [null]]].
2018-01-07T10:01:50,022  INFO Test worker transaction.TransactionContext:101 - Began transaction (1) for test context [DefaultTestContext@1d66ee9a testClass = ClientFoundRedirectMismatchTest, testInstance = integration.authorization.openid.grant.code.request.ValidateOpenIdParams.validation.Scopes.ClientFoundRedirectMismatchTest@59e4f723, testMethod = scopesHasTwoItemsShouldThrowInformResourceOwnerException@ClientFoundRedirectMismatchTest, testException = [null], mergedContextConfiguration = [MergedContextConfiguration@7f7c7654 testClass = ClientFoundRedirectMismatchTest, locations = '{classpath:spring-auth-test.xml}', classes = '{}', contextInitializerClasses = '[]', activeProfiles = '{}', propertySourceLocations = '{}', propertySourceProperties = '{}', contextCustomizers = set[[empty]], contextLoader = 'org.springframework.test.context.support.DelegatingSmartContextLoader', parent = [null]]]; transaction manager [org.springframework.jdbc.datasource.DataSourceTransactionManager@7c498c62]; rollback [true]
2018-01-07T10:01:50,320  INFO Test worker transaction.TransactionContext:136 - Rolled back transaction for test context [DefaultTestContext@1d66ee9a testClass = ClientFoundRedirectMismatchTest, testInstance = integration.authorization.openid.grant.code.request.ValidateOpenIdParams.validation.Scopes.ClientFoundRedirectMismatchTest@59e4f723, testMethod = scopesHasTwoItemsShouldThrowInformResourceOwnerException@ClientFoundRedirectMismatchTest, testException = [null], mergedContextConfiguration = [MergedContextConfiguration@7f7c7654 testClass = ClientFoundRedirectMismatchTest, locations = '{classpath:spring-auth-test.xml}', classes = '{}', contextInitializerClasses = '[]', activeProfiles = '{}', propertySourceLocations = '{}', propertySourceProperties = '{}', contextCustomizers = set[[empty]], contextLoader = 'org.springframework.test.context.support.DelegatingSmartContextLoader', parent = [null]]].
2018-01-07T10:01:50,323  INFO Test worker transaction.TransactionContext:101 - Began transaction (1) for test context [DefaultTestContext@1d66ee9a testClass = ClientFoundRedirectMismatchTest, testInstance = integration.authorization.openid.grant.code.request.ValidateOpenIdParams.validation.Scopes.ClientFoundRedirectMismatchTest@72326d46, testMethod = scopeIsInvalidShouldThrowInformResourceOwnerException@ClientFoundRedirectMismatchTest, testException = [null], mergedContextConfiguration = [MergedContextConfiguration@7f7c7654 testClass = ClientFoundRedirectMismatchTest, locations = '{classpath:spring-auth-test.xml}', classes = '{}', contextInitializerClasses = '[]', activeProfiles = '{}', propertySourceLocations = '{}', propertySourceProperties = '{}', contextCustomizers = set[[empty]], contextLoader = 'org.springframework.test.context.support.DelegatingSmartContextLoader', parent = [null]]]; transaction manager [org.springframework.jdbc.datasource.DataSourceTransactionManager@7c498c62]; rollback [true]
2018-01-07T10:01:50,614  INFO Test worker transaction.TransactionContext:136 - Rolled back transaction for test context [DefaultTestContext@1d66ee9a testClass = ClientFoundRedirectMismatchTest, testInstance = integration.authorization.openid.grant.code.request.ValidateOpenIdParams.validation.Scopes.ClientFoundRedirectMismatchTest@72326d46, testMethod = scopeIsInvalidShouldThrowInformResourceOwnerException@ClientFoundRedirectMismatchTest, testException = [null], mergedContextConfiguration = [MergedContextConfiguration@7f7c7654 testClass = ClientFoundRedirectMismatchTest, locations = '{classpath:spring-auth-test.xml}', classes = '{}', contextInitializerClasses = '[]', activeProfiles = '{}', propertySourceLocations = '{}', propertySourceProperties = '{}', contextCustomizers = set[[empty]], contextLoader = 'org.springframework.test.context.support.DelegatingSmartContextLoader', parent = [null]]].
]]></system-out>
  <system-err><![CDATA[]]></system-err>
</testsuite>
