<?xml version="1.0" encoding="UTF-8"?>
<testsuite name="org.rootservices.authorization.oauth2.grant.token.RequestTokenTest" tests="3" skipped="0" failures="0" errors="0" timestamp="2018-01-07T16:02:06" hostname="Kristins-MBP" time="0.045">
  <properties/>
  <testcase name="requestWhenUserNameIsNotUUIDShouldThrowUnauthorizedException" classname="org.rootservices.authorization.oauth2.grant.token.RequestTokenTest" time="0.021"/>
  <testcase name="requestWhenGrantTypeInvalidShouldThrowBadRequestException" classname="org.rootservices.authorization.oauth2.grant.token.RequestTokenTest" time="0.001"/>
  <testcase name="requestShouldBeOk" classname="org.rootservices.authorization.oauth2.grant.token.RequestTokenTest" time="0.023"/>
  <system-out><![CDATA[]]></system-out>
  <system-err><![CDATA[]]></system-err>
</testsuite>
