<?xml version="1.0" encoding="UTF-8"?>
<testsuite name="integration.authorization.oauth2.grant.token.request.ValidateParams.OkTest" tests="2" skipped="0" failures="0" errors="0" timestamp="2018-01-07T16:01:44" hostname="Kristins-MBP" time="0.031">
  <properties/>
  <testcase name="requiredAndOptionalParamsShouldBeOK" classname="integration.authorization.oauth2.grant.token.request.ValidateParams.OkTest" time="0.015"/>
  <testcase name="requiredParamsShouldBeOK" classname="integration.authorization.oauth2.grant.token.request.ValidateParams.OkTest" time="0.015"/>
  <system-out><![CDATA[2018-01-07T10:01:44,518  INFO Test worker support.DefaultTestContextBootstrapper:260 - Loaded default TestExecutionListener class names from location [META-INF/spring.factories]: [org.springframework.test.context.web.ServletTestExecutionListener, org.springframework.test.context.support.DirtiesContextBeforeModesTestExecutionListener, org.springframework.test.context.support.DependencyInjectionTestExecutionListener, org.springframework.test.context.support.DirtiesContextTestExecutionListener, org.springframework.test.context.transaction.TransactionalTestExecutionListener, org.springframework.test.context.jdbc.SqlScriptsTestExecutionListener]
2018-01-07T10:01:44,519  INFO Test worker support.DefaultTestContextBootstrapper:209 - Could not instantiate TestExecutionListener [org.springframework.test.context.web.ServletTestExecutionListener]. Specify custom listener classes or make the default listener classes (and their required dependencies) available. Offending class: [javax/servlet/ServletContext]
2018-01-07T10:01:44,520  INFO Test worker support.DefaultTestContextBootstrapper:187 - Using TestExecutionListeners: [org.springframework.test.context.support.DirtiesContextBeforeModesTestExecutionListener@1247c7e2, org.springframework.test.context.support.DependencyInjectionTestExecutionListener@e275092, org.springframework.test.context.support.DirtiesContextTestExecutionListener@7b50989a, org.springframework.test.context.transaction.TransactionalTestExecutionListener@2e42ba8f, org.springframework.test.context.jdbc.SqlScriptsTestExecutionListener@2161072]
2018-01-07T10:01:44,573  INFO Test worker transaction.TransactionContext:101 - Began transaction (1) for test context [DefaultTestContext@40e0ffba testClass = OkTest, testInstance = integration.authorization.oauth2.grant.token.request.ValidateParams.OkTest@7dc71ea7, testMethod = requiredAndOptionalParamsShouldBeOK@OkTest, testException = [null], mergedContextConfiguration = [MergedContextConfiguration@36017362 testClass = OkTest, locations = '{classpath:spring-auth-test.xml}', classes = '{}', contextInitializerClasses = '[]', activeProfiles = '{}', propertySourceLocations = '{}', propertySourceProperties = '{}', contextCustomizers = set[[empty]], contextLoader = 'org.springframework.test.context.support.DelegatingSmartContextLoader', parent = [null]]]; transaction manager [org.springframework.jdbc.datasource.DataSourceTransactionManager@2d976234]; rollback [true]
2018-01-07T10:01:44,586  INFO Test worker transaction.TransactionContext:136 - Rolled back transaction for test context [DefaultTestContext@40e0ffba testClass = OkTest, testInstance = integration.authorization.oauth2.grant.token.request.ValidateParams.OkTest@7dc71ea7, testMethod = requiredAndOptionalParamsShouldBeOK@OkTest, testException = [null], mergedContextConfiguration = [MergedContextConfiguration@36017362 testClass = OkTest, locations = '{classpath:spring-auth-test.xml}', classes = '{}', contextInitializerClasses = '[]', activeProfiles = '{}', propertySourceLocations = '{}', propertySourceProperties = '{}', contextCustomizers = set[[empty]], contextLoader = 'org.springframework.test.context.support.DelegatingSmartContextLoader', parent = [null]]].
2018-01-07T10:01:44,589  INFO Test worker transaction.TransactionContext:101 - Began transaction (1) for test context [DefaultTestContext@40e0ffba testClass = OkTest, testInstance = integration.authorization.oauth2.grant.token.request.ValidateParams.OkTest@2e7d38e2, testMethod = requiredParamsShouldBeOK@OkTest, testException = [null], mergedContextConfiguration = [MergedContextConfiguration@36017362 testClass = OkTest, locations = '{classpath:spring-auth-test.xml}', classes = '{}', contextInitializerClasses = '[]', activeProfiles = '{}', propertySourceLocations = '{}', propertySourceProperties = '{}', contextCustomizers = set[[empty]], contextLoader = 'org.springframework.test.context.support.DelegatingSmartContextLoader', parent = [null]]]; transaction manager [org.springframework.jdbc.datasource.DataSourceTransactionManager@2d976234]; rollback [true]
2018-01-07T10:01:44,601  INFO Test worker transaction.TransactionContext:136 - Rolled back transaction for test context [DefaultTestContext@40e0ffba testClass = OkTest, testInstance = integration.authorization.oauth2.grant.token.request.ValidateParams.OkTest@2e7d38e2, testMethod = requiredParamsShouldBeOK@OkTest, testException = [null], mergedContextConfiguration = [MergedContextConfiguration@36017362 testClass = OkTest, locations = '{classpath:spring-auth-test.xml}', classes = '{}', contextInitializerClasses = '[]', activeProfiles = '{}', propertySourceLocations = '{}', propertySourceProperties = '{}', contextCustomizers = set[[empty]], contextLoader = 'org.springframework.test.context.support.DelegatingSmartContextLoader', parent = [null]]].
]]></system-out>
  <system-err><![CDATA[]]></system-err>
</testsuite>
