<?xml version="1.0" encoding="UTF-8"?>
<testsuite name="org.rootservices.authorization.persistence.mapper.ResourceOwnerTokenMapperTest" tests="2" skipped="0" failures="0" errors="0" timestamp="2018-01-07T16:02:07" hostname="Kristins-MBP" time="0.744">
  <properties/>
  <testcase name="getByAccessTokenShouldBeOk" classname="org.rootservices.authorization.persistence.mapper.ResourceOwnerTokenMapperTest" time="0.323"/>
  <testcase name="insertShouldBeOk" classname="org.rootservices.authorization.persistence.mapper.ResourceOwnerTokenMapperTest" time="0.42"/>
  <system-out><![CDATA[2018-01-07T10:02:07,298  INFO Test worker support.DefaultTestContextBootstrapper:260 - Loaded default TestExecutionListener class names from location [META-INF/spring.factories]: [org.springframework.test.context.web.ServletTestExecutionListener, org.springframework.test.context.support.DirtiesContextBeforeModesTestExecutionListener, org.springframework.test.context.support.DependencyInjectionTestExecutionListener, org.springframework.test.context.support.DirtiesContextTestExecutionListener, org.springframework.test.context.transaction.TransactionalTestExecutionListener, org.springframework.test.context.jdbc.SqlScriptsTestExecutionListener]
2018-01-07T10:02:07,299  INFO Test worker support.DefaultTestContextBootstrapper:209 - Could not instantiate TestExecutionListener [org.springframework.test.context.web.ServletTestExecutionListener]. Specify custom listener classes or make the default listener classes (and their required dependencies) available. Offending class: [javax/servlet/ServletContext]
2018-01-07T10:02:07,299  INFO Test worker support.DefaultTestContextBootstrapper:187 - Using TestExecutionListeners: [org.springframework.test.context.support.DirtiesContextBeforeModesTestExecutionListener@7919efd5, org.springframework.test.context.support.DependencyInjectionTestExecutionListener@6d0aa30d, org.springframework.test.context.support.DirtiesContextTestExecutionListener@79648c01, org.springframework.test.context.transaction.TransactionalTestExecutionListener@5eaee6ba, org.springframework.test.context.jdbc.SqlScriptsTestExecutionListener@68ffcdfd]
2018-01-07T10:02:07,309  INFO Test worker transaction.TransactionContext:101 - Began transaction (1) for test context [DefaultTestContext@8b319c testClass = ResourceOwnerTokenMapperTest, testInstance = org.rootservices.authorization.persistence.mapper.ResourceOwnerTokenMapperTest@2f14b4ab, testMethod = getByAccessTokenShouldBeOk@ResourceOwnerTokenMapperTest, testException = [null], mergedContextConfiguration = [MergedContextConfiguration@50d51924 testClass = ResourceOwnerTokenMapperTest, locations = '{classpath:spring-auth-test.xml}', classes = '{}', contextInitializerClasses = '[]', activeProfiles = '{}', propertySourceLocations = '{}', propertySourceProperties = '{}', contextCustomizers = set[[empty]], contextLoader = 'org.springframework.test.context.support.DelegatingSmartContextLoader', parent = [null]]]; transaction manager [org.springframework.jdbc.datasource.DataSourceTransactionManager@6cc63594]; rollback [true]
2018-01-07T10:02:07,628  INFO Test worker transaction.TransactionContext:136 - Rolled back transaction for test context [DefaultTestContext@8b319c testClass = ResourceOwnerTokenMapperTest, testInstance = org.rootservices.authorization.persistence.mapper.ResourceOwnerTokenMapperTest@2f14b4ab, testMethod = getByAccessTokenShouldBeOk@ResourceOwnerTokenMapperTest, testException = [null], mergedContextConfiguration = [MergedContextConfiguration@50d51924 testClass = ResourceOwnerTokenMapperTest, locations = '{classpath:spring-auth-test.xml}', classes = '{}', contextInitializerClasses = '[]', activeProfiles = '{}', propertySourceLocations = '{}', propertySourceProperties = '{}', contextCustomizers = set[[empty]], contextLoader = 'org.springframework.test.context.support.DelegatingSmartContextLoader', parent = [null]]].
2018-01-07T10:02:07,630  INFO Test worker transaction.TransactionContext:101 - Began transaction (1) for test context [DefaultTestContext@8b319c testClass = ResourceOwnerTokenMapperTest, testInstance = org.rootservices.authorization.persistence.mapper.ResourceOwnerTokenMapperTest@17c25ddc, testMethod = insertShouldBeOk@ResourceOwnerTokenMapperTest, testException = [null], mergedContextConfiguration = [MergedContextConfiguration@50d51924 testClass = ResourceOwnerTokenMapperTest, locations = '{classpath:spring-auth-test.xml}', classes = '{}', contextInitializerClasses = '[]', activeProfiles = '{}', propertySourceLocations = '{}', propertySourceProperties = '{}', contextCustomizers = set[[empty]], contextLoader = 'org.springframework.test.context.support.DelegatingSmartContextLoader', parent = [null]]]; transaction manager [org.springframework.jdbc.datasource.DataSourceTransactionManager@6cc63594]; rollback [true]
2018-01-07T10:02:08,049  INFO Test worker transaction.TransactionContext:136 - Rolled back transaction for test context [DefaultTestContext@8b319c testClass = ResourceOwnerTokenMapperTest, testInstance = org.rootservices.authorization.persistence.mapper.ResourceOwnerTokenMapperTest@17c25ddc, testMethod = insertShouldBeOk@ResourceOwnerTokenMapperTest, testException = [null], mergedContextConfiguration = [MergedContextConfiguration@50d51924 testClass = ResourceOwnerTokenMapperTest, locations = '{classpath:spring-auth-test.xml}', classes = '{}', contextInitializerClasses = '[]', activeProfiles = '{}', propertySourceLocations = '{}', propertySourceProperties = '{}', contextCustomizers = set[[empty]], contextLoader = 'org.springframework.test.context.support.DelegatingSmartContextLoader', parent = [null]]].
]]></system-out>
  <system-err><![CDATA[]]></system-err>
</testsuite>
