<?xml version="1.0" encoding="UTF-8"?>
<testsuite name="integration.authorization.openid.grant.code.request.ValidateOpenIdParams.OkTest" tests="2" skipped="0" failures="0" errors="0" timestamp="2018-01-07T16:01:44" hostname="Kristins-MBP" time="0.696">
  <properties/>
  <testcase name="requiredAndOptionalParamsShouldBeOK" classname="integration.authorization.openid.grant.code.request.ValidateOpenIdParams.OkTest" time="0.345"/>
  <testcase name="requiredParamsShouldBeOK" classname="integration.authorization.openid.grant.code.request.ValidateOpenIdParams.OkTest" time="0.348"/>
  <system-out><![CDATA[2018-01-07T10:01:44,881  INFO Test worker support.DefaultTestContextBootstrapper:260 - Loaded default TestExecutionListener class names from location [META-INF/spring.factories]: [org.springframework.test.context.web.ServletTestExecutionListener, org.springframework.test.context.support.DirtiesContextBeforeModesTestExecutionListener, org.springframework.test.context.support.DependencyInjectionTestExecutionListener, org.springframework.test.context.support.DirtiesContextTestExecutionListener, org.springframework.test.context.transaction.TransactionalTestExecutionListener, org.springframework.test.context.jdbc.SqlScriptsTestExecutionListener]
2018-01-07T10:01:44,883  INFO Test worker support.DefaultTestContextBootstrapper:209 - Could not instantiate TestExecutionListener [org.springframework.test.context.web.ServletTestExecutionListener]. Specify custom listener classes or make the default listener classes (and their required dependencies) available. Offending class: [javax/servlet/ServletContext]
2018-01-07T10:01:44,885  INFO Test worker support.DefaultTestContextBootstrapper:187 - Using TestExecutionListeners: [org.springframework.test.context.support.DirtiesContextBeforeModesTestExecutionListener@73c340f1, org.springframework.test.context.support.DependencyInjectionTestExecutionListener@673f42c0, org.springframework.test.context.support.DirtiesContextTestExecutionListener@29d32264, org.springframework.test.context.transaction.TransactionalTestExecutionListener@308ff61a, org.springframework.test.context.jdbc.SqlScriptsTestExecutionListener@5922ec32]
2018-01-07T10:01:44,892  INFO Test worker transaction.TransactionContext:101 - Began transaction (1) for test context [DefaultTestContext@751b69ec testClass = OkTest, testInstance = integration.authorization.openid.grant.code.request.ValidateOpenIdParams.OkTest@59929e7, testMethod = requiredAndOptionalParamsShouldBeOK@OkTest, testException = [null], mergedContextConfiguration = [MergedContextConfiguration@44969c94 testClass = OkTest, locations = '{classpath:spring-auth-test.xml}', classes = '{}', contextInitializerClasses = '[]', activeProfiles = '{}', propertySourceLocations = '{}', propertySourceProperties = '{}', contextCustomizers = set[[empty]], contextLoader = 'org.springframework.test.context.support.DelegatingSmartContextLoader', parent = [null]]]; transaction manager [org.springframework.jdbc.datasource.DataSourceTransactionManager@2d976234]; rollback [true]
2018-01-07T10:01:45,236  INFO Test worker transaction.TransactionContext:136 - Rolled back transaction for test context [DefaultTestContext@751b69ec testClass = OkTest, testInstance = integration.authorization.openid.grant.code.request.ValidateOpenIdParams.OkTest@59929e7, testMethod = requiredAndOptionalParamsShouldBeOK@OkTest, testException = [null], mergedContextConfiguration = [MergedContextConfiguration@44969c94 testClass = OkTest, locations = '{classpath:spring-auth-test.xml}', classes = '{}', contextInitializerClasses = '[]', activeProfiles = '{}', propertySourceLocations = '{}', propertySourceProperties = '{}', contextCustomizers = set[[empty]], contextLoader = 'org.springframework.test.context.support.DelegatingSmartContextLoader', parent = [null]]].
2018-01-07T10:01:45,249  INFO Test worker transaction.TransactionContext:101 - Began transaction (1) for test context [DefaultTestContext@751b69ec testClass = OkTest, testInstance = integration.authorization.openid.grant.code.request.ValidateOpenIdParams.OkTest@2be23da6, testMethod = requiredParamsShouldBeOK@OkTest, testException = [null], mergedContextConfiguration = [MergedContextConfiguration@44969c94 testClass = OkTest, locations = '{classpath:spring-auth-test.xml}', classes = '{}', contextInitializerClasses = '[]', activeProfiles = '{}', propertySourceLocations = '{}', propertySourceProperties = '{}', contextCustomizers = set[[empty]], contextLoader = 'org.springframework.test.context.support.DelegatingSmartContextLoader', parent = [null]]]; transaction manager [org.springframework.jdbc.datasource.DataSourceTransactionManager@2d976234]; rollback [true]
2018-01-07T10:01:45,586  INFO Test worker transaction.TransactionContext:136 - Rolled back transaction for test context [DefaultTestContext@751b69ec testClass = OkTest, testInstance = integration.authorization.openid.grant.code.request.ValidateOpenIdParams.OkTest@2be23da6, testMethod = requiredParamsShouldBeOK@OkTest, testException = [null], mergedContextConfiguration = [MergedContextConfiguration@44969c94 testClass = OkTest, locations = '{classpath:spring-auth-test.xml}', classes = '{}', contextInitializerClasses = '[]', activeProfiles = '{}', propertySourceLocations = '{}', propertySourceProperties = '{}', contextCustomizers = set[[empty]], contextLoader = 'org.springframework.test.context.support.DelegatingSmartContextLoader', parent = [null]]].
]]></system-out>
  <system-err><![CDATA[]]></system-err>
</testsuite>
