<?xml version="1.0" encoding="UTF-8"?>
<testsuite name="org.rootservices.authorization.persistence.mapper.GivenNameMapperTest" tests="2" skipped="0" failures="0" errors="0" timestamp="2018-01-07T16:02:13" hostname="Kristins-MBP" time="0.213">
  <properties/>
  <testcase name="insertShouldInsertGivenName" classname="org.rootservices.authorization.persistence.mapper.GivenNameMapperTest" time="0.106"/>
  <testcase name="findByIdShouldFind" classname="org.rootservices.authorization.persistence.mapper.GivenNameMapperTest" time="0.106"/>
  <system-out><![CDATA[2018-01-07T10:02:13,208  INFO Test worker support.DefaultTestContextBootstrapper:260 - Loaded default TestExecutionListener class names from location [META-INF/spring.factories]: [org.springframework.test.context.web.ServletTestExecutionListener, org.springframework.test.context.support.DirtiesContextBeforeModesTestExecutionListener, org.springframework.test.context.support.DependencyInjectionTestExecutionListener, org.springframework.test.context.support.DirtiesContextTestExecutionListener, org.springframework.test.context.transaction.TransactionalTestExecutionListener, org.springframework.test.context.jdbc.SqlScriptsTestExecutionListener]
2018-01-07T10:02:13,209  INFO Test worker support.DefaultTestContextBootstrapper:209 - Could not instantiate TestExecutionListener [org.springframework.test.context.web.ServletTestExecutionListener]. Specify custom listener classes or make the default listener classes (and their required dependencies) available. Offending class: [javax/servlet/ServletContext]
2018-01-07T10:02:13,210  INFO Test worker support.DefaultTestContextBootstrapper:187 - Using TestExecutionListeners: [org.springframework.test.context.support.DirtiesContextBeforeModesTestExecutionListener@39767ccf, org.springframework.test.context.support.DependencyInjectionTestExecutionListener@73b02191, org.springframework.test.context.support.DirtiesContextTestExecutionListener@99185b1, org.springframework.test.context.transaction.TransactionalTestExecutionListener@15e7ed4, org.springframework.test.context.jdbc.SqlScriptsTestExecutionListener@b44ea34]
2018-01-07T10:02:13,214  INFO Test worker transaction.TransactionContext:101 - Began transaction (1) for test context [DefaultTestContext@c87c436 testClass = GivenNameMapperTest, testInstance = org.rootservices.authorization.persistence.mapper.GivenNameMapperTest@6a55f9c7, testMethod = insertShouldInsertGivenName@GivenNameMapperTest, testException = [null], mergedContextConfiguration = [MergedContextConfiguration@790aee64 testClass = GivenNameMapperTest, locations = '{classpath:spring-auth-test.xml}', classes = '{}', contextInitializerClasses = '[]', activeProfiles = '{}', propertySourceLocations = '{}', propertySourceProperties = '{}', contextCustomizers = set[[empty]], contextLoader = 'org.springframework.test.context.support.DelegatingSmartContextLoader', parent = [null]]]; transaction manager [org.springframework.jdbc.datasource.DataSourceTransactionManager@2afd27a1]; rollback [true]
2018-01-07T10:02:13,320  INFO Test worker transaction.TransactionContext:136 - Rolled back transaction for test context [DefaultTestContext@c87c436 testClass = GivenNameMapperTest, testInstance = org.rootservices.authorization.persistence.mapper.GivenNameMapperTest@6a55f9c7, testMethod = insertShouldInsertGivenName@GivenNameMapperTest, testException = [null], mergedContextConfiguration = [MergedContextConfiguration@790aee64 testClass = GivenNameMapperTest, locations = '{classpath:spring-auth-test.xml}', classes = '{}', contextInitializerClasses = '[]', activeProfiles = '{}', propertySourceLocations = '{}', propertySourceProperties = '{}', contextCustomizers = set[[empty]], contextLoader = 'org.springframework.test.context.support.DelegatingSmartContextLoader', parent = [null]]].
2018-01-07T10:02:13,321  INFO Test worker transaction.TransactionContext:101 - Began transaction (1) for test context [DefaultTestContext@c87c436 testClass = GivenNameMapperTest, testInstance = org.rootservices.authorization.persistence.mapper.GivenNameMapperTest@c7f7b4e, testMethod = findByIdShouldFind@GivenNameMapperTest, testException = [null], mergedContextConfiguration = [MergedContextConfiguration@790aee64 testClass = GivenNameMapperTest, locations = '{classpath:spring-auth-test.xml}', classes = '{}', contextInitializerClasses = '[]', activeProfiles = '{}', propertySourceLocations = '{}', propertySourceProperties = '{}', contextCustomizers = set[[empty]], contextLoader = 'org.springframework.test.context.support.DelegatingSmartContextLoader', parent = [null]]]; transaction manager [org.springframework.jdbc.datasource.DataSourceTransactionManager@2afd27a1]; rollback [true]
2018-01-07T10:02:13,426  INFO Test worker transaction.TransactionContext:136 - Rolled back transaction for test context [DefaultTestContext@c87c436 testClass = GivenNameMapperTest, testInstance = org.rootservices.authorization.persistence.mapper.GivenNameMapperTest@c7f7b4e, testMethod = findByIdShouldFind@GivenNameMapperTest, testException = [null], mergedContextConfiguration = [MergedContextConfiguration@790aee64 testClass = GivenNameMapperTest, locations = '{classpath:spring-auth-test.xml}', classes = '{}', contextInitializerClasses = '[]', activeProfiles = '{}', propertySourceLocations = '{}', propertySourceProperties = '{}', contextCustomizers = set[[empty]], contextLoader = 'org.springframework.test.context.support.DelegatingSmartContextLoader', parent = [null]]].
]]></system-out>
  <system-err><![CDATA[]]></system-err>
</testsuite>
