<?xml version="1.0" encoding="UTF-8"?>
<testsuite name="org.rootservices.authorization.oauth2.grant.token.validator.TokenPayloadValidatorTest" tests="8" skipped="0" failures="0" errors="0" timestamp="2018-01-07T16:01:59" hostname="Kristins-MBP" time="0.006">
  <properties/>
  <testcase name="getFirstUnknownKeyShouldReturnKey" classname="org.rootservices.authorization.oauth2.grant.token.validator.TokenPayloadValidatorTest" time="0.001"/>
  <testcase name="requiredWhenInputIsNullShouldThrowMissingKeyException" classname="org.rootservices.authorization.oauth2.grant.token.validator.TokenPayloadValidatorTest" time="0.001"/>
  <testcase name="optionalWhenInputNullShouldReturnInput" classname="org.rootservices.authorization.oauth2.grant.token.validator.TokenPayloadValidatorTest" time="0.0"/>
  <testcase name="optionalWhenInputIsNotEmptyShouldReturnInput" classname="org.rootservices.authorization.oauth2.grant.token.validator.TokenPayloadValidatorTest" time="0.0"/>
  <testcase name="optionalWhenInputIEmptyShouldThrowInvalidValueException" classname="org.rootservices.authorization.oauth2.grant.token.validator.TokenPayloadValidatorTest" time="0.0"/>
  <testcase name="requiredWhenInputIsEmptyShouldThrowMissingKeyException" classname="org.rootservices.authorization.oauth2.grant.token.validator.TokenPayloadValidatorTest" time="0.0"/>
  <testcase name="getFirstUnknownKeyWhenNotFoundShouldReturnEmptyOptional" classname="org.rootservices.authorization.oauth2.grant.token.validator.TokenPayloadValidatorTest" time="0.001"/>
  <testcase name="requiredShouldReturnInput" classname="org.rootservices.authorization.oauth2.grant.token.validator.TokenPayloadValidatorTest" time="0.0"/>
  <system-out><![CDATA[]]></system-out>
  <system-err><![CDATA[]]></system-err>
</testsuite>
