<?xml version="1.0" encoding="UTF-8"?>
<testsuite name="integration.authorization.oauth2.grant.code.request.ValidateParams.validation.RedirectUriTest" tests="4" skipped="0" failures="0" errors="0" timestamp="2018-01-07T16:01:43" hostname="Kristins-MBP" time="1.395">
  <properties/>
  <testcase name="redirectUriIsBlankStringShouldThrowInformResourceOwnerException" classname="integration.authorization.oauth2.grant.code.request.ValidateParams.validation.RedirectUriTest" time="0.362"/>
  <testcase name="redirectUrisHasTwoItemsShouldThrowInformResourceOwnerException" classname="integration.authorization.oauth2.grant.code.request.ValidateParams.validation.RedirectUriTest" time="0.311"/>
  <testcase name="redirectUriDoesNotMatchClientShouldThrowInformResourceOwnerException" classname="integration.authorization.oauth2.grant.code.request.ValidateParams.validation.RedirectUriTest" time="0.391"/>
  <testcase name="redirectUriIsInvalidShouldThrowInformResourceOwnerException" classname="integration.authorization.oauth2.grant.code.request.ValidateParams.validation.RedirectUriTest" time="0.316"/>
  <system-out><![CDATA[2018-01-07T10:01:43,691  INFO Test worker support.DefaultTestContextBootstrapper:260 - Loaded default TestExecutionListener class names from location [META-INF/spring.factories]: [org.springframework.test.context.web.ServletTestExecutionListener, org.springframework.test.context.support.DirtiesContextBeforeModesTestExecutionListener, org.springframework.test.context.support.DependencyInjectionTestExecutionListener, org.springframework.test.context.support.DirtiesContextTestExecutionListener, org.springframework.test.context.transaction.TransactionalTestExecutionListener, org.springframework.test.context.jdbc.SqlScriptsTestExecutionListener]
2018-01-07T10:01:43,693  INFO Test worker support.DefaultTestContextBootstrapper:209 - Could not instantiate TestExecutionListener [org.springframework.test.context.web.ServletTestExecutionListener]. Specify custom listener classes or make the default listener classes (and their required dependencies) available. Offending class: [javax/servlet/ServletContext]
2018-01-07T10:01:43,694  INFO Test worker support.DefaultTestContextBootstrapper:187 - Using TestExecutionListeners: [org.springframework.test.context.support.DirtiesContextBeforeModesTestExecutionListener@f6977ec, org.springframework.test.context.support.DependencyInjectionTestExecutionListener@49696684, org.springframework.test.context.support.DirtiesContextTestExecutionListener@3de75fbd, org.springframework.test.context.transaction.TransactionalTestExecutionListener@26a43903, org.springframework.test.context.jdbc.SqlScriptsTestExecutionListener@62b6ec2c]
2018-01-07T10:01:43,706  INFO Test worker transaction.TransactionContext:101 - Began transaction (1) for test context [DefaultTestContext@351d4cc0 testClass = RedirectUriTest, testInstance = integration.authorization.oauth2.grant.code.request.ValidateParams.validation.RedirectUriTest@1a06c5e0, testMethod = redirectUriIsBlankStringShouldThrowInformResourceOwnerException@RedirectUriTest, testException = [null], mergedContextConfiguration = [MergedContextConfiguration@6069fbb8 testClass = RedirectUriTest, locations = '{classpath:spring-auth-test.xml}', classes = '{}', contextInitializerClasses = '[]', activeProfiles = '{}', propertySourceLocations = '{}', propertySourceProperties = '{}', contextCustomizers = set[[empty]], contextLoader = 'org.springframework.test.context.support.DelegatingSmartContextLoader', parent = [null]]]; transaction manager [org.springframework.jdbc.datasource.DataSourceTransactionManager@7c498c62]; rollback [true]
2018-01-07T10:01:44,065  INFO Test worker transaction.TransactionContext:136 - Rolled back transaction for test context [DefaultTestContext@351d4cc0 testClass = RedirectUriTest, testInstance = integration.authorization.oauth2.grant.code.request.ValidateParams.validation.RedirectUriTest@1a06c5e0, testMethod = redirectUriIsBlankStringShouldThrowInformResourceOwnerException@RedirectUriTest, testException = [null], mergedContextConfiguration = [MergedContextConfiguration@6069fbb8 testClass = RedirectUriTest, locations = '{classpath:spring-auth-test.xml}', classes = '{}', contextInitializerClasses = '[]', activeProfiles = '{}', propertySourceLocations = '{}', propertySourceProperties = '{}', contextCustomizers = set[[empty]], contextLoader = 'org.springframework.test.context.support.DelegatingSmartContextLoader', parent = [null]]].
2018-01-07T10:01:44,085  INFO Test worker transaction.TransactionContext:101 - Began transaction (1) for test context [DefaultTestContext@351d4cc0 testClass = RedirectUriTest, testInstance = integration.authorization.oauth2.grant.code.request.ValidateParams.validation.RedirectUriTest@4e5d546c, testMethod = redirectUrisHasTwoItemsShouldThrowInformResourceOwnerException@RedirectUriTest, testException = [null], mergedContextConfiguration = [MergedContextConfiguration@6069fbb8 testClass = RedirectUriTest, locations = '{classpath:spring-auth-test.xml}', classes = '{}', contextInitializerClasses = '[]', activeProfiles = '{}', propertySourceLocations = '{}', propertySourceProperties = '{}', contextCustomizers = set[[empty]], contextLoader = 'org.springframework.test.context.support.DelegatingSmartContextLoader', parent = [null]]]; transaction manager [org.springframework.jdbc.datasource.DataSourceTransactionManager@7c498c62]; rollback [true]
2018-01-07T10:01:44,388  INFO Test worker transaction.TransactionContext:136 - Rolled back transaction for test context [DefaultTestContext@351d4cc0 testClass = RedirectUriTest, testInstance = integration.authorization.oauth2.grant.code.request.ValidateParams.validation.RedirectUriTest@4e5d546c, testMethod = redirectUrisHasTwoItemsShouldThrowInformResourceOwnerException@RedirectUriTest, testException = [null], mergedContextConfiguration = [MergedContextConfiguration@6069fbb8 testClass = RedirectUriTest, locations = '{classpath:spring-auth-test.xml}', classes = '{}', contextInitializerClasses = '[]', activeProfiles = '{}', propertySourceLocations = '{}', propertySourceProperties = '{}', contextCustomizers = set[[empty]], contextLoader = 'org.springframework.test.context.support.DelegatingSmartContextLoader', parent = [null]]].
2018-01-07T10:01:44,392  INFO Test worker transaction.TransactionContext:101 - Began transaction (1) for test context [DefaultTestContext@351d4cc0 testClass = RedirectUriTest, testInstance = integration.authorization.oauth2.grant.code.request.ValidateParams.validation.RedirectUriTest@7de45437, testMethod = redirectUriDoesNotMatchClientShouldThrowInformResourceOwnerException@RedirectUriTest, testException = [null], mergedContextConfiguration = [MergedContextConfiguration@6069fbb8 testClass = RedirectUriTest, locations = '{classpath:spring-auth-test.xml}', classes = '{}', contextInitializerClasses = '[]', activeProfiles = '{}', propertySourceLocations = '{}', propertySourceProperties = '{}', contextCustomizers = set[[empty]], contextLoader = 'org.springframework.test.context.support.DelegatingSmartContextLoader', parent = [null]]]; transaction manager [org.springframework.jdbc.datasource.DataSourceTransactionManager@7c498c62]; rollback [true]
2018-01-07T10:01:44,779  INFO Test worker transaction.TransactionContext:136 - Rolled back transaction for test context [DefaultTestContext@351d4cc0 testClass = RedirectUriTest, testInstance = integration.authorization.oauth2.grant.code.request.ValidateParams.validation.RedirectUriTest@7de45437, testMethod = redirectUriDoesNotMatchClientShouldThrowInformResourceOwnerException@RedirectUriTest, testException = [null], mergedContextConfiguration = [MergedContextConfiguration@6069fbb8 testClass = RedirectUriTest, locations = '{classpath:spring-auth-test.xml}', classes = '{}', contextInitializerClasses = '[]', activeProfiles = '{}', propertySourceLocations = '{}', propertySourceProperties = '{}', contextCustomizers = set[[empty]], contextLoader = 'org.springframework.test.context.support.DelegatingSmartContextLoader', parent = [null]]].
2018-01-07T10:01:44,791  INFO Test worker transaction.TransactionContext:101 - Began transaction (1) for test context [DefaultTestContext@351d4cc0 testClass = RedirectUriTest, testInstance = integration.authorization.oauth2.grant.code.request.ValidateParams.validation.RedirectUriTest@23d95b24, testMethod = redirectUriIsInvalidShouldThrowInformResourceOwnerException@RedirectUriTest, testException = [null], mergedContextConfiguration = [MergedContextConfiguration@6069fbb8 testClass = RedirectUriTest, locations = '{classpath:spring-auth-test.xml}', classes = '{}', contextInitializerClasses = '[]', activeProfiles = '{}', propertySourceLocations = '{}', propertySourceProperties = '{}', contextCustomizers = set[[empty]], contextLoader = 'org.springframework.test.context.support.DelegatingSmartContextLoader', parent = [null]]]; transaction manager [org.springframework.jdbc.datasource.DataSourceTransactionManager@7c498c62]; rollback [true]
2018-01-07T10:01:45,099  INFO Test worker transaction.TransactionContext:136 - Rolled back transaction for test context [DefaultTestContext@351d4cc0 testClass = RedirectUriTest, testInstance = integration.authorization.oauth2.grant.code.request.ValidateParams.validation.RedirectUriTest@23d95b24, testMethod = redirectUriIsInvalidShouldThrowInformResourceOwnerException@RedirectUriTest, testException = [null], mergedContextConfiguration = [MergedContextConfiguration@6069fbb8 testClass = RedirectUriTest, locations = '{classpath:spring-auth-test.xml}', classes = '{}', contextInitializerClasses = '[]', activeProfiles = '{}', propertySourceLocations = '{}', propertySourceProperties = '{}', contextCustomizers = set[[empty]], contextLoader = 'org.springframework.test.context.support.DelegatingSmartContextLoader', parent = [null]]].
]]></system-out>
  <system-err><![CDATA[]]></system-err>
</testsuite>
