<?xml version="1.0" encoding="UTF-8"?>
<testsuite name="integration.authorization.authenticate.LoginResourceOwnerImplTest" tests="3" skipped="0" failures="0" errors="0" timestamp="2018-01-07T16:01:40" hostname="Kristins-MBP" time="2.247">
  <properties/>
  <testcase name="passwordIncorrect" classname="integration.authorization.authenticate.LoginResourceOwnerImplTest" time="1.658"/>
  <testcase name="resourceOwnerNotFound" classname="integration.authorization.authenticate.LoginResourceOwnerImplTest" time="0.018"/>
  <testcase name="run" classname="integration.authorization.authenticate.LoginResourceOwnerImplTest" time="0.568"/>
  <system-out><![CDATA[2018-01-07T10:01:29,302  INFO Test worker support.DefaultTestContextBootstrapper:260 - Loaded default TestExecutionListener class names from location [META-INF/spring.factories]: [org.springframework.test.context.web.ServletTestExecutionListener, org.springframework.test.context.support.DirtiesContextBeforeModesTestExecutionListener, org.springframework.test.context.support.DependencyInjectionTestExecutionListener, org.springframework.test.context.support.DirtiesContextTestExecutionListener, org.springframework.test.context.transaction.TransactionalTestExecutionListener, org.springframework.test.context.jdbc.SqlScriptsTestExecutionListener]
2018-01-07T10:01:29,366  INFO Test worker support.DefaultTestContextBootstrapper:209 - Could not instantiate TestExecutionListener [org.springframework.test.context.web.ServletTestExecutionListener]. Specify custom listener classes or make the default listener classes (and their required dependencies) available. Offending class: [javax/servlet/ServletContext]
2018-01-07T10:01:29,371  INFO Test worker support.DefaultTestContextBootstrapper:187 - Using TestExecutionListeners: [org.springframework.test.context.support.DirtiesContextBeforeModesTestExecutionListener@1f8e1b9b, org.springframework.test.context.support.DependencyInjectionTestExecutionListener@4192442a, org.springframework.test.context.support.DirtiesContextTestExecutionListener@9ee3053, org.springframework.test.context.transaction.TransactionalTestExecutionListener@79b4f7cd, org.springframework.test.context.jdbc.SqlScriptsTestExecutionListener@168979a3]
2018-01-07T10:01:29,621  INFO Test worker xml.XmlBeanDefinitionReader:317 - Loading XML bean definitions from class path resource [spring-auth-test.xml]
2018-01-07T10:01:30,265  INFO Test worker support.GenericApplicationContext:581 - Refreshing org.springframework.context.support.GenericApplicationContext@194f3970: startup date [Sun Jan 07 10:01:30 CST 2018]; root of context hierarchy
2018-01-07T10:01:32,069  INFO Test worker support.DefaultListableBeanFactory:843 - Overriding bean definition for bean 'getPublicClientRedirectUri' with a different definition: replacing [Generic bean: class [org.rootservices.authorization.oauth2.grant.redirect.implicit.authorization.request.context.GetPublicClientRedirectUri]; scope=singleton; abstract=false; lazyInit=false; autowireMode=0; dependencyCheck=0; autowireCandidate=true; primary=false; factoryBeanName=null; factoryMethodName=null; initMethodName=null; destroyMethodName=null; defined in file [/Users/tommackenzie/Documents/workspace/auth/build/classes/java/main/org/rootservices/authorization/oauth2/grant/redirect/implicit/authorization/request/context/GetPublicClientRedirectUri.class]] with [Root bean: class [null]; scope=; abstract=false; lazyInit=false; autowireMode=3; dependencyCheck=0; autowireCandidate=true; primary=false; factoryBeanName=org.rootservices.config.AppConfig#0; factoryMethodName=getPublicClientRedirectUri; initMethodName=null; destroyMethodName=(inferred); defined in class path resource [org/rootservices/config/AppConfig.class]]
2018-01-07T10:01:32,079  INFO Test worker support.DefaultListableBeanFactory:843 - Overriding bean definition for bean 'getConfidentialClientRedirectUri' with a different definition: replacing [Generic bean: class [org.rootservices.authorization.oauth2.grant.redirect.code.authorization.request.context.GetConfidentialClientRedirectUri]; scope=singleton; abstract=false; lazyInit=false; autowireMode=0; dependencyCheck=0; autowireCandidate=true; primary=false; factoryBeanName=null; factoryMethodName=null; initMethodName=null; destroyMethodName=null; defined in file [/Users/tommackenzie/Documents/workspace/auth/build/classes/java/main/org/rootservices/authorization/oauth2/grant/redirect/code/authorization/request/context/GetConfidentialClientRedirectUri.class]] with [Root bean: class [null]; scope=; abstract=false; lazyInit=false; autowireMode=3; dependencyCheck=0; autowireCandidate=true; primary=false; factoryBeanName=org.rootservices.config.AppConfig#0; factoryMethodName=getConfidentialClientRedirectUri; initMethodName=null; destroyMethodName=(inferred); defined in class path resource [org/rootservices/config/AppConfig.class]]
2018-01-07T10:01:41,347  INFO Test worker transaction.TransactionContext:101 - Began transaction (1) for test context [DefaultTestContext@2f930db6 testClass = LoginResourceOwnerImplTest, testInstance = integration.authorization.authenticate.LoginResourceOwnerImplTest@301df56a, testMethod = passwordIncorrect@LoginResourceOwnerImplTest, testException = [null], mergedContextConfiguration = [MergedContextConfiguration@55d0015f testClass = LoginResourceOwnerImplTest, locations = '{classpath:spring-auth-test.xml}', classes = '{}', contextInitializerClasses = '[]', activeProfiles = '{}', propertySourceLocations = '{}', propertySourceProperties = '{}', contextCustomizers = set[[empty]], contextLoader = 'org.springframework.test.context.support.DelegatingSmartContextLoader', parent = [null]]]; transaction manager [org.springframework.jdbc.datasource.DataSourceTransactionManager@2afd27a1]; rollback [true]
2018-01-07T10:01:42,565  INFO Test worker transaction.TransactionContext:136 - Rolled back transaction for test context [DefaultTestContext@2f930db6 testClass = LoginResourceOwnerImplTest, testInstance = integration.authorization.authenticate.LoginResourceOwnerImplTest@301df56a, testMethod = passwordIncorrect@LoginResourceOwnerImplTest, testException = [null], mergedContextConfiguration = [MergedContextConfiguration@55d0015f testClass = LoginResourceOwnerImplTest, locations = '{classpath:spring-auth-test.xml}', classes = '{}', contextInitializerClasses = '[]', activeProfiles = '{}', propertySourceLocations = '{}', propertySourceProperties = '{}', contextCustomizers = set[[empty]], contextLoader = 'org.springframework.test.context.support.DelegatingSmartContextLoader', parent = [null]]].
2018-01-07T10:01:42,573  INFO Test worker transaction.TransactionContext:101 - Began transaction (1) for test context [DefaultTestContext@2f930db6 testClass = LoginResourceOwnerImplTest, testInstance = integration.authorization.authenticate.LoginResourceOwnerImplTest@7d08f022, testMethod = resourceOwnerNotFound@LoginResourceOwnerImplTest, testException = [null], mergedContextConfiguration = [MergedContextConfiguration@55d0015f testClass = LoginResourceOwnerImplTest, locations = '{classpath:spring-auth-test.xml}', classes = '{}', contextInitializerClasses = '[]', activeProfiles = '{}', propertySourceLocations = '{}', propertySourceProperties = '{}', contextCustomizers = set[[empty]], contextLoader = 'org.springframework.test.context.support.DelegatingSmartContextLoader', parent = [null]]]; transaction manager [org.springframework.jdbc.datasource.DataSourceTransactionManager@2afd27a1]; rollback [true]
2018-01-07T10:01:42,588  INFO Test worker transaction.TransactionContext:136 - Rolled back transaction for test context [DefaultTestContext@2f930db6 testClass = LoginResourceOwnerImplTest, testInstance = integration.authorization.authenticate.LoginResourceOwnerImplTest@7d08f022, testMethod = resourceOwnerNotFound@LoginResourceOwnerImplTest, testException = [null], mergedContextConfiguration = [MergedContextConfiguration@55d0015f testClass = LoginResourceOwnerImplTest, locations = '{classpath:spring-auth-test.xml}', classes = '{}', contextInitializerClasses = '[]', activeProfiles = '{}', propertySourceLocations = '{}', propertySourceProperties = '{}', contextCustomizers = set[[empty]], contextLoader = 'org.springframework.test.context.support.DelegatingSmartContextLoader', parent = [null]]].
2018-01-07T10:01:42,592  INFO Test worker transaction.TransactionContext:101 - Began transaction (1) for test context [DefaultTestContext@2f930db6 testClass = LoginResourceOwnerImplTest, testInstance = integration.authorization.authenticate.LoginResourceOwnerImplTest@4630ed4b, testMethod = run@LoginResourceOwnerImplTest, testException = [null], mergedContextConfiguration = [MergedContextConfiguration@55d0015f testClass = LoginResourceOwnerImplTest, locations = '{classpath:spring-auth-test.xml}', classes = '{}', contextInitializerClasses = '[]', activeProfiles = '{}', propertySourceLocations = '{}', propertySourceProperties = '{}', contextCustomizers = set[[empty]], contextLoader = 'org.springframework.test.context.support.DelegatingSmartContextLoader', parent = [null]]]; transaction manager [org.springframework.jdbc.datasource.DataSourceTransactionManager@2afd27a1]; rollback [true]
2018-01-07T10:01:43,158  INFO Test worker transaction.TransactionContext:136 - Rolled back transaction for test context [DefaultTestContext@2f930db6 testClass = LoginResourceOwnerImplTest, testInstance = integration.authorization.authenticate.LoginResourceOwnerImplTest@4630ed4b, testMethod = run@LoginResourceOwnerImplTest, testException = [null], mergedContextConfiguration = [MergedContextConfiguration@55d0015f testClass = LoginResourceOwnerImplTest, locations = '{classpath:spring-auth-test.xml}', classes = '{}', contextInitializerClasses = '[]', activeProfiles = '{}', propertySourceLocations = '{}', propertySourceProperties = '{}', contextCustomizers = set[[empty]], contextLoader = 'org.springframework.test.context.support.DelegatingSmartContextLoader', parent = [null]]].
]]></system-out>
  <system-err><![CDATA[]]></system-err>
</testsuite>
