<?xml version="1.0" encoding="UTF-8"?>
<testsuite name="integration.authorization.openid.grant.token.request.ValidateOpenIdParams.validation.ClientIdTest" tests="5" skipped="0" failures="0" errors="0" timestamp="2018-01-07T16:01:43" hostname="Kristins-MBP" time="0.026">
  <properties/>
  <testcase name="clientIdIsInvalidShouldThrowInformResourceOwnerException" classname="integration.authorization.openid.grant.token.request.ValidateOpenIdParams.validation.ClientIdTest" time="0.005"/>
  <testcase name="clientIdsHasTwoItemsShouldThrowInformResourceOwnerException" classname="integration.authorization.openid.grant.token.request.ValidateOpenIdParams.validation.ClientIdTest" time="0.005"/>
  <testcase name="clientIdIsNullShouldThrowInformResourceOwnerException" classname="integration.authorization.openid.grant.token.request.ValidateOpenIdParams.validation.ClientIdTest" time="0.003"/>
  <testcase name="clientIdIsEmptyListShouldThrowInformResourceOwnerException" classname="integration.authorization.openid.grant.token.request.ValidateOpenIdParams.validation.ClientIdTest" time="0.004"/>
  <testcase name="clientIdIsBlankStringShouldThrowInformResourceOwnerException" classname="integration.authorization.openid.grant.token.request.ValidateOpenIdParams.validation.ClientIdTest" time="0.005"/>
  <system-out><![CDATA[2018-01-07T10:01:43,656  INFO Test worker support.DefaultTestContextBootstrapper:260 - Loaded default TestExecutionListener class names from location [META-INF/spring.factories]: [org.springframework.test.context.web.ServletTestExecutionListener, org.springframework.test.context.support.DirtiesContextBeforeModesTestExecutionListener, org.springframework.test.context.support.DependencyInjectionTestExecutionListener, org.springframework.test.context.support.DirtiesContextTestExecutionListener, org.springframework.test.context.transaction.TransactionalTestExecutionListener, org.springframework.test.context.jdbc.SqlScriptsTestExecutionListener]
2018-01-07T10:01:43,658  INFO Test worker support.DefaultTestContextBootstrapper:209 - Could not instantiate TestExecutionListener [org.springframework.test.context.web.ServletTestExecutionListener]. Specify custom listener classes or make the default listener classes (and their required dependencies) available. Offending class: [javax/servlet/ServletContext]
2018-01-07T10:01:43,658  INFO Test worker support.DefaultTestContextBootstrapper:187 - Using TestExecutionListeners: [org.springframework.test.context.support.DirtiesContextBeforeModesTestExecutionListener@2de7a3d4, org.springframework.test.context.support.DependencyInjectionTestExecutionListener@261003be, org.springframework.test.context.support.DirtiesContextTestExecutionListener@608b3, org.springframework.test.context.transaction.TransactionalTestExecutionListener@3c0b15f4, org.springframework.test.context.jdbc.SqlScriptsTestExecutionListener@2c62f8a2]
2018-01-07T10:01:43,676  INFO Test worker transaction.TransactionContext:101 - Began transaction (1) for test context [DefaultTestContext@6566938a testClass = ClientIdTest, testInstance = integration.authorization.openid.grant.token.request.ValidateOpenIdParams.validation.ClientIdTest@2776d65e, testMethod = clientIdIsInvalidShouldThrowInformResourceOwnerException@ClientIdTest, testException = [null], mergedContextConfiguration = [MergedContextConfiguration@a490363 testClass = ClientIdTest, locations = '{classpath:spring-auth-test.xml}', classes = '{}', contextInitializerClasses = '[]', activeProfiles = '{}', propertySourceLocations = '{}', propertySourceProperties = '{}', contextCustomizers = set[[empty]], contextLoader = 'org.springframework.test.context.support.DelegatingSmartContextLoader', parent = [null]]]; transaction manager [org.springframework.jdbc.datasource.DataSourceTransactionManager@6cc63594]; rollback [true]
2018-01-07T10:01:43,678  INFO Test worker transaction.TransactionContext:136 - Rolled back transaction for test context [DefaultTestContext@6566938a testClass = ClientIdTest, testInstance = integration.authorization.openid.grant.token.request.ValidateOpenIdParams.validation.ClientIdTest@2776d65e, testMethod = clientIdIsInvalidShouldThrowInformResourceOwnerException@ClientIdTest, testException = [null], mergedContextConfiguration = [MergedContextConfiguration@a490363 testClass = ClientIdTest, locations = '{classpath:spring-auth-test.xml}', classes = '{}', contextInitializerClasses = '[]', activeProfiles = '{}', propertySourceLocations = '{}', propertySourceProperties = '{}', contextCustomizers = set[[empty]], contextLoader = 'org.springframework.test.context.support.DelegatingSmartContextLoader', parent = [null]]].
2018-01-07T10:01:43,682  INFO Test worker transaction.TransactionContext:101 - Began transaction (1) for test context [DefaultTestContext@6566938a testClass = ClientIdTest, testInstance = integration.authorization.openid.grant.token.request.ValidateOpenIdParams.validation.ClientIdTest@4b287920, testMethod = clientIdsHasTwoItemsShouldThrowInformResourceOwnerException@ClientIdTest, testException = [null], mergedContextConfiguration = [MergedContextConfiguration@a490363 testClass = ClientIdTest, locations = '{classpath:spring-auth-test.xml}', classes = '{}', contextInitializerClasses = '[]', activeProfiles = '{}', propertySourceLocations = '{}', propertySourceProperties = '{}', contextCustomizers = set[[empty]], contextLoader = 'org.springframework.test.context.support.DelegatingSmartContextLoader', parent = [null]]]; transaction manager [org.springframework.jdbc.datasource.DataSourceTransactionManager@6cc63594]; rollback [true]
2018-01-07T10:01:43,685  INFO Test worker transaction.TransactionContext:136 - Rolled back transaction for test context [DefaultTestContext@6566938a testClass = ClientIdTest, testInstance = integration.authorization.openid.grant.token.request.ValidateOpenIdParams.validation.ClientIdTest@4b287920, testMethod = clientIdsHasTwoItemsShouldThrowInformResourceOwnerException@ClientIdTest, testException = [null], mergedContextConfiguration = [MergedContextConfiguration@a490363 testClass = ClientIdTest, locations = '{classpath:spring-auth-test.xml}', classes = '{}', contextInitializerClasses = '[]', activeProfiles = '{}', propertySourceLocations = '{}', propertySourceProperties = '{}', contextCustomizers = set[[empty]], contextLoader = 'org.springframework.test.context.support.DelegatingSmartContextLoader', parent = [null]]].
2018-01-07T10:01:43,687  INFO Test worker transaction.TransactionContext:101 - Began transaction (1) for test context [DefaultTestContext@6566938a testClass = ClientIdTest, testInstance = integration.authorization.openid.grant.token.request.ValidateOpenIdParams.validation.ClientIdTest@43e21d75, testMethod = clientIdIsNullShouldThrowInformResourceOwnerException@ClientIdTest, testException = [null], mergedContextConfiguration = [MergedContextConfiguration@a490363 testClass = ClientIdTest, locations = '{classpath:spring-auth-test.xml}', classes = '{}', contextInitializerClasses = '[]', activeProfiles = '{}', propertySourceLocations = '{}', propertySourceProperties = '{}', contextCustomizers = set[[empty]], contextLoader = 'org.springframework.test.context.support.DelegatingSmartContextLoader', parent = [null]]]; transaction manager [org.springframework.jdbc.datasource.DataSourceTransactionManager@6cc63594]; rollback [true]
2018-01-07T10:01:43,689  INFO Test worker transaction.TransactionContext:136 - Rolled back transaction for test context [DefaultTestContext@6566938a testClass = ClientIdTest, testInstance = integration.authorization.openid.grant.token.request.ValidateOpenIdParams.validation.ClientIdTest@43e21d75, testMethod = clientIdIsNullShouldThrowInformResourceOwnerException@ClientIdTest, testException = [null], mergedContextConfiguration = [MergedContextConfiguration@a490363 testClass = ClientIdTest, locations = '{classpath:spring-auth-test.xml}', classes = '{}', contextInitializerClasses = '[]', activeProfiles = '{}', propertySourceLocations = '{}', propertySourceProperties = '{}', contextCustomizers = set[[empty]], contextLoader = 'org.springframework.test.context.support.DelegatingSmartContextLoader', parent = [null]]].
2018-01-07T10:01:43,692  INFO Test worker transaction.TransactionContext:101 - Began transaction (1) for test context [DefaultTestContext@6566938a testClass = ClientIdTest, testInstance = integration.authorization.openid.grant.token.request.ValidateOpenIdParams.validation.ClientIdTest@12493c40, testMethod = clientIdIsEmptyListShouldThrowInformResourceOwnerException@ClientIdTest, testException = [null], mergedContextConfiguration = [MergedContextConfiguration@a490363 testClass = ClientIdTest, locations = '{classpath:spring-auth-test.xml}', classes = '{}', contextInitializerClasses = '[]', activeProfiles = '{}', propertySourceLocations = '{}', propertySourceProperties = '{}', contextCustomizers = set[[empty]], contextLoader = 'org.springframework.test.context.support.DelegatingSmartContextLoader', parent = [null]]]; transaction manager [org.springframework.jdbc.datasource.DataSourceTransactionManager@6cc63594]; rollback [true]
2018-01-07T10:01:43,694  INFO Test worker transaction.TransactionContext:136 - Rolled back transaction for test context [DefaultTestContext@6566938a testClass = ClientIdTest, testInstance = integration.authorization.openid.grant.token.request.ValidateOpenIdParams.validation.ClientIdTest@12493c40, testMethod = clientIdIsEmptyListShouldThrowInformResourceOwnerException@ClientIdTest, testException = [null], mergedContextConfiguration = [MergedContextConfiguration@a490363 testClass = ClientIdTest, locations = '{classpath:spring-auth-test.xml}', classes = '{}', contextInitializerClasses = '[]', activeProfiles = '{}', propertySourceLocations = '{}', propertySourceProperties = '{}', contextCustomizers = set[[empty]], contextLoader = 'org.springframework.test.context.support.DelegatingSmartContextLoader', parent = [null]]].
2018-01-07T10:01:43,698  INFO Test worker transaction.TransactionContext:101 - Began transaction (1) for test context [DefaultTestContext@6566938a testClass = ClientIdTest, testInstance = integration.authorization.openid.grant.token.request.ValidateOpenIdParams.validation.ClientIdTest@31ccc71, testMethod = clientIdIsBlankStringShouldThrowInformResourceOwnerException@ClientIdTest, testException = [null], mergedContextConfiguration = [MergedContextConfiguration@a490363 testClass = ClientIdTest, locations = '{classpath:spring-auth-test.xml}', classes = '{}', contextInitializerClasses = '[]', activeProfiles = '{}', propertySourceLocations = '{}', propertySourceProperties = '{}', contextCustomizers = set[[empty]], contextLoader = 'org.springframework.test.context.support.DelegatingSmartContextLoader', parent = [null]]]; transaction manager [org.springframework.jdbc.datasource.DataSourceTransactionManager@6cc63594]; rollback [true]
2018-01-07T10:01:43,699  INFO Test worker transaction.TransactionContext:136 - Rolled back transaction for test context [DefaultTestContext@6566938a testClass = ClientIdTest, testInstance = integration.authorization.openid.grant.token.request.ValidateOpenIdParams.validation.ClientIdTest@31ccc71, testMethod = clientIdIsBlankStringShouldThrowInformResourceOwnerException@ClientIdTest, testException = [null], mergedContextConfiguration = [MergedContextConfiguration@a490363 testClass = ClientIdTest, locations = '{classpath:spring-auth-test.xml}', classes = '{}', contextInitializerClasses = '[]', activeProfiles = '{}', propertySourceLocations = '{}', propertySourceProperties = '{}', contextCustomizers = set[[empty]], contextLoader = 'org.springframework.test.context.support.DelegatingSmartContextLoader', parent = [null]]].
]]></system-out>
  <system-err><![CDATA[]]></system-err>
</testsuite>
