<?xml version="1.0" encoding="UTF-8"?>
<testsuite name="org.rootservices.authorization.persistence.mapper.RefreshTokenMapperTest" tests="12" skipped="0" failures="0" errors="0" timestamp="2018-01-07T16:02:13" hostname="Kristins-MBP" time="6.363">
  <properties/>
  <testcase name="getByClientIdAndTokenShouldBeOk" classname="org.rootservices.authorization.persistence.mapper.RefreshTokenMapperTest" time="0.644"/>
  <testcase name="revokeByTokenIdShouldBeOk" classname="org.rootservices.authorization.persistence.mapper.RefreshTokenMapperTest" time="0.635"/>
  <testcase name="insertShouldThrowDuplicateKeyException" classname="org.rootservices.authorization.persistence.mapper.RefreshTokenMapperTest" time="0.205"/>
  <testcase name="getByClientIdAndAccessTokenWhenTokenIsNotExpiredShouldBeNull" classname="org.rootservices.authorization.persistence.mapper.RefreshTokenMapperTest" time="0.632"/>
  <testcase name="getByClientIdAndAccessTokenWhenRefreshTokenIsRevokedShouldBeNull" classname="org.rootservices.authorization.persistence.mapper.RefreshTokenMapperTest" time="0.644"/>
  <testcase name="revokeActiveShouldBeOK" classname="org.rootservices.authorization.persistence.mapper.RefreshTokenMapperTest" time="0.64"/>
  <testcase name="insertShouldBeOk" classname="org.rootservices.authorization.persistence.mapper.RefreshTokenMapperTest" time="0.204"/>
  <testcase name="revokeByAuthCodeIdShouldBeOk" classname="org.rootservices.authorization.persistence.mapper.RefreshTokenMapperTest" time="0.638"/>
  <testcase name="getByClientIdAndAccessTokenWhenTokenRevokedShouldBeNull" classname="org.rootservices.authorization.persistence.mapper.RefreshTokenMapperTest" time="0.642"/>
  <testcase name="getByClientIdAndAccessTokenWhenRefreshTokenIsExpiredShouldBeNull" classname="org.rootservices.authorization.persistence.mapper.RefreshTokenMapperTest" time="0.643"/>
  <testcase name="getByResourceOwnerShouldBeOk" classname="org.rootservices.authorization.persistence.mapper.RefreshTokenMapperTest" time="0.622"/>
  <testcase name="getByTokenIdShouldBeOk" classname="org.rootservices.authorization.persistence.mapper.RefreshTokenMapperTest" time="0.21"/>
  <system-out><![CDATA[2018-01-07T10:02:13,431  INFO Test worker support.DefaultTestContextBootstrapper:260 - Loaded default TestExecutionListener class names from location [META-INF/spring.factories]: [org.springframework.test.context.web.ServletTestExecutionListener, org.springframework.test.context.support.DirtiesContextBeforeModesTestExecutionListener, org.springframework.test.context.support.DependencyInjectionTestExecutionListener, org.springframework.test.context.support.DirtiesContextTestExecutionListener, org.springframework.test.context.transaction.TransactionalTestExecutionListener, org.springframework.test.context.jdbc.SqlScriptsTestExecutionListener]
2018-01-07T10:02:13,432  INFO Test worker support.DefaultTestContextBootstrapper:209 - Could not instantiate TestExecutionListener [org.springframework.test.context.web.ServletTestExecutionListener]. Specify custom listener classes or make the default listener classes (and their required dependencies) available. Offending class: [javax/servlet/ServletContext]
2018-01-07T10:02:13,433  INFO Test worker support.DefaultTestContextBootstrapper:187 - Using TestExecutionListeners: [org.springframework.test.context.support.DirtiesContextBeforeModesTestExecutionListener@78789453, org.springframework.test.context.support.DependencyInjectionTestExecutionListener@523ae726, org.springframework.test.context.support.DirtiesContextTestExecutionListener@d016071, org.springframework.test.context.transaction.TransactionalTestExecutionListener@56af1d0e, org.springframework.test.context.jdbc.SqlScriptsTestExecutionListener@6a49c184]
2018-01-07T10:02:13,438  INFO Test worker transaction.TransactionContext:101 - Began transaction (1) for test context [DefaultTestContext@5d451710 testClass = RefreshTokenMapperTest, testInstance = org.rootservices.authorization.persistence.mapper.RefreshTokenMapperTest@62a7eddd, testMethod = getByClientIdAndTokenShouldBeOk@RefreshTokenMapperTest, testException = [null], mergedContextConfiguration = [MergedContextConfiguration@6f4f183c testClass = RefreshTokenMapperTest, locations = '{classpath:spring-auth-test.xml}', classes = '{}', contextInitializerClasses = '[]', activeProfiles = '{}', propertySourceLocations = '{}', propertySourceProperties = '{}', contextCustomizers = set[[empty]], contextLoader = 'org.springframework.test.context.support.DelegatingSmartContextLoader', parent = [null]]]; transaction manager [org.springframework.jdbc.datasource.DataSourceTransactionManager@2afd27a1]; rollback [true]
2018-01-07T10:02:14,079  INFO Test worker transaction.TransactionContext:136 - Rolled back transaction for test context [DefaultTestContext@5d451710 testClass = RefreshTokenMapperTest, testInstance = org.rootservices.authorization.persistence.mapper.RefreshTokenMapperTest@62a7eddd, testMethod = getByClientIdAndTokenShouldBeOk@RefreshTokenMapperTest, testException = [null], mergedContextConfiguration = [MergedContextConfiguration@6f4f183c testClass = RefreshTokenMapperTest, locations = '{classpath:spring-auth-test.xml}', classes = '{}', contextInitializerClasses = '[]', activeProfiles = '{}', propertySourceLocations = '{}', propertySourceProperties = '{}', contextCustomizers = set[[empty]], contextLoader = 'org.springframework.test.context.support.DelegatingSmartContextLoader', parent = [null]]].
2018-01-07T10:02:14,081  INFO Test worker transaction.TransactionContext:101 - Began transaction (1) for test context [DefaultTestContext@5d451710 testClass = RefreshTokenMapperTest, testInstance = org.rootservices.authorization.persistence.mapper.RefreshTokenMapperTest@173f67c8, testMethod = revokeByTokenIdShouldBeOk@RefreshTokenMapperTest, testException = [null], mergedContextConfiguration = [MergedContextConfiguration@6f4f183c testClass = RefreshTokenMapperTest, locations = '{classpath:spring-auth-test.xml}', classes = '{}', contextInitializerClasses = '[]', activeProfiles = '{}', propertySourceLocations = '{}', propertySourceProperties = '{}', contextCustomizers = set[[empty]], contextLoader = 'org.springframework.test.context.support.DelegatingSmartContextLoader', parent = [null]]]; transaction manager [org.springframework.jdbc.datasource.DataSourceTransactionManager@2afd27a1]; rollback [true]
2018-01-07T10:02:14,714  INFO Test worker transaction.TransactionContext:136 - Rolled back transaction for test context [DefaultTestContext@5d451710 testClass = RefreshTokenMapperTest, testInstance = org.rootservices.authorization.persistence.mapper.RefreshTokenMapperTest@173f67c8, testMethod = revokeByTokenIdShouldBeOk@RefreshTokenMapperTest, testException = [null], mergedContextConfiguration = [MergedContextConfiguration@6f4f183c testClass = RefreshTokenMapperTest, locations = '{classpath:spring-auth-test.xml}', classes = '{}', contextInitializerClasses = '[]', activeProfiles = '{}', propertySourceLocations = '{}', propertySourceProperties = '{}', contextCustomizers = set[[empty]], contextLoader = 'org.springframework.test.context.support.DelegatingSmartContextLoader', parent = [null]]].
2018-01-07T10:02:14,716  INFO Test worker transaction.TransactionContext:101 - Began transaction (1) for test context [DefaultTestContext@5d451710 testClass = RefreshTokenMapperTest, testInstance = org.rootservices.authorization.persistence.mapper.RefreshTokenMapperTest@6748f8b6, testMethod = insertShouldThrowDuplicateKeyException@RefreshTokenMapperTest, testException = [null], mergedContextConfiguration = [MergedContextConfiguration@6f4f183c testClass = RefreshTokenMapperTest, locations = '{classpath:spring-auth-test.xml}', classes = '{}', contextInitializerClasses = '[]', activeProfiles = '{}', propertySourceLocations = '{}', propertySourceProperties = '{}', contextCustomizers = set[[empty]], contextLoader = 'org.springframework.test.context.support.DelegatingSmartContextLoader', parent = [null]]]; transaction manager [org.springframework.jdbc.datasource.DataSourceTransactionManager@2afd27a1]; rollback [true]
2018-01-07T10:02:14,919  INFO Test worker transaction.TransactionContext:136 - Rolled back transaction for test context [DefaultTestContext@5d451710 testClass = RefreshTokenMapperTest, testInstance = org.rootservices.authorization.persistence.mapper.RefreshTokenMapperTest@6748f8b6, testMethod = insertShouldThrowDuplicateKeyException@RefreshTokenMapperTest, testException = [null], mergedContextConfiguration = [MergedContextConfiguration@6f4f183c testClass = RefreshTokenMapperTest, locations = '{classpath:spring-auth-test.xml}', classes = '{}', contextInitializerClasses = '[]', activeProfiles = '{}', propertySourceLocations = '{}', propertySourceProperties = '{}', contextCustomizers = set[[empty]], contextLoader = 'org.springframework.test.context.support.DelegatingSmartContextLoader', parent = [null]]].
2018-01-07T10:02:14,921  INFO Test worker transaction.TransactionContext:101 - Began transaction (1) for test context [DefaultTestContext@5d451710 testClass = RefreshTokenMapperTest, testInstance = org.rootservices.authorization.persistence.mapper.RefreshTokenMapperTest@7e5ec685, testMethod = getByClientIdAndAccessTokenWhenTokenIsNotExpiredShouldBeNull@RefreshTokenMapperTest, testException = [null], mergedContextConfiguration = [MergedContextConfiguration@6f4f183c testClass = RefreshTokenMapperTest, locations = '{classpath:spring-auth-test.xml}', classes = '{}', contextInitializerClasses = '[]', activeProfiles = '{}', propertySourceLocations = '{}', propertySourceProperties = '{}', contextCustomizers = set[[empty]], contextLoader = 'org.springframework.test.context.support.DelegatingSmartContextLoader', parent = [null]]]; transaction manager [org.springframework.jdbc.datasource.DataSourceTransactionManager@2afd27a1]; rollback [true]
2018-01-07T10:02:15,552  INFO Test worker transaction.TransactionContext:136 - Rolled back transaction for test context [DefaultTestContext@5d451710 testClass = RefreshTokenMapperTest, testInstance = org.rootservices.authorization.persistence.mapper.RefreshTokenMapperTest@7e5ec685, testMethod = getByClientIdAndAccessTokenWhenTokenIsNotExpiredShouldBeNull@RefreshTokenMapperTest, testException = [null], mergedContextConfiguration = [MergedContextConfiguration@6f4f183c testClass = RefreshTokenMapperTest, locations = '{classpath:spring-auth-test.xml}', classes = '{}', contextInitializerClasses = '[]', activeProfiles = '{}', propertySourceLocations = '{}', propertySourceProperties = '{}', contextCustomizers = set[[empty]], contextLoader = 'org.springframework.test.context.support.DelegatingSmartContextLoader', parent = [null]]].
2018-01-07T10:02:15,554  INFO Test worker transaction.TransactionContext:101 - Began transaction (1) for test context [DefaultTestContext@5d451710 testClass = RefreshTokenMapperTest, testInstance = org.rootservices.authorization.persistence.mapper.RefreshTokenMapperTest@f5d2721, testMethod = getByClientIdAndAccessTokenWhenRefreshTokenIsRevokedShouldBeNull@RefreshTokenMapperTest, testException = [null], mergedContextConfiguration = [MergedContextConfiguration@6f4f183c testClass = RefreshTokenMapperTest, locations = '{classpath:spring-auth-test.xml}', classes = '{}', contextInitializerClasses = '[]', activeProfiles = '{}', propertySourceLocations = '{}', propertySourceProperties = '{}', contextCustomizers = set[[empty]], contextLoader = 'org.springframework.test.context.support.DelegatingSmartContextLoader', parent = [null]]]; transaction manager [org.springframework.jdbc.datasource.DataSourceTransactionManager@2afd27a1]; rollback [true]
2018-01-07T10:02:16,196  INFO Test worker transaction.TransactionContext:136 - Rolled back transaction for test context [DefaultTestContext@5d451710 testClass = RefreshTokenMapperTest, testInstance = org.rootservices.authorization.persistence.mapper.RefreshTokenMapperTest@f5d2721, testMethod = getByClientIdAndAccessTokenWhenRefreshTokenIsRevokedShouldBeNull@RefreshTokenMapperTest, testException = [null], mergedContextConfiguration = [MergedContextConfiguration@6f4f183c testClass = RefreshTokenMapperTest, locations = '{classpath:spring-auth-test.xml}', classes = '{}', contextInitializerClasses = '[]', activeProfiles = '{}', propertySourceLocations = '{}', propertySourceProperties = '{}', contextCustomizers = set[[empty]], contextLoader = 'org.springframework.test.context.support.DelegatingSmartContextLoader', parent = [null]]].
2018-01-07T10:02:16,198  INFO Test worker transaction.TransactionContext:101 - Began transaction (1) for test context [DefaultTestContext@5d451710 testClass = RefreshTokenMapperTest, testInstance = org.rootservices.authorization.persistence.mapper.RefreshTokenMapperTest@15d55f86, testMethod = revokeActiveShouldBeOK@RefreshTokenMapperTest, testException = [null], mergedContextConfiguration = [MergedContextConfiguration@6f4f183c testClass = RefreshTokenMapperTest, locations = '{classpath:spring-auth-test.xml}', classes = '{}', contextInitializerClasses = '[]', activeProfiles = '{}', propertySourceLocations = '{}', propertySourceProperties = '{}', contextCustomizers = set[[empty]], contextLoader = 'org.springframework.test.context.support.DelegatingSmartContextLoader', parent = [null]]]; transaction manager [org.springframework.jdbc.datasource.DataSourceTransactionManager@2afd27a1]; rollback [true]
2018-01-07T10:02:16,837  INFO Test worker transaction.TransactionContext:136 - Rolled back transaction for test context [DefaultTestContext@5d451710 testClass = RefreshTokenMapperTest, testInstance = org.rootservices.authorization.persistence.mapper.RefreshTokenMapperTest@15d55f86, testMethod = revokeActiveShouldBeOK@RefreshTokenMapperTest, testException = [null], mergedContextConfiguration = [MergedContextConfiguration@6f4f183c testClass = RefreshTokenMapperTest, locations = '{classpath:spring-auth-test.xml}', classes = '{}', contextInitializerClasses = '[]', activeProfiles = '{}', propertySourceLocations = '{}', propertySourceProperties = '{}', contextCustomizers = set[[empty]], contextLoader = 'org.springframework.test.context.support.DelegatingSmartContextLoader', parent = [null]]].
2018-01-07T10:02:16,839  INFO Test worker transaction.TransactionContext:101 - Began transaction (1) for test context [DefaultTestContext@5d451710 testClass = RefreshTokenMapperTest, testInstance = org.rootservices.authorization.persistence.mapper.RefreshTokenMapperTest@55ea4059, testMethod = insertShouldBeOk@RefreshTokenMapperTest, testException = [null], mergedContextConfiguration = [MergedContextConfiguration@6f4f183c testClass = RefreshTokenMapperTest, locations = '{classpath:spring-auth-test.xml}', classes = '{}', contextInitializerClasses = '[]', activeProfiles = '{}', propertySourceLocations = '{}', propertySourceProperties = '{}', contextCustomizers = set[[empty]], contextLoader = 'org.springframework.test.context.support.DelegatingSmartContextLoader', parent = [null]]]; transaction manager [org.springframework.jdbc.datasource.DataSourceTransactionManager@2afd27a1]; rollback [true]
2018-01-07T10:02:17,042  INFO Test worker transaction.TransactionContext:136 - Rolled back transaction for test context [DefaultTestContext@5d451710 testClass = RefreshTokenMapperTest, testInstance = org.rootservices.authorization.persistence.mapper.RefreshTokenMapperTest@55ea4059, testMethod = insertShouldBeOk@RefreshTokenMapperTest, testException = [null], mergedContextConfiguration = [MergedContextConfiguration@6f4f183c testClass = RefreshTokenMapperTest, locations = '{classpath:spring-auth-test.xml}', classes = '{}', contextInitializerClasses = '[]', activeProfiles = '{}', propertySourceLocations = '{}', propertySourceProperties = '{}', contextCustomizers = set[[empty]], contextLoader = 'org.springframework.test.context.support.DelegatingSmartContextLoader', parent = [null]]].
2018-01-07T10:02:17,043  INFO Test worker transaction.TransactionContext:101 - Began transaction (1) for test context [DefaultTestContext@5d451710 testClass = RefreshTokenMapperTest, testInstance = org.rootservices.authorization.persistence.mapper.RefreshTokenMapperTest@413f42f9, testMethod = revokeByAuthCodeIdShouldBeOk@RefreshTokenMapperTest, testException = [null], mergedContextConfiguration = [MergedContextConfiguration@6f4f183c testClass = RefreshTokenMapperTest, locations = '{classpath:spring-auth-test.xml}', classes = '{}', contextInitializerClasses = '[]', activeProfiles = '{}', propertySourceLocations = '{}', propertySourceProperties = '{}', contextCustomizers = set[[empty]], contextLoader = 'org.springframework.test.context.support.DelegatingSmartContextLoader', parent = [null]]]; transaction manager [org.springframework.jdbc.datasource.DataSourceTransactionManager@2afd27a1]; rollback [true]
2018-01-07T10:02:17,681  INFO Test worker transaction.TransactionContext:136 - Rolled back transaction for test context [DefaultTestContext@5d451710 testClass = RefreshTokenMapperTest, testInstance = org.rootservices.authorization.persistence.mapper.RefreshTokenMapperTest@413f42f9, testMethod = revokeByAuthCodeIdShouldBeOk@RefreshTokenMapperTest, testException = [null], mergedContextConfiguration = [MergedContextConfiguration@6f4f183c testClass = RefreshTokenMapperTest, locations = '{classpath:spring-auth-test.xml}', classes = '{}', contextInitializerClasses = '[]', activeProfiles = '{}', propertySourceLocations = '{}', propertySourceProperties = '{}', contextCustomizers = set[[empty]], contextLoader = 'org.springframework.test.context.support.DelegatingSmartContextLoader', parent = [null]]].
2018-01-07T10:02:17,682  INFO Test worker transaction.TransactionContext:101 - Began transaction (1) for test context [DefaultTestContext@5d451710 testClass = RefreshTokenMapperTest, testInstance = org.rootservices.authorization.persistence.mapper.RefreshTokenMapperTest@7512532, testMethod = getByClientIdAndAccessTokenWhenTokenRevokedShouldBeNull@RefreshTokenMapperTest, testException = [null], mergedContextConfiguration = [MergedContextConfiguration@6f4f183c testClass = RefreshTokenMapperTest, locations = '{classpath:spring-auth-test.xml}', classes = '{}', contextInitializerClasses = '[]', activeProfiles = '{}', propertySourceLocations = '{}', propertySourceProperties = '{}', contextCustomizers = set[[empty]], contextLoader = 'org.springframework.test.context.support.DelegatingSmartContextLoader', parent = [null]]]; transaction manager [org.springframework.jdbc.datasource.DataSourceTransactionManager@2afd27a1]; rollback [true]
2018-01-07T10:02:18,323  INFO Test worker transaction.TransactionContext:136 - Rolled back transaction for test context [DefaultTestContext@5d451710 testClass = RefreshTokenMapperTest, testInstance = org.rootservices.authorization.persistence.mapper.RefreshTokenMapperTest@7512532, testMethod = getByClientIdAndAccessTokenWhenTokenRevokedShouldBeNull@RefreshTokenMapperTest, testException = [null], mergedContextConfiguration = [MergedContextConfiguration@6f4f183c testClass = RefreshTokenMapperTest, locations = '{classpath:spring-auth-test.xml}', classes = '{}', contextInitializerClasses = '[]', activeProfiles = '{}', propertySourceLocations = '{}', propertySourceProperties = '{}', contextCustomizers = set[[empty]], contextLoader = 'org.springframework.test.context.support.DelegatingSmartContextLoader', parent = [null]]].
2018-01-07T10:02:18,325  INFO Test worker transaction.TransactionContext:101 - Began transaction (1) for test context [DefaultTestContext@5d451710 testClass = RefreshTokenMapperTest, testInstance = org.rootservices.authorization.persistence.mapper.RefreshTokenMapperTest@4727dc29, testMethod = getByClientIdAndAccessTokenWhenRefreshTokenIsExpiredShouldBeNull@RefreshTokenMapperTest, testException = [null], mergedContextConfiguration = [MergedContextConfiguration@6f4f183c testClass = RefreshTokenMapperTest, locations = '{classpath:spring-auth-test.xml}', classes = '{}', contextInitializerClasses = '[]', activeProfiles = '{}', propertySourceLocations = '{}', propertySourceProperties = '{}', contextCustomizers = set[[empty]], contextLoader = 'org.springframework.test.context.support.DelegatingSmartContextLoader', parent = [null]]]; transaction manager [org.springframework.jdbc.datasource.DataSourceTransactionManager@2afd27a1]; rollback [true]
2018-01-07T10:02:18,966  INFO Test worker transaction.TransactionContext:136 - Rolled back transaction for test context [DefaultTestContext@5d451710 testClass = RefreshTokenMapperTest, testInstance = org.rootservices.authorization.persistence.mapper.RefreshTokenMapperTest@4727dc29, testMethod = getByClientIdAndAccessTokenWhenRefreshTokenIsExpiredShouldBeNull@RefreshTokenMapperTest, testException = [null], mergedContextConfiguration = [MergedContextConfiguration@6f4f183c testClass = RefreshTokenMapperTest, locations = '{classpath:spring-auth-test.xml}', classes = '{}', contextInitializerClasses = '[]', activeProfiles = '{}', propertySourceLocations = '{}', propertySourceProperties = '{}', contextCustomizers = set[[empty]], contextLoader = 'org.springframework.test.context.support.DelegatingSmartContextLoader', parent = [null]]].
2018-01-07T10:02:18,967  INFO Test worker transaction.TransactionContext:101 - Began transaction (1) for test context [DefaultTestContext@5d451710 testClass = RefreshTokenMapperTest, testInstance = org.rootservices.authorization.persistence.mapper.RefreshTokenMapperTest@7f597b1c, testMethod = getByResourceOwnerShouldBeOk@RefreshTokenMapperTest, testException = [null], mergedContextConfiguration = [MergedContextConfiguration@6f4f183c testClass = RefreshTokenMapperTest, locations = '{classpath:spring-auth-test.xml}', classes = '{}', contextInitializerClasses = '[]', activeProfiles = '{}', propertySourceLocations = '{}', propertySourceProperties = '{}', contextCustomizers = set[[empty]], contextLoader = 'org.springframework.test.context.support.DelegatingSmartContextLoader', parent = [null]]]; transaction manager [org.springframework.jdbc.datasource.DataSourceTransactionManager@2afd27a1]; rollback [true]
2018-01-07T10:02:19,588  INFO Test worker transaction.TransactionContext:136 - Rolled back transaction for test context [DefaultTestContext@5d451710 testClass = RefreshTokenMapperTest, testInstance = org.rootservices.authorization.persistence.mapper.RefreshTokenMapperTest@7f597b1c, testMethod = getByResourceOwnerShouldBeOk@RefreshTokenMapperTest, testException = [null], mergedContextConfiguration = [MergedContextConfiguration@6f4f183c testClass = RefreshTokenMapperTest, locations = '{classpath:spring-auth-test.xml}', classes = '{}', contextInitializerClasses = '[]', activeProfiles = '{}', propertySourceLocations = '{}', propertySourceProperties = '{}', contextCustomizers = set[[empty]], contextLoader = 'org.springframework.test.context.support.DelegatingSmartContextLoader', parent = [null]]].
2018-01-07T10:02:19,590  INFO Test worker transaction.TransactionContext:101 - Began transaction (1) for test context [DefaultTestContext@5d451710 testClass = RefreshTokenMapperTest, testInstance = org.rootservices.authorization.persistence.mapper.RefreshTokenMapperTest@472670aa, testMethod = getByTokenIdShouldBeOk@RefreshTokenMapperTest, testException = [null], mergedContextConfiguration = [MergedContextConfiguration@6f4f183c testClass = RefreshTokenMapperTest, locations = '{classpath:spring-auth-test.xml}', classes = '{}', contextInitializerClasses = '[]', activeProfiles = '{}', propertySourceLocations = '{}', propertySourceProperties = '{}', contextCustomizers = set[[empty]], contextLoader = 'org.springframework.test.context.support.DelegatingSmartContextLoader', parent = [null]]]; transaction manager [org.springframework.jdbc.datasource.DataSourceTransactionManager@2afd27a1]; rollback [true]
2018-01-07T10:02:19,800  INFO Test worker transaction.TransactionContext:136 - Rolled back transaction for test context [DefaultTestContext@5d451710 testClass = RefreshTokenMapperTest, testInstance = org.rootservices.authorization.persistence.mapper.RefreshTokenMapperTest@472670aa, testMethod = getByTokenIdShouldBeOk@RefreshTokenMapperTest, testException = [null], mergedContextConfiguration = [MergedContextConfiguration@6f4f183c testClass = RefreshTokenMapperTest, locations = '{classpath:spring-auth-test.xml}', classes = '{}', contextInitializerClasses = '[]', activeProfiles = '{}', propertySourceLocations = '{}', propertySourceProperties = '{}', contextCustomizers = set[[empty]], contextLoader = 'org.springframework.test.context.support.DelegatingSmartContextLoader', parent = [null]]].
]]></system-out>
  <system-err><![CDATA[]]></system-err>
</testsuite>
