<?xml version="1.0" encoding="UTF-8"?>
<testsuite name="org.rootservices.authorization.openId.identity.factory.IdTokenFactoryTest" tests="10" skipped="0" failures="0" errors="0" timestamp="2018-01-07T16:02:00" hostname="Kristins-MBP" time="1.617">
  <properties/>
  <testcase name="makeWhenAddressAndProfileHasNoAddressShouldNotAddAddressClaim" classname="org.rootservices.authorization.openId.identity.factory.IdTokenFactoryTest" time="0.251"/>
  <testcase name="makeForIdentityOnlyAndNonceWhenProfileShouldOnlyAddProfileClaims" classname="org.rootservices.authorization.openId.identity.factory.IdTokenFactoryTest" time="0.149"/>
  <testcase name="makeWhenHasPhoneScopeAndProfileIsNullShouldNotAddPhoneClaims" classname="org.rootservices.authorization.openId.identity.factory.IdTokenFactoryTest" time="0.144"/>
  <testcase name="makeWhenHasProfileScopeAndProfileIsNullShouldNotAddProfileClaims" classname="org.rootservices.authorization.openId.identity.factory.IdTokenFactoryTest" time="0.172"/>
  <testcase name="makeForAccessTokenAndNonceWhenProfileShouldOnlyAddProfileClaims" classname="org.rootservices.authorization.openId.identity.factory.IdTokenFactoryTest" time="0.145"/>
  <testcase name="makeWhenProfileShouldOnlyAddProfileClaims" classname="org.rootservices.authorization.openId.identity.factory.IdTokenFactoryTest" time="0.14"/>
  <testcase name="makeWhenPhoneShouldOnlyAddPhoneClaims" classname="org.rootservices.authorization.openId.identity.factory.IdTokenFactoryTest" time="0.152"/>
  <testcase name="makeWhenEmailShouldOnlyAddEmailClaims" classname="org.rootservices.authorization.openId.identity.factory.IdTokenFactoryTest" time="0.15"/>
  <testcase name="makeWhenHasAddressScopeAndProfileIsNullShouldNotAddAddAddressClaims" classname="org.rootservices.authorization.openId.identity.factory.IdTokenFactoryTest" time="0.163"/>
  <testcase name="makeWhenAddressShouldOnlyAddAddressClaims" classname="org.rootservices.authorization.openId.identity.factory.IdTokenFactoryTest" time="0.15"/>
  <system-out><![CDATA[]]></system-out>
  <system-err><![CDATA[]]></system-err>
</testsuite>
