<?xml version="1.0" encoding="UTF-8"?>
<testsuite name="integration.authorization.openid.grant.code.request.ValidateOpenIdParams.validation.ClientIdTest" tests="5" skipped="0" failures="0" errors="0" timestamp="2018-01-07T16:01:43" hostname="Kristins-MBP" time="0.024">
  <properties/>
  <testcase name="clientIdIsInvalidShouldThrowInformResourceOwnerException" classname="integration.authorization.openid.grant.code.request.ValidateOpenIdParams.validation.ClientIdTest" time="0.004"/>
  <testcase name="clientIdsHasTwoItemsShouldThrowInformResourceOwnerException" classname="integration.authorization.openid.grant.code.request.ValidateOpenIdParams.validation.ClientIdTest" time="0.005"/>
  <testcase name="clientIdIsNullShouldThrowInformResourceOwnerException" classname="integration.authorization.openid.grant.code.request.ValidateOpenIdParams.validation.ClientIdTest" time="0.004"/>
  <testcase name="clientIdIsEmptyListShouldThrowInformResourceOwnerException" classname="integration.authorization.openid.grant.code.request.ValidateOpenIdParams.validation.ClientIdTest" time="0.004"/>
  <testcase name="clientIdIsBlankStringShouldThrowInformResourceOwnerException" classname="integration.authorization.openid.grant.code.request.ValidateOpenIdParams.validation.ClientIdTest" time="0.004"/>
  <system-out><![CDATA[2018-01-07T10:01:42,987  INFO Test worker support.DefaultTestContextBootstrapper:260 - Loaded default TestExecutionListener class names from location [META-INF/spring.factories]: [org.springframework.test.context.web.ServletTestExecutionListener, org.springframework.test.context.support.DirtiesContextBeforeModesTestExecutionListener, org.springframework.test.context.support.DependencyInjectionTestExecutionListener, org.springframework.test.context.support.DirtiesContextTestExecutionListener, org.springframework.test.context.transaction.TransactionalTestExecutionListener, org.springframework.test.context.jdbc.SqlScriptsTestExecutionListener]
2018-01-07T10:01:42,990  INFO Test worker support.DefaultTestContextBootstrapper:209 - Could not instantiate TestExecutionListener [org.springframework.test.context.web.ServletTestExecutionListener]. Specify custom listener classes or make the default listener classes (and their required dependencies) available. Offending class: [javax/servlet/ServletContext]
2018-01-07T10:01:42,994  INFO Test worker support.DefaultTestContextBootstrapper:187 - Using TestExecutionListeners: [org.springframework.test.context.support.DirtiesContextBeforeModesTestExecutionListener@52c77037, org.springframework.test.context.support.DependencyInjectionTestExecutionListener@179defd2, org.springframework.test.context.support.DirtiesContextTestExecutionListener@4bc28437, org.springframework.test.context.transaction.TransactionalTestExecutionListener@2c86b404, org.springframework.test.context.jdbc.SqlScriptsTestExecutionListener@45a92f6b]
2018-01-07T10:01:43,003  INFO Test worker transaction.TransactionContext:101 - Began transaction (1) for test context [DefaultTestContext@776f6765 testClass = ClientIdTest, testInstance = integration.authorization.openid.grant.code.request.ValidateOpenIdParams.validation.ClientIdTest@5f2e23c8, testMethod = clientIdIsInvalidShouldThrowInformResourceOwnerException@ClientIdTest, testException = [null], mergedContextConfiguration = [MergedContextConfiguration@3d32ab73 testClass = ClientIdTest, locations = '{classpath:spring-auth-test.xml}', classes = '{}', contextInitializerClasses = '[]', activeProfiles = '{}', propertySourceLocations = '{}', propertySourceProperties = '{}', contextCustomizers = set[[empty]], contextLoader = 'org.springframework.test.context.support.DelegatingSmartContextLoader', parent = [null]]]; transaction manager [org.springframework.jdbc.datasource.DataSourceTransactionManager@6cc63594]; rollback [true]
2018-01-07T10:01:43,005  INFO Test worker transaction.TransactionContext:136 - Rolled back transaction for test context [DefaultTestContext@776f6765 testClass = ClientIdTest, testInstance = integration.authorization.openid.grant.code.request.ValidateOpenIdParams.validation.ClientIdTest@5f2e23c8, testMethod = clientIdIsInvalidShouldThrowInformResourceOwnerException@ClientIdTest, testException = [null], mergedContextConfiguration = [MergedContextConfiguration@3d32ab73 testClass = ClientIdTest, locations = '{classpath:spring-auth-test.xml}', classes = '{}', contextInitializerClasses = '[]', activeProfiles = '{}', propertySourceLocations = '{}', propertySourceProperties = '{}', contextCustomizers = set[[empty]], contextLoader = 'org.springframework.test.context.support.DelegatingSmartContextLoader', parent = [null]]].
2018-01-07T10:01:43,008  INFO Test worker transaction.TransactionContext:101 - Began transaction (1) for test context [DefaultTestContext@776f6765 testClass = ClientIdTest, testInstance = integration.authorization.openid.grant.code.request.ValidateOpenIdParams.validation.ClientIdTest@375b52d5, testMethod = clientIdsHasTwoItemsShouldThrowInformResourceOwnerException@ClientIdTest, testException = [null], mergedContextConfiguration = [MergedContextConfiguration@3d32ab73 testClass = ClientIdTest, locations = '{classpath:spring-auth-test.xml}', classes = '{}', contextInitializerClasses = '[]', activeProfiles = '{}', propertySourceLocations = '{}', propertySourceProperties = '{}', contextCustomizers = set[[empty]], contextLoader = 'org.springframework.test.context.support.DelegatingSmartContextLoader', parent = [null]]]; transaction manager [org.springframework.jdbc.datasource.DataSourceTransactionManager@6cc63594]; rollback [true]
2018-01-07T10:01:43,011  INFO Test worker transaction.TransactionContext:136 - Rolled back transaction for test context [DefaultTestContext@776f6765 testClass = ClientIdTest, testInstance = integration.authorization.openid.grant.code.request.ValidateOpenIdParams.validation.ClientIdTest@375b52d5, testMethod = clientIdsHasTwoItemsShouldThrowInformResourceOwnerException@ClientIdTest, testException = [null], mergedContextConfiguration = [MergedContextConfiguration@3d32ab73 testClass = ClientIdTest, locations = '{classpath:spring-auth-test.xml}', classes = '{}', contextInitializerClasses = '[]', activeProfiles = '{}', propertySourceLocations = '{}', propertySourceProperties = '{}', contextCustomizers = set[[empty]], contextLoader = 'org.springframework.test.context.support.DelegatingSmartContextLoader', parent = [null]]].
2018-01-07T10:01:43,014  INFO Test worker transaction.TransactionContext:101 - Began transaction (1) for test context [DefaultTestContext@776f6765 testClass = ClientIdTest, testInstance = integration.authorization.openid.grant.code.request.ValidateOpenIdParams.validation.ClientIdTest@19c50795, testMethod = clientIdIsNullShouldThrowInformResourceOwnerException@ClientIdTest, testException = [null], mergedContextConfiguration = [MergedContextConfiguration@3d32ab73 testClass = ClientIdTest, locations = '{classpath:spring-auth-test.xml}', classes = '{}', contextInitializerClasses = '[]', activeProfiles = '{}', propertySourceLocations = '{}', propertySourceProperties = '{}', contextCustomizers = set[[empty]], contextLoader = 'org.springframework.test.context.support.DelegatingSmartContextLoader', parent = [null]]]; transaction manager [org.springframework.jdbc.datasource.DataSourceTransactionManager@6cc63594]; rollback [true]
2018-01-07T10:01:43,015  INFO Test worker transaction.TransactionContext:136 - Rolled back transaction for test context [DefaultTestContext@776f6765 testClass = ClientIdTest, testInstance = integration.authorization.openid.grant.code.request.ValidateOpenIdParams.validation.ClientIdTest@19c50795, testMethod = clientIdIsNullShouldThrowInformResourceOwnerException@ClientIdTest, testException = [null], mergedContextConfiguration = [MergedContextConfiguration@3d32ab73 testClass = ClientIdTest, locations = '{classpath:spring-auth-test.xml}', classes = '{}', contextInitializerClasses = '[]', activeProfiles = '{}', propertySourceLocations = '{}', propertySourceProperties = '{}', contextCustomizers = set[[empty]], contextLoader = 'org.springframework.test.context.support.DelegatingSmartContextLoader', parent = [null]]].
2018-01-07T10:01:43,018  INFO Test worker transaction.TransactionContext:101 - Began transaction (1) for test context [DefaultTestContext@776f6765 testClass = ClientIdTest, testInstance = integration.authorization.openid.grant.code.request.ValidateOpenIdParams.validation.ClientIdTest@2e06dbf6, testMethod = clientIdIsEmptyListShouldThrowInformResourceOwnerException@ClientIdTest, testException = [null], mergedContextConfiguration = [MergedContextConfiguration@3d32ab73 testClass = ClientIdTest, locations = '{classpath:spring-auth-test.xml}', classes = '{}', contextInitializerClasses = '[]', activeProfiles = '{}', propertySourceLocations = '{}', propertySourceProperties = '{}', contextCustomizers = set[[empty]], contextLoader = 'org.springframework.test.context.support.DelegatingSmartContextLoader', parent = [null]]]; transaction manager [org.springframework.jdbc.datasource.DataSourceTransactionManager@6cc63594]; rollback [true]
2018-01-07T10:01:43,020  INFO Test worker transaction.TransactionContext:136 - Rolled back transaction for test context [DefaultTestContext@776f6765 testClass = ClientIdTest, testInstance = integration.authorization.openid.grant.code.request.ValidateOpenIdParams.validation.ClientIdTest@2e06dbf6, testMethod = clientIdIsEmptyListShouldThrowInformResourceOwnerException@ClientIdTest, testException = [null], mergedContextConfiguration = [MergedContextConfiguration@3d32ab73 testClass = ClientIdTest, locations = '{classpath:spring-auth-test.xml}', classes = '{}', contextInitializerClasses = '[]', activeProfiles = '{}', propertySourceLocations = '{}', propertySourceProperties = '{}', contextCustomizers = set[[empty]], contextLoader = 'org.springframework.test.context.support.DelegatingSmartContextLoader', parent = [null]]].
2018-01-07T10:01:43,022  INFO Test worker transaction.TransactionContext:101 - Began transaction (1) for test context [DefaultTestContext@776f6765 testClass = ClientIdTest, testInstance = integration.authorization.openid.grant.code.request.ValidateOpenIdParams.validation.ClientIdTest@fd09f9f, testMethod = clientIdIsBlankStringShouldThrowInformResourceOwnerException@ClientIdTest, testException = [null], mergedContextConfiguration = [MergedContextConfiguration@3d32ab73 testClass = ClientIdTest, locations = '{classpath:spring-auth-test.xml}', classes = '{}', contextInitializerClasses = '[]', activeProfiles = '{}', propertySourceLocations = '{}', propertySourceProperties = '{}', contextCustomizers = set[[empty]], contextLoader = 'org.springframework.test.context.support.DelegatingSmartContextLoader', parent = [null]]]; transaction manager [org.springframework.jdbc.datasource.DataSourceTransactionManager@6cc63594]; rollback [true]
2018-01-07T10:01:43,023  INFO Test worker transaction.TransactionContext:136 - Rolled back transaction for test context [DefaultTestContext@776f6765 testClass = ClientIdTest, testInstance = integration.authorization.openid.grant.code.request.ValidateOpenIdParams.validation.ClientIdTest@fd09f9f, testMethod = clientIdIsBlankStringShouldThrowInformResourceOwnerException@ClientIdTest, testException = [null], mergedContextConfiguration = [MergedContextConfiguration@3d32ab73 testClass = ClientIdTest, locations = '{classpath:spring-auth-test.xml}', classes = '{}', contextInitializerClasses = '[]', activeProfiles = '{}', propertySourceLocations = '{}', propertySourceProperties = '{}', contextCustomizers = set[[empty]], contextLoader = 'org.springframework.test.context.support.DelegatingSmartContextLoader', parent = [null]]].
]]></system-out>
  <system-err><![CDATA[]]></system-err>
</testsuite>
