<?xml version="1.0" encoding="UTF-8"?>
<testsuite name="org.rootservices.authorization.oauth2.grant.redirect.implicit.authorization.request.CompareClientToAuthRequestTokenResponseTypeTest" tests="5" skipped="0" failures="0" errors="0" timestamp="2018-01-07T16:01:52" hostname="Kristins-MBP" time="0.057">
  <properties/>
  <testcase name="authRequestInvalidScopeShouldThrowInformClientException" classname="org.rootservices.authorization.oauth2.grant.redirect.implicit.authorization.request.CompareClientToAuthRequestTokenResponseTypeTest" time="0.052"/>
  <testcase name="responseTypeMismatchShouldThrowInformClientException" classname="org.rootservices.authorization.oauth2.grant.redirect.implicit.authorization.request.CompareClientToAuthRequestTokenResponseTypeTest" time="0.001"/>
  <testcase name="shouldBeOk" classname="org.rootservices.authorization.oauth2.grant.redirect.implicit.authorization.request.CompareClientToAuthRequestTokenResponseTypeTest" time="0.001"/>
  <testcase name="runClientNotFoundShouldThrowInformResourceOwnerException" classname="org.rootservices.authorization.oauth2.grant.redirect.implicit.authorization.request.CompareClientToAuthRequestTokenResponseTypeTest" time="0.001"/>
  <testcase name="redirectUriMismatchShouldThrowInformResourceOwnerException" classname="org.rootservices.authorization.oauth2.grant.redirect.implicit.authorization.request.CompareClientToAuthRequestTokenResponseTypeTest" time="0.001"/>
  <system-out><![CDATA[]]></system-out>
  <system-err><![CDATA[]]></system-err>
</testsuite>
