<?xml version="1.0" encoding="UTF-8"?>
<testsuite name="integration.authorization.oauth2.grant.code.request.ValidateParams.validation.State.ClientFoundRedirectMismatchTest" tests="2" skipped="0" failures="0" errors="0" timestamp="2018-01-07T16:01:41" hostname="Kristins-MBP" time="0.784">
  <properties/>
  <testcase name="stateIsBlankStringShouldThrowInformResourceOwnerException" classname="integration.authorization.oauth2.grant.code.request.ValidateParams.validation.State.ClientFoundRedirectMismatchTest" time="0.491"/>
  <testcase name="stateHasTwoItemsShouldThrowInformResourceOwnerException" classname="integration.authorization.oauth2.grant.code.request.ValidateParams.validation.State.ClientFoundRedirectMismatchTest" time="0.292"/>
  <system-out><![CDATA[2018-01-07T10:01:41,952  INFO Test worker support.DefaultTestContextBootstrapper:260 - Loaded default TestExecutionListener class names from location [META-INF/spring.factories]: [org.springframework.test.context.web.ServletTestExecutionListener, org.springframework.test.context.support.DirtiesContextBeforeModesTestExecutionListener, org.springframework.test.context.support.DependencyInjectionTestExecutionListener, org.springframework.test.context.support.DirtiesContextTestExecutionListener, org.springframework.test.context.transaction.TransactionalTestExecutionListener, org.springframework.test.context.jdbc.SqlScriptsTestExecutionListener]
2018-01-07T10:01:41,954  INFO Test worker support.DefaultTestContextBootstrapper:209 - Could not instantiate TestExecutionListener [org.springframework.test.context.web.ServletTestExecutionListener]. Specify custom listener classes or make the default listener classes (and their required dependencies) available. Offending class: [javax/servlet/ServletContext]
2018-01-07T10:01:41,955  INFO Test worker support.DefaultTestContextBootstrapper:187 - Using TestExecutionListeners: [org.springframework.test.context.support.DirtiesContextBeforeModesTestExecutionListener@6c0e8d5d, org.springframework.test.context.support.DependencyInjectionTestExecutionListener@79df8bb, org.springframework.test.context.support.DirtiesContextTestExecutionListener@35cfb580, org.springframework.test.context.transaction.TransactionalTestExecutionListener@7fe93f35, org.springframework.test.context.jdbc.SqlScriptsTestExecutionListener@671531f0]
2018-01-07T10:01:41,961  INFO Test worker transaction.TransactionContext:101 - Began transaction (1) for test context [DefaultTestContext@3ffc286f testClass = ClientFoundRedirectMismatchTest, testInstance = integration.authorization.oauth2.grant.code.request.ValidateParams.validation.State.ClientFoundRedirectMismatchTest@1ad02b04, testMethod = stateIsBlankStringShouldThrowInformResourceOwnerException@ClientFoundRedirectMismatchTest, testException = [null], mergedContextConfiguration = [MergedContextConfiguration@fa55589 testClass = ClientFoundRedirectMismatchTest, locations = '{classpath:spring-auth-test.xml}', classes = '{}', contextInitializerClasses = '[]', activeProfiles = '{}', propertySourceLocations = '{}', propertySourceProperties = '{}', contextCustomizers = set[[empty]], contextLoader = 'org.springframework.test.context.support.DelegatingSmartContextLoader', parent = [null]]]; transaction manager [org.springframework.jdbc.datasource.DataSourceTransactionManager@6cc63594]; rollback [true]
2018-01-07T10:01:42,450  INFO Test worker transaction.TransactionContext:136 - Rolled back transaction for test context [DefaultTestContext@3ffc286f testClass = ClientFoundRedirectMismatchTest, testInstance = integration.authorization.oauth2.grant.code.request.ValidateParams.validation.State.ClientFoundRedirectMismatchTest@1ad02b04, testMethod = stateIsBlankStringShouldThrowInformResourceOwnerException@ClientFoundRedirectMismatchTest, testException = [null], mergedContextConfiguration = [MergedContextConfiguration@fa55589 testClass = ClientFoundRedirectMismatchTest, locations = '{classpath:spring-auth-test.xml}', classes = '{}', contextInitializerClasses = '[]', activeProfiles = '{}', propertySourceLocations = '{}', propertySourceProperties = '{}', contextCustomizers = set[[empty]], contextLoader = 'org.springframework.test.context.support.DelegatingSmartContextLoader', parent = [null]]].
2018-01-07T10:01:42,453  INFO Test worker transaction.TransactionContext:101 - Began transaction (1) for test context [DefaultTestContext@3ffc286f testClass = ClientFoundRedirectMismatchTest, testInstance = integration.authorization.oauth2.grant.code.request.ValidateParams.validation.State.ClientFoundRedirectMismatchTest@2e981bb4, testMethod = stateHasTwoItemsShouldThrowInformResourceOwnerException@ClientFoundRedirectMismatchTest, testException = [null], mergedContextConfiguration = [MergedContextConfiguration@fa55589 testClass = ClientFoundRedirectMismatchTest, locations = '{classpath:spring-auth-test.xml}', classes = '{}', contextInitializerClasses = '[]', activeProfiles = '{}', propertySourceLocations = '{}', propertySourceProperties = '{}', contextCustomizers = set[[empty]], contextLoader = 'org.springframework.test.context.support.DelegatingSmartContextLoader', parent = [null]]]; transaction manager [org.springframework.jdbc.datasource.DataSourceTransactionManager@6cc63594]; rollback [true]
2018-01-07T10:01:42,742  INFO Test worker transaction.TransactionContext:136 - Rolled back transaction for test context [DefaultTestContext@3ffc286f testClass = ClientFoundRedirectMismatchTest, testInstance = integration.authorization.oauth2.grant.code.request.ValidateParams.validation.State.ClientFoundRedirectMismatchTest@2e981bb4, testMethod = stateHasTwoItemsShouldThrowInformResourceOwnerException@ClientFoundRedirectMismatchTest, testException = [null], mergedContextConfiguration = [MergedContextConfiguration@fa55589 testClass = ClientFoundRedirectMismatchTest, locations = '{classpath:spring-auth-test.xml}', classes = '{}', contextInitializerClasses = '[]', activeProfiles = '{}', propertySourceLocations = '{}', propertySourceProperties = '{}', contextCustomizers = set[[empty]], contextLoader = 'org.springframework.test.context.support.DelegatingSmartContextLoader', parent = [null]]].
]]></system-out>
  <system-err><![CDATA[]]></system-err>
</testsuite>
