<?xml version="1.0" encoding="UTF-8"?>
<testsuite name="org.rootservices.authorization.persistence.mapper.ResponseTypeMapperTest" tests="1" skipped="0" failures="0" errors="0" timestamp="2018-01-07T16:02:03" hostname="Kristins-MBP" time="0.01">
  <properties/>
  <testcase name="getByNameShouldBeOk" classname="org.rootservices.authorization.persistence.mapper.ResponseTypeMapperTest" time="0.01"/>
  <system-out><![CDATA[2018-01-07T10:02:03,268  INFO Test worker support.DefaultTestContextBootstrapper:260 - Loaded default TestExecutionListener class names from location [META-INF/spring.factories]: [org.springframework.test.context.web.ServletTestExecutionListener, org.springframework.test.context.support.DirtiesContextBeforeModesTestExecutionListener, org.springframework.test.context.support.DependencyInjectionTestExecutionListener, org.springframework.test.context.support.DirtiesContextTestExecutionListener, org.springframework.test.context.transaction.TransactionalTestExecutionListener, org.springframework.test.context.jdbc.SqlScriptsTestExecutionListener]
2018-01-07T10:02:03,272  INFO Test worker support.DefaultTestContextBootstrapper:209 - Could not instantiate TestExecutionListener [org.springframework.test.context.web.ServletTestExecutionListener]. Specify custom listener classes or make the default listener classes (and their required dependencies) available. Offending class: [javax/servlet/ServletContext]
2018-01-07T10:02:03,272  INFO Test worker support.DefaultTestContextBootstrapper:187 - Using TestExecutionListeners: [org.springframework.test.context.support.DirtiesContextBeforeModesTestExecutionListener@621b9dc0, org.springframework.test.context.support.DependencyInjectionTestExecutionListener@2a1dcf85, org.springframework.test.context.support.DirtiesContextTestExecutionListener@1b269b95, org.springframework.test.context.transaction.TransactionalTestExecutionListener@7a53b8f8, org.springframework.test.context.jdbc.SqlScriptsTestExecutionListener@4418dfef]
2018-01-07T10:02:03,281  INFO Test worker transaction.TransactionContext:101 - Began transaction (1) for test context [DefaultTestContext@481b61d2 testClass = ResponseTypeMapperTest, testInstance = org.rootservices.authorization.persistence.mapper.ResponseTypeMapperTest@4afe3899, testMethod = getByNameShouldBeOk@ResponseTypeMapperTest, testException = [null], mergedContextConfiguration = [MergedContextConfiguration@bd410e testClass = ResponseTypeMapperTest, locations = '{classpath:spring-auth-test.xml}', classes = '{}', contextInitializerClasses = '[]', activeProfiles = '{}', propertySourceLocations = '{}', propertySourceProperties = '{}', contextCustomizers = set[[empty]], contextLoader = 'org.springframework.test.context.support.DelegatingSmartContextLoader', parent = [null]]]; transaction manager [org.springframework.jdbc.datasource.DataSourceTransactionManager@7c498c62]; rollback [true]
2018-01-07T10:02:03,285  INFO Test worker transaction.TransactionContext:136 - Rolled back transaction for test context [DefaultTestContext@481b61d2 testClass = ResponseTypeMapperTest, testInstance = org.rootservices.authorization.persistence.mapper.ResponseTypeMapperTest@4afe3899, testMethod = getByNameShouldBeOk@ResponseTypeMapperTest, testException = [null], mergedContextConfiguration = [MergedContextConfiguration@bd410e testClass = ResponseTypeMapperTest, locations = '{classpath:spring-auth-test.xml}', classes = '{}', contextInitializerClasses = '[]', activeProfiles = '{}', propertySourceLocations = '{}', propertySourceProperties = '{}', contextCustomizers = set[[empty]], contextLoader = 'org.springframework.test.context.support.DelegatingSmartContextLoader', parent = [null]]].
]]></system-out>
  <system-err><![CDATA[]]></system-err>
</testsuite>
