<?xml version="1.0" encoding="UTF-8"?>
<testsuite name="integration.authorization.oauth2.grant.token.request.ValidateParams.validation.Scopes.ClientFoundTest" tests="3" skipped="0" failures="0" errors="0" timestamp="2018-01-07T16:01:46" hostname="Kristins-MBP" time="0.116">
  <properties/>
  <testcase name="scopesHasTwoItemsShouldThrowInformClientException" classname="integration.authorization.oauth2.grant.token.request.ValidateParams.validation.Scopes.ClientFoundTest" time="0.025"/>
  <testcase name="scopeIsBlankStringShouldThrowInformClientException" classname="integration.authorization.oauth2.grant.token.request.ValidateParams.validation.Scopes.ClientFoundTest" time="0.061"/>
  <testcase name="scopeIsInvalidShouldThrowInformClientException" classname="integration.authorization.oauth2.grant.token.request.ValidateParams.validation.Scopes.ClientFoundTest" time="0.028"/>
  <system-out><![CDATA[2018-01-07T10:01:46,165  INFO Test worker support.DefaultTestContextBootstrapper:260 - Loaded default TestExecutionListener class names from location [META-INF/spring.factories]: [org.springframework.test.context.web.ServletTestExecutionListener, org.springframework.test.context.support.DirtiesContextBeforeModesTestExecutionListener, org.springframework.test.context.support.DependencyInjectionTestExecutionListener, org.springframework.test.context.support.DirtiesContextTestExecutionListener, org.springframework.test.context.transaction.TransactionalTestExecutionListener, org.springframework.test.context.jdbc.SqlScriptsTestExecutionListener]
2018-01-07T10:01:46,167  INFO Test worker support.DefaultTestContextBootstrapper:209 - Could not instantiate TestExecutionListener [org.springframework.test.context.web.ServletTestExecutionListener]. Specify custom listener classes or make the default listener classes (and their required dependencies) available. Offending class: [javax/servlet/ServletContext]
2018-01-07T10:01:46,168  INFO Test worker support.DefaultTestContextBootstrapper:187 - Using TestExecutionListeners: [org.springframework.test.context.support.DirtiesContextBeforeModesTestExecutionListener@312a2f4e, org.springframework.test.context.support.DependencyInjectionTestExecutionListener@1e1cfa05, org.springframework.test.context.support.DirtiesContextTestExecutionListener@5688118f, org.springframework.test.context.transaction.TransactionalTestExecutionListener@3b6c91ee, org.springframework.test.context.jdbc.SqlScriptsTestExecutionListener@5bdc8992]
2018-01-07T10:01:46,175  INFO Test worker transaction.TransactionContext:101 - Began transaction (1) for test context [DefaultTestContext@54e865f6 testClass = ClientFoundTest, testInstance = integration.authorization.oauth2.grant.token.request.ValidateParams.validation.Scopes.ClientFoundTest@3a0e9b39, testMethod = scopesHasTwoItemsShouldThrowInformClientException@ClientFoundTest, testException = [null], mergedContextConfiguration = [MergedContextConfiguration@22699c3e testClass = ClientFoundTest, locations = '{classpath:spring-auth-test.xml}', classes = '{}', contextInitializerClasses = '[]', activeProfiles = '{}', propertySourceLocations = '{}', propertySourceProperties = '{}', contextCustomizers = set[[empty]], contextLoader = 'org.springframework.test.context.support.DelegatingSmartContextLoader', parent = [null]]]; transaction manager [org.springframework.jdbc.datasource.DataSourceTransactionManager@2afd27a1]; rollback [true]
2018-01-07T10:01:46,196  INFO Test worker transaction.TransactionContext:136 - Rolled back transaction for test context [DefaultTestContext@54e865f6 testClass = ClientFoundTest, testInstance = integration.authorization.oauth2.grant.token.request.ValidateParams.validation.Scopes.ClientFoundTest@3a0e9b39, testMethod = scopesHasTwoItemsShouldThrowInformClientException@ClientFoundTest, testException = [null], mergedContextConfiguration = [MergedContextConfiguration@22699c3e testClass = ClientFoundTest, locations = '{classpath:spring-auth-test.xml}', classes = '{}', contextInitializerClasses = '[]', activeProfiles = '{}', propertySourceLocations = '{}', propertySourceProperties = '{}', contextCustomizers = set[[empty]], contextLoader = 'org.springframework.test.context.support.DelegatingSmartContextLoader', parent = [null]]].
2018-01-07T10:01:46,204  INFO Test worker transaction.TransactionContext:101 - Began transaction (1) for test context [DefaultTestContext@54e865f6 testClass = ClientFoundTest, testInstance = integration.authorization.oauth2.grant.token.request.ValidateParams.validation.Scopes.ClientFoundTest@12f998cc, testMethod = scopeIsBlankStringShouldThrowInformClientException@ClientFoundTest, testException = [null], mergedContextConfiguration = [MergedContextConfiguration@22699c3e testClass = ClientFoundTest, locations = '{classpath:spring-auth-test.xml}', classes = '{}', contextInitializerClasses = '[]', activeProfiles = '{}', propertySourceLocations = '{}', propertySourceProperties = '{}', contextCustomizers = set[[empty]], contextLoader = 'org.springframework.test.context.support.DelegatingSmartContextLoader', parent = [null]]]; transaction manager [org.springframework.jdbc.datasource.DataSourceTransactionManager@2afd27a1]; rollback [true]
2018-01-07T10:01:46,221  INFO Test worker transaction.TransactionContext:136 - Rolled back transaction for test context [DefaultTestContext@54e865f6 testClass = ClientFoundTest, testInstance = integration.authorization.oauth2.grant.token.request.ValidateParams.validation.Scopes.ClientFoundTest@12f998cc, testMethod = scopeIsBlankStringShouldThrowInformClientException@ClientFoundTest, testException = [null], mergedContextConfiguration = [MergedContextConfiguration@22699c3e testClass = ClientFoundTest, locations = '{classpath:spring-auth-test.xml}', classes = '{}', contextInitializerClasses = '[]', activeProfiles = '{}', propertySourceLocations = '{}', propertySourceProperties = '{}', contextCustomizers = set[[empty]], contextLoader = 'org.springframework.test.context.support.DelegatingSmartContextLoader', parent = [null]]].
2018-01-07T10:01:46,261  INFO Test worker transaction.TransactionContext:101 - Began transaction (1) for test context [DefaultTestContext@54e865f6 testClass = ClientFoundTest, testInstance = integration.authorization.oauth2.grant.token.request.ValidateParams.validation.Scopes.ClientFoundTest@19a204d3, testMethod = scopeIsInvalidShouldThrowInformClientException@ClientFoundTest, testException = [null], mergedContextConfiguration = [MergedContextConfiguration@22699c3e testClass = ClientFoundTest, locations = '{classpath:spring-auth-test.xml}', classes = '{}', contextInitializerClasses = '[]', activeProfiles = '{}', propertySourceLocations = '{}', propertySourceProperties = '{}', contextCustomizers = set[[empty]], contextLoader = 'org.springframework.test.context.support.DelegatingSmartContextLoader', parent = [null]]]; transaction manager [org.springframework.jdbc.datasource.DataSourceTransactionManager@2afd27a1]; rollback [true]
2018-01-07T10:01:46,287  INFO Test worker transaction.TransactionContext:136 - Rolled back transaction for test context [DefaultTestContext@54e865f6 testClass = ClientFoundTest, testInstance = integration.authorization.oauth2.grant.token.request.ValidateParams.validation.Scopes.ClientFoundTest@19a204d3, testMethod = scopeIsInvalidShouldThrowInformClientException@ClientFoundTest, testException = [null], mergedContextConfiguration = [MergedContextConfiguration@22699c3e testClass = ClientFoundTest, locations = '{classpath:spring-auth-test.xml}', classes = '{}', contextInitializerClasses = '[]', activeProfiles = '{}', propertySourceLocations = '{}', propertySourceProperties = '{}', contextCustomizers = set[[empty]], contextLoader = 'org.springframework.test.context.support.DelegatingSmartContextLoader', parent = [null]]].
]]></system-out>
  <system-err><![CDATA[]]></system-err>
</testsuite>
