<?xml version="1.0" encoding="UTF-8"?>
<testsuite name="org.rootservices.authorization.persistence.mapper.AuthCodeTokenMapperTest" tests="3" skipped="0" failures="0" errors="0" timestamp="2018-01-07T16:02:04" hostname="Kristins-MBP" time="1.835">
  <properties/>
  <testcase name="getByTokenIdShouldBeOk" classname="org.rootservices.authorization.persistence.mapper.AuthCodeTokenMapperTest" time="0.654"/>
  <testcase name="insertDuplicateExpectDuplicateKeyException" classname="org.rootservices.authorization.persistence.mapper.AuthCodeTokenMapperTest" time="0.692"/>
  <testcase name="testInsert" classname="org.rootservices.authorization.persistence.mapper.AuthCodeTokenMapperTest" time="0.487"/>
  <system-out><![CDATA[2018-01-07T10:02:04,559  INFO Test worker support.DefaultTestContextBootstrapper:260 - Loaded default TestExecutionListener class names from location [META-INF/spring.factories]: [org.springframework.test.context.web.ServletTestExecutionListener, org.springframework.test.context.support.DirtiesContextBeforeModesTestExecutionListener, org.springframework.test.context.support.DependencyInjectionTestExecutionListener, org.springframework.test.context.support.DirtiesContextTestExecutionListener, org.springframework.test.context.transaction.TransactionalTestExecutionListener, org.springframework.test.context.jdbc.SqlScriptsTestExecutionListener]
2018-01-07T10:02:04,561  INFO Test worker support.DefaultTestContextBootstrapper:209 - Could not instantiate TestExecutionListener [org.springframework.test.context.web.ServletTestExecutionListener]. Specify custom listener classes or make the default listener classes (and their required dependencies) available. Offending class: [javax/servlet/ServletContext]
2018-01-07T10:02:04,561  INFO Test worker support.DefaultTestContextBootstrapper:187 - Using TestExecutionListeners: [org.springframework.test.context.support.DirtiesContextBeforeModesTestExecutionListener@79664461, org.springframework.test.context.support.DependencyInjectionTestExecutionListener@75a9c962, org.springframework.test.context.support.DirtiesContextTestExecutionListener@51f7247c, org.springframework.test.context.transaction.TransactionalTestExecutionListener@3497e353, org.springframework.test.context.jdbc.SqlScriptsTestExecutionListener@7f19ecec]
2018-01-07T10:02:04,574  INFO Test worker transaction.TransactionContext:101 - Began transaction (1) for test context [DefaultTestContext@202ad9a testClass = AuthCodeTokenMapperTest, testInstance = org.rootservices.authorization.persistence.mapper.AuthCodeTokenMapperTest@4881f7e5, testMethod = getByTokenIdShouldBeOk@AuthCodeTokenMapperTest, testException = [null], mergedContextConfiguration = [MergedContextConfiguration@4440c8b4 testClass = AuthCodeTokenMapperTest, locations = '{classpath:spring-auth-test.xml}', classes = '{}', contextInitializerClasses = '[]', activeProfiles = '{}', propertySourceLocations = '{}', propertySourceProperties = '{}', contextCustomizers = set[[empty]], contextLoader = 'org.springframework.test.context.support.DelegatingSmartContextLoader', parent = [null]]]; transaction manager [org.springframework.jdbc.datasource.DataSourceTransactionManager@2d976234]; rollback [true]
2018-01-07T10:02:05,227  INFO Test worker transaction.TransactionContext:136 - Rolled back transaction for test context [DefaultTestContext@202ad9a testClass = AuthCodeTokenMapperTest, testInstance = org.rootservices.authorization.persistence.mapper.AuthCodeTokenMapperTest@4881f7e5, testMethod = getByTokenIdShouldBeOk@AuthCodeTokenMapperTest, testException = [null], mergedContextConfiguration = [MergedContextConfiguration@4440c8b4 testClass = AuthCodeTokenMapperTest, locations = '{classpath:spring-auth-test.xml}', classes = '{}', contextInitializerClasses = '[]', activeProfiles = '{}', propertySourceLocations = '{}', propertySourceProperties = '{}', contextCustomizers = set[[empty]], contextLoader = 'org.springframework.test.context.support.DelegatingSmartContextLoader', parent = [null]]].
2018-01-07T10:02:05,229  INFO Test worker transaction.TransactionContext:101 - Began transaction (1) for test context [DefaultTestContext@202ad9a testClass = AuthCodeTokenMapperTest, testInstance = org.rootservices.authorization.persistence.mapper.AuthCodeTokenMapperTest@3955aa5b, testMethod = insertDuplicateExpectDuplicateKeyException@AuthCodeTokenMapperTest, testException = [null], mergedContextConfiguration = [MergedContextConfiguration@4440c8b4 testClass = AuthCodeTokenMapperTest, locations = '{classpath:spring-auth-test.xml}', classes = '{}', contextInitializerClasses = '[]', activeProfiles = '{}', propertySourceLocations = '{}', propertySourceProperties = '{}', contextCustomizers = set[[empty]], contextLoader = 'org.springframework.test.context.support.DelegatingSmartContextLoader', parent = [null]]]; transaction manager [org.springframework.jdbc.datasource.DataSourceTransactionManager@2d976234]; rollback [true]
2018-01-07T10:02:05,834  INFO Test worker xml.XmlBeanDefinitionReader:317 - Loading XML bean definitions from class path resource [org/springframework/jdbc/support/sql-error-codes.xml]
2018-01-07T10:02:05,910  INFO Test worker support.SQLErrorCodesFactory:126 - SQLErrorCodes loaded: [DB2, Derby, H2, HSQL, Informix, MS-SQL, MySQL, Oracle, PostgreSQL, Sybase, Hana]
2018-01-07T10:02:05,920  INFO Test worker transaction.TransactionContext:136 - Rolled back transaction for test context [DefaultTestContext@202ad9a testClass = AuthCodeTokenMapperTest, testInstance = org.rootservices.authorization.persistence.mapper.AuthCodeTokenMapperTest@3955aa5b, testMethod = insertDuplicateExpectDuplicateKeyException@AuthCodeTokenMapperTest, testException = [null], mergedContextConfiguration = [MergedContextConfiguration@4440c8b4 testClass = AuthCodeTokenMapperTest, locations = '{classpath:spring-auth-test.xml}', classes = '{}', contextInitializerClasses = '[]', activeProfiles = '{}', propertySourceLocations = '{}', propertySourceProperties = '{}', contextCustomizers = set[[empty]], contextLoader = 'org.springframework.test.context.support.DelegatingSmartContextLoader', parent = [null]]].
2018-01-07T10:02:05,922  INFO Test worker transaction.TransactionContext:101 - Began transaction (1) for test context [DefaultTestContext@202ad9a testClass = AuthCodeTokenMapperTest, testInstance = org.rootservices.authorization.persistence.mapper.AuthCodeTokenMapperTest@2179dde3, testMethod = testInsert@AuthCodeTokenMapperTest, testException = [null], mergedContextConfiguration = [MergedContextConfiguration@4440c8b4 testClass = AuthCodeTokenMapperTest, locations = '{classpath:spring-auth-test.xml}', classes = '{}', contextInitializerClasses = '[]', activeProfiles = '{}', propertySourceLocations = '{}', propertySourceProperties = '{}', contextCustomizers = set[[empty]], contextLoader = 'org.springframework.test.context.support.DelegatingSmartContextLoader', parent = [null]]]; transaction manager [org.springframework.jdbc.datasource.DataSourceTransactionManager@2d976234]; rollback [true]
2018-01-07T10:02:06,407  INFO Test worker transaction.TransactionContext:136 - Rolled back transaction for test context [DefaultTestContext@202ad9a testClass = AuthCodeTokenMapperTest, testInstance = org.rootservices.authorization.persistence.mapper.AuthCodeTokenMapperTest@2179dde3, testMethod = testInsert@AuthCodeTokenMapperTest, testException = [null], mergedContextConfiguration = [MergedContextConfiguration@4440c8b4 testClass = AuthCodeTokenMapperTest, locations = '{classpath:spring-auth-test.xml}', classes = '{}', contextInitializerClasses = '[]', activeProfiles = '{}', propertySourceLocations = '{}', propertySourceProperties = '{}', contextCustomizers = set[[empty]], contextLoader = 'org.springframework.test.context.support.DelegatingSmartContextLoader', parent = [null]]].
]]></system-out>
  <system-err><![CDATA[]]></system-err>
</testsuite>
