<?xml version="1.0" encoding="UTF-8"?>
<testsuite name="org.rootservices.authorization.persistence.repository.ClientRepositoryImplTest" tests="2" skipped="0" failures="0" errors="0" timestamp="2018-01-07T16:02:11" hostname="Kristins-MBP" time="0.02">
  <properties/>
  <testcase name="getByUUIDNoRecordFound" classname="org.rootservices.authorization.persistence.repository.ClientRepositoryImplTest" time="0.019"/>
  <testcase name="getByUUID" classname="org.rootservices.authorization.persistence.repository.ClientRepositoryImplTest" time="0.001"/>
  <system-out><![CDATA[]]></system-out>
  <system-err><![CDATA[]]></system-err>
</testsuite>
