<?xml version="1.0" encoding="UTF-8"?>
<testsuite name="integration.authorization.openid.grant.token.request.ValidateOpenIdParams.validation.Nonce.ClientNotFoundTest" tests="4" skipped="0" failures="0" errors="0" timestamp="2018-01-07T16:01:47" hostname="Kristins-MBP" time="0.028">
  <properties/>
  <testcase name="noncesIsBlankStringShouldThrowInformResourceOwnerException" classname="integration.authorization.openid.grant.token.request.ValidateOpenIdParams.validation.Nonce.ClientNotFoundTest" time="0.007"/>
  <testcase name="noncesIsNullShouldThrowInformResourceOwnerException" classname="integration.authorization.openid.grant.token.request.ValidateOpenIdParams.validation.Nonce.ClientNotFoundTest" time="0.005"/>
  <testcase name="noncesHasTwoItemsShouldThrowInformResourceException" classname="integration.authorization.openid.grant.token.request.ValidateOpenIdParams.validation.Nonce.ClientNotFoundTest" time="0.009"/>
  <testcase name="noncesIsEmptyListShouldThrowInformResourceOwnerException" classname="integration.authorization.openid.grant.token.request.ValidateOpenIdParams.validation.Nonce.ClientNotFoundTest" time="0.005"/>
  <system-out><![CDATA[2018-01-07T10:01:47,818  INFO Test worker support.DefaultTestContextBootstrapper:260 - Loaded default TestExecutionListener class names from location [META-INF/spring.factories]: [org.springframework.test.context.web.ServletTestExecutionListener, org.springframework.test.context.support.DirtiesContextBeforeModesTestExecutionListener, org.springframework.test.context.support.DependencyInjectionTestExecutionListener, org.springframework.test.context.support.DirtiesContextTestExecutionListener, org.springframework.test.context.transaction.TransactionalTestExecutionListener, org.springframework.test.context.jdbc.SqlScriptsTestExecutionListener]
2018-01-07T10:01:47,819  INFO Test worker support.DefaultTestContextBootstrapper:209 - Could not instantiate TestExecutionListener [org.springframework.test.context.web.ServletTestExecutionListener]. Specify custom listener classes or make the default listener classes (and their required dependencies) available. Offending class: [javax/servlet/ServletContext]
2018-01-07T10:01:47,820  INFO Test worker support.DefaultTestContextBootstrapper:187 - Using TestExecutionListeners: [org.springframework.test.context.support.DirtiesContextBeforeModesTestExecutionListener@9495819, org.springframework.test.context.support.DependencyInjectionTestExecutionListener@748c8573, org.springframework.test.context.support.DirtiesContextTestExecutionListener@5411a47b, org.springframework.test.context.transaction.TransactionalTestExecutionListener@7c5d5194, org.springframework.test.context.jdbc.SqlScriptsTestExecutionListener@3f975796]
2018-01-07T10:01:47,826  INFO Test worker transaction.TransactionContext:101 - Began transaction (1) for test context [DefaultTestContext@65225f35 testClass = ClientNotFoundTest, testInstance = integration.authorization.openid.grant.token.request.ValidateOpenIdParams.validation.Nonce.ClientNotFoundTest@4d7a8931, testMethod = noncesIsBlankStringShouldThrowInformResourceOwnerException@ClientNotFoundTest, testException = [null], mergedContextConfiguration = [MergedContextConfiguration@2fa0fa0a testClass = ClientNotFoundTest, locations = '{classpath:spring-auth-test.xml}', classes = '{}', contextInitializerClasses = '[]', activeProfiles = '{}', propertySourceLocations = '{}', propertySourceProperties = '{}', contextCustomizers = set[[empty]], contextLoader = 'org.springframework.test.context.support.DelegatingSmartContextLoader', parent = [null]]]; transaction manager [org.springframework.jdbc.datasource.DataSourceTransactionManager@2d976234]; rollback [true]
2018-01-07T10:01:47,830  INFO Test worker transaction.TransactionContext:136 - Rolled back transaction for test context [DefaultTestContext@65225f35 testClass = ClientNotFoundTest, testInstance = integration.authorization.openid.grant.token.request.ValidateOpenIdParams.validation.Nonce.ClientNotFoundTest@4d7a8931, testMethod = noncesIsBlankStringShouldThrowInformResourceOwnerException@ClientNotFoundTest, testException = [null], mergedContextConfiguration = [MergedContextConfiguration@2fa0fa0a testClass = ClientNotFoundTest, locations = '{classpath:spring-auth-test.xml}', classes = '{}', contextInitializerClasses = '[]', activeProfiles = '{}', propertySourceLocations = '{}', propertySourceProperties = '{}', contextCustomizers = set[[empty]], contextLoader = 'org.springframework.test.context.support.DelegatingSmartContextLoader', parent = [null]]].
2018-01-07T10:01:47,833  INFO Test worker transaction.TransactionContext:101 - Began transaction (1) for test context [DefaultTestContext@65225f35 testClass = ClientNotFoundTest, testInstance = integration.authorization.openid.grant.token.request.ValidateOpenIdParams.validation.Nonce.ClientNotFoundTest@154bd0b0, testMethod = noncesIsNullShouldThrowInformResourceOwnerException@ClientNotFoundTest, testException = [null], mergedContextConfiguration = [MergedContextConfiguration@2fa0fa0a testClass = ClientNotFoundTest, locations = '{classpath:spring-auth-test.xml}', classes = '{}', contextInitializerClasses = '[]', activeProfiles = '{}', propertySourceLocations = '{}', propertySourceProperties = '{}', contextCustomizers = set[[empty]], contextLoader = 'org.springframework.test.context.support.DelegatingSmartContextLoader', parent = [null]]]; transaction manager [org.springframework.jdbc.datasource.DataSourceTransactionManager@2d976234]; rollback [true]
2018-01-07T10:01:47,836  INFO Test worker transaction.TransactionContext:136 - Rolled back transaction for test context [DefaultTestContext@65225f35 testClass = ClientNotFoundTest, testInstance = integration.authorization.openid.grant.token.request.ValidateOpenIdParams.validation.Nonce.ClientNotFoundTest@154bd0b0, testMethod = noncesIsNullShouldThrowInformResourceOwnerException@ClientNotFoundTest, testException = [null], mergedContextConfiguration = [MergedContextConfiguration@2fa0fa0a testClass = ClientNotFoundTest, locations = '{classpath:spring-auth-test.xml}', classes = '{}', contextInitializerClasses = '[]', activeProfiles = '{}', propertySourceLocations = '{}', propertySourceProperties = '{}', contextCustomizers = set[[empty]], contextLoader = 'org.springframework.test.context.support.DelegatingSmartContextLoader', parent = [null]]].
2018-01-07T10:01:47,839  INFO Test worker transaction.TransactionContext:101 - Began transaction (1) for test context [DefaultTestContext@65225f35 testClass = ClientNotFoundTest, testInstance = integration.authorization.openid.grant.token.request.ValidateOpenIdParams.validation.Nonce.ClientNotFoundTest@47d741e6, testMethod = noncesHasTwoItemsShouldThrowInformResourceException@ClientNotFoundTest, testException = [null], mergedContextConfiguration = [MergedContextConfiguration@2fa0fa0a testClass = ClientNotFoundTest, locations = '{classpath:spring-auth-test.xml}', classes = '{}', contextInitializerClasses = '[]', activeProfiles = '{}', propertySourceLocations = '{}', propertySourceProperties = '{}', contextCustomizers = set[[empty]], contextLoader = 'org.springframework.test.context.support.DelegatingSmartContextLoader', parent = [null]]]; transaction manager [org.springframework.jdbc.datasource.DataSourceTransactionManager@2d976234]; rollback [true]
2018-01-07T10:01:47,846  INFO Test worker transaction.TransactionContext:136 - Rolled back transaction for test context [DefaultTestContext@65225f35 testClass = ClientNotFoundTest, testInstance = integration.authorization.openid.grant.token.request.ValidateOpenIdParams.validation.Nonce.ClientNotFoundTest@47d741e6, testMethod = noncesHasTwoItemsShouldThrowInformResourceException@ClientNotFoundTest, testException = [null], mergedContextConfiguration = [MergedContextConfiguration@2fa0fa0a testClass = ClientNotFoundTest, locations = '{classpath:spring-auth-test.xml}', classes = '{}', contextInitializerClasses = '[]', activeProfiles = '{}', propertySourceLocations = '{}', propertySourceProperties = '{}', contextCustomizers = set[[empty]], contextLoader = 'org.springframework.test.context.support.DelegatingSmartContextLoader', parent = [null]]].
2018-01-07T10:01:47,848  INFO Test worker transaction.TransactionContext:101 - Began transaction (1) for test context [DefaultTestContext@65225f35 testClass = ClientNotFoundTest, testInstance = integration.authorization.openid.grant.token.request.ValidateOpenIdParams.validation.Nonce.ClientNotFoundTest@5169320f, testMethod = noncesIsEmptyListShouldThrowInformResourceOwnerException@ClientNotFoundTest, testException = [null], mergedContextConfiguration = [MergedContextConfiguration@2fa0fa0a testClass = ClientNotFoundTest, locations = '{classpath:spring-auth-test.xml}', classes = '{}', contextInitializerClasses = '[]', activeProfiles = '{}', propertySourceLocations = '{}', propertySourceProperties = '{}', contextCustomizers = set[[empty]], contextLoader = 'org.springframework.test.context.support.DelegatingSmartContextLoader', parent = [null]]]; transaction manager [org.springframework.jdbc.datasource.DataSourceTransactionManager@2d976234]; rollback [true]
2018-01-07T10:01:47,852  INFO Test worker transaction.TransactionContext:136 - Rolled back transaction for test context [DefaultTestContext@65225f35 testClass = ClientNotFoundTest, testInstance = integration.authorization.openid.grant.token.request.ValidateOpenIdParams.validation.Nonce.ClientNotFoundTest@5169320f, testMethod = noncesIsEmptyListShouldThrowInformResourceOwnerException@ClientNotFoundTest, testException = [null], mergedContextConfiguration = [MergedContextConfiguration@2fa0fa0a testClass = ClientNotFoundTest, locations = '{classpath:spring-auth-test.xml}', classes = '{}', contextInitializerClasses = '[]', activeProfiles = '{}', propertySourceLocations = '{}', propertySourceProperties = '{}', contextCustomizers = set[[empty]], contextLoader = 'org.springframework.test.context.support.DelegatingSmartContextLoader', parent = [null]]].
]]></system-out>
  <system-err><![CDATA[]]></system-err>
</testsuite>
