<?xml version="1.0" encoding="UTF-8"?>
<testsuite name="integration.authorization.oauth2.grant.token.request.ValidateParams.validation.State.ClientFoundRedirectMismatchTest" tests="2" skipped="0" failures="0" errors="0" timestamp="2018-01-07T16:01:42" hostname="Kristins-MBP" time="0.032">
  <properties/>
  <testcase name="stateIsBlankStringShouldThrowInformResourceOwnerException" classname="integration.authorization.oauth2.grant.token.request.ValidateParams.validation.State.ClientFoundRedirectMismatchTest" time="0.014"/>
  <testcase name="stateHasTwoItemsShouldThrowInformResourceOwnerException" classname="integration.authorization.oauth2.grant.token.request.ValidateParams.validation.State.ClientFoundRedirectMismatchTest" time="0.017"/>
  <system-out><![CDATA[2018-01-07T10:01:42,846  INFO Test worker support.DefaultTestContextBootstrapper:260 - Loaded default TestExecutionListener class names from location [META-INF/spring.factories]: [org.springframework.test.context.web.ServletTestExecutionListener, org.springframework.test.context.support.DirtiesContextBeforeModesTestExecutionListener, org.springframework.test.context.support.DependencyInjectionTestExecutionListener, org.springframework.test.context.support.DirtiesContextTestExecutionListener, org.springframework.test.context.transaction.TransactionalTestExecutionListener, org.springframework.test.context.jdbc.SqlScriptsTestExecutionListener]
2018-01-07T10:01:42,848  INFO Test worker support.DefaultTestContextBootstrapper:209 - Could not instantiate TestExecutionListener [org.springframework.test.context.web.ServletTestExecutionListener]. Specify custom listener classes or make the default listener classes (and their required dependencies) available. Offending class: [javax/servlet/ServletContext]
2018-01-07T10:01:42,848  INFO Test worker support.DefaultTestContextBootstrapper:187 - Using TestExecutionListeners: [org.springframework.test.context.support.DirtiesContextBeforeModesTestExecutionListener@34837cf5, org.springframework.test.context.support.DependencyInjectionTestExecutionListener@5f9157e7, org.springframework.test.context.support.DirtiesContextTestExecutionListener@77c0ba8f, org.springframework.test.context.transaction.TransactionalTestExecutionListener@264d9c50, org.springframework.test.context.jdbc.SqlScriptsTestExecutionListener@98638b8]
2018-01-07T10:01:42,946  INFO Test worker transaction.TransactionContext:101 - Began transaction (1) for test context [DefaultTestContext@5c05a482 testClass = ClientFoundRedirectMismatchTest, testInstance = integration.authorization.oauth2.grant.token.request.ValidateParams.validation.State.ClientFoundRedirectMismatchTest@6b8f6a7a, testMethod = stateIsBlankStringShouldThrowInformResourceOwnerException@ClientFoundRedirectMismatchTest, testException = [null], mergedContextConfiguration = [MergedContextConfiguration@5c7d7800 testClass = ClientFoundRedirectMismatchTest, locations = '{classpath:spring-auth-test.xml}', classes = '{}', contextInitializerClasses = '[]', activeProfiles = '{}', propertySourceLocations = '{}', propertySourceProperties = '{}', contextCustomizers = set[[empty]], contextLoader = 'org.springframework.test.context.support.DelegatingSmartContextLoader', parent = [null]]]; transaction manager [org.springframework.jdbc.datasource.DataSourceTransactionManager@6cc63594]; rollback [true]
2018-01-07T10:01:42,959  INFO Test worker transaction.TransactionContext:136 - Rolled back transaction for test context [DefaultTestContext@5c05a482 testClass = ClientFoundRedirectMismatchTest, testInstance = integration.authorization.oauth2.grant.token.request.ValidateParams.validation.State.ClientFoundRedirectMismatchTest@6b8f6a7a, testMethod = stateIsBlankStringShouldThrowInformResourceOwnerException@ClientFoundRedirectMismatchTest, testException = [null], mergedContextConfiguration = [MergedContextConfiguration@5c7d7800 testClass = ClientFoundRedirectMismatchTest, locations = '{classpath:spring-auth-test.xml}', classes = '{}', contextInitializerClasses = '[]', activeProfiles = '{}', propertySourceLocations = '{}', propertySourceProperties = '{}', contextCustomizers = set[[empty]], contextLoader = 'org.springframework.test.context.support.DelegatingSmartContextLoader', parent = [null]]].
2018-01-07T10:01:42,961  INFO Test worker transaction.TransactionContext:101 - Began transaction (1) for test context [DefaultTestContext@5c05a482 testClass = ClientFoundRedirectMismatchTest, testInstance = integration.authorization.oauth2.grant.token.request.ValidateParams.validation.State.ClientFoundRedirectMismatchTest@c39eb53, testMethod = stateHasTwoItemsShouldThrowInformResourceOwnerException@ClientFoundRedirectMismatchTest, testException = [null], mergedContextConfiguration = [MergedContextConfiguration@5c7d7800 testClass = ClientFoundRedirectMismatchTest, locations = '{classpath:spring-auth-test.xml}', classes = '{}', contextInitializerClasses = '[]', activeProfiles = '{}', propertySourceLocations = '{}', propertySourceProperties = '{}', contextCustomizers = set[[empty]], contextLoader = 'org.springframework.test.context.support.DelegatingSmartContextLoader', parent = [null]]]; transaction manager [org.springframework.jdbc.datasource.DataSourceTransactionManager@6cc63594]; rollback [true]
2018-01-07T10:01:42,976  INFO Test worker transaction.TransactionContext:136 - Rolled back transaction for test context [DefaultTestContext@5c05a482 testClass = ClientFoundRedirectMismatchTest, testInstance = integration.authorization.oauth2.grant.token.request.ValidateParams.validation.State.ClientFoundRedirectMismatchTest@c39eb53, testMethod = stateHasTwoItemsShouldThrowInformResourceOwnerException@ClientFoundRedirectMismatchTest, testException = [null], mergedContextConfiguration = [MergedContextConfiguration@5c7d7800 testClass = ClientFoundRedirectMismatchTest, locations = '{classpath:spring-auth-test.xml}', classes = '{}', contextInitializerClasses = '[]', activeProfiles = '{}', propertySourceLocations = '{}', propertySourceProperties = '{}', contextCustomizers = set[[empty]], contextLoader = 'org.springframework.test.context.support.DelegatingSmartContextLoader', parent = [null]]].
]]></system-out>
  <system-err><![CDATA[]]></system-err>
</testsuite>
