<?xml version="1.0" encoding="UTF-8"?>
<testsuite name="org.rootservices.authorization.persistence.repository.NonceRepositoryImplTest" tests="9" skipped="0" failures="0" errors="0" timestamp="2018-01-07T16:02:20" hostname="Kristins-MBP" time="0.025">
  <properties/>
  <testcase name="getByNonceShouldThrowRecordNotFound" classname="org.rootservices.authorization.persistence.repository.NonceRepositoryImplTest" time="0.019"/>
  <testcase name="getByNonceShouldBeOk" classname="org.rootservices.authorization.persistence.repository.NonceRepositoryImplTest" time="0.0"/>
  <testcase name="getByIdShouldBeOk" classname="org.rootservices.authorization.persistence.repository.NonceRepositoryImplTest" time="0.001"/>
  <testcase name="getByTypeAndNonceShouldBeOk" classname="org.rootservices.authorization.persistence.repository.NonceRepositoryImplTest" time="0.001"/>
  <testcase name="getByTypeAndNonceShouldThrowRecordNotFound" classname="org.rootservices.authorization.persistence.repository.NonceRepositoryImplTest" time="0.0"/>
  <testcase name="insertShouldBeOk" classname="org.rootservices.authorization.persistence.repository.NonceRepositoryImplTest" time="0.001"/>
  <testcase name="revokeUnSpent" classname="org.rootservices.authorization.persistence.repository.NonceRepositoryImplTest" time="0.0"/>
  <testcase name="setSpent" classname="org.rootservices.authorization.persistence.repository.NonceRepositoryImplTest" time="0.001"/>
  <testcase name="getByIdShouldThrowRecordNotFound" classname="org.rootservices.authorization.persistence.repository.NonceRepositoryImplTest" time="0.0"/>
  <system-out><![CDATA[]]></system-out>
  <system-err><![CDATA[]]></system-err>
</testsuite>
