<?xml version="1.0" encoding="UTF-8"?>
<testsuite name="integration.authorization.openid.grant.code.request.ValidateOpenIdParams.validation.State.ClientFoundTest" tests="2" skipped="0" failures="0" errors="0" timestamp="2018-01-07T16:01:50" hostname="Kristins-MBP" time="0.623">
  <properties/>
  <testcase name="stateHasTwoItemsShouldThrowInformClientException" classname="integration.authorization.openid.grant.code.request.ValidateOpenIdParams.validation.State.ClientFoundTest" time="0.357"/>
  <testcase name="stateIsBlankStringShouldThrowInformClientException" classname="integration.authorization.openid.grant.code.request.ValidateOpenIdParams.validation.State.ClientFoundTest" time="0.266"/>
  <system-out><![CDATA[2018-01-07T10:01:50,622  INFO Test worker support.DefaultTestContextBootstrapper:260 - Loaded default TestExecutionListener class names from location [META-INF/spring.factories]: [org.springframework.test.context.web.ServletTestExecutionListener, org.springframework.test.context.support.DirtiesContextBeforeModesTestExecutionListener, org.springframework.test.context.support.DependencyInjectionTestExecutionListener, org.springframework.test.context.support.DirtiesContextTestExecutionListener, org.springframework.test.context.transaction.TransactionalTestExecutionListener, org.springframework.test.context.jdbc.SqlScriptsTestExecutionListener]
2018-01-07T10:01:50,624  INFO Test worker support.DefaultTestContextBootstrapper:209 - Could not instantiate TestExecutionListener [org.springframework.test.context.web.ServletTestExecutionListener]. Specify custom listener classes or make the default listener classes (and their required dependencies) available. Offending class: [javax/servlet/ServletContext]
2018-01-07T10:01:50,626  INFO Test worker support.DefaultTestContextBootstrapper:187 - Using TestExecutionListeners: [org.springframework.test.context.support.DirtiesContextBeforeModesTestExecutionListener@6c107a0b, org.springframework.test.context.support.DependencyInjectionTestExecutionListener@8b6f425, org.springframework.test.context.support.DirtiesContextTestExecutionListener@33d4b3e0, org.springframework.test.context.transaction.TransactionalTestExecutionListener@2cda7794, org.springframework.test.context.jdbc.SqlScriptsTestExecutionListener@43758026]
2018-01-07T10:01:50,633  INFO Test worker transaction.TransactionContext:101 - Began transaction (1) for test context [DefaultTestContext@7a02ce5f testClass = ClientFoundTest, testInstance = integration.authorization.openid.grant.code.request.ValidateOpenIdParams.validation.State.ClientFoundTest@6cd4ca75, testMethod = stateHasTwoItemsShouldThrowInformClientException@ClientFoundTest, testException = [null], mergedContextConfiguration = [MergedContextConfiguration@7c5d53b1 testClass = ClientFoundTest, locations = '{classpath:spring-auth-test.xml}', classes = '{}', contextInitializerClasses = '[]', activeProfiles = '{}', propertySourceLocations = '{}', propertySourceProperties = '{}', contextCustomizers = set[[empty]], contextLoader = 'org.springframework.test.context.support.DelegatingSmartContextLoader', parent = [null]]]; transaction manager [org.springframework.jdbc.datasource.DataSourceTransactionManager@7c498c62]; rollback [true]
2018-01-07T10:01:50,988  INFO Test worker transaction.TransactionContext:136 - Rolled back transaction for test context [DefaultTestContext@7a02ce5f testClass = ClientFoundTest, testInstance = integration.authorization.openid.grant.code.request.ValidateOpenIdParams.validation.State.ClientFoundTest@6cd4ca75, testMethod = stateHasTwoItemsShouldThrowInformClientException@ClientFoundTest, testException = [null], mergedContextConfiguration = [MergedContextConfiguration@7c5d53b1 testClass = ClientFoundTest, locations = '{classpath:spring-auth-test.xml}', classes = '{}', contextInitializerClasses = '[]', activeProfiles = '{}', propertySourceLocations = '{}', propertySourceProperties = '{}', contextCustomizers = set[[empty]], contextLoader = 'org.springframework.test.context.support.DelegatingSmartContextLoader', parent = [null]]].
2018-01-07T10:01:50,991  INFO Test worker transaction.TransactionContext:101 - Began transaction (1) for test context [DefaultTestContext@7a02ce5f testClass = ClientFoundTest, testInstance = integration.authorization.openid.grant.code.request.ValidateOpenIdParams.validation.State.ClientFoundTest@32835781, testMethod = stateIsBlankStringShouldThrowInformClientException@ClientFoundTest, testException = [null], mergedContextConfiguration = [MergedContextConfiguration@7c5d53b1 testClass = ClientFoundTest, locations = '{classpath:spring-auth-test.xml}', classes = '{}', contextInitializerClasses = '[]', activeProfiles = '{}', propertySourceLocations = '{}', propertySourceProperties = '{}', contextCustomizers = set[[empty]], contextLoader = 'org.springframework.test.context.support.DelegatingSmartContextLoader', parent = [null]]]; transaction manager [org.springframework.jdbc.datasource.DataSourceTransactionManager@7c498c62]; rollback [true]
2018-01-07T10:01:51,254  INFO Test worker transaction.TransactionContext:136 - Rolled back transaction for test context [DefaultTestContext@7a02ce5f testClass = ClientFoundTest, testInstance = integration.authorization.openid.grant.code.request.ValidateOpenIdParams.validation.State.ClientFoundTest@32835781, testMethod = stateIsBlankStringShouldThrowInformClientException@ClientFoundTest, testException = [null], mergedContextConfiguration = [MergedContextConfiguration@7c5d53b1 testClass = ClientFoundTest, locations = '{classpath:spring-auth-test.xml}', classes = '{}', contextInitializerClasses = '[]', activeProfiles = '{}', propertySourceLocations = '{}', propertySourceProperties = '{}', contextCustomizers = set[[empty]], contextLoader = 'org.springframework.test.context.support.DelegatingSmartContextLoader', parent = [null]]].
]]></system-out>
  <system-err><![CDATA[]]></system-err>
</testsuite>
