<?xml version="1.0" encoding="UTF-8"?>
<testsuite name="org.rootservices.authorization.persistence.repository.FamilyNameRepositoryImplTest" tests="1" skipped="0" failures="0" errors="0" timestamp="2018-01-07T16:02:08" hostname="Kristins-MBP" time="0.03">
  <properties/>
  <testcase name="testInsertShouldBeOk" classname="org.rootservices.authorization.persistence.repository.FamilyNameRepositoryImplTest" time="0.03"/>
  <system-out><![CDATA[]]></system-out>
  <system-err><![CDATA[]]></system-err>
</testsuite>
