<?xml version="1.0" encoding="UTF-8"?>
<testsuite name="integration.authorization.openid.grant.token.request.ValidateOpenIdParams.validation.RedirectUriTest" tests="6" skipped="0" failures="0" errors="0" timestamp="2018-01-07T16:01:43" hostname="Kristins-MBP" time="0.196">
  <properties/>
  <testcase name="redirectUrisIsBlankStringShouldThrowInformResourceOwnerException" classname="integration.authorization.openid.grant.token.request.ValidateOpenIdParams.validation.RedirectUriTest" time="0.011"/>
  <testcase name="redirectUrisIsNullShouldThrowInformResourceOwner" classname="integration.authorization.openid.grant.token.request.ValidateOpenIdParams.validation.RedirectUriTest" time="0.032"/>
  <testcase name="redirectUriIsEmptyListShouldThrowInformResourceOwnerException" classname="integration.authorization.openid.grant.token.request.ValidateOpenIdParams.validation.RedirectUriTest" time="0.014"/>
  <testcase name="redirectUrisHasTwoItemsShouldThrowInformResourceOwnerException" classname="integration.authorization.openid.grant.token.request.ValidateOpenIdParams.validation.RedirectUriTest" time="0.042"/>
  <testcase name="redirectUriDoesNotMatchClientShouldThrowInformResourceOwnerException" classname="integration.authorization.openid.grant.token.request.ValidateOpenIdParams.validation.RedirectUriTest" time="0.078"/>
  <testcase name="redirectUriIsInvalidShouldThrowInformResourceOwnerException" classname="integration.authorization.openid.grant.token.request.ValidateOpenIdParams.validation.RedirectUriTest" time="0.016"/>
  <system-out><![CDATA[2018-01-07T10:01:43,707  INFO Test worker support.DefaultTestContextBootstrapper:260 - Loaded default TestExecutionListener class names from location [META-INF/spring.factories]: [org.springframework.test.context.web.ServletTestExecutionListener, org.springframework.test.context.support.DirtiesContextBeforeModesTestExecutionListener, org.springframework.test.context.support.DependencyInjectionTestExecutionListener, org.springframework.test.context.support.DirtiesContextTestExecutionListener, org.springframework.test.context.transaction.TransactionalTestExecutionListener, org.springframework.test.context.jdbc.SqlScriptsTestExecutionListener]
2018-01-07T10:01:43,710  INFO Test worker support.DefaultTestContextBootstrapper:209 - Could not instantiate TestExecutionListener [org.springframework.test.context.web.ServletTestExecutionListener]. Specify custom listener classes or make the default listener classes (and their required dependencies) available. Offending class: [javax/servlet/ServletContext]
2018-01-07T10:01:43,710  INFO Test worker support.DefaultTestContextBootstrapper:187 - Using TestExecutionListeners: [org.springframework.test.context.support.DirtiesContextBeforeModesTestExecutionListener@3a6d2a2e, org.springframework.test.context.support.DependencyInjectionTestExecutionListener@73985d54, org.springframework.test.context.support.DirtiesContextTestExecutionListener@de87005, org.springframework.test.context.transaction.TransactionalTestExecutionListener@12e93bf1, org.springframework.test.context.jdbc.SqlScriptsTestExecutionListener@41065fd8]
2018-01-07T10:01:43,717  INFO Test worker transaction.TransactionContext:101 - Began transaction (1) for test context [DefaultTestContext@16050f6c testClass = RedirectUriTest, testInstance = integration.authorization.openid.grant.token.request.ValidateOpenIdParams.validation.RedirectUriTest@48dc4abd, testMethod = redirectUrisIsBlankStringShouldThrowInformResourceOwnerException@RedirectUriTest, testException = [null], mergedContextConfiguration = [MergedContextConfiguration@7045c851 testClass = RedirectUriTest, locations = '{classpath:spring-auth-test.xml}', classes = '{}', contextInitializerClasses = '[]', activeProfiles = '{}', propertySourceLocations = '{}', propertySourceProperties = '{}', contextCustomizers = set[[empty]], contextLoader = 'org.springframework.test.context.support.DelegatingSmartContextLoader', parent = [null]]]; transaction manager [org.springframework.jdbc.datasource.DataSourceTransactionManager@6cc63594]; rollback [true]
2018-01-07T10:01:43,725  INFO Test worker transaction.TransactionContext:136 - Rolled back transaction for test context [DefaultTestContext@16050f6c testClass = RedirectUriTest, testInstance = integration.authorization.openid.grant.token.request.ValidateOpenIdParams.validation.RedirectUriTest@48dc4abd, testMethod = redirectUrisIsBlankStringShouldThrowInformResourceOwnerException@RedirectUriTest, testException = [null], mergedContextConfiguration = [MergedContextConfiguration@7045c851 testClass = RedirectUriTest, locations = '{classpath:spring-auth-test.xml}', classes = '{}', contextInitializerClasses = '[]', activeProfiles = '{}', propertySourceLocations = '{}', propertySourceProperties = '{}', contextCustomizers = set[[empty]], contextLoader = 'org.springframework.test.context.support.DelegatingSmartContextLoader', parent = [null]]].
2018-01-07T10:01:43,728  INFO Test worker transaction.TransactionContext:101 - Began transaction (1) for test context [DefaultTestContext@16050f6c testClass = RedirectUriTest, testInstance = integration.authorization.openid.grant.token.request.ValidateOpenIdParams.validation.RedirectUriTest@7f1245ef, testMethod = redirectUrisIsNullShouldThrowInformResourceOwner@RedirectUriTest, testException = [null], mergedContextConfiguration = [MergedContextConfiguration@7045c851 testClass = RedirectUriTest, locations = '{classpath:spring-auth-test.xml}', classes = '{}', contextInitializerClasses = '[]', activeProfiles = '{}', propertySourceLocations = '{}', propertySourceProperties = '{}', contextCustomizers = set[[empty]], contextLoader = 'org.springframework.test.context.support.DelegatingSmartContextLoader', parent = [null]]]; transaction manager [org.springframework.jdbc.datasource.DataSourceTransactionManager@6cc63594]; rollback [true]
2018-01-07T10:01:43,758  INFO Test worker transaction.TransactionContext:136 - Rolled back transaction for test context [DefaultTestContext@16050f6c testClass = RedirectUriTest, testInstance = integration.authorization.openid.grant.token.request.ValidateOpenIdParams.validation.RedirectUriTest@7f1245ef, testMethod = redirectUrisIsNullShouldThrowInformResourceOwner@RedirectUriTest, testException = [null], mergedContextConfiguration = [MergedContextConfiguration@7045c851 testClass = RedirectUriTest, locations = '{classpath:spring-auth-test.xml}', classes = '{}', contextInitializerClasses = '[]', activeProfiles = '{}', propertySourceLocations = '{}', propertySourceProperties = '{}', contextCustomizers = set[[empty]], contextLoader = 'org.springframework.test.context.support.DelegatingSmartContextLoader', parent = [null]]].
2018-01-07T10:01:43,759  INFO Test worker transaction.TransactionContext:101 - Began transaction (1) for test context [DefaultTestContext@16050f6c testClass = RedirectUriTest, testInstance = integration.authorization.openid.grant.token.request.ValidateOpenIdParams.validation.RedirectUriTest@6bf1783b, testMethod = redirectUriIsEmptyListShouldThrowInformResourceOwnerException@RedirectUriTest, testException = [null], mergedContextConfiguration = [MergedContextConfiguration@7045c851 testClass = RedirectUriTest, locations = '{classpath:spring-auth-test.xml}', classes = '{}', contextInitializerClasses = '[]', activeProfiles = '{}', propertySourceLocations = '{}', propertySourceProperties = '{}', contextCustomizers = set[[empty]], contextLoader = 'org.springframework.test.context.support.DelegatingSmartContextLoader', parent = [null]]]; transaction manager [org.springframework.jdbc.datasource.DataSourceTransactionManager@6cc63594]; rollback [true]
2018-01-07T10:01:43,772  INFO Test worker transaction.TransactionContext:136 - Rolled back transaction for test context [DefaultTestContext@16050f6c testClass = RedirectUriTest, testInstance = integration.authorization.openid.grant.token.request.ValidateOpenIdParams.validation.RedirectUriTest@6bf1783b, testMethod = redirectUriIsEmptyListShouldThrowInformResourceOwnerException@RedirectUriTest, testException = [null], mergedContextConfiguration = [MergedContextConfiguration@7045c851 testClass = RedirectUriTest, locations = '{classpath:spring-auth-test.xml}', classes = '{}', contextInitializerClasses = '[]', activeProfiles = '{}', propertySourceLocations = '{}', propertySourceProperties = '{}', contextCustomizers = set[[empty]], contextLoader = 'org.springframework.test.context.support.DelegatingSmartContextLoader', parent = [null]]].
2018-01-07T10:01:43,774  INFO Test worker transaction.TransactionContext:101 - Began transaction (1) for test context [DefaultTestContext@16050f6c testClass = RedirectUriTest, testInstance = integration.authorization.openid.grant.token.request.ValidateOpenIdParams.validation.RedirectUriTest@19a3808b, testMethod = redirectUrisHasTwoItemsShouldThrowInformResourceOwnerException@RedirectUriTest, testException = [null], mergedContextConfiguration = [MergedContextConfiguration@7045c851 testClass = RedirectUriTest, locations = '{classpath:spring-auth-test.xml}', classes = '{}', contextInitializerClasses = '[]', activeProfiles = '{}', propertySourceLocations = '{}', propertySourceProperties = '{}', contextCustomizers = set[[empty]], contextLoader = 'org.springframework.test.context.support.DelegatingSmartContextLoader', parent = [null]]]; transaction manager [org.springframework.jdbc.datasource.DataSourceTransactionManager@6cc63594]; rollback [true]
2018-01-07T10:01:43,815  INFO Test worker transaction.TransactionContext:136 - Rolled back transaction for test context [DefaultTestContext@16050f6c testClass = RedirectUriTest, testInstance = integration.authorization.openid.grant.token.request.ValidateOpenIdParams.validation.RedirectUriTest@19a3808b, testMethod = redirectUrisHasTwoItemsShouldThrowInformResourceOwnerException@RedirectUriTest, testException = [null], mergedContextConfiguration = [MergedContextConfiguration@7045c851 testClass = RedirectUriTest, locations = '{classpath:spring-auth-test.xml}', classes = '{}', contextInitializerClasses = '[]', activeProfiles = '{}', propertySourceLocations = '{}', propertySourceProperties = '{}', contextCustomizers = set[[empty]], contextLoader = 'org.springframework.test.context.support.DelegatingSmartContextLoader', parent = [null]]].
2018-01-07T10:01:43,818  INFO Test worker transaction.TransactionContext:101 - Began transaction (1) for test context [DefaultTestContext@16050f6c testClass = RedirectUriTest, testInstance = integration.authorization.openid.grant.token.request.ValidateOpenIdParams.validation.RedirectUriTest@271af1aa, testMethod = redirectUriDoesNotMatchClientShouldThrowInformResourceOwnerException@RedirectUriTest, testException = [null], mergedContextConfiguration = [MergedContextConfiguration@7045c851 testClass = RedirectUriTest, locations = '{classpath:spring-auth-test.xml}', classes = '{}', contextInitializerClasses = '[]', activeProfiles = '{}', propertySourceLocations = '{}', propertySourceProperties = '{}', contextCustomizers = set[[empty]], contextLoader = 'org.springframework.test.context.support.DelegatingSmartContextLoader', parent = [null]]]; transaction manager [org.springframework.jdbc.datasource.DataSourceTransactionManager@6cc63594]; rollback [true]
2018-01-07T10:01:43,894  INFO Test worker transaction.TransactionContext:136 - Rolled back transaction for test context [DefaultTestContext@16050f6c testClass = RedirectUriTest, testInstance = integration.authorization.openid.grant.token.request.ValidateOpenIdParams.validation.RedirectUriTest@271af1aa, testMethod = redirectUriDoesNotMatchClientShouldThrowInformResourceOwnerException@RedirectUriTest, testException = [null], mergedContextConfiguration = [MergedContextConfiguration@7045c851 testClass = RedirectUriTest, locations = '{classpath:spring-auth-test.xml}', classes = '{}', contextInitializerClasses = '[]', activeProfiles = '{}', propertySourceLocations = '{}', propertySourceProperties = '{}', contextCustomizers = set[[empty]], contextLoader = 'org.springframework.test.context.support.DelegatingSmartContextLoader', parent = [null]]].
2018-01-07T10:01:43,897  INFO Test worker transaction.TransactionContext:101 - Began transaction (1) for test context [DefaultTestContext@16050f6c testClass = RedirectUriTest, testInstance = integration.authorization.openid.grant.token.request.ValidateOpenIdParams.validation.RedirectUriTest@253da02c, testMethod = redirectUriIsInvalidShouldThrowInformResourceOwnerException@RedirectUriTest, testException = [null], mergedContextConfiguration = [MergedContextConfiguration@7045c851 testClass = RedirectUriTest, locations = '{classpath:spring-auth-test.xml}', classes = '{}', contextInitializerClasses = '[]', activeProfiles = '{}', propertySourceLocations = '{}', propertySourceProperties = '{}', contextCustomizers = set[[empty]], contextLoader = 'org.springframework.test.context.support.DelegatingSmartContextLoader', parent = [null]]]; transaction manager [org.springframework.jdbc.datasource.DataSourceTransactionManager@6cc63594]; rollback [true]
2018-01-07T10:01:43,911  INFO Test worker transaction.TransactionContext:136 - Rolled back transaction for test context [DefaultTestContext@16050f6c testClass = RedirectUriTest, testInstance = integration.authorization.openid.grant.token.request.ValidateOpenIdParams.validation.RedirectUriTest@253da02c, testMethod = redirectUriIsInvalidShouldThrowInformResourceOwnerException@RedirectUriTest, testException = [null], mergedContextConfiguration = [MergedContextConfiguration@7045c851 testClass = RedirectUriTest, locations = '{classpath:spring-auth-test.xml}', classes = '{}', contextInitializerClasses = '[]', activeProfiles = '{}', propertySourceLocations = '{}', propertySourceProperties = '{}', contextCustomizers = set[[empty]], contextLoader = 'org.springframework.test.context.support.DelegatingSmartContextLoader', parent = [null]]].
]]></system-out>
  <system-err><![CDATA[]]></system-err>
</testsuite>
