<?xml version="1.0" encoding="UTF-8"?>
<testsuite name="org.rootservices.authorization.oauth2.grant.redirect.code.authorization.token.RequestTokenCodeGrantTest" tests="10" skipped="0" failures="0" errors="0" timestamp="2018-01-07T16:01:53" hostname="Kristins-MBP" time="9.869">
  <properties/>
  <testcase name="requestWhenLoginClientFailsShouldThrowUnauthorizedException" classname="org.rootservices.authorization.oauth2.grant.redirect.code.authorization.token.RequestTokenCodeGrantTest" time="1.254"/>
  <testcase name="requestWhenPayloadHasUnknownKeyShouldThrowBadRequestException" classname="org.rootservices.authorization.oauth2.grant.redirect.code.authorization.token.RequestTokenCodeGrantTest" time="0.746"/>
  <testcase name="requestWhenMissingCodeShouldThrowBadRequestException" classname="org.rootservices.authorization.oauth2.grant.redirect.code.authorization.token.RequestTokenCodeGrantTest" time="0.666"/>
  <testcase name="requestWhenRedirectUriIsNotValidShouldThrowBadRequestException" classname="org.rootservices.authorization.oauth2.grant.redirect.code.authorization.token.RequestTokenCodeGrantTest" time="0.665"/>
  <testcase name="requestWhenCodeIsRevokedShouldThrowNotFoundException" classname="org.rootservices.authorization.oauth2.grant.redirect.code.authorization.token.RequestTokenCodeGrantTest" time="1.08"/>
  <testcase name="requestShouldBeOpenIdExtension" classname="org.rootservices.authorization.oauth2.grant.redirect.code.authorization.token.RequestTokenCodeGrantTest" time="1.171"/>
  <testcase name="requesstWhenRedirectUriIsNotHttpsShouldThrowBadRequestException" classname="org.rootservices.authorization.oauth2.grant.redirect.code.authorization.token.RequestTokenCodeGrantTest" time="0.661"/>
  <testcase name="requestShouldBeOk" classname="org.rootservices.authorization.oauth2.grant.redirect.code.authorization.token.RequestTokenCodeGrantTest" time="1.252"/>
  <testcase name="requestWhenMissingRedirectUriShouldThrowNotFoundException" classname="org.rootservices.authorization.oauth2.grant.redirect.code.authorization.token.RequestTokenCodeGrantTest" time="0.82"/>
  <testcase name="requestWhenCodeIsCompromisedShouldThrowBadRequestException" classname="org.rootservices.authorization.oauth2.grant.redirect.code.authorization.token.RequestTokenCodeGrantTest" time="1.549"/>
  <system-out><![CDATA[2018-01-07T10:01:53,879  INFO Test worker support.DefaultTestContextBootstrapper:260 - Loaded default TestExecutionListener class names from location [META-INF/spring.factories]: [org.springframework.test.context.web.ServletTestExecutionListener, org.springframework.test.context.support.DirtiesContextBeforeModesTestExecutionListener, org.springframework.test.context.support.DependencyInjectionTestExecutionListener, org.springframework.test.context.support.DirtiesContextTestExecutionListener, org.springframework.test.context.transaction.TransactionalTestExecutionListener, org.springframework.test.context.jdbc.SqlScriptsTestExecutionListener]
2018-01-07T10:01:53,880  INFO Test worker support.DefaultTestContextBootstrapper:209 - Could not instantiate TestExecutionListener [org.springframework.test.context.web.ServletTestExecutionListener]. Specify custom listener classes or make the default listener classes (and their required dependencies) available. Offending class: [javax/servlet/ServletContext]
2018-01-07T10:01:53,881  INFO Test worker support.DefaultTestContextBootstrapper:187 - Using TestExecutionListeners: [org.springframework.test.context.support.DirtiesContextBeforeModesTestExecutionListener@5575d11d, org.springframework.test.context.support.DependencyInjectionTestExecutionListener@47dd6c0d, org.springframework.test.context.support.DirtiesContextTestExecutionListener@2a372245, org.springframework.test.context.transaction.TransactionalTestExecutionListener@312aff83, org.springframework.test.context.jdbc.SqlScriptsTestExecutionListener@4aac3d82]
2018-01-07T10:01:53,890  INFO Test worker transaction.TransactionContext:101 - Began transaction (1) for test context [DefaultTestContext@61aa2dd2 testClass = RequestTokenCodeGrantTest, testInstance = org.rootservices.authorization.oauth2.grant.redirect.code.authorization.token.RequestTokenCodeGrantTest@38f3bb9, testMethod = requestWhenLoginClientFailsShouldThrowUnauthorizedException@RequestTokenCodeGrantTest, testException = [null], mergedContextConfiguration = [MergedContextConfiguration@663d8dde testClass = RequestTokenCodeGrantTest, locations = '{classpath:spring-auth-test.xml}', classes = '{}', contextInitializerClasses = '[]', activeProfiles = '{}', propertySourceLocations = '{}', propertySourceProperties = '{}', contextCustomizers = set[[empty]], contextLoader = 'org.springframework.test.context.support.DelegatingSmartContextLoader', parent = [null]]]; transaction manager [org.springframework.jdbc.datasource.DataSourceTransactionManager@2afd27a1]; rollback [true]
2018-01-07T10:01:55,142  INFO Test worker transaction.TransactionContext:136 - Rolled back transaction for test context [DefaultTestContext@61aa2dd2 testClass = RequestTokenCodeGrantTest, testInstance = org.rootservices.authorization.oauth2.grant.redirect.code.authorization.token.RequestTokenCodeGrantTest@38f3bb9, testMethod = requestWhenLoginClientFailsShouldThrowUnauthorizedException@RequestTokenCodeGrantTest, testException = [null], mergedContextConfiguration = [MergedContextConfiguration@663d8dde testClass = RequestTokenCodeGrantTest, locations = '{classpath:spring-auth-test.xml}', classes = '{}', contextInitializerClasses = '[]', activeProfiles = '{}', propertySourceLocations = '{}', propertySourceProperties = '{}', contextCustomizers = set[[empty]], contextLoader = 'org.springframework.test.context.support.DelegatingSmartContextLoader', parent = [null]]].
2018-01-07T10:01:55,144  INFO Test worker transaction.TransactionContext:101 - Began transaction (1) for test context [DefaultTestContext@61aa2dd2 testClass = RequestTokenCodeGrantTest, testInstance = org.rootservices.authorization.oauth2.grant.redirect.code.authorization.token.RequestTokenCodeGrantTest@72b70382, testMethod = requestWhenPayloadHasUnknownKeyShouldThrowBadRequestException@RequestTokenCodeGrantTest, testException = [null], mergedContextConfiguration = [MergedContextConfiguration@663d8dde testClass = RequestTokenCodeGrantTest, locations = '{classpath:spring-auth-test.xml}', classes = '{}', contextInitializerClasses = '[]', activeProfiles = '{}', propertySourceLocations = '{}', propertySourceProperties = '{}', contextCustomizers = set[[empty]], contextLoader = 'org.springframework.test.context.support.DelegatingSmartContextLoader', parent = [null]]]; transaction manager [org.springframework.jdbc.datasource.DataSourceTransactionManager@2afd27a1]; rollback [true]
2018-01-07T10:01:55,889  INFO Test worker transaction.TransactionContext:136 - Rolled back transaction for test context [DefaultTestContext@61aa2dd2 testClass = RequestTokenCodeGrantTest, testInstance = org.rootservices.authorization.oauth2.grant.redirect.code.authorization.token.RequestTokenCodeGrantTest@72b70382, testMethod = requestWhenPayloadHasUnknownKeyShouldThrowBadRequestException@RequestTokenCodeGrantTest, testException = [null], mergedContextConfiguration = [MergedContextConfiguration@663d8dde testClass = RequestTokenCodeGrantTest, locations = '{classpath:spring-auth-test.xml}', classes = '{}', contextInitializerClasses = '[]', activeProfiles = '{}', propertySourceLocations = '{}', propertySourceProperties = '{}', contextCustomizers = set[[empty]], contextLoader = 'org.springframework.test.context.support.DelegatingSmartContextLoader', parent = [null]]].
2018-01-07T10:01:55,891  INFO Test worker transaction.TransactionContext:101 - Began transaction (1) for test context [DefaultTestContext@61aa2dd2 testClass = RequestTokenCodeGrantTest, testInstance = org.rootservices.authorization.oauth2.grant.redirect.code.authorization.token.RequestTokenCodeGrantTest@906113b, testMethod = requestWhenMissingCodeShouldThrowBadRequestException@RequestTokenCodeGrantTest, testException = [null], mergedContextConfiguration = [MergedContextConfiguration@663d8dde testClass = RequestTokenCodeGrantTest, locations = '{classpath:spring-auth-test.xml}', classes = '{}', contextInitializerClasses = '[]', activeProfiles = '{}', propertySourceLocations = '{}', propertySourceProperties = '{}', contextCustomizers = set[[empty]], contextLoader = 'org.springframework.test.context.support.DelegatingSmartContextLoader', parent = [null]]]; transaction manager [org.springframework.jdbc.datasource.DataSourceTransactionManager@2afd27a1]; rollback [true]
2018-01-07T10:01:56,556  INFO Test worker transaction.TransactionContext:136 - Rolled back transaction for test context [DefaultTestContext@61aa2dd2 testClass = RequestTokenCodeGrantTest, testInstance = org.rootservices.authorization.oauth2.grant.redirect.code.authorization.token.RequestTokenCodeGrantTest@906113b, testMethod = requestWhenMissingCodeShouldThrowBadRequestException@RequestTokenCodeGrantTest, testException = [null], mergedContextConfiguration = [MergedContextConfiguration@663d8dde testClass = RequestTokenCodeGrantTest, locations = '{classpath:spring-auth-test.xml}', classes = '{}', contextInitializerClasses = '[]', activeProfiles = '{}', propertySourceLocations = '{}', propertySourceProperties = '{}', contextCustomizers = set[[empty]], contextLoader = 'org.springframework.test.context.support.DelegatingSmartContextLoader', parent = [null]]].
2018-01-07T10:01:56,557  INFO Test worker transaction.TransactionContext:101 - Began transaction (1) for test context [DefaultTestContext@61aa2dd2 testClass = RequestTokenCodeGrantTest, testInstance = org.rootservices.authorization.oauth2.grant.redirect.code.authorization.token.RequestTokenCodeGrantTest@3693cd34, testMethod = requestWhenRedirectUriIsNotValidShouldThrowBadRequestException@RequestTokenCodeGrantTest, testException = [null], mergedContextConfiguration = [MergedContextConfiguration@663d8dde testClass = RequestTokenCodeGrantTest, locations = '{classpath:spring-auth-test.xml}', classes = '{}', contextInitializerClasses = '[]', activeProfiles = '{}', propertySourceLocations = '{}', propertySourceProperties = '{}', contextCustomizers = set[[empty]], contextLoader = 'org.springframework.test.context.support.DelegatingSmartContextLoader', parent = [null]]]; transaction manager [org.springframework.jdbc.datasource.DataSourceTransactionManager@2afd27a1]; rollback [true]
2018-01-07T10:01:57,221  INFO Test worker transaction.TransactionContext:136 - Rolled back transaction for test context [DefaultTestContext@61aa2dd2 testClass = RequestTokenCodeGrantTest, testInstance = org.rootservices.authorization.oauth2.grant.redirect.code.authorization.token.RequestTokenCodeGrantTest@3693cd34, testMethod = requestWhenRedirectUriIsNotValidShouldThrowBadRequestException@RequestTokenCodeGrantTest, testException = [null], mergedContextConfiguration = [MergedContextConfiguration@663d8dde testClass = RequestTokenCodeGrantTest, locations = '{classpath:spring-auth-test.xml}', classes = '{}', contextInitializerClasses = '[]', activeProfiles = '{}', propertySourceLocations = '{}', propertySourceProperties = '{}', contextCustomizers = set[[empty]], contextLoader = 'org.springframework.test.context.support.DelegatingSmartContextLoader', parent = [null]]].
2018-01-07T10:01:57,223  INFO Test worker transaction.TransactionContext:101 - Began transaction (1) for test context [DefaultTestContext@61aa2dd2 testClass = RequestTokenCodeGrantTest, testInstance = org.rootservices.authorization.oauth2.grant.redirect.code.authorization.token.RequestTokenCodeGrantTest@5467de12, testMethod = requestWhenCodeIsRevokedShouldThrowNotFoundException@RequestTokenCodeGrantTest, testException = [null], mergedContextConfiguration = [MergedContextConfiguration@663d8dde testClass = RequestTokenCodeGrantTest, locations = '{classpath:spring-auth-test.xml}', classes = '{}', contextInitializerClasses = '[]', activeProfiles = '{}', propertySourceLocations = '{}', propertySourceProperties = '{}', contextCustomizers = set[[empty]], contextLoader = 'org.springframework.test.context.support.DelegatingSmartContextLoader', parent = [null]]]; transaction manager [org.springframework.jdbc.datasource.DataSourceTransactionManager@2afd27a1]; rollback [true]
2018-01-07T10:01:58,301  INFO Test worker transaction.TransactionContext:136 - Rolled back transaction for test context [DefaultTestContext@61aa2dd2 testClass = RequestTokenCodeGrantTest, testInstance = org.rootservices.authorization.oauth2.grant.redirect.code.authorization.token.RequestTokenCodeGrantTest@5467de12, testMethod = requestWhenCodeIsRevokedShouldThrowNotFoundException@RequestTokenCodeGrantTest, testException = [null], mergedContextConfiguration = [MergedContextConfiguration@663d8dde testClass = RequestTokenCodeGrantTest, locations = '{classpath:spring-auth-test.xml}', classes = '{}', contextInitializerClasses = '[]', activeProfiles = '{}', propertySourceLocations = '{}', propertySourceProperties = '{}', contextCustomizers = set[[empty]], contextLoader = 'org.springframework.test.context.support.DelegatingSmartContextLoader', parent = [null]]].
2018-01-07T10:01:58,303  INFO Test worker transaction.TransactionContext:101 - Began transaction (1) for test context [DefaultTestContext@61aa2dd2 testClass = RequestTokenCodeGrantTest, testInstance = org.rootservices.authorization.oauth2.grant.redirect.code.authorization.token.RequestTokenCodeGrantTest@181e2edb, testMethod = requestShouldBeOpenIdExtension@RequestTokenCodeGrantTest, testException = [null], mergedContextConfiguration = [MergedContextConfiguration@663d8dde testClass = RequestTokenCodeGrantTest, locations = '{classpath:spring-auth-test.xml}', classes = '{}', contextInitializerClasses = '[]', activeProfiles = '{}', propertySourceLocations = '{}', propertySourceProperties = '{}', contextCustomizers = set[[empty]], contextLoader = 'org.springframework.test.context.support.DelegatingSmartContextLoader', parent = [null]]]; transaction manager [org.springframework.jdbc.datasource.DataSourceTransactionManager@2afd27a1]; rollback [true]
2018-01-07T10:01:59,472  INFO Test worker transaction.TransactionContext:136 - Rolled back transaction for test context [DefaultTestContext@61aa2dd2 testClass = RequestTokenCodeGrantTest, testInstance = org.rootservices.authorization.oauth2.grant.redirect.code.authorization.token.RequestTokenCodeGrantTest@181e2edb, testMethod = requestShouldBeOpenIdExtension@RequestTokenCodeGrantTest, testException = [null], mergedContextConfiguration = [MergedContextConfiguration@663d8dde testClass = RequestTokenCodeGrantTest, locations = '{classpath:spring-auth-test.xml}', classes = '{}', contextInitializerClasses = '[]', activeProfiles = '{}', propertySourceLocations = '{}', propertySourceProperties = '{}', contextCustomizers = set[[empty]], contextLoader = 'org.springframework.test.context.support.DelegatingSmartContextLoader', parent = [null]]].
2018-01-07T10:01:59,474  INFO Test worker transaction.TransactionContext:101 - Began transaction (1) for test context [DefaultTestContext@61aa2dd2 testClass = RequestTokenCodeGrantTest, testInstance = org.rootservices.authorization.oauth2.grant.redirect.code.authorization.token.RequestTokenCodeGrantTest@1b6eac23, testMethod = requesstWhenRedirectUriIsNotHttpsShouldThrowBadRequestException@RequestTokenCodeGrantTest, testException = [null], mergedContextConfiguration = [MergedContextConfiguration@663d8dde testClass = RequestTokenCodeGrantTest, locations = '{classpath:spring-auth-test.xml}', classes = '{}', contextInitializerClasses = '[]', activeProfiles = '{}', propertySourceLocations = '{}', propertySourceProperties = '{}', contextCustomizers = set[[empty]], contextLoader = 'org.springframework.test.context.support.DelegatingSmartContextLoader', parent = [null]]]; transaction manager [org.springframework.jdbc.datasource.DataSourceTransactionManager@2afd27a1]; rollback [true]
2018-01-07T10:02:00,134  INFO Test worker transaction.TransactionContext:136 - Rolled back transaction for test context [DefaultTestContext@61aa2dd2 testClass = RequestTokenCodeGrantTest, testInstance = org.rootservices.authorization.oauth2.grant.redirect.code.authorization.token.RequestTokenCodeGrantTest@1b6eac23, testMethod = requesstWhenRedirectUriIsNotHttpsShouldThrowBadRequestException@RequestTokenCodeGrantTest, testException = [null], mergedContextConfiguration = [MergedContextConfiguration@663d8dde testClass = RequestTokenCodeGrantTest, locations = '{classpath:spring-auth-test.xml}', classes = '{}', contextInitializerClasses = '[]', activeProfiles = '{}', propertySourceLocations = '{}', propertySourceProperties = '{}', contextCustomizers = set[[empty]], contextLoader = 'org.springframework.test.context.support.DelegatingSmartContextLoader', parent = [null]]].
2018-01-07T10:02:00,138  INFO Test worker transaction.TransactionContext:101 - Began transaction (1) for test context [DefaultTestContext@61aa2dd2 testClass = RequestTokenCodeGrantTest, testInstance = org.rootservices.authorization.oauth2.grant.redirect.code.authorization.token.RequestTokenCodeGrantTest@728482e5, testMethod = requestShouldBeOk@RequestTokenCodeGrantTest, testException = [null], mergedContextConfiguration = [MergedContextConfiguration@663d8dde testClass = RequestTokenCodeGrantTest, locations = '{classpath:spring-auth-test.xml}', classes = '{}', contextInitializerClasses = '[]', activeProfiles = '{}', propertySourceLocations = '{}', propertySourceProperties = '{}', contextCustomizers = set[[empty]], contextLoader = 'org.springframework.test.context.support.DelegatingSmartContextLoader', parent = [null]]]; transaction manager [org.springframework.jdbc.datasource.DataSourceTransactionManager@2afd27a1]; rollback [true]
2018-01-07T10:02:01,387  INFO Test worker transaction.TransactionContext:136 - Rolled back transaction for test context [DefaultTestContext@61aa2dd2 testClass = RequestTokenCodeGrantTest, testInstance = org.rootservices.authorization.oauth2.grant.redirect.code.authorization.token.RequestTokenCodeGrantTest@728482e5, testMethod = requestShouldBeOk@RequestTokenCodeGrantTest, testException = [null], mergedContextConfiguration = [MergedContextConfiguration@663d8dde testClass = RequestTokenCodeGrantTest, locations = '{classpath:spring-auth-test.xml}', classes = '{}', contextInitializerClasses = '[]', activeProfiles = '{}', propertySourceLocations = '{}', propertySourceProperties = '{}', contextCustomizers = set[[empty]], contextLoader = 'org.springframework.test.context.support.DelegatingSmartContextLoader', parent = [null]]].
2018-01-07T10:02:01,389  INFO Test worker transaction.TransactionContext:101 - Began transaction (1) for test context [DefaultTestContext@61aa2dd2 testClass = RequestTokenCodeGrantTest, testInstance = org.rootservices.authorization.oauth2.grant.redirect.code.authorization.token.RequestTokenCodeGrantTest@7f2fd742, testMethod = requestWhenMissingRedirectUriShouldThrowNotFoundException@RequestTokenCodeGrantTest, testException = [null], mergedContextConfiguration = [MergedContextConfiguration@663d8dde testClass = RequestTokenCodeGrantTest, locations = '{classpath:spring-auth-test.xml}', classes = '{}', contextInitializerClasses = '[]', activeProfiles = '{}', propertySourceLocations = '{}', propertySourceProperties = '{}', contextCustomizers = set[[empty]], contextLoader = 'org.springframework.test.context.support.DelegatingSmartContextLoader', parent = [null]]]; transaction manager [org.springframework.jdbc.datasource.DataSourceTransactionManager@2afd27a1]; rollback [true]
2018-01-07T10:02:02,208  INFO Test worker transaction.TransactionContext:136 - Rolled back transaction for test context [DefaultTestContext@61aa2dd2 testClass = RequestTokenCodeGrantTest, testInstance = org.rootservices.authorization.oauth2.grant.redirect.code.authorization.token.RequestTokenCodeGrantTest@7f2fd742, testMethod = requestWhenMissingRedirectUriShouldThrowNotFoundException@RequestTokenCodeGrantTest, testException = [null], mergedContextConfiguration = [MergedContextConfiguration@663d8dde testClass = RequestTokenCodeGrantTest, locations = '{classpath:spring-auth-test.xml}', classes = '{}', contextInitializerClasses = '[]', activeProfiles = '{}', propertySourceLocations = '{}', propertySourceProperties = '{}', contextCustomizers = set[[empty]], contextLoader = 'org.springframework.test.context.support.DelegatingSmartContextLoader', parent = [null]]].
2018-01-07T10:02:03,666  INFO Test worker xml.XmlBeanDefinitionReader:317 - Loading XML bean definitions from class path resource [org/springframework/jdbc/support/sql-error-codes.xml]
2018-01-07T10:02:03,723  INFO Test worker support.SQLErrorCodesFactory:126 - SQLErrorCodes loaded: [DB2, Derby, H2, HSQL, Informix, MS-SQL, MySQL, Oracle, PostgreSQL, Sybase, Hana]
]]></system-out>
  <system-err><![CDATA[]]></system-err>
</testsuite>
