<?xml version="1.0" encoding="UTF-8"?>
<testsuite name="integration.authorization.oauth2.grant.token.request.ValidateParams.validation.Scopes.ClientNotFoundTest" tests="3" skipped="0" failures="0" errors="0" timestamp="2018-01-07T16:01:44" hostname="Kristins-MBP" time="0.023">
  <properties/>
  <testcase name="scopeIsBlankStringShouldThrowInformResourceOwnerException" classname="integration.authorization.oauth2.grant.token.request.ValidateParams.validation.Scopes.ClientNotFoundTest" time="0.01"/>
  <testcase name="scopesHasTwoItemsShouldThrowInformResourceOwnerException" classname="integration.authorization.oauth2.grant.token.request.ValidateParams.validation.Scopes.ClientNotFoundTest" time="0.005"/>
  <testcase name="scopeIsInvalidShouldThrowInformResourceOwnerException" classname="integration.authorization.oauth2.grant.token.request.ValidateParams.validation.Scopes.ClientNotFoundTest" time="0.006"/>
  <system-out><![CDATA[2018-01-07T10:01:44,825  INFO Test worker support.DefaultTestContextBootstrapper:260 - Loaded default TestExecutionListener class names from location [META-INF/spring.factories]: [org.springframework.test.context.web.ServletTestExecutionListener, org.springframework.test.context.support.DirtiesContextBeforeModesTestExecutionListener, org.springframework.test.context.support.DependencyInjectionTestExecutionListener, org.springframework.test.context.support.DirtiesContextTestExecutionListener, org.springframework.test.context.transaction.TransactionalTestExecutionListener, org.springframework.test.context.jdbc.SqlScriptsTestExecutionListener]
2018-01-07T10:01:44,826  INFO Test worker support.DefaultTestContextBootstrapper:209 - Could not instantiate TestExecutionListener [org.springframework.test.context.web.ServletTestExecutionListener]. Specify custom listener classes or make the default listener classes (and their required dependencies) available. Offending class: [javax/servlet/ServletContext]
2018-01-07T10:01:44,827  INFO Test worker support.DefaultTestContextBootstrapper:187 - Using TestExecutionListeners: [org.springframework.test.context.support.DirtiesContextBeforeModesTestExecutionListener@2529a953, org.springframework.test.context.support.DependencyInjectionTestExecutionListener@3db79f54, org.springframework.test.context.support.DirtiesContextTestExecutionListener@41d61b6f, org.springframework.test.context.transaction.TransactionalTestExecutionListener@6b2596ff, org.springframework.test.context.jdbc.SqlScriptsTestExecutionListener@32ec9f9]
2018-01-07T10:01:44,837  INFO Test worker transaction.TransactionContext:101 - Began transaction (1) for test context [DefaultTestContext@41df4124 testClass = ClientNotFoundTest, testInstance = integration.authorization.oauth2.grant.token.request.ValidateParams.validation.Scopes.ClientNotFoundTest@5675f7eb, testMethod = scopeIsBlankStringShouldThrowInformResourceOwnerException@ClientNotFoundTest, testException = [null], mergedContextConfiguration = [MergedContextConfiguration@262bbf7 testClass = ClientNotFoundTest, locations = '{classpath:spring-auth-test.xml}', classes = '{}', contextInitializerClasses = '[]', activeProfiles = '{}', propertySourceLocations = '{}', propertySourceProperties = '{}', contextCustomizers = set[[empty]], contextLoader = 'org.springframework.test.context.support.DelegatingSmartContextLoader', parent = [null]]]; transaction manager [org.springframework.jdbc.datasource.DataSourceTransactionManager@2d976234]; rollback [true]
2018-01-07T10:01:44,841  INFO Test worker transaction.TransactionContext:136 - Rolled back transaction for test context [DefaultTestContext@41df4124 testClass = ClientNotFoundTest, testInstance = integration.authorization.oauth2.grant.token.request.ValidateParams.validation.Scopes.ClientNotFoundTest@5675f7eb, testMethod = scopeIsBlankStringShouldThrowInformResourceOwnerException@ClientNotFoundTest, testException = [null], mergedContextConfiguration = [MergedContextConfiguration@262bbf7 testClass = ClientNotFoundTest, locations = '{classpath:spring-auth-test.xml}', classes = '{}', contextInitializerClasses = '[]', activeProfiles = '{}', propertySourceLocations = '{}', propertySourceProperties = '{}', contextCustomizers = set[[empty]], contextLoader = 'org.springframework.test.context.support.DelegatingSmartContextLoader', parent = [null]]].
2018-01-07T10:01:44,843  INFO Test worker transaction.TransactionContext:101 - Began transaction (1) for test context [DefaultTestContext@41df4124 testClass = ClientNotFoundTest, testInstance = integration.authorization.oauth2.grant.token.request.ValidateParams.validation.Scopes.ClientNotFoundTest@3edfc7dd, testMethod = scopesHasTwoItemsShouldThrowInformResourceOwnerException@ClientNotFoundTest, testException = [null], mergedContextConfiguration = [MergedContextConfiguration@262bbf7 testClass = ClientNotFoundTest, locations = '{classpath:spring-auth-test.xml}', classes = '{}', contextInitializerClasses = '[]', activeProfiles = '{}', propertySourceLocations = '{}', propertySourceProperties = '{}', contextCustomizers = set[[empty]], contextLoader = 'org.springframework.test.context.support.DelegatingSmartContextLoader', parent = [null]]]; transaction manager [org.springframework.jdbc.datasource.DataSourceTransactionManager@2d976234]; rollback [true]
2018-01-07T10:01:44,847  INFO Test worker transaction.TransactionContext:136 - Rolled back transaction for test context [DefaultTestContext@41df4124 testClass = ClientNotFoundTest, testInstance = integration.authorization.oauth2.grant.token.request.ValidateParams.validation.Scopes.ClientNotFoundTest@3edfc7dd, testMethod = scopesHasTwoItemsShouldThrowInformResourceOwnerException@ClientNotFoundTest, testException = [null], mergedContextConfiguration = [MergedContextConfiguration@262bbf7 testClass = ClientNotFoundTest, locations = '{classpath:spring-auth-test.xml}', classes = '{}', contextInitializerClasses = '[]', activeProfiles = '{}', propertySourceLocations = '{}', propertySourceProperties = '{}', contextCustomizers = set[[empty]], contextLoader = 'org.springframework.test.context.support.DelegatingSmartContextLoader', parent = [null]]].
2018-01-07T10:01:44,850  INFO Test worker transaction.TransactionContext:101 - Began transaction (1) for test context [DefaultTestContext@41df4124 testClass = ClientNotFoundTest, testInstance = integration.authorization.oauth2.grant.token.request.ValidateParams.validation.Scopes.ClientNotFoundTest@7c8102b1, testMethod = scopeIsInvalidShouldThrowInformResourceOwnerException@ClientNotFoundTest, testException = [null], mergedContextConfiguration = [MergedContextConfiguration@262bbf7 testClass = ClientNotFoundTest, locations = '{classpath:spring-auth-test.xml}', classes = '{}', contextInitializerClasses = '[]', activeProfiles = '{}', propertySourceLocations = '{}', propertySourceProperties = '{}', contextCustomizers = set[[empty]], contextLoader = 'org.springframework.test.context.support.DelegatingSmartContextLoader', parent = [null]]]; transaction manager [org.springframework.jdbc.datasource.DataSourceTransactionManager@2d976234]; rollback [true]
2018-01-07T10:01:44,853  INFO Test worker transaction.TransactionContext:136 - Rolled back transaction for test context [DefaultTestContext@41df4124 testClass = ClientNotFoundTest, testInstance = integration.authorization.oauth2.grant.token.request.ValidateParams.validation.Scopes.ClientNotFoundTest@7c8102b1, testMethod = scopeIsInvalidShouldThrowInformResourceOwnerException@ClientNotFoundTest, testException = [null], mergedContextConfiguration = [MergedContextConfiguration@262bbf7 testClass = ClientNotFoundTest, locations = '{classpath:spring-auth-test.xml}', classes = '{}', contextInitializerClasses = '[]', activeProfiles = '{}', propertySourceLocations = '{}', propertySourceProperties = '{}', contextCustomizers = set[[empty]], contextLoader = 'org.springframework.test.context.support.DelegatingSmartContextLoader', parent = [null]]].
]]></system-out>
  <system-err><![CDATA[]]></system-err>
</testsuite>
