<?xml version="1.0" encoding="UTF-8"?>
<testsuite name="integration.authorization.oauth2.grant.code.request.ValidateParams.validation.State.ClientNotFoundTest" tests="2" skipped="0" failures="0" errors="0" timestamp="2018-01-07T16:01:45" hostname="Kristins-MBP" time="0.029">
  <properties/>
  <testcase name="stateIsBlankStringShouldThrowInformResourceOwnerException" classname="integration.authorization.oauth2.grant.code.request.ValidateParams.validation.State.ClientNotFoundTest" time="0.014"/>
  <testcase name="stateHasTwoItemsShouldThrowInformResourceOwnerException" classname="integration.authorization.oauth2.grant.code.request.ValidateParams.validation.State.ClientNotFoundTest" time="0.013"/>
  <system-out><![CDATA[2018-01-07T10:01:45,910  INFO Test worker support.DefaultTestContextBootstrapper:260 - Loaded default TestExecutionListener class names from location [META-INF/spring.factories]: [org.springframework.test.context.web.ServletTestExecutionListener, org.springframework.test.context.support.DirtiesContextBeforeModesTestExecutionListener, org.springframework.test.context.support.DependencyInjectionTestExecutionListener, org.springframework.test.context.support.DirtiesContextTestExecutionListener, org.springframework.test.context.transaction.TransactionalTestExecutionListener, org.springframework.test.context.jdbc.SqlScriptsTestExecutionListener]
2018-01-07T10:01:45,912  INFO Test worker support.DefaultTestContextBootstrapper:209 - Could not instantiate TestExecutionListener [org.springframework.test.context.web.ServletTestExecutionListener]. Specify custom listener classes or make the default listener classes (and their required dependencies) available. Offending class: [javax/servlet/ServletContext]
2018-01-07T10:01:45,914  INFO Test worker support.DefaultTestContextBootstrapper:187 - Using TestExecutionListeners: [org.springframework.test.context.support.DirtiesContextBeforeModesTestExecutionListener@20cb4384, org.springframework.test.context.support.DependencyInjectionTestExecutionListener@12df8e87, org.springframework.test.context.support.DirtiesContextTestExecutionListener@57aec2c4, org.springframework.test.context.transaction.TransactionalTestExecutionListener@4cabde81, org.springframework.test.context.jdbc.SqlScriptsTestExecutionListener@360663f3]
2018-01-07T10:01:45,921  INFO Test worker transaction.TransactionContext:101 - Began transaction (1) for test context [DefaultTestContext@6e8b402a testClass = ClientNotFoundTest, testInstance = integration.authorization.oauth2.grant.code.request.ValidateParams.validation.State.ClientNotFoundTest@2dcb3691, testMethod = stateIsBlankStringShouldThrowInformResourceOwnerException@ClientNotFoundTest, testException = [null], mergedContextConfiguration = [MergedContextConfiguration@58c37802 testClass = ClientNotFoundTest, locations = '{classpath:spring-auth-test.xml}', classes = '{}', contextInitializerClasses = '[]', activeProfiles = '{}', propertySourceLocations = '{}', propertySourceProperties = '{}', contextCustomizers = set[[empty]], contextLoader = 'org.springframework.test.context.support.DelegatingSmartContextLoader', parent = [null]]]; transaction manager [org.springframework.jdbc.datasource.DataSourceTransactionManager@2afd27a1]; rollback [true]
2018-01-07T10:01:45,932  INFO Test worker transaction.TransactionContext:136 - Rolled back transaction for test context [DefaultTestContext@6e8b402a testClass = ClientNotFoundTest, testInstance = integration.authorization.oauth2.grant.code.request.ValidateParams.validation.State.ClientNotFoundTest@2dcb3691, testMethod = stateIsBlankStringShouldThrowInformResourceOwnerException@ClientNotFoundTest, testException = [null], mergedContextConfiguration = [MergedContextConfiguration@58c37802 testClass = ClientNotFoundTest, locations = '{classpath:spring-auth-test.xml}', classes = '{}', contextInitializerClasses = '[]', activeProfiles = '{}', propertySourceLocations = '{}', propertySourceProperties = '{}', contextCustomizers = set[[empty]], contextLoader = 'org.springframework.test.context.support.DelegatingSmartContextLoader', parent = [null]]].
2018-01-07T10:01:45,937  INFO Test worker transaction.TransactionContext:101 - Began transaction (1) for test context [DefaultTestContext@6e8b402a testClass = ClientNotFoundTest, testInstance = integration.authorization.oauth2.grant.code.request.ValidateParams.validation.State.ClientNotFoundTest@534b3b1c, testMethod = stateHasTwoItemsShouldThrowInformResourceOwnerException@ClientNotFoundTest, testException = [null], mergedContextConfiguration = [MergedContextConfiguration@58c37802 testClass = ClientNotFoundTest, locations = '{classpath:spring-auth-test.xml}', classes = '{}', contextInitializerClasses = '[]', activeProfiles = '{}', propertySourceLocations = '{}', propertySourceProperties = '{}', contextCustomizers = set[[empty]], contextLoader = 'org.springframework.test.context.support.DelegatingSmartContextLoader', parent = [null]]]; transaction manager [org.springframework.jdbc.datasource.DataSourceTransactionManager@2afd27a1]; rollback [true]
2018-01-07T10:01:45,943  INFO Test worker transaction.TransactionContext:136 - Rolled back transaction for test context [DefaultTestContext@6e8b402a testClass = ClientNotFoundTest, testInstance = integration.authorization.oauth2.grant.code.request.ValidateParams.validation.State.ClientNotFoundTest@534b3b1c, testMethod = stateHasTwoItemsShouldThrowInformResourceOwnerException@ClientNotFoundTest, testException = [null], mergedContextConfiguration = [MergedContextConfiguration@58c37802 testClass = ClientNotFoundTest, locations = '{classpath:spring-auth-test.xml}', classes = '{}', contextInitializerClasses = '[]', activeProfiles = '{}', propertySourceLocations = '{}', propertySourceProperties = '{}', contextCustomizers = set[[empty]], contextLoader = 'org.springframework.test.context.support.DelegatingSmartContextLoader', parent = [null]]].
]]></system-out>
  <system-err><![CDATA[]]></system-err>
</testsuite>
