<?xml version="1.0" encoding="UTF-8"?>
<testsuite name="org.rootservices.authorization.persistence.mapper.ProfileMapperTest" tests="3" skipped="0" failures="0" errors="0" timestamp="2018-01-07T16:02:02" hostname="Kristins-MBP" time="0.466">
  <properties/>
  <testcase name="getByIdShouldGetProfile" classname="org.rootservices.authorization.persistence.mapper.ProfileMapperTest" time="0.153"/>
  <testcase name="insertShouldInsertProfile" classname="org.rootservices.authorization.persistence.mapper.ProfileMapperTest" time="0.147"/>
  <testcase name="getByResourceOwnerIdShouldGetProfile" classname="org.rootservices.authorization.persistence.mapper.ProfileMapperTest" time="0.165"/>
  <system-out><![CDATA[2018-01-07T10:02:02,791  INFO Test worker support.DefaultTestContextBootstrapper:260 - Loaded default TestExecutionListener class names from location [META-INF/spring.factories]: [org.springframework.test.context.web.ServletTestExecutionListener, org.springframework.test.context.support.DirtiesContextBeforeModesTestExecutionListener, org.springframework.test.context.support.DependencyInjectionTestExecutionListener, org.springframework.test.context.support.DirtiesContextTestExecutionListener, org.springframework.test.context.transaction.TransactionalTestExecutionListener, org.springframework.test.context.jdbc.SqlScriptsTestExecutionListener]
2018-01-07T10:02:02,793  INFO Test worker support.DefaultTestContextBootstrapper:209 - Could not instantiate TestExecutionListener [org.springframework.test.context.web.ServletTestExecutionListener]. Specify custom listener classes or make the default listener classes (and their required dependencies) available. Offending class: [javax/servlet/ServletContext]
2018-01-07T10:02:02,794  INFO Test worker support.DefaultTestContextBootstrapper:187 - Using TestExecutionListeners: [org.springframework.test.context.support.DirtiesContextBeforeModesTestExecutionListener@272ef97c, org.springframework.test.context.support.DependencyInjectionTestExecutionListener@4062e239, org.springframework.test.context.support.DirtiesContextTestExecutionListener@1f59efed, org.springframework.test.context.transaction.TransactionalTestExecutionListener@6f276270, org.springframework.test.context.jdbc.SqlScriptsTestExecutionListener@3f1283f1]
2018-01-07T10:02:02,799  INFO Test worker transaction.TransactionContext:101 - Began transaction (1) for test context [DefaultTestContext@4bb8cad0 testClass = ProfileMapperTest, testInstance = org.rootservices.authorization.persistence.mapper.ProfileMapperTest@3910f244, testMethod = getByIdShouldGetProfile@ProfileMapperTest, testException = [null], mergedContextConfiguration = [MergedContextConfiguration@6836dd00 testClass = ProfileMapperTest, locations = '{classpath:spring-auth-test.xml}', classes = '{}', contextInitializerClasses = '[]', activeProfiles = '{}', propertySourceLocations = '{}', propertySourceProperties = '{}', contextCustomizers = set[[empty]], contextLoader = 'org.springframework.test.context.support.DelegatingSmartContextLoader', parent = [null]]]; transaction manager [org.springframework.jdbc.datasource.DataSourceTransactionManager@7c498c62]; rollback [true]
2018-01-07T10:02:02,950  INFO Test worker transaction.TransactionContext:136 - Rolled back transaction for test context [DefaultTestContext@4bb8cad0 testClass = ProfileMapperTest, testInstance = org.rootservices.authorization.persistence.mapper.ProfileMapperTest@3910f244, testMethod = getByIdShouldGetProfile@ProfileMapperTest, testException = [null], mergedContextConfiguration = [MergedContextConfiguration@6836dd00 testClass = ProfileMapperTest, locations = '{classpath:spring-auth-test.xml}', classes = '{}', contextInitializerClasses = '[]', activeProfiles = '{}', propertySourceLocations = '{}', propertySourceProperties = '{}', contextCustomizers = set[[empty]], contextLoader = 'org.springframework.test.context.support.DelegatingSmartContextLoader', parent = [null]]].
2018-01-07T10:02:02,952  INFO Test worker transaction.TransactionContext:101 - Began transaction (1) for test context [DefaultTestContext@4bb8cad0 testClass = ProfileMapperTest, testInstance = org.rootservices.authorization.persistence.mapper.ProfileMapperTest@13fcad, testMethod = insertShouldInsertProfile@ProfileMapperTest, testException = [null], mergedContextConfiguration = [MergedContextConfiguration@6836dd00 testClass = ProfileMapperTest, locations = '{classpath:spring-auth-test.xml}', classes = '{}', contextInitializerClasses = '[]', activeProfiles = '{}', propertySourceLocations = '{}', propertySourceProperties = '{}', contextCustomizers = set[[empty]], contextLoader = 'org.springframework.test.context.support.DelegatingSmartContextLoader', parent = [null]]]; transaction manager [org.springframework.jdbc.datasource.DataSourceTransactionManager@7c498c62]; rollback [true]
2018-01-07T10:02:03,097  INFO Test worker transaction.TransactionContext:136 - Rolled back transaction for test context [DefaultTestContext@4bb8cad0 testClass = ProfileMapperTest, testInstance = org.rootservices.authorization.persistence.mapper.ProfileMapperTest@13fcad, testMethod = insertShouldInsertProfile@ProfileMapperTest, testException = [null], mergedContextConfiguration = [MergedContextConfiguration@6836dd00 testClass = ProfileMapperTest, locations = '{classpath:spring-auth-test.xml}', classes = '{}', contextInitializerClasses = '[]', activeProfiles = '{}', propertySourceLocations = '{}', propertySourceProperties = '{}', contextCustomizers = set[[empty]], contextLoader = 'org.springframework.test.context.support.DelegatingSmartContextLoader', parent = [null]]].
2018-01-07T10:02:03,100  INFO Test worker transaction.TransactionContext:101 - Began transaction (1) for test context [DefaultTestContext@4bb8cad0 testClass = ProfileMapperTest, testInstance = org.rootservices.authorization.persistence.mapper.ProfileMapperTest@33cc091d, testMethod = getByResourceOwnerIdShouldGetProfile@ProfileMapperTest, testException = [null], mergedContextConfiguration = [MergedContextConfiguration@6836dd00 testClass = ProfileMapperTest, locations = '{classpath:spring-auth-test.xml}', classes = '{}', contextInitializerClasses = '[]', activeProfiles = '{}', propertySourceLocations = '{}', propertySourceProperties = '{}', contextCustomizers = set[[empty]], contextLoader = 'org.springframework.test.context.support.DelegatingSmartContextLoader', parent = [null]]]; transaction manager [org.springframework.jdbc.datasource.DataSourceTransactionManager@7c498c62]; rollback [true]
2018-01-07T10:02:03,263  INFO Test worker transaction.TransactionContext:136 - Rolled back transaction for test context [DefaultTestContext@4bb8cad0 testClass = ProfileMapperTest, testInstance = org.rootservices.authorization.persistence.mapper.ProfileMapperTest@33cc091d, testMethod = getByResourceOwnerIdShouldGetProfile@ProfileMapperTest, testException = [null], mergedContextConfiguration = [MergedContextConfiguration@6836dd00 testClass = ProfileMapperTest, locations = '{classpath:spring-auth-test.xml}', classes = '{}', contextInitializerClasses = '[]', activeProfiles = '{}', propertySourceLocations = '{}', propertySourceProperties = '{}', contextCustomizers = set[[empty]], contextLoader = 'org.springframework.test.context.support.DelegatingSmartContextLoader', parent = [null]]].
]]></system-out>
  <system-err><![CDATA[]]></system-err>
</testsuite>
