<?xml version="1.0" encoding="UTF-8"?>
<testsuite name="org.rootservices.authorization.openId.grant.redirect.implicit.authorization.request.context.GetOpenIdPublicClientRedirectUriTest" tests="3" skipped="0" failures="0" errors="0" timestamp="2018-01-07T16:02:07" hostname="Kristins-MBP" time="0.004">
  <properties/>
  <testcase name="clientNotFoundShouldThrowInformResourceOwnerException" classname="org.rootservices.authorization.openId.grant.redirect.implicit.authorization.request.context.GetOpenIdPublicClientRedirectUriTest" time="0.002"/>
  <testcase name="clientFoundRedirectMatchesShouldBeOK" classname="org.rootservices.authorization.openId.grant.redirect.implicit.authorization.request.context.GetOpenIdPublicClientRedirectUriTest" time="0.001"/>
  <testcase name="redirectUriMismatchShouldThrowInformResourceOwnerException" classname="org.rootservices.authorization.openId.grant.redirect.implicit.authorization.request.context.GetOpenIdPublicClientRedirectUriTest" time="0.001"/>
  <system-out><![CDATA[]]></system-out>
  <system-err><![CDATA[]]></system-err>
</testsuite>
