<?xml version="1.0" encoding="UTF-8"?>
<testsuite name="integration.authorization.openid.grant.token.request.ValidateOpenIdParams.validation.ResponseType.ClientFoundTest" tests="6" skipped="0" failures="0" errors="0" timestamp="2018-01-07T16:01:49" hostname="Kristins-MBP" time="0.193">
  <properties/>
  <testcase name="responseTypesDontMatchShouldThrowInformClientException" classname="integration.authorization.openid.grant.token.request.ValidateOpenIdParams.validation.ResponseType.ClientFoundTest" time="0.012"/>
  <testcase name="responseTypeIsBlankStringShouldThrowInformClientException" classname="integration.authorization.openid.grant.token.request.ValidateOpenIdParams.validation.ResponseType.ClientFoundTest" time="0.07"/>
  <testcase name="responseTypeHasTwoItemsShouldThrowInformClientException" classname="integration.authorization.openid.grant.token.request.ValidateOpenIdParams.validation.ResponseType.ClientFoundTest" time="0.042"/>
  <testcase name="responseTypeIsInvalidShouldThrowInformClientException" classname="integration.authorization.openid.grant.token.request.ValidateOpenIdParams.validation.ResponseType.ClientFoundTest" time="0.017"/>
  <testcase name="responseTypeIsNullShouldThrowInformClientException" classname="integration.authorization.openid.grant.token.request.ValidateOpenIdParams.validation.ResponseType.ClientFoundTest" time="0.037"/>
  <testcase name="responseTypeIsEmptyListShouldThrowInformClientException" classname="integration.authorization.openid.grant.token.request.ValidateOpenIdParams.validation.ResponseType.ClientFoundTest" time="0.012"/>
  <system-out><![CDATA[2018-01-07T10:01:49,479  INFO Test worker support.DefaultTestContextBootstrapper:260 - Loaded default TestExecutionListener class names from location [META-INF/spring.factories]: [org.springframework.test.context.web.ServletTestExecutionListener, org.springframework.test.context.support.DirtiesContextBeforeModesTestExecutionListener, org.springframework.test.context.support.DependencyInjectionTestExecutionListener, org.springframework.test.context.support.DirtiesContextTestExecutionListener, org.springframework.test.context.transaction.TransactionalTestExecutionListener, org.springframework.test.context.jdbc.SqlScriptsTestExecutionListener]
2018-01-07T10:01:49,480  INFO Test worker support.DefaultTestContextBootstrapper:209 - Could not instantiate TestExecutionListener [org.springframework.test.context.web.ServletTestExecutionListener]. Specify custom listener classes or make the default listener classes (and their required dependencies) available. Offending class: [javax/servlet/ServletContext]
2018-01-07T10:01:49,481  INFO Test worker support.DefaultTestContextBootstrapper:187 - Using TestExecutionListeners: [org.springframework.test.context.support.DirtiesContextBeforeModesTestExecutionListener@1f7fa5bc, org.springframework.test.context.support.DependencyInjectionTestExecutionListener@4471f32a, org.springframework.test.context.support.DirtiesContextTestExecutionListener@4246c306, org.springframework.test.context.transaction.TransactionalTestExecutionListener@1f339962, org.springframework.test.context.jdbc.SqlScriptsTestExecutionListener@7d838d7d]
2018-01-07T10:01:49,487  INFO Test worker transaction.TransactionContext:101 - Began transaction (1) for test context [DefaultTestContext@20f88ee9 testClass = ClientFoundTest, testInstance = integration.authorization.openid.grant.token.request.ValidateOpenIdParams.validation.ResponseType.ClientFoundTest@10a2994b, testMethod = responseTypesDontMatchShouldThrowInformClientException@ClientFoundTest, testException = [null], mergedContextConfiguration = [MergedContextConfiguration@3620d944 testClass = ClientFoundTest, locations = '{classpath:spring-auth-test.xml}', classes = '{}', contextInitializerClasses = '[]', activeProfiles = '{}', propertySourceLocations = '{}', propertySourceProperties = '{}', contextCustomizers = set[[empty]], contextLoader = 'org.springframework.test.context.support.DelegatingSmartContextLoader', parent = [null]]]; transaction manager [org.springframework.jdbc.datasource.DataSourceTransactionManager@2afd27a1]; rollback [true]
2018-01-07T10:01:49,497  INFO Test worker transaction.TransactionContext:136 - Rolled back transaction for test context [DefaultTestContext@20f88ee9 testClass = ClientFoundTest, testInstance = integration.authorization.openid.grant.token.request.ValidateOpenIdParams.validation.ResponseType.ClientFoundTest@10a2994b, testMethod = responseTypesDontMatchShouldThrowInformClientException@ClientFoundTest, testException = [null], mergedContextConfiguration = [MergedContextConfiguration@3620d944 testClass = ClientFoundTest, locations = '{classpath:spring-auth-test.xml}', classes = '{}', contextInitializerClasses = '[]', activeProfiles = '{}', propertySourceLocations = '{}', propertySourceProperties = '{}', contextCustomizers = set[[empty]], contextLoader = 'org.springframework.test.context.support.DelegatingSmartContextLoader', parent = [null]]].
2018-01-07T10:01:49,500  INFO Test worker transaction.TransactionContext:101 - Began transaction (1) for test context [DefaultTestContext@20f88ee9 testClass = ClientFoundTest, testInstance = integration.authorization.openid.grant.token.request.ValidateOpenIdParams.validation.ResponseType.ClientFoundTest@484c8469, testMethod = responseTypeIsBlankStringShouldThrowInformClientException@ClientFoundTest, testException = [null], mergedContextConfiguration = [MergedContextConfiguration@3620d944 testClass = ClientFoundTest, locations = '{classpath:spring-auth-test.xml}', classes = '{}', contextInitializerClasses = '[]', activeProfiles = '{}', propertySourceLocations = '{}', propertySourceProperties = '{}', contextCustomizers = set[[empty]], contextLoader = 'org.springframework.test.context.support.DelegatingSmartContextLoader', parent = [null]]]; transaction manager [org.springframework.jdbc.datasource.DataSourceTransactionManager@2afd27a1]; rollback [true]
2018-01-07T10:01:49,567  INFO Test worker transaction.TransactionContext:136 - Rolled back transaction for test context [DefaultTestContext@20f88ee9 testClass = ClientFoundTest, testInstance = integration.authorization.openid.grant.token.request.ValidateOpenIdParams.validation.ResponseType.ClientFoundTest@484c8469, testMethod = responseTypeIsBlankStringShouldThrowInformClientException@ClientFoundTest, testException = [null], mergedContextConfiguration = [MergedContextConfiguration@3620d944 testClass = ClientFoundTest, locations = '{classpath:spring-auth-test.xml}', classes = '{}', contextInitializerClasses = '[]', activeProfiles = '{}', propertySourceLocations = '{}', propertySourceProperties = '{}', contextCustomizers = set[[empty]], contextLoader = 'org.springframework.test.context.support.DelegatingSmartContextLoader', parent = [null]]].
2018-01-07T10:01:49,572  INFO Test worker transaction.TransactionContext:101 - Began transaction (1) for test context [DefaultTestContext@20f88ee9 testClass = ClientFoundTest, testInstance = integration.authorization.openid.grant.token.request.ValidateOpenIdParams.validation.ResponseType.ClientFoundTest@28cb7841, testMethod = responseTypeHasTwoItemsShouldThrowInformClientException@ClientFoundTest, testException = [null], mergedContextConfiguration = [MergedContextConfiguration@3620d944 testClass = ClientFoundTest, locations = '{classpath:spring-auth-test.xml}', classes = '{}', contextInitializerClasses = '[]', activeProfiles = '{}', propertySourceLocations = '{}', propertySourceProperties = '{}', contextCustomizers = set[[empty]], contextLoader = 'org.springframework.test.context.support.DelegatingSmartContextLoader', parent = [null]]]; transaction manager [org.springframework.jdbc.datasource.DataSourceTransactionManager@2afd27a1]; rollback [true]
2018-01-07T10:01:49,598  INFO Test worker transaction.TransactionContext:136 - Rolled back transaction for test context [DefaultTestContext@20f88ee9 testClass = ClientFoundTest, testInstance = integration.authorization.openid.grant.token.request.ValidateOpenIdParams.validation.ResponseType.ClientFoundTest@28cb7841, testMethod = responseTypeHasTwoItemsShouldThrowInformClientException@ClientFoundTest, testException = [null], mergedContextConfiguration = [MergedContextConfiguration@3620d944 testClass = ClientFoundTest, locations = '{classpath:spring-auth-test.xml}', classes = '{}', contextInitializerClasses = '[]', activeProfiles = '{}', propertySourceLocations = '{}', propertySourceProperties = '{}', contextCustomizers = set[[empty]], contextLoader = 'org.springframework.test.context.support.DelegatingSmartContextLoader', parent = [null]]].
2018-01-07T10:01:49,614  INFO Test worker transaction.TransactionContext:101 - Began transaction (1) for test context [DefaultTestContext@20f88ee9 testClass = ClientFoundTest, testInstance = integration.authorization.openid.grant.token.request.ValidateOpenIdParams.validation.ResponseType.ClientFoundTest@5332f43b, testMethod = responseTypeIsInvalidShouldThrowInformClientException@ClientFoundTest, testException = [null], mergedContextConfiguration = [MergedContextConfiguration@3620d944 testClass = ClientFoundTest, locations = '{classpath:spring-auth-test.xml}', classes = '{}', contextInitializerClasses = '[]', activeProfiles = '{}', propertySourceLocations = '{}', propertySourceProperties = '{}', contextCustomizers = set[[empty]], contextLoader = 'org.springframework.test.context.support.DelegatingSmartContextLoader', parent = [null]]]; transaction manager [org.springframework.jdbc.datasource.DataSourceTransactionManager@2afd27a1]; rollback [true]
2018-01-07T10:01:49,628  INFO Test worker transaction.TransactionContext:136 - Rolled back transaction for test context [DefaultTestContext@20f88ee9 testClass = ClientFoundTest, testInstance = integration.authorization.openid.grant.token.request.ValidateOpenIdParams.validation.ResponseType.ClientFoundTest@5332f43b, testMethod = responseTypeIsInvalidShouldThrowInformClientException@ClientFoundTest, testException = [null], mergedContextConfiguration = [MergedContextConfiguration@3620d944 testClass = ClientFoundTest, locations = '{classpath:spring-auth-test.xml}', classes = '{}', contextInitializerClasses = '[]', activeProfiles = '{}', propertySourceLocations = '{}', propertySourceProperties = '{}', contextCustomizers = set[[empty]], contextLoader = 'org.springframework.test.context.support.DelegatingSmartContextLoader', parent = [null]]].
2018-01-07T10:01:49,630  INFO Test worker transaction.TransactionContext:101 - Began transaction (1) for test context [DefaultTestContext@20f88ee9 testClass = ClientFoundTest, testInstance = integration.authorization.openid.grant.token.request.ValidateOpenIdParams.validation.ResponseType.ClientFoundTest@325fa6bb, testMethod = responseTypeIsNullShouldThrowInformClientException@ClientFoundTest, testException = [null], mergedContextConfiguration = [MergedContextConfiguration@3620d944 testClass = ClientFoundTest, locations = '{classpath:spring-auth-test.xml}', classes = '{}', contextInitializerClasses = '[]', activeProfiles = '{}', propertySourceLocations = '{}', propertySourceProperties = '{}', contextCustomizers = set[[empty]], contextLoader = 'org.springframework.test.context.support.DelegatingSmartContextLoader', parent = [null]]]; transaction manager [org.springframework.jdbc.datasource.DataSourceTransactionManager@2afd27a1]; rollback [true]
2018-01-07T10:01:49,665  INFO Test worker transaction.TransactionContext:136 - Rolled back transaction for test context [DefaultTestContext@20f88ee9 testClass = ClientFoundTest, testInstance = integration.authorization.openid.grant.token.request.ValidateOpenIdParams.validation.ResponseType.ClientFoundTest@325fa6bb, testMethod = responseTypeIsNullShouldThrowInformClientException@ClientFoundTest, testException = [null], mergedContextConfiguration = [MergedContextConfiguration@3620d944 testClass = ClientFoundTest, locations = '{classpath:spring-auth-test.xml}', classes = '{}', contextInitializerClasses = '[]', activeProfiles = '{}', propertySourceLocations = '{}', propertySourceProperties = '{}', contextCustomizers = set[[empty]], contextLoader = 'org.springframework.test.context.support.DelegatingSmartContextLoader', parent = [null]]].
2018-01-07T10:01:49,668  INFO Test worker transaction.TransactionContext:101 - Began transaction (1) for test context [DefaultTestContext@20f88ee9 testClass = ClientFoundTest, testInstance = integration.authorization.openid.grant.token.request.ValidateOpenIdParams.validation.ResponseType.ClientFoundTest@34f6d2c, testMethod = responseTypeIsEmptyListShouldThrowInformClientException@ClientFoundTest, testException = [null], mergedContextConfiguration = [MergedContextConfiguration@3620d944 testClass = ClientFoundTest, locations = '{classpath:spring-auth-test.xml}', classes = '{}', contextInitializerClasses = '[]', activeProfiles = '{}', propertySourceLocations = '{}', propertySourceProperties = '{}', contextCustomizers = set[[empty]], contextLoader = 'org.springframework.test.context.support.DelegatingSmartContextLoader', parent = [null]]]; transaction manager [org.springframework.jdbc.datasource.DataSourceTransactionManager@2afd27a1]; rollback [true]
2018-01-07T10:01:49,678  INFO Test worker transaction.TransactionContext:136 - Rolled back transaction for test context [DefaultTestContext@20f88ee9 testClass = ClientFoundTest, testInstance = integration.authorization.openid.grant.token.request.ValidateOpenIdParams.validation.ResponseType.ClientFoundTest@34f6d2c, testMethod = responseTypeIsEmptyListShouldThrowInformClientException@ClientFoundTest, testException = [null], mergedContextConfiguration = [MergedContextConfiguration@3620d944 testClass = ClientFoundTest, locations = '{classpath:spring-auth-test.xml}', classes = '{}', contextInitializerClasses = '[]', activeProfiles = '{}', propertySourceLocations = '{}', propertySourceProperties = '{}', contextCustomizers = set[[empty]], contextLoader = 'org.springframework.test.context.support.DelegatingSmartContextLoader', parent = [null]]].
]]></system-out>
  <system-err><![CDATA[]]></system-err>
</testsuite>
