<?xml version="1.0" encoding="UTF-8"?>
<testsuite name="org.rootservices.authorization.oauth2.grant.token.RequestTokenGrantFactoryTest" tests="4" skipped="0" failures="0" errors="0" timestamp="2018-01-07T16:01:58" hostname="Kristins-MBP" time="0.153">
  <properties/>
  <testcase name="makeShouldBeRefresh" classname="org.rootservices.authorization.oauth2.grant.token.RequestTokenGrantFactoryTest" time="0.15"/>
  <testcase name="makeShouldBeCode" classname="org.rootservices.authorization.oauth2.grant.token.RequestTokenGrantFactoryTest" time="0.001"/>
  <testcase name="makeWontThrowNPE" classname="org.rootservices.authorization.oauth2.grant.token.RequestTokenGrantFactoryTest" time="0.001"/>
  <testcase name="makeShouldBePassword" classname="org.rootservices.authorization.oauth2.grant.token.RequestTokenGrantFactoryTest" time="0.001"/>
  <system-out><![CDATA[]]></system-out>
  <system-err><![CDATA[]]></system-err>
</testsuite>
