<?xml version="1.0" encoding="UTF-8"?>
<testsuite name="org.rootservices.authorization.security.RSAPrivateKeyFactoryTest" tests="2" skipped="0" failures="0" errors="0" timestamp="2018-01-07T16:02:07" hostname="Kristins-MBP" time="0.33">
  <properties/>
  <testcase name="testMakeRSAPrivateCrtKey" classname="org.rootservices.authorization.security.RSAPrivateKeyFactoryTest" time="0.222"/>
  <testcase name="testMakePrivateKey" classname="org.rootservices.authorization.security.RSAPrivateKeyFactoryTest" time="0.106"/>
  <system-out><![CDATA[2018-01-07T10:02:07,793  INFO Test worker support.DefaultTestContextBootstrapper:260 - Loaded default TestExecutionListener class names from location [META-INF/spring.factories]: [org.springframework.test.context.web.ServletTestExecutionListener, org.springframework.test.context.support.DirtiesContextBeforeModesTestExecutionListener, org.springframework.test.context.support.DependencyInjectionTestExecutionListener, org.springframework.test.context.support.DirtiesContextTestExecutionListener, org.springframework.test.context.transaction.TransactionalTestExecutionListener, org.springframework.test.context.jdbc.SqlScriptsTestExecutionListener]
2018-01-07T10:02:07,794  INFO Test worker support.DefaultTestContextBootstrapper:209 - Could not instantiate TestExecutionListener [org.springframework.test.context.web.ServletTestExecutionListener]. Specify custom listener classes or make the default listener classes (and their required dependencies) available. Offending class: [javax/servlet/ServletContext]
2018-01-07T10:02:07,794  INFO Test worker support.DefaultTestContextBootstrapper:187 - Using TestExecutionListeners: [org.springframework.test.context.support.DirtiesContextBeforeModesTestExecutionListener@137f0fb8, org.springframework.test.context.support.DependencyInjectionTestExecutionListener@eb02eb, org.springframework.test.context.support.DirtiesContextTestExecutionListener@130dccaa, org.springframework.test.context.transaction.TransactionalTestExecutionListener@40e22d02, org.springframework.test.context.jdbc.SqlScriptsTestExecutionListener@2b8be869]
]]></system-out>
  <system-err><![CDATA[]]></system-err>
</testsuite>
