<?xml version="1.0" encoding="UTF-8"?>
<testsuite name="org.rootservices.authorization.oauth2.grant.redirect.implicit.authorization.response.IssueTokenImplicitGrantTest" tests="1" skipped="0" failures="0" errors="0" timestamp="2018-01-07T16:02:03" hostname="Kristins-MBP" time="0.56">
  <properties/>
  <testcase name="grantShouldReturnToken" classname="org.rootservices.authorization.oauth2.grant.redirect.implicit.authorization.response.IssueTokenImplicitGrantTest" time="0.56"/>
  <system-out><![CDATA[]]></system-out>
  <system-err><![CDATA[]]></system-err>
</testsuite>
