<?xml version="1.0" encoding="UTF-8"?>
<testsuite name="org.rootservices.authorization.persistence.repository.ResponseTypeRepositoryImplTest" tests="2" skipped="0" failures="0" errors="0" timestamp="2018-01-07T16:02:08" hostname="Kristins-MBP" time="0.028">
  <properties/>
  <testcase name="getByNameShouldBeOk" classname="org.rootservices.authorization.persistence.repository.ResponseTypeRepositoryImplTest" time="0.022"/>
  <testcase name="getByNameShouldThrowRecordNotFound" classname="org.rootservices.authorization.persistence.repository.ResponseTypeRepositoryImplTest" time="0.001"/>
  <system-out><![CDATA[]]></system-out>
  <system-err><![CDATA[]]></system-err>
</testsuite>
