<?xml version="1.0" encoding="UTF-8"?>
<testsuite name="integration.authorization.oauth2.grant.token.request.ValidateParams.validation.ClientIdTest" tests="5" skipped="0" failures="0" errors="0" timestamp="2018-01-07T16:01:42" hostname="Kristins-MBP" time="0.025">
  <properties/>
  <testcase name="clientIdIsInvalidShouldThrowInformResourceOwnerException" classname="integration.authorization.oauth2.grant.token.request.ValidateParams.validation.ClientIdTest" time="0.004"/>
  <testcase name="clientIdsHasTwoItemsShouldThrowInformResourceOwnerException" classname="integration.authorization.oauth2.grant.token.request.ValidateParams.validation.ClientIdTest" time="0.004"/>
  <testcase name="clientIdIsNullShouldThrowInformResourceOwnerException" classname="integration.authorization.oauth2.grant.token.request.ValidateParams.validation.ClientIdTest" time="0.002"/>
  <testcase name="clientIdIsEmptyListShouldThrowInformResourceOwnerException" classname="integration.authorization.oauth2.grant.token.request.ValidateParams.validation.ClientIdTest" time="0.007"/>
  <testcase name="clientIdIsBlankStringShouldThrowInformResourceOwnerException" classname="integration.authorization.oauth2.grant.token.request.ValidateParams.validation.ClientIdTest" time="0.004"/>
  <system-out><![CDATA[2018-01-07T10:01:42,750  INFO Test worker support.DefaultTestContextBootstrapper:260 - Loaded default TestExecutionListener class names from location [META-INF/spring.factories]: [org.springframework.test.context.web.ServletTestExecutionListener, org.springframework.test.context.support.DirtiesContextBeforeModesTestExecutionListener, org.springframework.test.context.support.DependencyInjectionTestExecutionListener, org.springframework.test.context.support.DirtiesContextTestExecutionListener, org.springframework.test.context.transaction.TransactionalTestExecutionListener, org.springframework.test.context.jdbc.SqlScriptsTestExecutionListener]
2018-01-07T10:01:42,751  INFO Test worker support.DefaultTestContextBootstrapper:209 - Could not instantiate TestExecutionListener [org.springframework.test.context.web.ServletTestExecutionListener]. Specify custom listener classes or make the default listener classes (and their required dependencies) available. Offending class: [javax/servlet/ServletContext]
2018-01-07T10:01:42,752  INFO Test worker support.DefaultTestContextBootstrapper:187 - Using TestExecutionListeners: [org.springframework.test.context.support.DirtiesContextBeforeModesTestExecutionListener@46359c20, org.springframework.test.context.support.DependencyInjectionTestExecutionListener@6203be6c, org.springframework.test.context.support.DirtiesContextTestExecutionListener@e964e5f, org.springframework.test.context.transaction.TransactionalTestExecutionListener@1ca7165d, org.springframework.test.context.jdbc.SqlScriptsTestExecutionListener@76995d75]
2018-01-07T10:01:42,764  INFO Test worker transaction.TransactionContext:101 - Began transaction (1) for test context [DefaultTestContext@2db1566a testClass = ClientIdTest, testInstance = integration.authorization.oauth2.grant.token.request.ValidateParams.validation.ClientIdTest@17f57005, testMethod = clientIdIsInvalidShouldThrowInformResourceOwnerException@ClientIdTest, testException = [null], mergedContextConfiguration = [MergedContextConfiguration@9966d14 testClass = ClientIdTest, locations = '{classpath:spring-auth-test.xml}', classes = '{}', contextInitializerClasses = '[]', activeProfiles = '{}', propertySourceLocations = '{}', propertySourceProperties = '{}', contextCustomizers = set[[empty]], contextLoader = 'org.springframework.test.context.support.DelegatingSmartContextLoader', parent = [null]]]; transaction manager [org.springframework.jdbc.datasource.DataSourceTransactionManager@6cc63594]; rollback [true]
2018-01-07T10:01:42,766  INFO Test worker transaction.TransactionContext:136 - Rolled back transaction for test context [DefaultTestContext@2db1566a testClass = ClientIdTest, testInstance = integration.authorization.oauth2.grant.token.request.ValidateParams.validation.ClientIdTest@17f57005, testMethod = clientIdIsInvalidShouldThrowInformResourceOwnerException@ClientIdTest, testException = [null], mergedContextConfiguration = [MergedContextConfiguration@9966d14 testClass = ClientIdTest, locations = '{classpath:spring-auth-test.xml}', classes = '{}', contextInitializerClasses = '[]', activeProfiles = '{}', propertySourceLocations = '{}', propertySourceProperties = '{}', contextCustomizers = set[[empty]], contextLoader = 'org.springframework.test.context.support.DelegatingSmartContextLoader', parent = [null]]].
2018-01-07T10:01:42,768  INFO Test worker transaction.TransactionContext:101 - Began transaction (1) for test context [DefaultTestContext@2db1566a testClass = ClientIdTest, testInstance = integration.authorization.oauth2.grant.token.request.ValidateParams.validation.ClientIdTest@53090c72, testMethod = clientIdsHasTwoItemsShouldThrowInformResourceOwnerException@ClientIdTest, testException = [null], mergedContextConfiguration = [MergedContextConfiguration@9966d14 testClass = ClientIdTest, locations = '{classpath:spring-auth-test.xml}', classes = '{}', contextInitializerClasses = '[]', activeProfiles = '{}', propertySourceLocations = '{}', propertySourceProperties = '{}', contextCustomizers = set[[empty]], contextLoader = 'org.springframework.test.context.support.DelegatingSmartContextLoader', parent = [null]]]; transaction manager [org.springframework.jdbc.datasource.DataSourceTransactionManager@6cc63594]; rollback [true]
2018-01-07T10:01:42,770  INFO Test worker transaction.TransactionContext:136 - Rolled back transaction for test context [DefaultTestContext@2db1566a testClass = ClientIdTest, testInstance = integration.authorization.oauth2.grant.token.request.ValidateParams.validation.ClientIdTest@53090c72, testMethod = clientIdsHasTwoItemsShouldThrowInformResourceOwnerException@ClientIdTest, testException = [null], mergedContextConfiguration = [MergedContextConfiguration@9966d14 testClass = ClientIdTest, locations = '{classpath:spring-auth-test.xml}', classes = '{}', contextInitializerClasses = '[]', activeProfiles = '{}', propertySourceLocations = '{}', propertySourceProperties = '{}', contextCustomizers = set[[empty]], contextLoader = 'org.springframework.test.context.support.DelegatingSmartContextLoader', parent = [null]]].
2018-01-07T10:01:42,773  INFO Test worker transaction.TransactionContext:101 - Began transaction (1) for test context [DefaultTestContext@2db1566a testClass = ClientIdTest, testInstance = integration.authorization.oauth2.grant.token.request.ValidateParams.validation.ClientIdTest@3c879cad, testMethod = clientIdIsNullShouldThrowInformResourceOwnerException@ClientIdTest, testException = [null], mergedContextConfiguration = [MergedContextConfiguration@9966d14 testClass = ClientIdTest, locations = '{classpath:spring-auth-test.xml}', classes = '{}', contextInitializerClasses = '[]', activeProfiles = '{}', propertySourceLocations = '{}', propertySourceProperties = '{}', contextCustomizers = set[[empty]], contextLoader = 'org.springframework.test.context.support.DelegatingSmartContextLoader', parent = [null]]]; transaction manager [org.springframework.jdbc.datasource.DataSourceTransactionManager@6cc63594]; rollback [true]
2018-01-07T10:01:42,774  INFO Test worker transaction.TransactionContext:136 - Rolled back transaction for test context [DefaultTestContext@2db1566a testClass = ClientIdTest, testInstance = integration.authorization.oauth2.grant.token.request.ValidateParams.validation.ClientIdTest@3c879cad, testMethod = clientIdIsNullShouldThrowInformResourceOwnerException@ClientIdTest, testException = [null], mergedContextConfiguration = [MergedContextConfiguration@9966d14 testClass = ClientIdTest, locations = '{classpath:spring-auth-test.xml}', classes = '{}', contextInitializerClasses = '[]', activeProfiles = '{}', propertySourceLocations = '{}', propertySourceProperties = '{}', contextCustomizers = set[[empty]], contextLoader = 'org.springframework.test.context.support.DelegatingSmartContextLoader', parent = [null]]].
2018-01-07T10:01:42,780  INFO Test worker transaction.TransactionContext:101 - Began transaction (1) for test context [DefaultTestContext@2db1566a testClass = ClientIdTest, testInstance = integration.authorization.oauth2.grant.token.request.ValidateParams.validation.ClientIdTest@7630e6e7, testMethod = clientIdIsEmptyListShouldThrowInformResourceOwnerException@ClientIdTest, testException = [null], mergedContextConfiguration = [MergedContextConfiguration@9966d14 testClass = ClientIdTest, locations = '{classpath:spring-auth-test.xml}', classes = '{}', contextInitializerClasses = '[]', activeProfiles = '{}', propertySourceLocations = '{}', propertySourceProperties = '{}', contextCustomizers = set[[empty]], contextLoader = 'org.springframework.test.context.support.DelegatingSmartContextLoader', parent = [null]]]; transaction manager [org.springframework.jdbc.datasource.DataSourceTransactionManager@6cc63594]; rollback [true]
2018-01-07T10:01:42,781  INFO Test worker transaction.TransactionContext:136 - Rolled back transaction for test context [DefaultTestContext@2db1566a testClass = ClientIdTest, testInstance = integration.authorization.oauth2.grant.token.request.ValidateParams.validation.ClientIdTest@7630e6e7, testMethod = clientIdIsEmptyListShouldThrowInformResourceOwnerException@ClientIdTest, testException = [null], mergedContextConfiguration = [MergedContextConfiguration@9966d14 testClass = ClientIdTest, locations = '{classpath:spring-auth-test.xml}', classes = '{}', contextInitializerClasses = '[]', activeProfiles = '{}', propertySourceLocations = '{}', propertySourceProperties = '{}', contextCustomizers = set[[empty]], contextLoader = 'org.springframework.test.context.support.DelegatingSmartContextLoader', parent = [null]]].
2018-01-07T10:01:42,785  INFO Test worker transaction.TransactionContext:101 - Began transaction (1) for test context [DefaultTestContext@2db1566a testClass = ClientIdTest, testInstance = integration.authorization.oauth2.grant.token.request.ValidateParams.validation.ClientIdTest@3acf2256, testMethod = clientIdIsBlankStringShouldThrowInformResourceOwnerException@ClientIdTest, testException = [null], mergedContextConfiguration = [MergedContextConfiguration@9966d14 testClass = ClientIdTest, locations = '{classpath:spring-auth-test.xml}', classes = '{}', contextInitializerClasses = '[]', activeProfiles = '{}', propertySourceLocations = '{}', propertySourceProperties = '{}', contextCustomizers = set[[empty]], contextLoader = 'org.springframework.test.context.support.DelegatingSmartContextLoader', parent = [null]]]; transaction manager [org.springframework.jdbc.datasource.DataSourceTransactionManager@6cc63594]; rollback [true]
2018-01-07T10:01:42,787  INFO Test worker transaction.TransactionContext:136 - Rolled back transaction for test context [DefaultTestContext@2db1566a testClass = ClientIdTest, testInstance = integration.authorization.oauth2.grant.token.request.ValidateParams.validation.ClientIdTest@3acf2256, testMethod = clientIdIsBlankStringShouldThrowInformResourceOwnerException@ClientIdTest, testException = [null], mergedContextConfiguration = [MergedContextConfiguration@9966d14 testClass = ClientIdTest, locations = '{classpath:spring-auth-test.xml}', classes = '{}', contextInitializerClasses = '[]', activeProfiles = '{}', propertySourceLocations = '{}', propertySourceProperties = '{}', contextCustomizers = set[[empty]], contextLoader = 'org.springframework.test.context.support.DelegatingSmartContextLoader', parent = [null]]].
]]></system-out>
  <system-err><![CDATA[]]></system-err>
</testsuite>
