<?xml version="1.0" encoding="UTF-8"?>
<testsuite name="integration.authorization.oauth2.grant.token.request.ValidateParams.validation.ResponseType.ClientFoundTest" tests="6" skipped="0" failures="0" errors="0" timestamp="2018-01-07T16:01:44" hostname="Kristins-MBP" time="0.112">
  <properties/>
  <testcase name="responseTypesDontMatchShouldThrowInformClientException" classname="integration.authorization.oauth2.grant.token.request.ValidateParams.validation.ResponseType.ClientFoundTest" time="0.023"/>
  <testcase name="responseTypeIsBlankStringShouldThrowInformClientException" classname="integration.authorization.oauth2.grant.token.request.ValidateParams.validation.ResponseType.ClientFoundTest" time="0.014"/>
  <testcase name="responseTypeHasTwoItemsShouldThrowInformClientException" classname="integration.authorization.oauth2.grant.token.request.ValidateParams.validation.ResponseType.ClientFoundTest" time="0.015"/>
  <testcase name="responseTypeIsInvalidShouldThrowInformClientException" classname="integration.authorization.oauth2.grant.token.request.ValidateParams.validation.ResponseType.ClientFoundTest" time="0.013"/>
  <testcase name="responseTypeIsNullShouldThrowInformClientException" classname="integration.authorization.oauth2.grant.token.request.ValidateParams.validation.ResponseType.ClientFoundTest" time="0.014"/>
  <testcase name="responseTypeIsEmptyListShouldThrowInformClientException" classname="integration.authorization.oauth2.grant.token.request.ValidateParams.validation.ResponseType.ClientFoundTest" time="0.026"/>
  <system-out><![CDATA[2018-01-07T10:01:44,608  INFO Test worker support.DefaultTestContextBootstrapper:260 - Loaded default TestExecutionListener class names from location [META-INF/spring.factories]: [org.springframework.test.context.web.ServletTestExecutionListener, org.springframework.test.context.support.DirtiesContextBeforeModesTestExecutionListener, org.springframework.test.context.support.DependencyInjectionTestExecutionListener, org.springframework.test.context.support.DirtiesContextTestExecutionListener, org.springframework.test.context.transaction.TransactionalTestExecutionListener, org.springframework.test.context.jdbc.SqlScriptsTestExecutionListener]
2018-01-07T10:01:44,609  INFO Test worker support.DefaultTestContextBootstrapper:209 - Could not instantiate TestExecutionListener [org.springframework.test.context.web.ServletTestExecutionListener]. Specify custom listener classes or make the default listener classes (and their required dependencies) available. Offending class: [javax/servlet/ServletContext]
2018-01-07T10:01:44,610  INFO Test worker support.DefaultTestContextBootstrapper:187 - Using TestExecutionListeners: [org.springframework.test.context.support.DirtiesContextBeforeModesTestExecutionListener@4d1efe7c, org.springframework.test.context.support.DependencyInjectionTestExecutionListener@6c074312, org.springframework.test.context.support.DirtiesContextTestExecutionListener@3f61ef7d, org.springframework.test.context.transaction.TransactionalTestExecutionListener@11e8b91e, org.springframework.test.context.jdbc.SqlScriptsTestExecutionListener@2b3f4841]
2018-01-07T10:01:44,624  INFO Test worker transaction.TransactionContext:101 - Began transaction (1) for test context [DefaultTestContext@4804ddfb testClass = ClientFoundTest, testInstance = integration.authorization.oauth2.grant.token.request.ValidateParams.validation.ResponseType.ClientFoundTest@1b494a5, testMethod = responseTypesDontMatchShouldThrowInformClientException@ClientFoundTest, testException = [null], mergedContextConfiguration = [MergedContextConfiguration@7df681e7 testClass = ClientFoundTest, locations = '{classpath:spring-auth-test.xml}', classes = '{}', contextInitializerClasses = '[]', activeProfiles = '{}', propertySourceLocations = '{}', propertySourceProperties = '{}', contextCustomizers = set[[empty]], contextLoader = 'org.springframework.test.context.support.DelegatingSmartContextLoader', parent = [null]]]; transaction manager [org.springframework.jdbc.datasource.DataSourceTransactionManager@2d976234]; rollback [true]
2018-01-07T10:01:44,645  INFO Test worker transaction.TransactionContext:136 - Rolled back transaction for test context [DefaultTestContext@4804ddfb testClass = ClientFoundTest, testInstance = integration.authorization.oauth2.grant.token.request.ValidateParams.validation.ResponseType.ClientFoundTest@1b494a5, testMethod = responseTypesDontMatchShouldThrowInformClientException@ClientFoundTest, testException = [null], mergedContextConfiguration = [MergedContextConfiguration@7df681e7 testClass = ClientFoundTest, locations = '{classpath:spring-auth-test.xml}', classes = '{}', contextInitializerClasses = '[]', activeProfiles = '{}', propertySourceLocations = '{}', propertySourceProperties = '{}', contextCustomizers = set[[empty]], contextLoader = 'org.springframework.test.context.support.DelegatingSmartContextLoader', parent = [null]]].
2018-01-07T10:01:44,648  INFO Test worker transaction.TransactionContext:101 - Began transaction (1) for test context [DefaultTestContext@4804ddfb testClass = ClientFoundTest, testInstance = integration.authorization.oauth2.grant.token.request.ValidateParams.validation.ResponseType.ClientFoundTest@76b07264, testMethod = responseTypeIsBlankStringShouldThrowInformClientException@ClientFoundTest, testException = [null], mergedContextConfiguration = [MergedContextConfiguration@7df681e7 testClass = ClientFoundTest, locations = '{classpath:spring-auth-test.xml}', classes = '{}', contextInitializerClasses = '[]', activeProfiles = '{}', propertySourceLocations = '{}', propertySourceProperties = '{}', contextCustomizers = set[[empty]], contextLoader = 'org.springframework.test.context.support.DelegatingSmartContextLoader', parent = [null]]]; transaction manager [org.springframework.jdbc.datasource.DataSourceTransactionManager@2d976234]; rollback [true]
2018-01-07T10:01:44,660  INFO Test worker transaction.TransactionContext:136 - Rolled back transaction for test context [DefaultTestContext@4804ddfb testClass = ClientFoundTest, testInstance = integration.authorization.oauth2.grant.token.request.ValidateParams.validation.ResponseType.ClientFoundTest@76b07264, testMethod = responseTypeIsBlankStringShouldThrowInformClientException@ClientFoundTest, testException = [null], mergedContextConfiguration = [MergedContextConfiguration@7df681e7 testClass = ClientFoundTest, locations = '{classpath:spring-auth-test.xml}', classes = '{}', contextInitializerClasses = '[]', activeProfiles = '{}', propertySourceLocations = '{}', propertySourceProperties = '{}', contextCustomizers = set[[empty]], contextLoader = 'org.springframework.test.context.support.DelegatingSmartContextLoader', parent = [null]]].
2018-01-07T10:01:44,666  INFO Test worker transaction.TransactionContext:101 - Began transaction (1) for test context [DefaultTestContext@4804ddfb testClass = ClientFoundTest, testInstance = integration.authorization.oauth2.grant.token.request.ValidateParams.validation.ResponseType.ClientFoundTest@5fe37ef5, testMethod = responseTypeHasTwoItemsShouldThrowInformClientException@ClientFoundTest, testException = [null], mergedContextConfiguration = [MergedContextConfiguration@7df681e7 testClass = ClientFoundTest, locations = '{classpath:spring-auth-test.xml}', classes = '{}', contextInitializerClasses = '[]', activeProfiles = '{}', propertySourceLocations = '{}', propertySourceProperties = '{}', contextCustomizers = set[[empty]], contextLoader = 'org.springframework.test.context.support.DelegatingSmartContextLoader', parent = [null]]]; transaction manager [org.springframework.jdbc.datasource.DataSourceTransactionManager@2d976234]; rollback [true]
2018-01-07T10:01:44,677  INFO Test worker transaction.TransactionContext:136 - Rolled back transaction for test context [DefaultTestContext@4804ddfb testClass = ClientFoundTest, testInstance = integration.authorization.oauth2.grant.token.request.ValidateParams.validation.ResponseType.ClientFoundTest@5fe37ef5, testMethod = responseTypeHasTwoItemsShouldThrowInformClientException@ClientFoundTest, testException = [null], mergedContextConfiguration = [MergedContextConfiguration@7df681e7 testClass = ClientFoundTest, locations = '{classpath:spring-auth-test.xml}', classes = '{}', contextInitializerClasses = '[]', activeProfiles = '{}', propertySourceLocations = '{}', propertySourceProperties = '{}', contextCustomizers = set[[empty]], contextLoader = 'org.springframework.test.context.support.DelegatingSmartContextLoader', parent = [null]]].
2018-01-07T10:01:44,681  INFO Test worker transaction.TransactionContext:101 - Began transaction (1) for test context [DefaultTestContext@4804ddfb testClass = ClientFoundTest, testInstance = integration.authorization.oauth2.grant.token.request.ValidateParams.validation.ResponseType.ClientFoundTest@3f6a02a, testMethod = responseTypeIsInvalidShouldThrowInformClientException@ClientFoundTest, testException = [null], mergedContextConfiguration = [MergedContextConfiguration@7df681e7 testClass = ClientFoundTest, locations = '{classpath:spring-auth-test.xml}', classes = '{}', contextInitializerClasses = '[]', activeProfiles = '{}', propertySourceLocations = '{}', propertySourceProperties = '{}', contextCustomizers = set[[empty]], contextLoader = 'org.springframework.test.context.support.DelegatingSmartContextLoader', parent = [null]]]; transaction manager [org.springframework.jdbc.datasource.DataSourceTransactionManager@2d976234]; rollback [true]
2018-01-07T10:01:44,692  INFO Test worker transaction.TransactionContext:136 - Rolled back transaction for test context [DefaultTestContext@4804ddfb testClass = ClientFoundTest, testInstance = integration.authorization.oauth2.grant.token.request.ValidateParams.validation.ResponseType.ClientFoundTest@3f6a02a, testMethod = responseTypeIsInvalidShouldThrowInformClientException@ClientFoundTest, testException = [null], mergedContextConfiguration = [MergedContextConfiguration@7df681e7 testClass = ClientFoundTest, locations = '{classpath:spring-auth-test.xml}', classes = '{}', contextInitializerClasses = '[]', activeProfiles = '{}', propertySourceLocations = '{}', propertySourceProperties = '{}', contextCustomizers = set[[empty]], contextLoader = 'org.springframework.test.context.support.DelegatingSmartContextLoader', parent = [null]]].
2018-01-07T10:01:44,695  INFO Test worker transaction.TransactionContext:101 - Began transaction (1) for test context [DefaultTestContext@4804ddfb testClass = ClientFoundTest, testInstance = integration.authorization.oauth2.grant.token.request.ValidateParams.validation.ResponseType.ClientFoundTest@53bc0f59, testMethod = responseTypeIsNullShouldThrowInformClientException@ClientFoundTest, testException = [null], mergedContextConfiguration = [MergedContextConfiguration@7df681e7 testClass = ClientFoundTest, locations = '{classpath:spring-auth-test.xml}', classes = '{}', contextInitializerClasses = '[]', activeProfiles = '{}', propertySourceLocations = '{}', propertySourceProperties = '{}', contextCustomizers = set[[empty]], contextLoader = 'org.springframework.test.context.support.DelegatingSmartContextLoader', parent = [null]]]; transaction manager [org.springframework.jdbc.datasource.DataSourceTransactionManager@2d976234]; rollback [true]
2018-01-07T10:01:44,706  INFO Test worker transaction.TransactionContext:136 - Rolled back transaction for test context [DefaultTestContext@4804ddfb testClass = ClientFoundTest, testInstance = integration.authorization.oauth2.grant.token.request.ValidateParams.validation.ResponseType.ClientFoundTest@53bc0f59, testMethod = responseTypeIsNullShouldThrowInformClientException@ClientFoundTest, testException = [null], mergedContextConfiguration = [MergedContextConfiguration@7df681e7 testClass = ClientFoundTest, locations = '{classpath:spring-auth-test.xml}', classes = '{}', contextInitializerClasses = '[]', activeProfiles = '{}', propertySourceLocations = '{}', propertySourceProperties = '{}', contextCustomizers = set[[empty]], contextLoader = 'org.springframework.test.context.support.DelegatingSmartContextLoader', parent = [null]]].
2018-01-07T10:01:44,710  INFO Test worker transaction.TransactionContext:101 - Began transaction (1) for test context [DefaultTestContext@4804ddfb testClass = ClientFoundTest, testInstance = integration.authorization.oauth2.grant.token.request.ValidateParams.validation.ResponseType.ClientFoundTest@117875ec, testMethod = responseTypeIsEmptyListShouldThrowInformClientException@ClientFoundTest, testException = [null], mergedContextConfiguration = [MergedContextConfiguration@7df681e7 testClass = ClientFoundTest, locations = '{classpath:spring-auth-test.xml}', classes = '{}', contextInitializerClasses = '[]', activeProfiles = '{}', propertySourceLocations = '{}', propertySourceProperties = '{}', contextCustomizers = set[[empty]], contextLoader = 'org.springframework.test.context.support.DelegatingSmartContextLoader', parent = [null]]]; transaction manager [org.springframework.jdbc.datasource.DataSourceTransactionManager@2d976234]; rollback [true]
2018-01-07T10:01:44,734  INFO Test worker transaction.TransactionContext:136 - Rolled back transaction for test context [DefaultTestContext@4804ddfb testClass = ClientFoundTest, testInstance = integration.authorization.oauth2.grant.token.request.ValidateParams.validation.ResponseType.ClientFoundTest@117875ec, testMethod = responseTypeIsEmptyListShouldThrowInformClientException@ClientFoundTest, testException = [null], mergedContextConfiguration = [MergedContextConfiguration@7df681e7 testClass = ClientFoundTest, locations = '{classpath:spring-auth-test.xml}', classes = '{}', contextInitializerClasses = '[]', activeProfiles = '{}', propertySourceLocations = '{}', propertySourceProperties = '{}', contextCustomizers = set[[empty]], contextLoader = 'org.springframework.test.context.support.DelegatingSmartContextLoader', parent = [null]]].
]]></system-out>
  <system-err><![CDATA[]]></system-err>
</testsuite>
