<?xml version="1.0" encoding="UTF-8"?>
<testsuite name="org.rootservices.authorization.nonce.reset.ForgotPasswordTest" tests="19" skipped="0" failures="0" errors="0" timestamp="2018-01-07T16:01:48" hostname="Kristins-MBP" time="6.07">
  <properties/>
  <testcase name="hasValueWhenWhiteSpaceShouldBeFalse" classname="org.rootservices.authorization.nonce.reset.ForgotPasswordTest" time="2.712"/>
  <testcase name="resetWhenBadNonceShouldThrowBadRequestException" classname="org.rootservices.authorization.nonce.reset.ForgotPasswordTest" time="0.386"/>
  <testcase name="resetWhenPasswordsDontMatchShouldThrowBadRequestException" classname="org.rootservices.authorization.nonce.reset.ForgotPasswordTest" time="0.331"/>
  <testcase name="resetWhenJwtNullShouldThrowBadRequestException" classname="org.rootservices.authorization.nonce.reset.ForgotPasswordTest" time="0.333"/>
  <testcase name="hasValueWhenNullShouldBeFalse" classname="org.rootservices.authorization.nonce.reset.ForgotPasswordTest" time="0.001"/>
  <testcase name="hasValueShouldBeTrue" classname="org.rootservices.authorization.nonce.reset.ForgotPasswordTest" time="0.002"/>
  <testcase name="resetWhenRepeatPasswordNullShouldThrowBadRequestException" classname="org.rootservices.authorization.nonce.reset.ForgotPasswordTest" time="0.296"/>
  <testcase name="sendMessageShouldBeOk" classname="org.rootservices.authorization.nonce.reset.ForgotPasswordTest" time="0.009"/>
  <testcase name="sendMessageWhenEmailWhiteSpaceShouldThrowBadRequestException" classname="org.rootservices.authorization.nonce.reset.ForgotPasswordTest" time="0.002"/>
  <testcase name="sendMessageWhenEmailEmptyShouldThrowBadRequestException" classname="org.rootservices.authorization.nonce.reset.ForgotPasswordTest" time="0.01"/>
  <testcase name="resetShouldThrowNotFoundException" classname="org.rootservices.authorization.nonce.reset.ForgotPasswordTest" time="0.309"/>
  <testcase name="sendMessageShouldThrowNonceException" classname="org.rootservices.authorization.nonce.reset.ForgotPasswordTest" time="0.002"/>
  <testcase name="resetShouldBeOk" classname="org.rootservices.authorization.nonce.reset.ForgotPasswordTest" time="0.288"/>
  <testcase name="resetWhenRepeatPasswordEmptyShouldThrowBadRequestException" classname="org.rootservices.authorization.nonce.reset.ForgotPasswordTest" time="0.317"/>
  <testcase name="resetWhenJwtEmptyShouldThrowBadRequestException" classname="org.rootservices.authorization.nonce.reset.ForgotPasswordTest" time="0.34"/>
  <testcase name="sendMessageWhenEmailNullShouldThrowBadRequestException" classname="org.rootservices.authorization.nonce.reset.ForgotPasswordTest" time="0.002"/>
  <testcase name="resetWhenPasswordEmptyShouldThrowBadRequestException" classname="org.rootservices.authorization.nonce.reset.ForgotPasswordTest" time="0.407"/>
  <testcase name="resetWhenPasswordNullShouldThrowBadRequestException" classname="org.rootservices.authorization.nonce.reset.ForgotPasswordTest" time="0.299"/>
  <testcase name="hasValueWhenEmptyShouldBeFalse" classname="org.rootservices.authorization.nonce.reset.ForgotPasswordTest" time="0.003"/>
  <system-out><![CDATA[]]></system-out>
  <system-err><![CDATA[]]></system-err>
</testsuite>
