<?xml version="1.0" encoding="UTF-8"?>
<testsuite name="org.rootservices.authorization.persistence.mapper.NonceMapperTest" tests="5" skipped="0" failures="0" errors="0" timestamp="2018-01-07T16:02:06" hostname="Kristins-MBP" time="0.076">
  <properties/>
  <testcase name="getByNonceShouldReturnRecord" classname="org.rootservices.authorization.persistence.mapper.NonceMapperTest" time="0.015"/>
  <testcase name="insert" classname="org.rootservices.authorization.persistence.mapper.NonceMapperTest" time="0.015"/>
  <testcase name="getByTypeAndNonceShouldReturnRecord" classname="org.rootservices.authorization.persistence.mapper.NonceMapperTest" time="0.01"/>
  <testcase name="revokeUnSpent" classname="org.rootservices.authorization.persistence.mapper.NonceMapperTest" time="0.024"/>
  <testcase name="setSpent" classname="org.rootservices.authorization.persistence.mapper.NonceMapperTest" time="0.011"/>
  <system-out><![CDATA[2018-01-07T10:02:06,781  INFO Test worker support.DefaultTestContextBootstrapper:260 - Loaded default TestExecutionListener class names from location [META-INF/spring.factories]: [org.springframework.test.context.web.ServletTestExecutionListener, org.springframework.test.context.support.DirtiesContextBeforeModesTestExecutionListener, org.springframework.test.context.support.DependencyInjectionTestExecutionListener, org.springframework.test.context.support.DirtiesContextTestExecutionListener, org.springframework.test.context.transaction.TransactionalTestExecutionListener, org.springframework.test.context.jdbc.SqlScriptsTestExecutionListener]
2018-01-07T10:02:06,782  INFO Test worker support.DefaultTestContextBootstrapper:209 - Could not instantiate TestExecutionListener [org.springframework.test.context.web.ServletTestExecutionListener]. Specify custom listener classes or make the default listener classes (and their required dependencies) available. Offending class: [javax/servlet/ServletContext]
2018-01-07T10:02:06,782  INFO Test worker support.DefaultTestContextBootstrapper:187 - Using TestExecutionListeners: [org.springframework.test.context.support.DirtiesContextBeforeModesTestExecutionListener@7a17ad2d, org.springframework.test.context.support.DependencyInjectionTestExecutionListener@19dcacb1, org.springframework.test.context.support.DirtiesContextTestExecutionListener@1b16396b, org.springframework.test.context.transaction.TransactionalTestExecutionListener@386d6576, org.springframework.test.context.jdbc.SqlScriptsTestExecutionListener@7fd4c993]
2018-01-07T10:02:06,791  INFO Test worker transaction.TransactionContext:101 - Began transaction (1) for test context [DefaultTestContext@34b15e3b testClass = NonceMapperTest, testInstance = org.rootservices.authorization.persistence.mapper.NonceMapperTest@552b9a8f, testMethod = getByNonceShouldReturnRecord@NonceMapperTest, testException = [null], mergedContextConfiguration = [MergedContextConfiguration@3115bfc testClass = NonceMapperTest, locations = '{classpath:spring-auth-test.xml}', classes = '{}', contextInitializerClasses = '[]', activeProfiles = '{}', propertySourceLocations = '{}', propertySourceProperties = '{}', contextCustomizers = set[[empty]], contextLoader = 'org.springframework.test.context.support.DelegatingSmartContextLoader', parent = [null]]]; transaction manager [org.springframework.jdbc.datasource.DataSourceTransactionManager@2d976234]; rollback [true]
2018-01-07T10:02:06,804  INFO Test worker transaction.TransactionContext:136 - Rolled back transaction for test context [DefaultTestContext@34b15e3b testClass = NonceMapperTest, testInstance = org.rootservices.authorization.persistence.mapper.NonceMapperTest@552b9a8f, testMethod = getByNonceShouldReturnRecord@NonceMapperTest, testException = [null], mergedContextConfiguration = [MergedContextConfiguration@3115bfc testClass = NonceMapperTest, locations = '{classpath:spring-auth-test.xml}', classes = '{}', contextInitializerClasses = '[]', activeProfiles = '{}', propertySourceLocations = '{}', propertySourceProperties = '{}', contextCustomizers = set[[empty]], contextLoader = 'org.springframework.test.context.support.DelegatingSmartContextLoader', parent = [null]]].
2018-01-07T10:02:06,806  INFO Test worker transaction.TransactionContext:101 - Began transaction (1) for test context [DefaultTestContext@34b15e3b testClass = NonceMapperTest, testInstance = org.rootservices.authorization.persistence.mapper.NonceMapperTest@67573b00, testMethod = insert@NonceMapperTest, testException = [null], mergedContextConfiguration = [MergedContextConfiguration@3115bfc testClass = NonceMapperTest, locations = '{classpath:spring-auth-test.xml}', classes = '{}', contextInitializerClasses = '[]', activeProfiles = '{}', propertySourceLocations = '{}', propertySourceProperties = '{}', contextCustomizers = set[[empty]], contextLoader = 'org.springframework.test.context.support.DelegatingSmartContextLoader', parent = [null]]]; transaction manager [org.springframework.jdbc.datasource.DataSourceTransactionManager@2d976234]; rollback [true]
2018-01-07T10:02:06,819  INFO Test worker transaction.TransactionContext:136 - Rolled back transaction for test context [DefaultTestContext@34b15e3b testClass = NonceMapperTest, testInstance = org.rootservices.authorization.persistence.mapper.NonceMapperTest@67573b00, testMethod = insert@NonceMapperTest, testException = [null], mergedContextConfiguration = [MergedContextConfiguration@3115bfc testClass = NonceMapperTest, locations = '{classpath:spring-auth-test.xml}', classes = '{}', contextInitializerClasses = '[]', activeProfiles = '{}', propertySourceLocations = '{}', propertySourceProperties = '{}', contextCustomizers = set[[empty]], contextLoader = 'org.springframework.test.context.support.DelegatingSmartContextLoader', parent = [null]]].
2018-01-07T10:02:06,821  INFO Test worker transaction.TransactionContext:101 - Began transaction (1) for test context [DefaultTestContext@34b15e3b testClass = NonceMapperTest, testInstance = org.rootservices.authorization.persistence.mapper.NonceMapperTest@505fe71f, testMethod = getByTypeAndNonceShouldReturnRecord@NonceMapperTest, testException = [null], mergedContextConfiguration = [MergedContextConfiguration@3115bfc testClass = NonceMapperTest, locations = '{classpath:spring-auth-test.xml}', classes = '{}', contextInitializerClasses = '[]', activeProfiles = '{}', propertySourceLocations = '{}', propertySourceProperties = '{}', contextCustomizers = set[[empty]], contextLoader = 'org.springframework.test.context.support.DelegatingSmartContextLoader', parent = [null]]]; transaction manager [org.springframework.jdbc.datasource.DataSourceTransactionManager@2d976234]; rollback [true]
2018-01-07T10:02:06,829  INFO Test worker transaction.TransactionContext:136 - Rolled back transaction for test context [DefaultTestContext@34b15e3b testClass = NonceMapperTest, testInstance = org.rootservices.authorization.persistence.mapper.NonceMapperTest@505fe71f, testMethod = getByTypeAndNonceShouldReturnRecord@NonceMapperTest, testException = [null], mergedContextConfiguration = [MergedContextConfiguration@3115bfc testClass = NonceMapperTest, locations = '{classpath:spring-auth-test.xml}', classes = '{}', contextInitializerClasses = '[]', activeProfiles = '{}', propertySourceLocations = '{}', propertySourceProperties = '{}', contextCustomizers = set[[empty]], contextLoader = 'org.springframework.test.context.support.DelegatingSmartContextLoader', parent = [null]]].
2018-01-07T10:02:06,831  INFO Test worker transaction.TransactionContext:101 - Began transaction (1) for test context [DefaultTestContext@34b15e3b testClass = NonceMapperTest, testInstance = org.rootservices.authorization.persistence.mapper.NonceMapperTest@75efd7eb, testMethod = revokeUnSpent@NonceMapperTest, testException = [null], mergedContextConfiguration = [MergedContextConfiguration@3115bfc testClass = NonceMapperTest, locations = '{classpath:spring-auth-test.xml}', classes = '{}', contextInitializerClasses = '[]', activeProfiles = '{}', propertySourceLocations = '{}', propertySourceProperties = '{}', contextCustomizers = set[[empty]], contextLoader = 'org.springframework.test.context.support.DelegatingSmartContextLoader', parent = [null]]]; transaction manager [org.springframework.jdbc.datasource.DataSourceTransactionManager@2d976234]; rollback [true]
2018-01-07T10:02:06,854  INFO Test worker transaction.TransactionContext:136 - Rolled back transaction for test context [DefaultTestContext@34b15e3b testClass = NonceMapperTest, testInstance = org.rootservices.authorization.persistence.mapper.NonceMapperTest@75efd7eb, testMethod = revokeUnSpent@NonceMapperTest, testException = [null], mergedContextConfiguration = [MergedContextConfiguration@3115bfc testClass = NonceMapperTest, locations = '{classpath:spring-auth-test.xml}', classes = '{}', contextInitializerClasses = '[]', activeProfiles = '{}', propertySourceLocations = '{}', propertySourceProperties = '{}', contextCustomizers = set[[empty]], contextLoader = 'org.springframework.test.context.support.DelegatingSmartContextLoader', parent = [null]]].
2018-01-07T10:02:06,855  INFO Test worker transaction.TransactionContext:101 - Began transaction (1) for test context [DefaultTestContext@34b15e3b testClass = NonceMapperTest, testInstance = org.rootservices.authorization.persistence.mapper.NonceMapperTest@1f9a56b4, testMethod = setSpent@NonceMapperTest, testException = [null], mergedContextConfiguration = [MergedContextConfiguration@3115bfc testClass = NonceMapperTest, locations = '{classpath:spring-auth-test.xml}', classes = '{}', contextInitializerClasses = '[]', activeProfiles = '{}', propertySourceLocations = '{}', propertySourceProperties = '{}', contextCustomizers = set[[empty]], contextLoader = 'org.springframework.test.context.support.DelegatingSmartContextLoader', parent = [null]]]; transaction manager [org.springframework.jdbc.datasource.DataSourceTransactionManager@2d976234]; rollback [true]
2018-01-07T10:02:06,865  INFO Test worker transaction.TransactionContext:136 - Rolled back transaction for test context [DefaultTestContext@34b15e3b testClass = NonceMapperTest, testInstance = org.rootservices.authorization.persistence.mapper.NonceMapperTest@1f9a56b4, testMethod = setSpent@NonceMapperTest, testException = [null], mergedContextConfiguration = [MergedContextConfiguration@3115bfc testClass = NonceMapperTest, locations = '{classpath:spring-auth-test.xml}', classes = '{}', contextInitializerClasses = '[]', activeProfiles = '{}', propertySourceLocations = '{}', propertySourceProperties = '{}', contextCustomizers = set[[empty]], contextLoader = 'org.springframework.test.context.support.DelegatingSmartContextLoader', parent = [null]]].
]]></system-out>
  <system-err><![CDATA[]]></system-err>
</testsuite>
