<?xml version="1.0" encoding="UTF-8"?>
<testsuite name="org.rootservices.authorization.oauth2.grant.refresh.IssueTokenRefreshGrantTest" tests="2" skipped="0" failures="0" errors="0" timestamp="2018-01-07T16:01:58" hostname="Kristins-MBP" time="1.141">
  <properties/>
  <testcase name="runWhenRefreshTokenUsedShouldThrowCompromisedRefreshTokenException" classname="org.rootservices.authorization.oauth2.grant.refresh.IssueTokenRefreshGrantTest" time="0.68"/>
  <testcase name="runShouldBeOk" classname="org.rootservices.authorization.oauth2.grant.refresh.IssueTokenRefreshGrantTest" time="0.46"/>
  <system-out><![CDATA[]]></system-out>
  <system-err><![CDATA[]]></system-err>
</testsuite>
