<?xml version="1.0" encoding="UTF-8"?>
<testsuite name="org.rootservices.authorization.persistence.entity.ClientTest" tests="3" skipped="0" failures="0" errors="0" timestamp="2018-01-07T16:02:07" hostname="Kristins-MBP" time="0.002">
  <properties/>
  <testcase name="UUID" classname="org.rootservices.authorization.persistence.entity.ClientTest" time="0.0"/>
  <testcase name="responseType" classname="org.rootservices.authorization.persistence.entity.ClientTest" time="0.0"/>
  <testcase name="redirectURI" classname="org.rootservices.authorization.persistence.entity.ClientTest" time="0.001"/>
  <system-out><![CDATA[]]></system-out>
  <system-err><![CDATA[]]></system-err>
</testsuite>
