<?xml version="1.0" encoding="UTF-8"?>
<testsuite name="integration.authorization.oauth2.grant.code.request.ValidateParams.validation.Scopes.ClientFoundRedirectMismatchTest" tests="3" skipped="0" failures="0" errors="0" timestamp="2018-01-07T16:01:45" hostname="Kristins-MBP" time="1.08">
  <properties/>
  <testcase name="scopeIsBlankStringShouldThrowInformResourceOwnerException" classname="integration.authorization.oauth2.grant.code.request.ValidateParams.validation.Scopes.ClientFoundRedirectMismatchTest" time="0.353"/>
  <testcase name="scopesHasTwoItemsShouldThrowInformResourceOwnerException" classname="integration.authorization.oauth2.grant.code.request.ValidateParams.validation.Scopes.ClientFoundRedirectMismatchTest" time="0.319"/>
  <testcase name="scopeIsInvalidShouldThrowInformResourceOwnerException" classname="integration.authorization.oauth2.grant.code.request.ValidateParams.validation.Scopes.ClientFoundRedirectMismatchTest" time="0.406"/>
  <system-out><![CDATA[2018-01-07T10:01:45,107  INFO Test worker support.DefaultTestContextBootstrapper:260 - Loaded default TestExecutionListener class names from location [META-INF/spring.factories]: [org.springframework.test.context.web.ServletTestExecutionListener, org.springframework.test.context.support.DirtiesContextBeforeModesTestExecutionListener, org.springframework.test.context.support.DependencyInjectionTestExecutionListener, org.springframework.test.context.support.DirtiesContextTestExecutionListener, org.springframework.test.context.transaction.TransactionalTestExecutionListener, org.springframework.test.context.jdbc.SqlScriptsTestExecutionListener]
2018-01-07T10:01:45,109  INFO Test worker support.DefaultTestContextBootstrapper:209 - Could not instantiate TestExecutionListener [org.springframework.test.context.web.ServletTestExecutionListener]. Specify custom listener classes or make the default listener classes (and their required dependencies) available. Offending class: [javax/servlet/ServletContext]
2018-01-07T10:01:45,110  INFO Test worker support.DefaultTestContextBootstrapper:187 - Using TestExecutionListeners: [org.springframework.test.context.support.DirtiesContextBeforeModesTestExecutionListener@6ceeafb3, org.springframework.test.context.support.DependencyInjectionTestExecutionListener@51effa99, org.springframework.test.context.support.DirtiesContextTestExecutionListener@601fede9, org.springframework.test.context.transaction.TransactionalTestExecutionListener@702a0b3b, org.springframework.test.context.jdbc.SqlScriptsTestExecutionListener@69a0b1ba]
2018-01-07T10:01:45,146  INFO Test worker transaction.TransactionContext:101 - Began transaction (1) for test context [DefaultTestContext@144880a6 testClass = ClientFoundRedirectMismatchTest, testInstance = integration.authorization.oauth2.grant.code.request.ValidateParams.validation.Scopes.ClientFoundRedirectMismatchTest@7ebe1387, testMethod = scopeIsBlankStringShouldThrowInformResourceOwnerException@ClientFoundRedirectMismatchTest, testException = [null], mergedContextConfiguration = [MergedContextConfiguration@4735a525 testClass = ClientFoundRedirectMismatchTest, locations = '{classpath:spring-auth-test.xml}', classes = '{}', contextInitializerClasses = '[]', activeProfiles = '{}', propertySourceLocations = '{}', propertySourceProperties = '{}', contextCustomizers = set[[empty]], contextLoader = 'org.springframework.test.context.support.DelegatingSmartContextLoader', parent = [null]]]; transaction manager [org.springframework.jdbc.datasource.DataSourceTransactionManager@7c498c62]; rollback [true]
2018-01-07T10:01:45,497  INFO Test worker transaction.TransactionContext:136 - Rolled back transaction for test context [DefaultTestContext@144880a6 testClass = ClientFoundRedirectMismatchTest, testInstance = integration.authorization.oauth2.grant.code.request.ValidateParams.validation.Scopes.ClientFoundRedirectMismatchTest@7ebe1387, testMethod = scopeIsBlankStringShouldThrowInformResourceOwnerException@ClientFoundRedirectMismatchTest, testException = [null], mergedContextConfiguration = [MergedContextConfiguration@4735a525 testClass = ClientFoundRedirectMismatchTest, locations = '{classpath:spring-auth-test.xml}', classes = '{}', contextInitializerClasses = '[]', activeProfiles = '{}', propertySourceLocations = '{}', propertySourceProperties = '{}', contextCustomizers = set[[empty]], contextLoader = 'org.springframework.test.context.support.DelegatingSmartContextLoader', parent = [null]]].
2018-01-07T10:01:45,502  INFO Test worker transaction.TransactionContext:101 - Began transaction (1) for test context [DefaultTestContext@144880a6 testClass = ClientFoundRedirectMismatchTest, testInstance = integration.authorization.oauth2.grant.code.request.ValidateParams.validation.Scopes.ClientFoundRedirectMismatchTest@1312d8c2, testMethod = scopesHasTwoItemsShouldThrowInformResourceOwnerException@ClientFoundRedirectMismatchTest, testException = [null], mergedContextConfiguration = [MergedContextConfiguration@4735a525 testClass = ClientFoundRedirectMismatchTest, locations = '{classpath:spring-auth-test.xml}', classes = '{}', contextInitializerClasses = '[]', activeProfiles = '{}', propertySourceLocations = '{}', propertySourceProperties = '{}', contextCustomizers = set[[empty]], contextLoader = 'org.springframework.test.context.support.DelegatingSmartContextLoader', parent = [null]]]; transaction manager [org.springframework.jdbc.datasource.DataSourceTransactionManager@7c498c62]; rollback [true]
2018-01-07T10:01:45,817  INFO Test worker transaction.TransactionContext:136 - Rolled back transaction for test context [DefaultTestContext@144880a6 testClass = ClientFoundRedirectMismatchTest, testInstance = integration.authorization.oauth2.grant.code.request.ValidateParams.validation.Scopes.ClientFoundRedirectMismatchTest@1312d8c2, testMethod = scopesHasTwoItemsShouldThrowInformResourceOwnerException@ClientFoundRedirectMismatchTest, testException = [null], mergedContextConfiguration = [MergedContextConfiguration@4735a525 testClass = ClientFoundRedirectMismatchTest, locations = '{classpath:spring-auth-test.xml}', classes = '{}', contextInitializerClasses = '[]', activeProfiles = '{}', propertySourceLocations = '{}', propertySourceProperties = '{}', contextCustomizers = set[[empty]], contextLoader = 'org.springframework.test.context.support.DelegatingSmartContextLoader', parent = [null]]].
2018-01-07T10:01:45,820  INFO Test worker transaction.TransactionContext:101 - Began transaction (1) for test context [DefaultTestContext@144880a6 testClass = ClientFoundRedirectMismatchTest, testInstance = integration.authorization.oauth2.grant.code.request.ValidateParams.validation.Scopes.ClientFoundRedirectMismatchTest@342a871e, testMethod = scopeIsInvalidShouldThrowInformResourceOwnerException@ClientFoundRedirectMismatchTest, testException = [null], mergedContextConfiguration = [MergedContextConfiguration@4735a525 testClass = ClientFoundRedirectMismatchTest, locations = '{classpath:spring-auth-test.xml}', classes = '{}', contextInitializerClasses = '[]', activeProfiles = '{}', propertySourceLocations = '{}', propertySourceProperties = '{}', contextCustomizers = set[[empty]], contextLoader = 'org.springframework.test.context.support.DelegatingSmartContextLoader', parent = [null]]]; transaction manager [org.springframework.jdbc.datasource.DataSourceTransactionManager@7c498c62]; rollback [true]
2018-01-07T10:01:46,224  INFO Test worker transaction.TransactionContext:136 - Rolled back transaction for test context [DefaultTestContext@144880a6 testClass = ClientFoundRedirectMismatchTest, testInstance = integration.authorization.oauth2.grant.code.request.ValidateParams.validation.Scopes.ClientFoundRedirectMismatchTest@342a871e, testMethod = scopeIsInvalidShouldThrowInformResourceOwnerException@ClientFoundRedirectMismatchTest, testException = [null], mergedContextConfiguration = [MergedContextConfiguration@4735a525 testClass = ClientFoundRedirectMismatchTest, locations = '{classpath:spring-auth-test.xml}', classes = '{}', contextInitializerClasses = '[]', activeProfiles = '{}', propertySourceLocations = '{}', propertySourceProperties = '{}', contextCustomizers = set[[empty]], contextLoader = 'org.springframework.test.context.support.DelegatingSmartContextLoader', parent = [null]]].
]]></system-out>
  <system-err><![CDATA[]]></system-err>
</testsuite>
