<?xml version="1.0" encoding="UTF-8"?>
<testsuite name="org.rootservices.authorization.persistence.mapper.FamilyNameMapperTest" tests="2" skipped="0" failures="0" errors="0" timestamp="2018-01-07T16:02:02" hostname="Kristins-MBP" time="0.315">
  <properties/>
  <testcase name="insertShouldInsertFamilyName" classname="org.rootservices.authorization.persistence.mapper.FamilyNameMapperTest" time="0.166"/>
  <testcase name="findByIdShouldFind" classname="org.rootservices.authorization.persistence.mapper.FamilyNameMapperTest" time="0.146"/>
  <system-out><![CDATA[2018-01-07T10:02:02,464  INFO Test worker support.DefaultTestContextBootstrapper:260 - Loaded default TestExecutionListener class names from location [META-INF/spring.factories]: [org.springframework.test.context.web.ServletTestExecutionListener, org.springframework.test.context.support.DirtiesContextBeforeModesTestExecutionListener, org.springframework.test.context.support.DependencyInjectionTestExecutionListener, org.springframework.test.context.support.DirtiesContextTestExecutionListener, org.springframework.test.context.transaction.TransactionalTestExecutionListener, org.springframework.test.context.jdbc.SqlScriptsTestExecutionListener]
2018-01-07T10:02:02,465  INFO Test worker support.DefaultTestContextBootstrapper:209 - Could not instantiate TestExecutionListener [org.springframework.test.context.web.ServletTestExecutionListener]. Specify custom listener classes or make the default listener classes (and their required dependencies) available. Offending class: [javax/servlet/ServletContext]
2018-01-07T10:02:02,466  INFO Test worker support.DefaultTestContextBootstrapper:187 - Using TestExecutionListeners: [org.springframework.test.context.support.DirtiesContextBeforeModesTestExecutionListener@687dca92, org.springframework.test.context.support.DependencyInjectionTestExecutionListener@2754b3ec, org.springframework.test.context.support.DirtiesContextTestExecutionListener@a24d323, org.springframework.test.context.transaction.TransactionalTestExecutionListener@19c26eb8, org.springframework.test.context.jdbc.SqlScriptsTestExecutionListener@1fed1e48]
2018-01-07T10:02:02,471  INFO Test worker transaction.TransactionContext:101 - Began transaction (1) for test context [DefaultTestContext@7155edd2 testClass = FamilyNameMapperTest, testInstance = org.rootservices.authorization.persistence.mapper.FamilyNameMapperTest@6b7c90fe, testMethod = insertShouldInsertFamilyName@FamilyNameMapperTest, testException = [null], mergedContextConfiguration = [MergedContextConfiguration@1da4058a testClass = FamilyNameMapperTest, locations = '{classpath:spring-auth-test.xml}', classes = '{}', contextInitializerClasses = '[]', activeProfiles = '{}', propertySourceLocations = '{}', propertySourceProperties = '{}', contextCustomizers = set[[empty]], contextLoader = 'org.springframework.test.context.support.DelegatingSmartContextLoader', parent = [null]]]; transaction manager [org.springframework.jdbc.datasource.DataSourceTransactionManager@7c498c62]; rollback [true]
2018-01-07T10:02:02,634  INFO Test worker transaction.TransactionContext:136 - Rolled back transaction for test context [DefaultTestContext@7155edd2 testClass = FamilyNameMapperTest, testInstance = org.rootservices.authorization.persistence.mapper.FamilyNameMapperTest@6b7c90fe, testMethod = insertShouldInsertFamilyName@FamilyNameMapperTest, testException = [null], mergedContextConfiguration = [MergedContextConfiguration@1da4058a testClass = FamilyNameMapperTest, locations = '{classpath:spring-auth-test.xml}', classes = '{}', contextInitializerClasses = '[]', activeProfiles = '{}', propertySourceLocations = '{}', propertySourceProperties = '{}', contextCustomizers = set[[empty]], contextLoader = 'org.springframework.test.context.support.DelegatingSmartContextLoader', parent = [null]]].
2018-01-07T10:02:02,640  INFO Test worker transaction.TransactionContext:101 - Began transaction (1) for test context [DefaultTestContext@7155edd2 testClass = FamilyNameMapperTest, testInstance = org.rootservices.authorization.persistence.mapper.FamilyNameMapperTest@5e123a66, testMethod = findByIdShouldFind@FamilyNameMapperTest, testException = [null], mergedContextConfiguration = [MergedContextConfiguration@1da4058a testClass = FamilyNameMapperTest, locations = '{classpath:spring-auth-test.xml}', classes = '{}', contextInitializerClasses = '[]', activeProfiles = '{}', propertySourceLocations = '{}', propertySourceProperties = '{}', contextCustomizers = set[[empty]], contextLoader = 'org.springframework.test.context.support.DelegatingSmartContextLoader', parent = [null]]]; transaction manager [org.springframework.jdbc.datasource.DataSourceTransactionManager@7c498c62]; rollback [true]
2018-01-07T10:02:02,785  INFO Test worker transaction.TransactionContext:136 - Rolled back transaction for test context [DefaultTestContext@7155edd2 testClass = FamilyNameMapperTest, testInstance = org.rootservices.authorization.persistence.mapper.FamilyNameMapperTest@5e123a66, testMethod = findByIdShouldFind@FamilyNameMapperTest, testException = [null], mergedContextConfiguration = [MergedContextConfiguration@1da4058a testClass = FamilyNameMapperTest, locations = '{classpath:spring-auth-test.xml}', classes = '{}', contextInitializerClasses = '[]', activeProfiles = '{}', propertySourceLocations = '{}', propertySourceProperties = '{}', contextCustomizers = set[[empty]], contextLoader = 'org.springframework.test.context.support.DelegatingSmartContextLoader', parent = [null]]].
]]></system-out>
  <system-err><![CDATA[]]></system-err>
</testsuite>
