<?xml version="1.0" encoding="UTF-8"?>
<testsuite name="integration.authorization.openid.grant.code.request.ValidateOpenIdParams.validation.Scopes.ClientFoundTest" tests="3" skipped="0" failures="0" errors="0" timestamp="2018-01-07T16:01:48" hostname="Kristins-MBP" time="1.053">
  <properties/>
  <testcase name="scopesHasTwoItemsShouldThrowInformClientException" classname="integration.authorization.openid.grant.code.request.ValidateOpenIdParams.validation.Scopes.ClientFoundTest" time="0.393"/>
  <testcase name="scopeIsBlankStringShouldThrowInformClientException" classname="integration.authorization.openid.grant.code.request.ValidateOpenIdParams.validation.Scopes.ClientFoundTest" time="0.331"/>
  <testcase name="scopeIsInvalidShouldThrowInformClientException" classname="integration.authorization.openid.grant.code.request.ValidateOpenIdParams.validation.Scopes.ClientFoundTest" time="0.326"/>
  <system-out><![CDATA[2018-01-07T10:01:48,151  INFO Test worker support.DefaultTestContextBootstrapper:260 - Loaded default TestExecutionListener class names from location [META-INF/spring.factories]: [org.springframework.test.context.web.ServletTestExecutionListener, org.springframework.test.context.support.DirtiesContextBeforeModesTestExecutionListener, org.springframework.test.context.support.DependencyInjectionTestExecutionListener, org.springframework.test.context.support.DirtiesContextTestExecutionListener, org.springframework.test.context.transaction.TransactionalTestExecutionListener, org.springframework.test.context.jdbc.SqlScriptsTestExecutionListener]
2018-01-07T10:01:48,152  INFO Test worker support.DefaultTestContextBootstrapper:209 - Could not instantiate TestExecutionListener [org.springframework.test.context.web.ServletTestExecutionListener]. Specify custom listener classes or make the default listener classes (and their required dependencies) available. Offending class: [javax/servlet/ServletContext]
2018-01-07T10:01:48,153  INFO Test worker support.DefaultTestContextBootstrapper:187 - Using TestExecutionListeners: [org.springframework.test.context.support.DirtiesContextBeforeModesTestExecutionListener@18eec4f9, org.springframework.test.context.support.DependencyInjectionTestExecutionListener@1e31fae4, org.springframework.test.context.support.DirtiesContextTestExecutionListener@473b1e78, org.springframework.test.context.transaction.TransactionalTestExecutionListener@11ccd224, org.springframework.test.context.jdbc.SqlScriptsTestExecutionListener@7feb15e8]
2018-01-07T10:01:48,168  INFO Test worker transaction.TransactionContext:101 - Began transaction (1) for test context [DefaultTestContext@21828dc0 testClass = ClientFoundTest, testInstance = integration.authorization.openid.grant.code.request.ValidateOpenIdParams.validation.Scopes.ClientFoundTest@2e205ab5, testMethod = scopesHasTwoItemsShouldThrowInformClientException@ClientFoundTest, testException = [null], mergedContextConfiguration = [MergedContextConfiguration@6e1c362b testClass = ClientFoundTest, locations = '{classpath:spring-auth-test.xml}', classes = '{}', contextInitializerClasses = '[]', activeProfiles = '{}', propertySourceLocations = '{}', propertySourceProperties = '{}', contextCustomizers = set[[empty]], contextLoader = 'org.springframework.test.context.support.DelegatingSmartContextLoader', parent = [null]]]; transaction manager [org.springframework.jdbc.datasource.DataSourceTransactionManager@2afd27a1]; rollback [true]
2018-01-07T10:01:48,559  INFO Test worker transaction.TransactionContext:136 - Rolled back transaction for test context [DefaultTestContext@21828dc0 testClass = ClientFoundTest, testInstance = integration.authorization.openid.grant.code.request.ValidateOpenIdParams.validation.Scopes.ClientFoundTest@2e205ab5, testMethod = scopesHasTwoItemsShouldThrowInformClientException@ClientFoundTest, testException = [null], mergedContextConfiguration = [MergedContextConfiguration@6e1c362b testClass = ClientFoundTest, locations = '{classpath:spring-auth-test.xml}', classes = '{}', contextInitializerClasses = '[]', activeProfiles = '{}', propertySourceLocations = '{}', propertySourceProperties = '{}', contextCustomizers = set[[empty]], contextLoader = 'org.springframework.test.context.support.DelegatingSmartContextLoader', parent = [null]]].
2018-01-07T10:01:48,562  INFO Test worker transaction.TransactionContext:101 - Began transaction (1) for test context [DefaultTestContext@21828dc0 testClass = ClientFoundTest, testInstance = integration.authorization.openid.grant.code.request.ValidateOpenIdParams.validation.Scopes.ClientFoundTest@152753a3, testMethod = scopeIsBlankStringShouldThrowInformClientException@ClientFoundTest, testException = [null], mergedContextConfiguration = [MergedContextConfiguration@6e1c362b testClass = ClientFoundTest, locations = '{classpath:spring-auth-test.xml}', classes = '{}', contextInitializerClasses = '[]', activeProfiles = '{}', propertySourceLocations = '{}', propertySourceProperties = '{}', contextCustomizers = set[[empty]], contextLoader = 'org.springframework.test.context.support.DelegatingSmartContextLoader', parent = [null]]]; transaction manager [org.springframework.jdbc.datasource.DataSourceTransactionManager@2afd27a1]; rollback [true]
2018-01-07T10:01:48,892  INFO Test worker transaction.TransactionContext:136 - Rolled back transaction for test context [DefaultTestContext@21828dc0 testClass = ClientFoundTest, testInstance = integration.authorization.openid.grant.code.request.ValidateOpenIdParams.validation.Scopes.ClientFoundTest@152753a3, testMethod = scopeIsBlankStringShouldThrowInformClientException@ClientFoundTest, testException = [null], mergedContextConfiguration = [MergedContextConfiguration@6e1c362b testClass = ClientFoundTest, locations = '{classpath:spring-auth-test.xml}', classes = '{}', contextInitializerClasses = '[]', activeProfiles = '{}', propertySourceLocations = '{}', propertySourceProperties = '{}', contextCustomizers = set[[empty]], contextLoader = 'org.springframework.test.context.support.DelegatingSmartContextLoader', parent = [null]]].
2018-01-07T10:01:48,894  INFO Test worker transaction.TransactionContext:101 - Began transaction (1) for test context [DefaultTestContext@21828dc0 testClass = ClientFoundTest, testInstance = integration.authorization.openid.grant.code.request.ValidateOpenIdParams.validation.Scopes.ClientFoundTest@6bd4c7bc, testMethod = scopeIsInvalidShouldThrowInformClientException@ClientFoundTest, testException = [null], mergedContextConfiguration = [MergedContextConfiguration@6e1c362b testClass = ClientFoundTest, locations = '{classpath:spring-auth-test.xml}', classes = '{}', contextInitializerClasses = '[]', activeProfiles = '{}', propertySourceLocations = '{}', propertySourceProperties = '{}', contextCustomizers = set[[empty]], contextLoader = 'org.springframework.test.context.support.DelegatingSmartContextLoader', parent = [null]]]; transaction manager [org.springframework.jdbc.datasource.DataSourceTransactionManager@2afd27a1]; rollback [true]
2018-01-07T10:01:49,199  INFO Test worker transaction.TransactionContext:136 - Rolled back transaction for test context [DefaultTestContext@21828dc0 testClass = ClientFoundTest, testInstance = integration.authorization.openid.grant.code.request.ValidateOpenIdParams.validation.Scopes.ClientFoundTest@6bd4c7bc, testMethod = scopeIsInvalidShouldThrowInformClientException@ClientFoundTest, testException = [null], mergedContextConfiguration = [MergedContextConfiguration@6e1c362b testClass = ClientFoundTest, locations = '{classpath:spring-auth-test.xml}', classes = '{}', contextInitializerClasses = '[]', activeProfiles = '{}', propertySourceLocations = '{}', propertySourceProperties = '{}', contextCustomizers = set[[empty]], contextLoader = 'org.springframework.test.context.support.DelegatingSmartContextLoader', parent = [null]]].
]]></system-out>
  <system-err><![CDATA[]]></system-err>
</testsuite>
