<?xml version="1.0" encoding="UTF-8"?>
<testsuite name="org.rootservices.authorization.oauth2.grant.redirect.code.authorization.request.CompareConfidentialClientToAuthRequestImplTest" tests="5" skipped="0" failures="0" errors="0" timestamp="2018-01-07T16:01:52" hostname="Kristins-MBP" time="1.358">
  <properties/>
  <testcase name="runClientNotFound" classname="org.rootservices.authorization.oauth2.grant.redirect.code.authorization.request.CompareConfidentialClientToAuthRequestImplTest" time="0.125"/>
  <testcase name="runInvalidScope" classname="org.rootservices.authorization.oauth2.grant.redirect.code.authorization.request.CompareConfidentialClientToAuthRequestImplTest" time="0.263"/>
  <testcase name="run" classname="org.rootservices.authorization.oauth2.grant.redirect.code.authorization.request.CompareConfidentialClientToAuthRequestImplTest" time="0.273"/>
  <testcase name="runRedirectUriMismatch" classname="org.rootservices.authorization.oauth2.grant.redirect.code.authorization.request.CompareConfidentialClientToAuthRequestImplTest" time="0.353"/>
  <testcase name="runUnAuthorizedResponseType" classname="org.rootservices.authorization.oauth2.grant.redirect.code.authorization.request.CompareConfidentialClientToAuthRequestImplTest" time="0.341"/>
  <system-out><![CDATA[]]></system-out>
  <system-err><![CDATA[]]></system-err>
</testsuite>
