<?xml version="1.0" encoding="UTF-8"?>
<testsuite name="integration.authorization.openid.grant.token.request.ValidateOpenIdParams.validation.State.ClientNotFoundTest" tests="2" skipped="0" failures="0" errors="0" timestamp="2018-01-07T16:01:51" hostname="Kristins-MBP" time="0.083">
  <properties/>
  <testcase name="stateIsBlankStringShouldThrowInformResourceOwnerException" classname="integration.authorization.openid.grant.token.request.ValidateOpenIdParams.validation.State.ClientNotFoundTest" time="0.071"/>
  <testcase name="stateHasTwoItemsShouldThrowInformResourceOwnerException" classname="integration.authorization.openid.grant.token.request.ValidateOpenIdParams.validation.State.ClientNotFoundTest" time="0.011"/>
  <system-out><![CDATA[2018-01-07T10:01:51,599  INFO Test worker support.DefaultTestContextBootstrapper:260 - Loaded default TestExecutionListener class names from location [META-INF/spring.factories]: [org.springframework.test.context.web.ServletTestExecutionListener, org.springframework.test.context.support.DirtiesContextBeforeModesTestExecutionListener, org.springframework.test.context.support.DependencyInjectionTestExecutionListener, org.springframework.test.context.support.DirtiesContextTestExecutionListener, org.springframework.test.context.transaction.TransactionalTestExecutionListener, org.springframework.test.context.jdbc.SqlScriptsTestExecutionListener]
2018-01-07T10:01:51,602  INFO Test worker support.DefaultTestContextBootstrapper:209 - Could not instantiate TestExecutionListener [org.springframework.test.context.web.ServletTestExecutionListener]. Specify custom listener classes or make the default listener classes (and their required dependencies) available. Offending class: [javax/servlet/ServletContext]
2018-01-07T10:01:51,602  INFO Test worker support.DefaultTestContextBootstrapper:187 - Using TestExecutionListeners: [org.springframework.test.context.support.DirtiesContextBeforeModesTestExecutionListener@58c6b1a9, org.springframework.test.context.support.DependencyInjectionTestExecutionListener@7b906419, org.springframework.test.context.support.DirtiesContextTestExecutionListener@77eff6f7, org.springframework.test.context.transaction.TransactionalTestExecutionListener@7f3dc072, org.springframework.test.context.jdbc.SqlScriptsTestExecutionListener@129b6dc5]
2018-01-07T10:01:51,609  INFO Test worker transaction.TransactionContext:101 - Began transaction (1) for test context [DefaultTestContext@3a90a447 testClass = ClientNotFoundTest, testInstance = integration.authorization.openid.grant.token.request.ValidateOpenIdParams.validation.State.ClientNotFoundTest@4bab825d, testMethod = stateIsBlankStringShouldThrowInformResourceOwnerException@ClientNotFoundTest, testException = [null], mergedContextConfiguration = [MergedContextConfiguration@6ad37323 testClass = ClientNotFoundTest, locations = '{classpath:spring-auth-test.xml}', classes = '{}', contextInitializerClasses = '[]', activeProfiles = '{}', propertySourceLocations = '{}', propertySourceProperties = '{}', contextCustomizers = set[[empty]], contextLoader = 'org.springframework.test.context.support.DelegatingSmartContextLoader', parent = [null]]]; transaction manager [org.springframework.jdbc.datasource.DataSourceTransactionManager@7c498c62]; rollback [true]
2018-01-07T10:01:51,676  INFO Test worker transaction.TransactionContext:136 - Rolled back transaction for test context [DefaultTestContext@3a90a447 testClass = ClientNotFoundTest, testInstance = integration.authorization.openid.grant.token.request.ValidateOpenIdParams.validation.State.ClientNotFoundTest@4bab825d, testMethod = stateIsBlankStringShouldThrowInformResourceOwnerException@ClientNotFoundTest, testException = [null], mergedContextConfiguration = [MergedContextConfiguration@6ad37323 testClass = ClientNotFoundTest, locations = '{classpath:spring-auth-test.xml}', classes = '{}', contextInitializerClasses = '[]', activeProfiles = '{}', propertySourceLocations = '{}', propertySourceProperties = '{}', contextCustomizers = set[[empty]], contextLoader = 'org.springframework.test.context.support.DelegatingSmartContextLoader', parent = [null]]].
2018-01-07T10:01:51,680  INFO Test worker transaction.TransactionContext:101 - Began transaction (1) for test context [DefaultTestContext@3a90a447 testClass = ClientNotFoundTest, testInstance = integration.authorization.openid.grant.token.request.ValidateOpenIdParams.validation.State.ClientNotFoundTest@217dc3fa, testMethod = stateHasTwoItemsShouldThrowInformResourceOwnerException@ClientNotFoundTest, testException = [null], mergedContextConfiguration = [MergedContextConfiguration@6ad37323 testClass = ClientNotFoundTest, locations = '{classpath:spring-auth-test.xml}', classes = '{}', contextInitializerClasses = '[]', activeProfiles = '{}', propertySourceLocations = '{}', propertySourceProperties = '{}', contextCustomizers = set[[empty]], contextLoader = 'org.springframework.test.context.support.DelegatingSmartContextLoader', parent = [null]]]; transaction manager [org.springframework.jdbc.datasource.DataSourceTransactionManager@7c498c62]; rollback [true]
2018-01-07T10:01:51,689  INFO Test worker transaction.TransactionContext:136 - Rolled back transaction for test context [DefaultTestContext@3a90a447 testClass = ClientNotFoundTest, testInstance = integration.authorization.openid.grant.token.request.ValidateOpenIdParams.validation.State.ClientNotFoundTest@217dc3fa, testMethod = stateHasTwoItemsShouldThrowInformResourceOwnerException@ClientNotFoundTest, testException = [null], mergedContextConfiguration = [MergedContextConfiguration@6ad37323 testClass = ClientNotFoundTest, locations = '{classpath:spring-auth-test.xml}', classes = '{}', contextInitializerClasses = '[]', activeProfiles = '{}', propertySourceLocations = '{}', propertySourceProperties = '{}', contextCustomizers = set[[empty]], contextLoader = 'org.springframework.test.context.support.DelegatingSmartContextLoader', parent = [null]]].
]]></system-out>
  <system-err><![CDATA[]]></system-err>
</testsuite>
