<?xml version="1.0" encoding="UTF-8"?>
<testsuite name="org.rootservices.authorization.persistence.entity.ResourceOwnerTest" tests="4" skipped="0" failures="0" errors="0" timestamp="2018-01-07T16:02:02" hostname="Kristins-MBP" time="0.001">
  <properties/>
  <testcase name="UUID" classname="org.rootservices.authorization.persistence.entity.ResourceOwnerTest" time="0.0"/>
  <testcase name="email" classname="org.rootservices.authorization.persistence.entity.ResourceOwnerTest" time="0.001"/>
  <testcase name="password" classname="org.rootservices.authorization.persistence.entity.ResourceOwnerTest" time="0.0"/>
  <testcase name="constructWithParams" classname="org.rootservices.authorization.persistence.entity.ResourceOwnerTest" time="0.0"/>
  <system-out><![CDATA[]]></system-out>
  <system-err><![CDATA[]]></system-err>
</testsuite>
