<?xml version="1.0" encoding="UTF-8"?>
<testsuite name="org.rootservices.authorization.oauth2.grant.redirect.code.authorization.token.MakeBearerTokenTest" tests="2" skipped="0" failures="0" errors="0" timestamp="2018-01-07T16:01:57" hostname="Kristins-MBP" time="0.071">
  <properties/>
  <testcase name="testRun" classname="org.rootservices.authorization.oauth2.grant.redirect.code.authorization.token.MakeBearerTokenTest" time="0.067"/>
  <testcase name="getTokenTypeShouldBeBearer" classname="org.rootservices.authorization.oauth2.grant.redirect.code.authorization.token.MakeBearerTokenTest" time="0.003"/>
  <system-out><![CDATA[]]></system-out>
  <system-err><![CDATA[]]></system-err>
</testsuite>
