<?xml version="1.0" encoding="UTF-8"?>
<testsuite name="integration.authorization.oauth2.grant.token.request.ValidateParams.validation.ResponseType.ClientFoundRedirectMismatchTest" tests="5" skipped="0" failures="0" errors="0" timestamp="2018-01-07T16:01:45" hostname="Kristins-MBP" time="0.142">
  <properties/>
  <testcase name="responseTypeIsInvalidShouldThrowInformResourceOwnerException" classname="integration.authorization.oauth2.grant.token.request.ValidateParams.validation.ResponseType.ClientFoundRedirectMismatchTest" time="0.072"/>
  <testcase name="responseTypeIsNullShouldThrowInformResourceOwnerException" classname="integration.authorization.oauth2.grant.token.request.ValidateParams.validation.ResponseType.ClientFoundRedirectMismatchTest" time="0.02"/>
  <testcase name="responseTypeHasTwoItemsShouldThrowInformResourceOwnerException" classname="integration.authorization.oauth2.grant.token.request.ValidateParams.validation.ResponseType.ClientFoundRedirectMismatchTest" time="0.018"/>
  <testcase name="responseTypeIsBlankStringShouldThrowInformResourceOwnerException" classname="integration.authorization.oauth2.grant.token.request.ValidateParams.validation.ResponseType.ClientFoundRedirectMismatchTest" time="0.012"/>
  <testcase name="responseTypeIsEmptyListShouldThrowInformResourceOwnerException" classname="integration.authorization.oauth2.grant.token.request.ValidateParams.validation.ResponseType.ClientFoundRedirectMismatchTest" time="0.015"/>
  <system-out><![CDATA[2018-01-07T10:01:45,958  INFO Test worker support.DefaultTestContextBootstrapper:260 - Loaded default TestExecutionListener class names from location [META-INF/spring.factories]: [org.springframework.test.context.web.ServletTestExecutionListener, org.springframework.test.context.support.DirtiesContextBeforeModesTestExecutionListener, org.springframework.test.context.support.DependencyInjectionTestExecutionListener, org.springframework.test.context.support.DirtiesContextTestExecutionListener, org.springframework.test.context.transaction.TransactionalTestExecutionListener, org.springframework.test.context.jdbc.SqlScriptsTestExecutionListener]
2018-01-07T10:01:45,962  INFO Test worker support.DefaultTestContextBootstrapper:209 - Could not instantiate TestExecutionListener [org.springframework.test.context.web.ServletTestExecutionListener]. Specify custom listener classes or make the default listener classes (and their required dependencies) available. Offending class: [javax/servlet/ServletContext]
2018-01-07T10:01:45,962  INFO Test worker support.DefaultTestContextBootstrapper:187 - Using TestExecutionListeners: [org.springframework.test.context.support.DirtiesContextBeforeModesTestExecutionListener@39f0b18b, org.springframework.test.context.support.DependencyInjectionTestExecutionListener@61f2a15e, org.springframework.test.context.support.DirtiesContextTestExecutionListener@5ae4a7db, org.springframework.test.context.transaction.TransactionalTestExecutionListener@30f3953e, org.springframework.test.context.jdbc.SqlScriptsTestExecutionListener@c330642]
2018-01-07T10:01:45,972  INFO Test worker transaction.TransactionContext:101 - Began transaction (1) for test context [DefaultTestContext@3f7939e9 testClass = ClientFoundRedirectMismatchTest, testInstance = integration.authorization.oauth2.grant.token.request.ValidateParams.validation.ResponseType.ClientFoundRedirectMismatchTest@3a35812b, testMethod = responseTypeIsInvalidShouldThrowInformResourceOwnerException@ClientFoundRedirectMismatchTest, testException = [null], mergedContextConfiguration = [MergedContextConfiguration@78bfbecb testClass = ClientFoundRedirectMismatchTest, locations = '{classpath:spring-auth-test.xml}', classes = '{}', contextInitializerClasses = '[]', activeProfiles = '{}', propertySourceLocations = '{}', propertySourceProperties = '{}', contextCustomizers = set[[empty]], contextLoader = 'org.springframework.test.context.support.DelegatingSmartContextLoader', parent = [null]]]; transaction manager [org.springframework.jdbc.datasource.DataSourceTransactionManager@2afd27a1]; rollback [true]
2018-01-07T10:01:45,992  INFO Test worker transaction.TransactionContext:136 - Rolled back transaction for test context [DefaultTestContext@3f7939e9 testClass = ClientFoundRedirectMismatchTest, testInstance = integration.authorization.oauth2.grant.token.request.ValidateParams.validation.ResponseType.ClientFoundRedirectMismatchTest@3a35812b, testMethod = responseTypeIsInvalidShouldThrowInformResourceOwnerException@ClientFoundRedirectMismatchTest, testException = [null], mergedContextConfiguration = [MergedContextConfiguration@78bfbecb testClass = ClientFoundRedirectMismatchTest, locations = '{classpath:spring-auth-test.xml}', classes = '{}', contextInitializerClasses = '[]', activeProfiles = '{}', propertySourceLocations = '{}', propertySourceProperties = '{}', contextCustomizers = set[[empty]], contextLoader = 'org.springframework.test.context.support.DelegatingSmartContextLoader', parent = [null]]].
2018-01-07T10:01:46,047  INFO Test worker transaction.TransactionContext:101 - Began transaction (1) for test context [DefaultTestContext@3f7939e9 testClass = ClientFoundRedirectMismatchTest, testInstance = integration.authorization.oauth2.grant.token.request.ValidateParams.validation.ResponseType.ClientFoundRedirectMismatchTest@2723ef11, testMethod = responseTypeIsNullShouldThrowInformResourceOwnerException@ClientFoundRedirectMismatchTest, testException = [null], mergedContextConfiguration = [MergedContextConfiguration@78bfbecb testClass = ClientFoundRedirectMismatchTest, locations = '{classpath:spring-auth-test.xml}', classes = '{}', contextInitializerClasses = '[]', activeProfiles = '{}', propertySourceLocations = '{}', propertySourceProperties = '{}', contextCustomizers = set[[empty]], contextLoader = 'org.springframework.test.context.support.DelegatingSmartContextLoader', parent = [null]]]; transaction manager [org.springframework.jdbc.datasource.DataSourceTransactionManager@2afd27a1]; rollback [true]
2018-01-07T10:01:46,062  INFO Test worker transaction.TransactionContext:136 - Rolled back transaction for test context [DefaultTestContext@3f7939e9 testClass = ClientFoundRedirectMismatchTest, testInstance = integration.authorization.oauth2.grant.token.request.ValidateParams.validation.ResponseType.ClientFoundRedirectMismatchTest@2723ef11, testMethod = responseTypeIsNullShouldThrowInformResourceOwnerException@ClientFoundRedirectMismatchTest, testException = [null], mergedContextConfiguration = [MergedContextConfiguration@78bfbecb testClass = ClientFoundRedirectMismatchTest, locations = '{classpath:spring-auth-test.xml}', classes = '{}', contextInitializerClasses = '[]', activeProfiles = '{}', propertySourceLocations = '{}', propertySourceProperties = '{}', contextCustomizers = set[[empty]], contextLoader = 'org.springframework.test.context.support.DelegatingSmartContextLoader', parent = [null]]].
2018-01-07T10:01:46,069  INFO Test worker transaction.TransactionContext:101 - Began transaction (1) for test context [DefaultTestContext@3f7939e9 testClass = ClientFoundRedirectMismatchTest, testInstance = integration.authorization.oauth2.grant.token.request.ValidateParams.validation.ResponseType.ClientFoundRedirectMismatchTest@47ddc0ec, testMethod = responseTypeHasTwoItemsShouldThrowInformResourceOwnerException@ClientFoundRedirectMismatchTest, testException = [null], mergedContextConfiguration = [MergedContextConfiguration@78bfbecb testClass = ClientFoundRedirectMismatchTest, locations = '{classpath:spring-auth-test.xml}', classes = '{}', contextInitializerClasses = '[]', activeProfiles = '{}', propertySourceLocations = '{}', propertySourceProperties = '{}', contextCustomizers = set[[empty]], contextLoader = 'org.springframework.test.context.support.DelegatingSmartContextLoader', parent = [null]]]; transaction manager [org.springframework.jdbc.datasource.DataSourceTransactionManager@2afd27a1]; rollback [true]
2018-01-07T10:01:46,081  INFO Test worker transaction.TransactionContext:136 - Rolled back transaction for test context [DefaultTestContext@3f7939e9 testClass = ClientFoundRedirectMismatchTest, testInstance = integration.authorization.oauth2.grant.token.request.ValidateParams.validation.ResponseType.ClientFoundRedirectMismatchTest@47ddc0ec, testMethod = responseTypeHasTwoItemsShouldThrowInformResourceOwnerException@ClientFoundRedirectMismatchTest, testException = [null], mergedContextConfiguration = [MergedContextConfiguration@78bfbecb testClass = ClientFoundRedirectMismatchTest, locations = '{classpath:spring-auth-test.xml}', classes = '{}', contextInitializerClasses = '[]', activeProfiles = '{}', propertySourceLocations = '{}', propertySourceProperties = '{}', contextCustomizers = set[[empty]], contextLoader = 'org.springframework.test.context.support.DelegatingSmartContextLoader', parent = [null]]].
2018-01-07T10:01:46,085  INFO Test worker transaction.TransactionContext:101 - Began transaction (1) for test context [DefaultTestContext@3f7939e9 testClass = ClientFoundRedirectMismatchTest, testInstance = integration.authorization.oauth2.grant.token.request.ValidateParams.validation.ResponseType.ClientFoundRedirectMismatchTest@633d2053, testMethod = responseTypeIsBlankStringShouldThrowInformResourceOwnerException@ClientFoundRedirectMismatchTest, testException = [null], mergedContextConfiguration = [MergedContextConfiguration@78bfbecb testClass = ClientFoundRedirectMismatchTest, locations = '{classpath:spring-auth-test.xml}', classes = '{}', contextInitializerClasses = '[]', activeProfiles = '{}', propertySourceLocations = '{}', propertySourceProperties = '{}', contextCustomizers = set[[empty]], contextLoader = 'org.springframework.test.context.support.DelegatingSmartContextLoader', parent = [null]]]; transaction manager [org.springframework.jdbc.datasource.DataSourceTransactionManager@2afd27a1]; rollback [true]
2018-01-07T10:01:46,095  INFO Test worker transaction.TransactionContext:136 - Rolled back transaction for test context [DefaultTestContext@3f7939e9 testClass = ClientFoundRedirectMismatchTest, testInstance = integration.authorization.oauth2.grant.token.request.ValidateParams.validation.ResponseType.ClientFoundRedirectMismatchTest@633d2053, testMethod = responseTypeIsBlankStringShouldThrowInformResourceOwnerException@ClientFoundRedirectMismatchTest, testException = [null], mergedContextConfiguration = [MergedContextConfiguration@78bfbecb testClass = ClientFoundRedirectMismatchTest, locations = '{classpath:spring-auth-test.xml}', classes = '{}', contextInitializerClasses = '[]', activeProfiles = '{}', propertySourceLocations = '{}', propertySourceProperties = '{}', contextCustomizers = set[[empty]], contextLoader = 'org.springframework.test.context.support.DelegatingSmartContextLoader', parent = [null]]].
2018-01-07T10:01:46,098  INFO Test worker transaction.TransactionContext:101 - Began transaction (1) for test context [DefaultTestContext@3f7939e9 testClass = ClientFoundRedirectMismatchTest, testInstance = integration.authorization.oauth2.grant.token.request.ValidateParams.validation.ResponseType.ClientFoundRedirectMismatchTest@5e988a2b, testMethod = responseTypeIsEmptyListShouldThrowInformResourceOwnerException@ClientFoundRedirectMismatchTest, testException = [null], mergedContextConfiguration = [MergedContextConfiguration@78bfbecb testClass = ClientFoundRedirectMismatchTest, locations = '{classpath:spring-auth-test.xml}', classes = '{}', contextInitializerClasses = '[]', activeProfiles = '{}', propertySourceLocations = '{}', propertySourceProperties = '{}', contextCustomizers = set[[empty]], contextLoader = 'org.springframework.test.context.support.DelegatingSmartContextLoader', parent = [null]]]; transaction manager [org.springframework.jdbc.datasource.DataSourceTransactionManager@2afd27a1]; rollback [true]
2018-01-07T10:01:46,111  INFO Test worker transaction.TransactionContext:136 - Rolled back transaction for test context [DefaultTestContext@3f7939e9 testClass = ClientFoundRedirectMismatchTest, testInstance = integration.authorization.oauth2.grant.token.request.ValidateParams.validation.ResponseType.ClientFoundRedirectMismatchTest@5e988a2b, testMethod = responseTypeIsEmptyListShouldThrowInformResourceOwnerException@ClientFoundRedirectMismatchTest, testException = [null], mergedContextConfiguration = [MergedContextConfiguration@78bfbecb testClass = ClientFoundRedirectMismatchTest, locations = '{classpath:spring-auth-test.xml}', classes = '{}', contextInitializerClasses = '[]', activeProfiles = '{}', propertySourceLocations = '{}', propertySourceProperties = '{}', contextCustomizers = set[[empty]], contextLoader = 'org.springframework.test.context.support.DelegatingSmartContextLoader', parent = [null]]].
]]></system-out>
  <system-err><![CDATA[]]></system-err>
</testsuite>
