<?xml version="1.0" encoding="UTF-8"?>
<testsuite name="org.rootservices.authorization.persistence.repository.ResourceOwnerTokenRepositoryImplTest" tests="3" skipped="0" failures="0" errors="0" timestamp="2018-01-07T16:02:11" hostname="Kristins-MBP" time="0.021">
  <properties/>
  <testcase name="getByAccessTokenShouldBeOk" classname="org.rootservices.authorization.persistence.repository.ResourceOwnerTokenRepositoryImplTest" time="0.016"/>
  <testcase name="insertShouldBeOk" classname="org.rootservices.authorization.persistence.repository.ResourceOwnerTokenRepositoryImplTest" time="0.003"/>
  <testcase name="getByAccessTokenShouldThrowRecordNotFound" classname="org.rootservices.authorization.persistence.repository.ResourceOwnerTokenRepositoryImplTest" time="0.001"/>
  <system-out><![CDATA[]]></system-out>
  <system-err><![CDATA[]]></system-err>
</testsuite>
