<?xml version="1.0" encoding="UTF-8"?>
<testsuite name="integration.authorization.oauth2.grant.token.request.ValidateParams.validation.ResponseType.ClientNotFoundTest" tests="5" skipped="0" failures="0" errors="0" timestamp="2018-01-07T16:01:42" hostname="Kristins-MBP" time="0.037">
  <properties/>
  <testcase name="responseTypeIsInvalidShouldThrowInformResourceOwnerException" classname="integration.authorization.oauth2.grant.token.request.ValidateParams.validation.ResponseType.ClientNotFoundTest" time="0.007"/>
  <testcase name="responseTypeIsNullShouldThrowInformResourceOwnerException" classname="integration.authorization.oauth2.grant.token.request.ValidateParams.validation.ResponseType.ClientNotFoundTest" time="0.006"/>
  <testcase name="responseTypeHasTwoItemsShouldThrowInformResourceException" classname="integration.authorization.oauth2.grant.token.request.ValidateParams.validation.ResponseType.ClientNotFoundTest" time="0.006"/>
  <testcase name="responseTypeIsBlankStringShouldThrowInformResourceOwnerException" classname="integration.authorization.oauth2.grant.token.request.ValidateParams.validation.ResponseType.ClientNotFoundTest" time="0.007"/>
  <testcase name="responseTypeIsEmptyListShouldThrowInformResourceOwnerException" classname="integration.authorization.oauth2.grant.token.request.ValidateParams.validation.ResponseType.ClientNotFoundTest" time="0.008"/>
  <system-out><![CDATA[2018-01-07T10:01:42,793  INFO Test worker support.DefaultTestContextBootstrapper:260 - Loaded default TestExecutionListener class names from location [META-INF/spring.factories]: [org.springframework.test.context.web.ServletTestExecutionListener, org.springframework.test.context.support.DirtiesContextBeforeModesTestExecutionListener, org.springframework.test.context.support.DependencyInjectionTestExecutionListener, org.springframework.test.context.support.DirtiesContextTestExecutionListener, org.springframework.test.context.transaction.TransactionalTestExecutionListener, org.springframework.test.context.jdbc.SqlScriptsTestExecutionListener]
2018-01-07T10:01:42,795  INFO Test worker support.DefaultTestContextBootstrapper:209 - Could not instantiate TestExecutionListener [org.springframework.test.context.web.ServletTestExecutionListener]. Specify custom listener classes or make the default listener classes (and their required dependencies) available. Offending class: [javax/servlet/ServletContext]
2018-01-07T10:01:42,795  INFO Test worker support.DefaultTestContextBootstrapper:187 - Using TestExecutionListeners: [org.springframework.test.context.support.DirtiesContextBeforeModesTestExecutionListener@1092f7aa, org.springframework.test.context.support.DependencyInjectionTestExecutionListener@1f3d26d4, org.springframework.test.context.support.DirtiesContextTestExecutionListener@2776abe, org.springframework.test.context.transaction.TransactionalTestExecutionListener@42679a15, org.springframework.test.context.jdbc.SqlScriptsTestExecutionListener@454f0a54]
2018-01-07T10:01:42,800  INFO Test worker transaction.TransactionContext:101 - Began transaction (1) for test context [DefaultTestContext@49c00ced testClass = ClientNotFoundTest, testInstance = integration.authorization.oauth2.grant.token.request.ValidateParams.validation.ResponseType.ClientNotFoundTest@6e28bd9d, testMethod = responseTypeIsInvalidShouldThrowInformResourceOwnerException@ClientNotFoundTest, testException = [null], mergedContextConfiguration = [MergedContextConfiguration@33b29faf testClass = ClientNotFoundTest, locations = '{classpath:spring-auth-test.xml}', classes = '{}', contextInitializerClasses = '[]', activeProfiles = '{}', propertySourceLocations = '{}', propertySourceProperties = '{}', contextCustomizers = set[[empty]], contextLoader = 'org.springframework.test.context.support.DelegatingSmartContextLoader', parent = [null]]]; transaction manager [org.springframework.jdbc.datasource.DataSourceTransactionManager@6cc63594]; rollback [true]
2018-01-07T10:01:42,805  INFO Test worker transaction.TransactionContext:136 - Rolled back transaction for test context [DefaultTestContext@49c00ced testClass = ClientNotFoundTest, testInstance = integration.authorization.oauth2.grant.token.request.ValidateParams.validation.ResponseType.ClientNotFoundTest@6e28bd9d, testMethod = responseTypeIsInvalidShouldThrowInformResourceOwnerException@ClientNotFoundTest, testException = [null], mergedContextConfiguration = [MergedContextConfiguration@33b29faf testClass = ClientNotFoundTest, locations = '{classpath:spring-auth-test.xml}', classes = '{}', contextInitializerClasses = '[]', activeProfiles = '{}', propertySourceLocations = '{}', propertySourceProperties = '{}', contextCustomizers = set[[empty]], contextLoader = 'org.springframework.test.context.support.DelegatingSmartContextLoader', parent = [null]]].
2018-01-07T10:01:42,808  INFO Test worker transaction.TransactionContext:101 - Began transaction (1) for test context [DefaultTestContext@49c00ced testClass = ClientNotFoundTest, testInstance = integration.authorization.oauth2.grant.token.request.ValidateParams.validation.ResponseType.ClientNotFoundTest@3ef1806b, testMethod = responseTypeIsNullShouldThrowInformResourceOwnerException@ClientNotFoundTest, testException = [null], mergedContextConfiguration = [MergedContextConfiguration@33b29faf testClass = ClientNotFoundTest, locations = '{classpath:spring-auth-test.xml}', classes = '{}', contextInitializerClasses = '[]', activeProfiles = '{}', propertySourceLocations = '{}', propertySourceProperties = '{}', contextCustomizers = set[[empty]], contextLoader = 'org.springframework.test.context.support.DelegatingSmartContextLoader', parent = [null]]]; transaction manager [org.springframework.jdbc.datasource.DataSourceTransactionManager@6cc63594]; rollback [true]
2018-01-07T10:01:42,811  INFO Test worker transaction.TransactionContext:136 - Rolled back transaction for test context [DefaultTestContext@49c00ced testClass = ClientNotFoundTest, testInstance = integration.authorization.oauth2.grant.token.request.ValidateParams.validation.ResponseType.ClientNotFoundTest@3ef1806b, testMethod = responseTypeIsNullShouldThrowInformResourceOwnerException@ClientNotFoundTest, testException = [null], mergedContextConfiguration = [MergedContextConfiguration@33b29faf testClass = ClientNotFoundTest, locations = '{classpath:spring-auth-test.xml}', classes = '{}', contextInitializerClasses = '[]', activeProfiles = '{}', propertySourceLocations = '{}', propertySourceProperties = '{}', contextCustomizers = set[[empty]], contextLoader = 'org.springframework.test.context.support.DelegatingSmartContextLoader', parent = [null]]].
2018-01-07T10:01:42,814  INFO Test worker transaction.TransactionContext:101 - Began transaction (1) for test context [DefaultTestContext@49c00ced testClass = ClientNotFoundTest, testInstance = integration.authorization.oauth2.grant.token.request.ValidateParams.validation.ResponseType.ClientNotFoundTest@23724a32, testMethod = responseTypeHasTwoItemsShouldThrowInformResourceException@ClientNotFoundTest, testException = [null], mergedContextConfiguration = [MergedContextConfiguration@33b29faf testClass = ClientNotFoundTest, locations = '{classpath:spring-auth-test.xml}', classes = '{}', contextInitializerClasses = '[]', activeProfiles = '{}', propertySourceLocations = '{}', propertySourceProperties = '{}', contextCustomizers = set[[empty]], contextLoader = 'org.springframework.test.context.support.DelegatingSmartContextLoader', parent = [null]]]; transaction manager [org.springframework.jdbc.datasource.DataSourceTransactionManager@6cc63594]; rollback [true]
2018-01-07T10:01:42,819  INFO Test worker transaction.TransactionContext:136 - Rolled back transaction for test context [DefaultTestContext@49c00ced testClass = ClientNotFoundTest, testInstance = integration.authorization.oauth2.grant.token.request.ValidateParams.validation.ResponseType.ClientNotFoundTest@23724a32, testMethod = responseTypeHasTwoItemsShouldThrowInformResourceException@ClientNotFoundTest, testException = [null], mergedContextConfiguration = [MergedContextConfiguration@33b29faf testClass = ClientNotFoundTest, locations = '{classpath:spring-auth-test.xml}', classes = '{}', contextInitializerClasses = '[]', activeProfiles = '{}', propertySourceLocations = '{}', propertySourceProperties = '{}', contextCustomizers = set[[empty]], contextLoader = 'org.springframework.test.context.support.DelegatingSmartContextLoader', parent = [null]]].
2018-01-07T10:01:42,822  INFO Test worker transaction.TransactionContext:101 - Began transaction (1) for test context [DefaultTestContext@49c00ced testClass = ClientNotFoundTest, testInstance = integration.authorization.oauth2.grant.token.request.ValidateParams.validation.ResponseType.ClientNotFoundTest@7451e93e, testMethod = responseTypeIsBlankStringShouldThrowInformResourceOwnerException@ClientNotFoundTest, testException = [null], mergedContextConfiguration = [MergedContextConfiguration@33b29faf testClass = ClientNotFoundTest, locations = '{classpath:spring-auth-test.xml}', classes = '{}', contextInitializerClasses = '[]', activeProfiles = '{}', propertySourceLocations = '{}', propertySourceProperties = '{}', contextCustomizers = set[[empty]], contextLoader = 'org.springframework.test.context.support.DelegatingSmartContextLoader', parent = [null]]]; transaction manager [org.springframework.jdbc.datasource.DataSourceTransactionManager@6cc63594]; rollback [true]
2018-01-07T10:01:42,826  INFO Test worker transaction.TransactionContext:136 - Rolled back transaction for test context [DefaultTestContext@49c00ced testClass = ClientNotFoundTest, testInstance = integration.authorization.oauth2.grant.token.request.ValidateParams.validation.ResponseType.ClientNotFoundTest@7451e93e, testMethod = responseTypeIsBlankStringShouldThrowInformResourceOwnerException@ClientNotFoundTest, testException = [null], mergedContextConfiguration = [MergedContextConfiguration@33b29faf testClass = ClientNotFoundTest, locations = '{classpath:spring-auth-test.xml}', classes = '{}', contextInitializerClasses = '[]', activeProfiles = '{}', propertySourceLocations = '{}', propertySourceProperties = '{}', contextCustomizers = set[[empty]], contextLoader = 'org.springframework.test.context.support.DelegatingSmartContextLoader', parent = [null]]].
2018-01-07T10:01:42,830  INFO Test worker transaction.TransactionContext:101 - Began transaction (1) for test context [DefaultTestContext@49c00ced testClass = ClientNotFoundTest, testInstance = integration.authorization.oauth2.grant.token.request.ValidateParams.validation.ResponseType.ClientNotFoundTest@38c9c63f, testMethod = responseTypeIsEmptyListShouldThrowInformResourceOwnerException@ClientNotFoundTest, testException = [null], mergedContextConfiguration = [MergedContextConfiguration@33b29faf testClass = ClientNotFoundTest, locations = '{classpath:spring-auth-test.xml}', classes = '{}', contextInitializerClasses = '[]', activeProfiles = '{}', propertySourceLocations = '{}', propertySourceProperties = '{}', contextCustomizers = set[[empty]], contextLoader = 'org.springframework.test.context.support.DelegatingSmartContextLoader', parent = [null]]]; transaction manager [org.springframework.jdbc.datasource.DataSourceTransactionManager@6cc63594]; rollback [true]
2018-01-07T10:01:42,835  INFO Test worker transaction.TransactionContext:136 - Rolled back transaction for test context [DefaultTestContext@49c00ced testClass = ClientNotFoundTest, testInstance = integration.authorization.oauth2.grant.token.request.ValidateParams.validation.ResponseType.ClientNotFoundTest@38c9c63f, testMethod = responseTypeIsEmptyListShouldThrowInformResourceOwnerException@ClientNotFoundTest, testException = [null], mergedContextConfiguration = [MergedContextConfiguration@33b29faf testClass = ClientNotFoundTest, locations = '{classpath:spring-auth-test.xml}', classes = '{}', contextInitializerClasses = '[]', activeProfiles = '{}', propertySourceLocations = '{}', propertySourceProperties = '{}', contextCustomizers = set[[empty]], contextLoader = 'org.springframework.test.context.support.DelegatingSmartContextLoader', parent = [null]]].
]]></system-out>
  <system-err><![CDATA[]]></system-err>
</testsuite>
