<?xml version="1.0" encoding="UTF-8"?>
<testsuite name="org.rootservices.authorization.persistence.mapper.TokenLeadTokenMapperTest" tests="2" skipped="0" failures="0" errors="0" timestamp="2018-01-07T16:02:19" hostname="Kristins-MBP" time="0.427">
  <properties/>
  <testcase name="getByIdShouldBeOk" classname="org.rootservices.authorization.persistence.mapper.TokenLeadTokenMapperTest" time="0.214"/>
  <testcase name="insertShouldBeOk" classname="org.rootservices.authorization.persistence.mapper.TokenLeadTokenMapperTest" time="0.212"/>
  <system-out><![CDATA[2018-01-07T10:02:19,856  INFO Test worker support.DefaultTestContextBootstrapper:260 - Loaded default TestExecutionListener class names from location [META-INF/spring.factories]: [org.springframework.test.context.web.ServletTestExecutionListener, org.springframework.test.context.support.DirtiesContextBeforeModesTestExecutionListener, org.springframework.test.context.support.DependencyInjectionTestExecutionListener, org.springframework.test.context.support.DirtiesContextTestExecutionListener, org.springframework.test.context.transaction.TransactionalTestExecutionListener, org.springframework.test.context.jdbc.SqlScriptsTestExecutionListener]
2018-01-07T10:02:19,857  INFO Test worker support.DefaultTestContextBootstrapper:209 - Could not instantiate TestExecutionListener [org.springframework.test.context.web.ServletTestExecutionListener]. Specify custom listener classes or make the default listener classes (and their required dependencies) available. Offending class: [javax/servlet/ServletContext]
2018-01-07T10:02:19,857  INFO Test worker support.DefaultTestContextBootstrapper:187 - Using TestExecutionListeners: [org.springframework.test.context.support.DirtiesContextBeforeModesTestExecutionListener@3885af43, org.springframework.test.context.support.DependencyInjectionTestExecutionListener@32065b2e, org.springframework.test.context.support.DirtiesContextTestExecutionListener@5f9216a7, org.springframework.test.context.transaction.TransactionalTestExecutionListener@e5c65e2, org.springframework.test.context.jdbc.SqlScriptsTestExecutionListener@1bb63cdd]
2018-01-07T10:02:19,861  INFO Test worker transaction.TransactionContext:101 - Began transaction (1) for test context [DefaultTestContext@4604431e testClass = TokenLeadTokenMapperTest, testInstance = org.rootservices.authorization.persistence.mapper.TokenLeadTokenMapperTest@1cd5d105, testMethod = getByIdShouldBeOk@TokenLeadTokenMapperTest, testException = [null], mergedContextConfiguration = [MergedContextConfiguration@1b69dbae testClass = TokenLeadTokenMapperTest, locations = '{classpath:spring-auth-test.xml}', classes = '{}', contextInitializerClasses = '[]', activeProfiles = '{}', propertySourceLocations = '{}', propertySourceProperties = '{}', contextCustomizers = set[[empty]], contextLoader = 'org.springframework.test.context.support.DelegatingSmartContextLoader', parent = [null]]]; transaction manager [org.springframework.jdbc.datasource.DataSourceTransactionManager@2afd27a1]; rollback [true]
2018-01-07T10:02:20,075  INFO Test worker transaction.TransactionContext:136 - Rolled back transaction for test context [DefaultTestContext@4604431e testClass = TokenLeadTokenMapperTest, testInstance = org.rootservices.authorization.persistence.mapper.TokenLeadTokenMapperTest@1cd5d105, testMethod = getByIdShouldBeOk@TokenLeadTokenMapperTest, testException = [null], mergedContextConfiguration = [MergedContextConfiguration@1b69dbae testClass = TokenLeadTokenMapperTest, locations = '{classpath:spring-auth-test.xml}', classes = '{}', contextInitializerClasses = '[]', activeProfiles = '{}', propertySourceLocations = '{}', propertySourceProperties = '{}', contextCustomizers = set[[empty]], contextLoader = 'org.springframework.test.context.support.DelegatingSmartContextLoader', parent = [null]]].
2018-01-07T10:02:20,076  INFO Test worker transaction.TransactionContext:101 - Began transaction (1) for test context [DefaultTestContext@4604431e testClass = TokenLeadTokenMapperTest, testInstance = org.rootservices.authorization.persistence.mapper.TokenLeadTokenMapperTest@62c8f91a, testMethod = insertShouldBeOk@TokenLeadTokenMapperTest, testException = [null], mergedContextConfiguration = [MergedContextConfiguration@1b69dbae testClass = TokenLeadTokenMapperTest, locations = '{classpath:spring-auth-test.xml}', classes = '{}', contextInitializerClasses = '[]', activeProfiles = '{}', propertySourceLocations = '{}', propertySourceProperties = '{}', contextCustomizers = set[[empty]], contextLoader = 'org.springframework.test.context.support.DelegatingSmartContextLoader', parent = [null]]]; transaction manager [org.springframework.jdbc.datasource.DataSourceTransactionManager@2afd27a1]; rollback [true]
2018-01-07T10:02:20,286  INFO Test worker transaction.TransactionContext:136 - Rolled back transaction for test context [DefaultTestContext@4604431e testClass = TokenLeadTokenMapperTest, testInstance = org.rootservices.authorization.persistence.mapper.TokenLeadTokenMapperTest@62c8f91a, testMethod = insertShouldBeOk@TokenLeadTokenMapperTest, testException = [null], mergedContextConfiguration = [MergedContextConfiguration@1b69dbae testClass = TokenLeadTokenMapperTest, locations = '{classpath:spring-auth-test.xml}', classes = '{}', contextInitializerClasses = '[]', activeProfiles = '{}', propertySourceLocations = '{}', propertySourceProperties = '{}', contextCustomizers = set[[empty]], contextLoader = 'org.springframework.test.context.support.DelegatingSmartContextLoader', parent = [null]]].
]]></system-out>
  <system-err><![CDATA[]]></system-err>
</testsuite>
