<?xml version="1.0" encoding="UTF-8"?>
<testsuite name="org.rootservices.authorization.persistence.repository.TokenRepositoryImplTest" tests="8" skipped="0" failures="0" errors="0" timestamp="2018-01-07T16:02:21" hostname="Kristins-MBP" time="0.235">
  <properties/>
  <testcase name="getByAuthCodeIdShouldBeOk" classname="org.rootservices.authorization.persistence.repository.TokenRepositoryImplTest" time="0.021"/>
  <testcase name="updateExpiresAtByAccessTokenShouldBeOk" classname="org.rootservices.authorization.persistence.repository.TokenRepositoryImplTest" time="0.001"/>
  <testcase name="insertDuplicateTokenShouldThrowDuplicateRecordException" classname="org.rootservices.authorization.persistence.repository.TokenRepositoryImplTest" time="0.104"/>
  <testcase name="revokeActiveShouldBeOk" classname="org.rootservices.authorization.persistence.repository.TokenRepositoryImplTest" time="0.001"/>
  <testcase name="insert" classname="org.rootservices.authorization.persistence.repository.TokenRepositoryImplTest" time="0.106"/>
  <testcase name="revokeByAuthCodeIdShouldBeOk" classname="org.rootservices.authorization.persistence.repository.TokenRepositoryImplTest" time="0.001"/>
  <testcase name="revokeByIdShouldBeOk" classname="org.rootservices.authorization.persistence.repository.TokenRepositoryImplTest" time="0.0"/>
  <testcase name="getByAuthCodeIdShouldThrowRecordNotFound" classname="org.rootservices.authorization.persistence.repository.TokenRepositoryImplTest" time="0.0"/>
  <system-out><![CDATA[]]></system-out>
  <system-err><![CDATA[]]></system-err>
</testsuite>
