<?xml version="1.0" encoding="UTF-8"?>
<testsuite name="integration.authorization.openid.grant.code.request.ValidateOpenIdParams.validation.State.ClientNotFoundTest" tests="2" skipped="0" failures="0" errors="0" timestamp="2018-01-07T16:01:49" hostname="Kristins-MBP" time="0.067">
  <properties/>
  <testcase name="stateIsBlankStringShouldThrowInformResourceOwnerException" classname="integration.authorization.openid.grant.code.request.ValidateOpenIdParams.validation.State.ClientNotFoundTest" time="0.036"/>
  <testcase name="stateHasTwoItemsShouldThrowInformResourceOwnerException" classname="integration.authorization.openid.grant.code.request.ValidateOpenIdParams.validation.State.ClientNotFoundTest" time="0.007"/>
  <system-out><![CDATA[2018-01-07T10:01:49,225  INFO Test worker support.DefaultTestContextBootstrapper:260 - Loaded default TestExecutionListener class names from location [META-INF/spring.factories]: [org.springframework.test.context.web.ServletTestExecutionListener, org.springframework.test.context.support.DirtiesContextBeforeModesTestExecutionListener, org.springframework.test.context.support.DependencyInjectionTestExecutionListener, org.springframework.test.context.support.DirtiesContextTestExecutionListener, org.springframework.test.context.transaction.TransactionalTestExecutionListener, org.springframework.test.context.jdbc.SqlScriptsTestExecutionListener]
2018-01-07T10:01:49,226  INFO Test worker support.DefaultTestContextBootstrapper:209 - Could not instantiate TestExecutionListener [org.springframework.test.context.web.ServletTestExecutionListener]. Specify custom listener classes or make the default listener classes (and their required dependencies) available. Offending class: [javax/servlet/ServletContext]
2018-01-07T10:01:49,227  INFO Test worker support.DefaultTestContextBootstrapper:187 - Using TestExecutionListeners: [org.springframework.test.context.support.DirtiesContextBeforeModesTestExecutionListener@3d2312b0, org.springframework.test.context.support.DependencyInjectionTestExecutionListener@25bef105, org.springframework.test.context.support.DirtiesContextTestExecutionListener@300c5589, org.springframework.test.context.transaction.TransactionalTestExecutionListener@47edb262, org.springframework.test.context.jdbc.SqlScriptsTestExecutionListener@62fe9ebd]
2018-01-07T10:01:49,234  INFO Test worker transaction.TransactionContext:101 - Began transaction (1) for test context [DefaultTestContext@5ea162f8 testClass = ClientNotFoundTest, testInstance = integration.authorization.openid.grant.code.request.ValidateOpenIdParams.validation.State.ClientNotFoundTest@3d31078f, testMethod = stateIsBlankStringShouldThrowInformResourceOwnerException@ClientNotFoundTest, testException = [null], mergedContextConfiguration = [MergedContextConfiguration@309a6d3e testClass = ClientNotFoundTest, locations = '{classpath:spring-auth-test.xml}', classes = '{}', contextInitializerClasses = '[]', activeProfiles = '{}', propertySourceLocations = '{}', propertySourceProperties = '{}', contextCustomizers = set[[empty]], contextLoader = 'org.springframework.test.context.support.DelegatingSmartContextLoader', parent = [null]]]; transaction manager [org.springframework.jdbc.datasource.DataSourceTransactionManager@2afd27a1]; rollback [true]
2018-01-07T10:01:49,254  INFO Test worker transaction.TransactionContext:136 - Rolled back transaction for test context [DefaultTestContext@5ea162f8 testClass = ClientNotFoundTest, testInstance = integration.authorization.openid.grant.code.request.ValidateOpenIdParams.validation.State.ClientNotFoundTest@3d31078f, testMethod = stateIsBlankStringShouldThrowInformResourceOwnerException@ClientNotFoundTest, testException = [null], mergedContextConfiguration = [MergedContextConfiguration@309a6d3e testClass = ClientNotFoundTest, locations = '{classpath:spring-auth-test.xml}', classes = '{}', contextInitializerClasses = '[]', activeProfiles = '{}', propertySourceLocations = '{}', propertySourceProperties = '{}', contextCustomizers = set[[empty]], contextLoader = 'org.springframework.test.context.support.DelegatingSmartContextLoader', parent = [null]]].
2018-01-07T10:01:49,293  INFO Test worker transaction.TransactionContext:101 - Began transaction (1) for test context [DefaultTestContext@5ea162f8 testClass = ClientNotFoundTest, testInstance = integration.authorization.openid.grant.code.request.ValidateOpenIdParams.validation.State.ClientNotFoundTest@316debb5, testMethod = stateHasTwoItemsShouldThrowInformResourceOwnerException@ClientNotFoundTest, testException = [null], mergedContextConfiguration = [MergedContextConfiguration@309a6d3e testClass = ClientNotFoundTest, locations = '{classpath:spring-auth-test.xml}', classes = '{}', contextInitializerClasses = '[]', activeProfiles = '{}', propertySourceLocations = '{}', propertySourceProperties = '{}', contextCustomizers = set[[empty]], contextLoader = 'org.springframework.test.context.support.DelegatingSmartContextLoader', parent = [null]]]; transaction manager [org.springframework.jdbc.datasource.DataSourceTransactionManager@2afd27a1]; rollback [true]
2018-01-07T10:01:49,299  INFO Test worker transaction.TransactionContext:136 - Rolled back transaction for test context [DefaultTestContext@5ea162f8 testClass = ClientNotFoundTest, testInstance = integration.authorization.openid.grant.code.request.ValidateOpenIdParams.validation.State.ClientNotFoundTest@316debb5, testMethod = stateHasTwoItemsShouldThrowInformResourceOwnerException@ClientNotFoundTest, testException = [null], mergedContextConfiguration = [MergedContextConfiguration@309a6d3e testClass = ClientNotFoundTest, locations = '{classpath:spring-auth-test.xml}', classes = '{}', contextInitializerClasses = '[]', activeProfiles = '{}', propertySourceLocations = '{}', propertySourceProperties = '{}', contextCustomizers = set[[empty]], contextLoader = 'org.springframework.test.context.support.DelegatingSmartContextLoader', parent = [null]]].
]]></system-out>
  <system-err><![CDATA[]]></system-err>
</testsuite>
