<?xml version="1.0" encoding="UTF-8"?>
<testsuite name="org.rootservices.authorization.oauth2.grant.redirect.code.token.IssueTokenCodeGrantTest" tests="2" skipped="0" failures="0" errors="0" timestamp="2018-01-07T16:01:57" hostname="Kristins-MBP" time="0.773">
  <properties/>
  <testcase name="runShouldThrowCompromisedCodeException" classname="org.rootservices.authorization.oauth2.grant.redirect.code.token.IssueTokenCodeGrantTest" time="0.599"/>
  <testcase name="runShouldReturnTokenResponse" classname="org.rootservices.authorization.oauth2.grant.redirect.code.token.IssueTokenCodeGrantTest" time="0.172"/>
  <system-out><![CDATA[]]></system-out>
  <system-err><![CDATA[]]></system-err>
</testsuite>
