<?xml version="1.0" encoding="UTF-8"?>
<testsuite name="org.rootservices.authorization.oauth2.grant.redirect.code.authorization.response.RequestAuthCodeTest" tests="3" skipped="0" failures="0" errors="0" timestamp="2018-01-07T16:01:48" hostname="Kristins-MBP" time="1.229">
  <properties/>
  <testcase name="runWhenAuthCodeInsertExceptionShouldThrowInformClientException" classname="org.rootservices.authorization.oauth2.grant.redirect.code.authorization.response.RequestAuthCodeTest" time="0.882"/>
  <testcase name="testRun" classname="org.rootservices.authorization.oauth2.grant.redirect.code.authorization.response.RequestAuthCodeTest" time="0.338"/>
  <testcase name="runWhenFailsLoginShouldThrowUnauthorizedException" classname="org.rootservices.authorization.oauth2.grant.redirect.code.authorization.response.RequestAuthCodeTest" time="0.008"/>
  <system-out><![CDATA[2018-01-07T10:01:48,938 ERROR Test worker response.RequestAuthCode:83 - test
org.rootservices.authorization.oauth2.grant.redirect.code.authorization.response.exception.AuthCodeInsertException: test
	at org.rootservices.authorization.oauth2.grant.redirect.code.authorization.response.RequestAuthCode.makeAuthResponse(RequestAuthCode.java:76) [main/:?]
	at org.rootservices.authorization.oauth2.grant.redirect.code.authorization.response.RequestAuthCode.run(RequestAuthCode.java:60) [main/:?]
	at org.rootservices.authorization.oauth2.grant.redirect.code.authorization.response.RequestAuthCodeTest.runWhenAuthCodeInsertExceptionShouldThrowInformClientException(RequestAuthCodeTest.java:178) [test/:?]
	at sun.reflect.NativeMethodAccessorImpl.invoke0(Native Method) ~[?:1.8.0_20]
	at sun.reflect.NativeMethodAccessorImpl.invoke(NativeMethodAccessorImpl.java:62) ~[?:1.8.0_20]
	at sun.reflect.DelegatingMethodAccessorImpl.invoke(DelegatingMethodAccessorImpl.java:43) ~[?:1.8.0_20]
	at java.lang.reflect.Method.invoke(Method.java:483) ~[?:1.8.0_20]
	at org.junit.runners.model.FrameworkMethod$1.runReflectiveCall(FrameworkMethod.java:50) [junit-4.12.jar:4.12]
	at org.junit.internal.runners.model.ReflectiveCallable.run(ReflectiveCallable.java:12) [junit-4.12.jar:4.12]
	at org.junit.runners.model.FrameworkMethod.invokeExplosively(FrameworkMethod.java:47) [junit-4.12.jar:4.12]
	at org.junit.internal.runners.statements.InvokeMethod.evaluate(InvokeMethod.java:17) [junit-4.12.jar:4.12]
	at org.junit.internal.runners.statements.RunBefores.evaluate(RunBefores.java:26) [junit-4.12.jar:4.12]
	at org.junit.runners.ParentRunner.runLeaf(ParentRunner.java:325) [junit-4.12.jar:4.12]
	at org.junit.runners.BlockJUnit4ClassRunner.runChild(BlockJUnit4ClassRunner.java:78) [junit-4.12.jar:4.12]
	at org.junit.runners.BlockJUnit4ClassRunner.runChild(BlockJUnit4ClassRunner.java:57) [junit-4.12.jar:4.12]
	at org.junit.runners.ParentRunner$3.run(ParentRunner.java:290) [junit-4.12.jar:4.12]
	at org.junit.runners.ParentRunner$1.schedule(ParentRunner.java:71) [junit-4.12.jar:4.12]
	at org.junit.runners.ParentRunner.runChildren(ParentRunner.java:288) [junit-4.12.jar:4.12]
	at org.junit.runners.ParentRunner.access$000(ParentRunner.java:58) [junit-4.12.jar:4.12]
	at org.junit.runners.ParentRunner$2.evaluate(ParentRunner.java:268) [junit-4.12.jar:4.12]
	at org.junit.runners.ParentRunner.run(ParentRunner.java:363) [junit-4.12.jar:4.12]
	at org.gradle.api.internal.tasks.testing.junit.JUnitTestClassExecuter.runTestClass(JUnitTestClassExecuter.java:114) [gradle-testing-jvm-4.3.1.jar:4.3.1]
	at org.gradle.api.internal.tasks.testing.junit.JUnitTestClassExecuter.execute(JUnitTestClassExecuter.java:57) [gradle-testing-jvm-4.3.1.jar:4.3.1]
	at org.gradle.api.internal.tasks.testing.junit.JUnitTestClassProcessor.processTestClass(JUnitTestClassProcessor.java:66) [gradle-testing-jvm-4.3.1.jar:4.3.1]
	at org.gradle.api.internal.tasks.testing.SuiteTestClassProcessor.processTestClass(SuiteTestClassProcessor.java:51) [gradle-testing-base-4.3.1.jar:4.3.1]
	at sun.reflect.GeneratedMethodAccessor64.invoke(Unknown Source) ~[?:?]
	at sun.reflect.DelegatingMethodAccessorImpl.invoke(DelegatingMethodAccessorImpl.java:43) ~[?:1.8.0_20]
	at java.lang.reflect.Method.invoke(Method.java:483) ~[?:1.8.0_20]
	at org.gradle.internal.dispatch.ReflectionDispatch.dispatch(ReflectionDispatch.java:35) [gradle-messaging-4.3.1.jar:4.3.1]
	at org.gradle.internal.dispatch.ReflectionDispatch.dispatch(ReflectionDispatch.java:24) [gradle-messaging-4.3.1.jar:4.3.1]
	at org.gradle.internal.dispatch.ContextClassLoaderDispatch.dispatch(ContextClassLoaderDispatch.java:32) [gradle-messaging-4.3.1.jar:4.3.1]
	at org.gradle.internal.dispatch.ProxyDispatchAdapter$DispatchingInvocationHandler.invoke(ProxyDispatchAdapter.java:93) [gradle-messaging-4.3.1.jar:4.3.1]
	at com.sun.proxy.$Proxy1.processTestClass(Unknown Source) [?:?]
	at org.gradle.api.internal.tasks.testing.worker.TestWorker.processTestClass(TestWorker.java:108) [gradle-testing-base-4.3.1.jar:4.3.1]
	at sun.reflect.GeneratedMethodAccessor63.invoke(Unknown Source) ~[?:?]
	at sun.reflect.DelegatingMethodAccessorImpl.invoke(DelegatingMethodAccessorImpl.java:43) ~[?:1.8.0_20]
	at java.lang.reflect.Method.invoke(Method.java:483) ~[?:1.8.0_20]
	at org.gradle.internal.dispatch.ReflectionDispatch.dispatch(ReflectionDispatch.java:35) [gradle-messaging-4.3.1.jar:4.3.1]
	at org.gradle.internal.dispatch.ReflectionDispatch.dispatch(ReflectionDispatch.java:24) [gradle-messaging-4.3.1.jar:4.3.1]
	at org.gradle.internal.remote.internal.hub.MessageHubBackedObjectConnection$DispatchWrapper.dispatch(MessageHubBackedObjectConnection.java:146) [gradle-messaging-4.3.1.jar:4.3.1]
	at org.gradle.internal.remote.internal.hub.MessageHubBackedObjectConnection$DispatchWrapper.dispatch(MessageHubBackedObjectConnection.java:128) [gradle-messaging-4.3.1.jar:4.3.1]
	at org.gradle.internal.remote.internal.hub.MessageHub$Handler.run(MessageHub.java:404) [gradle-messaging-4.3.1.jar:4.3.1]
	at org.gradle.internal.concurrent.ExecutorPolicy$CatchAndRecordFailures.onExecute(ExecutorPolicy.java:63) [gradle-base-services-4.3.1.jar:4.3.1]
	at org.gradle.internal.concurrent.ManagedExecutorImpl$1.run(ManagedExecutorImpl.java:46) [gradle-base-services-4.3.1.jar:4.3.1]
	at java.util.concurrent.ThreadPoolExecutor.runWorker(ThreadPoolExecutor.java:1142) [?:1.8.0_20]
	at java.util.concurrent.ThreadPoolExecutor$Worker.run(ThreadPoolExecutor.java:617) [?:1.8.0_20]
	at org.gradle.internal.concurrent.ThreadFactoryImpl$ManagedThreadRunnable.run(ThreadFactoryImpl.java:55) [gradle-base-services-4.3.1.jar:4.3.1]
	at java.lang.Thread.run(Thread.java:745) [?:1.8.0_20]
]]></system-out>
  <system-err><![CDATA[]]></system-err>
</testsuite>
