<?xml version="1.0" encoding="UTF-8"?>
<testsuite name="org.rootservices.authorization.persistence.mapper.ClientMapperTest" tests="3" skipped="0" failures="0" errors="0" timestamp="2018-01-07T16:02:07" hostname="Kristins-MBP" time="0.03">
  <properties/>
  <testcase name="getByUUIDNotFound" classname="org.rootservices.authorization.persistence.mapper.ClientMapperTest" time="0.009"/>
  <testcase name="insert" classname="org.rootservices.authorization.persistence.mapper.ClientMapperTest" time="0.005"/>
  <testcase name="getByUUID" classname="org.rootservices.authorization.persistence.mapper.ClientMapperTest" time="0.013"/>
  <system-out><![CDATA[2018-01-07T10:02:07,139  INFO Test worker support.DefaultTestContextBootstrapper:260 - Loaded default TestExecutionListener class names from location [META-INF/spring.factories]: [org.springframework.test.context.web.ServletTestExecutionListener, org.springframework.test.context.support.DirtiesContextBeforeModesTestExecutionListener, org.springframework.test.context.support.DependencyInjectionTestExecutionListener, org.springframework.test.context.support.DirtiesContextTestExecutionListener, org.springframework.test.context.transaction.TransactionalTestExecutionListener, org.springframework.test.context.jdbc.SqlScriptsTestExecutionListener]
2018-01-07T10:02:07,140  INFO Test worker support.DefaultTestContextBootstrapper:209 - Could not instantiate TestExecutionListener [org.springframework.test.context.web.ServletTestExecutionListener]. Specify custom listener classes or make the default listener classes (and their required dependencies) available. Offending class: [javax/servlet/ServletContext]
2018-01-07T10:02:07,142  INFO Test worker support.DefaultTestContextBootstrapper:187 - Using TestExecutionListeners: [org.springframework.test.context.support.DirtiesContextBeforeModesTestExecutionListener@175fc4cf, org.springframework.test.context.support.DependencyInjectionTestExecutionListener@3bf11470, org.springframework.test.context.support.DirtiesContextTestExecutionListener@62029106, org.springframework.test.context.transaction.TransactionalTestExecutionListener@7d430506, org.springframework.test.context.jdbc.SqlScriptsTestExecutionListener@1453cfdd]
2018-01-07T10:02:07,152  INFO Test worker transaction.TransactionContext:101 - Began transaction (1) for test context [DefaultTestContext@3ee77c9a testClass = ClientMapperTest, testInstance = org.rootservices.authorization.persistence.mapper.ClientMapperTest@93f8766, testMethod = getByUUIDNotFound@ClientMapperTest, testException = [null], mergedContextConfiguration = [MergedContextConfiguration@27320bb3 testClass = ClientMapperTest, locations = '{classpath:spring-auth-test.xml}', classes = '{}', contextInitializerClasses = '[]', activeProfiles = '{}', propertySourceLocations = '{}', propertySourceProperties = '{}', contextCustomizers = set[[empty]], contextLoader = 'org.springframework.test.context.support.DelegatingSmartContextLoader', parent = [null]]]; transaction manager [org.springframework.jdbc.datasource.DataSourceTransactionManager@6cc63594]; rollback [true]
2018-01-07T10:02:07,158  INFO Test worker transaction.TransactionContext:136 - Rolled back transaction for test context [DefaultTestContext@3ee77c9a testClass = ClientMapperTest, testInstance = org.rootservices.authorization.persistence.mapper.ClientMapperTest@93f8766, testMethod = getByUUIDNotFound@ClientMapperTest, testException = [null], mergedContextConfiguration = [MergedContextConfiguration@27320bb3 testClass = ClientMapperTest, locations = '{classpath:spring-auth-test.xml}', classes = '{}', contextInitializerClasses = '[]', activeProfiles = '{}', propertySourceLocations = '{}', propertySourceProperties = '{}', contextCustomizers = set[[empty]], contextLoader = 'org.springframework.test.context.support.DelegatingSmartContextLoader', parent = [null]]].
2018-01-07T10:02:07,165  INFO Test worker transaction.TransactionContext:101 - Began transaction (1) for test context [DefaultTestContext@3ee77c9a testClass = ClientMapperTest, testInstance = org.rootservices.authorization.persistence.mapper.ClientMapperTest@1e0629f1, testMethod = insert@ClientMapperTest, testException = [null], mergedContextConfiguration = [MergedContextConfiguration@27320bb3 testClass = ClientMapperTest, locations = '{classpath:spring-auth-test.xml}', classes = '{}', contextInitializerClasses = '[]', activeProfiles = '{}', propertySourceLocations = '{}', propertySourceProperties = '{}', contextCustomizers = set[[empty]], contextLoader = 'org.springframework.test.context.support.DelegatingSmartContextLoader', parent = [null]]]; transaction manager [org.springframework.jdbc.datasource.DataSourceTransactionManager@6cc63594]; rollback [true]
2018-01-07T10:02:07,167  INFO Test worker transaction.TransactionContext:136 - Rolled back transaction for test context [DefaultTestContext@3ee77c9a testClass = ClientMapperTest, testInstance = org.rootservices.authorization.persistence.mapper.ClientMapperTest@1e0629f1, testMethod = insert@ClientMapperTest, testException = [null], mergedContextConfiguration = [MergedContextConfiguration@27320bb3 testClass = ClientMapperTest, locations = '{classpath:spring-auth-test.xml}', classes = '{}', contextInitializerClasses = '[]', activeProfiles = '{}', propertySourceLocations = '{}', propertySourceProperties = '{}', contextCustomizers = set[[empty]], contextLoader = 'org.springframework.test.context.support.DelegatingSmartContextLoader', parent = [null]]].
2018-01-07T10:02:07,170  INFO Test worker transaction.TransactionContext:101 - Began transaction (1) for test context [DefaultTestContext@3ee77c9a testClass = ClientMapperTest, testInstance = org.rootservices.authorization.persistence.mapper.ClientMapperTest@6e7135b6, testMethod = getByUUID@ClientMapperTest, testException = [null], mergedContextConfiguration = [MergedContextConfiguration@27320bb3 testClass = ClientMapperTest, locations = '{classpath:spring-auth-test.xml}', classes = '{}', contextInitializerClasses = '[]', activeProfiles = '{}', propertySourceLocations = '{}', propertySourceProperties = '{}', contextCustomizers = set[[empty]], contextLoader = 'org.springframework.test.context.support.DelegatingSmartContextLoader', parent = [null]]]; transaction manager [org.springframework.jdbc.datasource.DataSourceTransactionManager@6cc63594]; rollback [true]
2018-01-07T10:02:07,181  INFO Test worker transaction.TransactionContext:136 - Rolled back transaction for test context [DefaultTestContext@3ee77c9a testClass = ClientMapperTest, testInstance = org.rootservices.authorization.persistence.mapper.ClientMapperTest@6e7135b6, testMethod = getByUUID@ClientMapperTest, testException = [null], mergedContextConfiguration = [MergedContextConfiguration@27320bb3 testClass = ClientMapperTest, locations = '{classpath:spring-auth-test.xml}', classes = '{}', contextInitializerClasses = '[]', activeProfiles = '{}', propertySourceLocations = '{}', propertySourceProperties = '{}', contextCustomizers = set[[empty]], contextLoader = 'org.springframework.test.context.support.DelegatingSmartContextLoader', parent = [null]]].
]]></system-out>
  <system-err><![CDATA[]]></system-err>
</testsuite>
