<?xml version="1.0" encoding="UTF-8"?>
<testsuite name="org.rootservices.authorization.register.RegisterOpenIdUserTest" tests="6" skipped="0" failures="0" errors="0" timestamp="2018-01-07T16:02:08" hostname="Kristins-MBP" time="0.454">
  <properties/>
  <testcase name="runShouldBeOk" classname="org.rootservices.authorization.register.RegisterOpenIdUserTest" time="0.318"/>
  <testcase name="runWhenEmailAlreadyUsedShouldThrowRegisterException" classname="org.rootservices.authorization.register.RegisterOpenIdUserTest" time="0.132"/>
  <testcase name="runWhenEmailNullShouldThrowRegisterException" classname="org.rootservices.authorization.register.RegisterOpenIdUserTest" time="0.001"/>
  <testcase name="runWhenEmailBlankShouldThrowRegisterException" classname="org.rootservices.authorization.register.RegisterOpenIdUserTest" time="0.001"/>
  <testcase name="runWhenPasswordNullShouldThrowRegisterException" classname="org.rootservices.authorization.register.RegisterOpenIdUserTest" time="0.001"/>
  <testcase name="runWhenPasswordBlankShouldThrowRegisterException" classname="org.rootservices.authorization.register.RegisterOpenIdUserTest" time="0.001"/>
  <system-out><![CDATA[]]></system-out>
  <system-err><![CDATA[]]></system-err>
</testsuite>
