<?xml version="1.0" encoding="UTF-8"?>
<testsuite name="org.rootservices.authorization.parse.validator.OptionalParamTest" tests="4" skipped="0" failures="0" errors="0" timestamp="2018-01-07T16:02:10" hostname="Kristins-MBP" time="0.001">
  <properties/>
  <testcase name="runWhenOneItemIsEmptyShouldThrowEmptyValueError" classname="org.rootservices.authorization.parse.validator.OptionalParamTest" time="0.001"/>
  <testcase name="runWhenZeroItemsShouldBeOK" classname="org.rootservices.authorization.parse.validator.OptionalParamTest" time="0.0"/>
  <testcase name="runWhenTooManyItemsShouldThrowMoreThanOneItemError" classname="org.rootservices.authorization.parse.validator.OptionalParamTest" time="0.0"/>
  <testcase name="runWhenOneItemShouldBeOK" classname="org.rootservices.authorization.parse.validator.OptionalParamTest" time="0.0"/>
  <system-out><![CDATA[]]></system-out>
  <system-err><![CDATA[]]></system-err>
</testsuite>
