<?xml version="1.0" encoding="UTF-8"?>
<testsuite name="integration.authorization.openid.grant.token.request.ValidateOpenIdParams.validation.State.ClientFoundTest" tests="2" skipped="0" failures="0" errors="0" timestamp="2018-01-07T16:01:43" hostname="Kristins-MBP" time="0.074">
  <properties/>
  <testcase name="stateHasTwoItemsShouldThrowInformClientException" classname="integration.authorization.openid.grant.token.request.ValidateOpenIdParams.validation.State.ClientFoundTest" time="0.048"/>
  <testcase name="stateIsBlankStringShouldThrowInformClientException" classname="integration.authorization.openid.grant.token.request.ValidateOpenIdParams.validation.State.ClientFoundTest" time="0.025"/>
  <system-out><![CDATA[2018-01-07T10:01:43,972  INFO Test worker support.DefaultTestContextBootstrapper:260 - Loaded default TestExecutionListener class names from location [META-INF/spring.factories]: [org.springframework.test.context.web.ServletTestExecutionListener, org.springframework.test.context.support.DirtiesContextBeforeModesTestExecutionListener, org.springframework.test.context.support.DependencyInjectionTestExecutionListener, org.springframework.test.context.support.DirtiesContextTestExecutionListener, org.springframework.test.context.transaction.TransactionalTestExecutionListener, org.springframework.test.context.jdbc.SqlScriptsTestExecutionListener]
2018-01-07T10:01:43,974  INFO Test worker support.DefaultTestContextBootstrapper:209 - Could not instantiate TestExecutionListener [org.springframework.test.context.web.ServletTestExecutionListener]. Specify custom listener classes or make the default listener classes (and their required dependencies) available. Offending class: [javax/servlet/ServletContext]
2018-01-07T10:01:43,975  INFO Test worker support.DefaultTestContextBootstrapper:187 - Using TestExecutionListeners: [org.springframework.test.context.support.DirtiesContextBeforeModesTestExecutionListener@4d3c3de6, org.springframework.test.context.support.DependencyInjectionTestExecutionListener@1bd5ce7d, org.springframework.test.context.support.DirtiesContextTestExecutionListener@35c51b9a, org.springframework.test.context.transaction.TransactionalTestExecutionListener@786f7c10, org.springframework.test.context.jdbc.SqlScriptsTestExecutionListener@5410adf6]
2018-01-07T10:01:43,979  INFO Test worker transaction.TransactionContext:101 - Began transaction (1) for test context [DefaultTestContext@2e25e838 testClass = ClientFoundTest, testInstance = integration.authorization.openid.grant.token.request.ValidateOpenIdParams.validation.State.ClientFoundTest@56e7889c, testMethod = stateHasTwoItemsShouldThrowInformClientException@ClientFoundTest, testException = [null], mergedContextConfiguration = [MergedContextConfiguration@6183372f testClass = ClientFoundTest, locations = '{classpath:spring-auth-test.xml}', classes = '{}', contextInitializerClasses = '[]', activeProfiles = '{}', propertySourceLocations = '{}', propertySourceProperties = '{}', contextCustomizers = set[[empty]], contextLoader = 'org.springframework.test.context.support.DelegatingSmartContextLoader', parent = [null]]]; transaction manager [org.springframework.jdbc.datasource.DataSourceTransactionManager@6cc63594]; rollback [true]
2018-01-07T10:01:44,025  INFO Test worker transaction.TransactionContext:136 - Rolled back transaction for test context [DefaultTestContext@2e25e838 testClass = ClientFoundTest, testInstance = integration.authorization.openid.grant.token.request.ValidateOpenIdParams.validation.State.ClientFoundTest@56e7889c, testMethod = stateHasTwoItemsShouldThrowInformClientException@ClientFoundTest, testException = [null], mergedContextConfiguration = [MergedContextConfiguration@6183372f testClass = ClientFoundTest, locations = '{classpath:spring-auth-test.xml}', classes = '{}', contextInitializerClasses = '[]', activeProfiles = '{}', propertySourceLocations = '{}', propertySourceProperties = '{}', contextCustomizers = set[[empty]], contextLoader = 'org.springframework.test.context.support.DelegatingSmartContextLoader', parent = [null]]].
2018-01-07T10:01:44,029  INFO Test worker transaction.TransactionContext:101 - Began transaction (1) for test context [DefaultTestContext@2e25e838 testClass = ClientFoundTest, testInstance = integration.authorization.openid.grant.token.request.ValidateOpenIdParams.validation.State.ClientFoundTest@29e7be2e, testMethod = stateIsBlankStringShouldThrowInformClientException@ClientFoundTest, testException = [null], mergedContextConfiguration = [MergedContextConfiguration@6183372f testClass = ClientFoundTest, locations = '{classpath:spring-auth-test.xml}', classes = '{}', contextInitializerClasses = '[]', activeProfiles = '{}', propertySourceLocations = '{}', propertySourceProperties = '{}', contextCustomizers = set[[empty]], contextLoader = 'org.springframework.test.context.support.DelegatingSmartContextLoader', parent = [null]]]; transaction manager [org.springframework.jdbc.datasource.DataSourceTransactionManager@6cc63594]; rollback [true]
2018-01-07T10:01:44,051  INFO Test worker transaction.TransactionContext:136 - Rolled back transaction for test context [DefaultTestContext@2e25e838 testClass = ClientFoundTest, testInstance = integration.authorization.openid.grant.token.request.ValidateOpenIdParams.validation.State.ClientFoundTest@29e7be2e, testMethod = stateIsBlankStringShouldThrowInformClientException@ClientFoundTest, testException = [null], mergedContextConfiguration = [MergedContextConfiguration@6183372f testClass = ClientFoundTest, locations = '{classpath:spring-auth-test.xml}', classes = '{}', contextInitializerClasses = '[]', activeProfiles = '{}', propertySourceLocations = '{}', propertySourceProperties = '{}', contextCustomizers = set[[empty]], contextLoader = 'org.springframework.test.context.support.DelegatingSmartContextLoader', parent = [null]]].
]]></system-out>
  <system-err><![CDATA[]]></system-err>
</testsuite>
