<?xml version="1.0" encoding="UTF-8"?>
<testsuite name="integration.authorization.oauth2.grant.token.request.ValidateParams.validation.RedirectUriTest" tests="4" skipped="0" failures="0" errors="0" timestamp="2018-01-07T16:01:46" hostname="Kristins-MBP" time="0.07">
  <properties/>
  <testcase name="redirectUriIsBlankStringShouldThrowInformResourceOwnerException" classname="integration.authorization.oauth2.grant.token.request.ValidateParams.validation.RedirectUriTest" time="0.021"/>
  <testcase name="redirectUrisHasTwoItemsShouldThrowInformResourceOwnerException" classname="integration.authorization.oauth2.grant.token.request.ValidateParams.validation.RedirectUriTest" time="0.014"/>
  <testcase name="redirectUriDoesNotMatchClientShouldThrowInformResourceOwnerException" classname="integration.authorization.oauth2.grant.token.request.ValidateParams.validation.RedirectUriTest" time="0.016"/>
  <testcase name="redirectUriIsInvalidShouldThrowInformResourceOwnerException" classname="integration.authorization.oauth2.grant.token.request.ValidateParams.validation.RedirectUriTest" time="0.016"/>
  <system-out><![CDATA[2018-01-07T10:01:46,885  INFO Test worker support.DefaultTestContextBootstrapper:260 - Loaded default TestExecutionListener class names from location [META-INF/spring.factories]: [org.springframework.test.context.web.ServletTestExecutionListener, org.springframework.test.context.support.DirtiesContextBeforeModesTestExecutionListener, org.springframework.test.context.support.DependencyInjectionTestExecutionListener, org.springframework.test.context.support.DirtiesContextTestExecutionListener, org.springframework.test.context.transaction.TransactionalTestExecutionListener, org.springframework.test.context.jdbc.SqlScriptsTestExecutionListener]
2018-01-07T10:01:46,887  INFO Test worker support.DefaultTestContextBootstrapper:209 - Could not instantiate TestExecutionListener [org.springframework.test.context.web.ServletTestExecutionListener]. Specify custom listener classes or make the default listener classes (and their required dependencies) available. Offending class: [javax/servlet/ServletContext]
2018-01-07T10:01:46,888  INFO Test worker support.DefaultTestContextBootstrapper:187 - Using TestExecutionListeners: [org.springframework.test.context.support.DirtiesContextBeforeModesTestExecutionListener@327ce79b, org.springframework.test.context.support.DependencyInjectionTestExecutionListener@5e6347c0, org.springframework.test.context.support.DirtiesContextTestExecutionListener@76d9d758, org.springframework.test.context.transaction.TransactionalTestExecutionListener@58cd16a7, org.springframework.test.context.jdbc.SqlScriptsTestExecutionListener@d58721a]
2018-01-07T10:01:46,900  INFO Test worker transaction.TransactionContext:101 - Began transaction (1) for test context [DefaultTestContext@f543e79 testClass = RedirectUriTest, testInstance = integration.authorization.oauth2.grant.token.request.ValidateParams.validation.RedirectUriTest@4d1efe7c, testMethod = redirectUriIsBlankStringShouldThrowInformResourceOwnerException@RedirectUriTest, testException = [null], mergedContextConfiguration = [MergedContextConfiguration@49416936 testClass = RedirectUriTest, locations = '{classpath:spring-auth-test.xml}', classes = '{}', contextInitializerClasses = '[]', activeProfiles = '{}', propertySourceLocations = '{}', propertySourceProperties = '{}', contextCustomizers = set[[empty]], contextLoader = 'org.springframework.test.context.support.DelegatingSmartContextLoader', parent = [null]]]; transaction manager [org.springframework.jdbc.datasource.DataSourceTransactionManager@7c498c62]; rollback [true]
2018-01-07T10:01:46,917  INFO Test worker transaction.TransactionContext:136 - Rolled back transaction for test context [DefaultTestContext@f543e79 testClass = RedirectUriTest, testInstance = integration.authorization.oauth2.grant.token.request.ValidateParams.validation.RedirectUriTest@4d1efe7c, testMethod = redirectUriIsBlankStringShouldThrowInformResourceOwnerException@RedirectUriTest, testException = [null], mergedContextConfiguration = [MergedContextConfiguration@49416936 testClass = RedirectUriTest, locations = '{classpath:spring-auth-test.xml}', classes = '{}', contextInitializerClasses = '[]', activeProfiles = '{}', propertySourceLocations = '{}', propertySourceProperties = '{}', contextCustomizers = set[[empty]], contextLoader = 'org.springframework.test.context.support.DelegatingSmartContextLoader', parent = [null]]].
2018-01-07T10:01:46,920  INFO Test worker transaction.TransactionContext:101 - Began transaction (1) for test context [DefaultTestContext@f543e79 testClass = RedirectUriTest, testInstance = integration.authorization.oauth2.grant.token.request.ValidateParams.validation.RedirectUriTest@3f61ef7d, testMethod = redirectUrisHasTwoItemsShouldThrowInformResourceOwnerException@RedirectUriTest, testException = [null], mergedContextConfiguration = [MergedContextConfiguration@49416936 testClass = RedirectUriTest, locations = '{classpath:spring-auth-test.xml}', classes = '{}', contextInitializerClasses = '[]', activeProfiles = '{}', propertySourceLocations = '{}', propertySourceProperties = '{}', contextCustomizers = set[[empty]], contextLoader = 'org.springframework.test.context.support.DelegatingSmartContextLoader', parent = [null]]]; transaction manager [org.springframework.jdbc.datasource.DataSourceTransactionManager@7c498c62]; rollback [true]
2018-01-07T10:01:46,933  INFO Test worker transaction.TransactionContext:136 - Rolled back transaction for test context [DefaultTestContext@f543e79 testClass = RedirectUriTest, testInstance = integration.authorization.oauth2.grant.token.request.ValidateParams.validation.RedirectUriTest@3f61ef7d, testMethod = redirectUrisHasTwoItemsShouldThrowInformResourceOwnerException@RedirectUriTest, testException = [null], mergedContextConfiguration = [MergedContextConfiguration@49416936 testClass = RedirectUriTest, locations = '{classpath:spring-auth-test.xml}', classes = '{}', contextInitializerClasses = '[]', activeProfiles = '{}', propertySourceLocations = '{}', propertySourceProperties = '{}', contextCustomizers = set[[empty]], contextLoader = 'org.springframework.test.context.support.DelegatingSmartContextLoader', parent = [null]]].
2018-01-07T10:01:46,936  INFO Test worker transaction.TransactionContext:101 - Began transaction (1) for test context [DefaultTestContext@f543e79 testClass = RedirectUriTest, testInstance = integration.authorization.oauth2.grant.token.request.ValidateParams.validation.RedirectUriTest@2b3f4841, testMethod = redirectUriDoesNotMatchClientShouldThrowInformResourceOwnerException@RedirectUriTest, testException = [null], mergedContextConfiguration = [MergedContextConfiguration@49416936 testClass = RedirectUriTest, locations = '{classpath:spring-auth-test.xml}', classes = '{}', contextInitializerClasses = '[]', activeProfiles = '{}', propertySourceLocations = '{}', propertySourceProperties = '{}', contextCustomizers = set[[empty]], contextLoader = 'org.springframework.test.context.support.DelegatingSmartContextLoader', parent = [null]]]; transaction manager [org.springframework.jdbc.datasource.DataSourceTransactionManager@7c498c62]; rollback [true]
2018-01-07T10:01:46,950  INFO Test worker transaction.TransactionContext:136 - Rolled back transaction for test context [DefaultTestContext@f543e79 testClass = RedirectUriTest, testInstance = integration.authorization.oauth2.grant.token.request.ValidateParams.validation.RedirectUriTest@2b3f4841, testMethod = redirectUriDoesNotMatchClientShouldThrowInformResourceOwnerException@RedirectUriTest, testException = [null], mergedContextConfiguration = [MergedContextConfiguration@49416936 testClass = RedirectUriTest, locations = '{classpath:spring-auth-test.xml}', classes = '{}', contextInitializerClasses = '[]', activeProfiles = '{}', propertySourceLocations = '{}', propertySourceProperties = '{}', contextCustomizers = set[[empty]], contextLoader = 'org.springframework.test.context.support.DelegatingSmartContextLoader', parent = [null]]].
2018-01-07T10:01:46,956  INFO Test worker transaction.TransactionContext:101 - Began transaction (1) for test context [DefaultTestContext@f543e79 testClass = RedirectUriTest, testInstance = integration.authorization.oauth2.grant.token.request.ValidateParams.validation.RedirectUriTest@60be64ea, testMethod = redirectUriIsInvalidShouldThrowInformResourceOwnerException@RedirectUriTest, testException = [null], mergedContextConfiguration = [MergedContextConfiguration@49416936 testClass = RedirectUriTest, locations = '{classpath:spring-auth-test.xml}', classes = '{}', contextInitializerClasses = '[]', activeProfiles = '{}', propertySourceLocations = '{}', propertySourceProperties = '{}', contextCustomizers = set[[empty]], contextLoader = 'org.springframework.test.context.support.DelegatingSmartContextLoader', parent = [null]]]; transaction manager [org.springframework.jdbc.datasource.DataSourceTransactionManager@7c498c62]; rollback [true]
2018-01-07T10:01:46,967  INFO Test worker transaction.TransactionContext:136 - Rolled back transaction for test context [DefaultTestContext@f543e79 testClass = RedirectUriTest, testInstance = integration.authorization.oauth2.grant.token.request.ValidateParams.validation.RedirectUriTest@60be64ea, testMethod = redirectUriIsInvalidShouldThrowInformResourceOwnerException@RedirectUriTest, testException = [null], mergedContextConfiguration = [MergedContextConfiguration@49416936 testClass = RedirectUriTest, locations = '{classpath:spring-auth-test.xml}', classes = '{}', contextInitializerClasses = '[]', activeProfiles = '{}', propertySourceLocations = '{}', propertySourceProperties = '{}', contextCustomizers = set[[empty]], contextLoader = 'org.springframework.test.context.support.DelegatingSmartContextLoader', parent = [null]]].
]]></system-out>
  <system-err><![CDATA[]]></system-err>
</testsuite>
