<?xml version="1.0" encoding="UTF-8"?>
<testsuite name="org.rootservices.authorization.persistence.mapper.ScopeMapperTest" tests="3" skipped="0" failures="0" errors="0" timestamp="2018-01-07T16:02:08" hostname="Kristins-MBP" time="0.048">
  <properties/>
  <testcase name="insert" classname="org.rootservices.authorization.persistence.mapper.ScopeMapperTest" time="0.005"/>
  <testcase name="findByName" classname="org.rootservices.authorization.persistence.mapper.ScopeMapperTest" time="0.005"/>
  <testcase name="findByNames" classname="org.rootservices.authorization.persistence.mapper.ScopeMapperTest" time="0.036"/>
  <system-out><![CDATA[2018-01-07T10:02:08,733  INFO Test worker support.DefaultTestContextBootstrapper:260 - Loaded default TestExecutionListener class names from location [META-INF/spring.factories]: [org.springframework.test.context.web.ServletTestExecutionListener, org.springframework.test.context.support.DirtiesContextBeforeModesTestExecutionListener, org.springframework.test.context.support.DependencyInjectionTestExecutionListener, org.springframework.test.context.support.DirtiesContextTestExecutionListener, org.springframework.test.context.transaction.TransactionalTestExecutionListener, org.springframework.test.context.jdbc.SqlScriptsTestExecutionListener]
2018-01-07T10:02:08,735  INFO Test worker support.DefaultTestContextBootstrapper:209 - Could not instantiate TestExecutionListener [org.springframework.test.context.web.ServletTestExecutionListener]. Specify custom listener classes or make the default listener classes (and their required dependencies) available. Offending class: [javax/servlet/ServletContext]
2018-01-07T10:02:08,735  INFO Test worker support.DefaultTestContextBootstrapper:187 - Using TestExecutionListeners: [org.springframework.test.context.support.DirtiesContextBeforeModesTestExecutionListener@366bde80, org.springframework.test.context.support.DependencyInjectionTestExecutionListener@5cab1793, org.springframework.test.context.support.DirtiesContextTestExecutionListener@2b282ae5, org.springframework.test.context.transaction.TransactionalTestExecutionListener@5584dda8, org.springframework.test.context.jdbc.SqlScriptsTestExecutionListener@3df38646]
2018-01-07T10:02:08,740  INFO Test worker transaction.TransactionContext:101 - Began transaction (1) for test context [DefaultTestContext@20ef8d64 testClass = ScopeMapperTest, testInstance = org.rootservices.authorization.persistence.mapper.ScopeMapperTest@18ffe89, testMethod = insert@ScopeMapperTest, testException = [null], mergedContextConfiguration = [MergedContextConfiguration@39e019e4 testClass = ScopeMapperTest, locations = '{classpath:spring-auth-test.xml}', classes = '{}', contextInitializerClasses = '[]', activeProfiles = '{}', propertySourceLocations = '{}', propertySourceProperties = '{}', contextCustomizers = set[[empty]], contextLoader = 'org.springframework.test.context.support.DelegatingSmartContextLoader', parent = [null]]]; transaction manager [org.springframework.jdbc.datasource.DataSourceTransactionManager@2d976234]; rollback [true]
2018-01-07T10:02:08,743  INFO Test worker transaction.TransactionContext:136 - Rolled back transaction for test context [DefaultTestContext@20ef8d64 testClass = ScopeMapperTest, testInstance = org.rootservices.authorization.persistence.mapper.ScopeMapperTest@18ffe89, testMethod = insert@ScopeMapperTest, testException = [null], mergedContextConfiguration = [MergedContextConfiguration@39e019e4 testClass = ScopeMapperTest, locations = '{classpath:spring-auth-test.xml}', classes = '{}', contextInitializerClasses = '[]', activeProfiles = '{}', propertySourceLocations = '{}', propertySourceProperties = '{}', contextCustomizers = set[[empty]], contextLoader = 'org.springframework.test.context.support.DelegatingSmartContextLoader', parent = [null]]].
2018-01-07T10:02:08,746  INFO Test worker transaction.TransactionContext:101 - Began transaction (1) for test context [DefaultTestContext@20ef8d64 testClass = ScopeMapperTest, testInstance = org.rootservices.authorization.persistence.mapper.ScopeMapperTest@408d18d2, testMethod = findByName@ScopeMapperTest, testException = [null], mergedContextConfiguration = [MergedContextConfiguration@39e019e4 testClass = ScopeMapperTest, locations = '{classpath:spring-auth-test.xml}', classes = '{}', contextInitializerClasses = '[]', activeProfiles = '{}', propertySourceLocations = '{}', propertySourceProperties = '{}', contextCustomizers = set[[empty]], contextLoader = 'org.springframework.test.context.support.DelegatingSmartContextLoader', parent = [null]]]; transaction manager [org.springframework.jdbc.datasource.DataSourceTransactionManager@2d976234]; rollback [true]
2018-01-07T10:02:08,749  INFO Test worker transaction.TransactionContext:136 - Rolled back transaction for test context [DefaultTestContext@20ef8d64 testClass = ScopeMapperTest, testInstance = org.rootservices.authorization.persistence.mapper.ScopeMapperTest@408d18d2, testMethod = findByName@ScopeMapperTest, testException = [null], mergedContextConfiguration = [MergedContextConfiguration@39e019e4 testClass = ScopeMapperTest, locations = '{classpath:spring-auth-test.xml}', classes = '{}', contextInitializerClasses = '[]', activeProfiles = '{}', propertySourceLocations = '{}', propertySourceProperties = '{}', contextCustomizers = set[[empty]], contextLoader = 'org.springframework.test.context.support.DelegatingSmartContextLoader', parent = [null]]].
2018-01-07T10:02:08,750  INFO Test worker transaction.TransactionContext:101 - Began transaction (1) for test context [DefaultTestContext@20ef8d64 testClass = ScopeMapperTest, testInstance = org.rootservices.authorization.persistence.mapper.ScopeMapperTest@62d0f7bf, testMethod = findByNames@ScopeMapperTest, testException = [null], mergedContextConfiguration = [MergedContextConfiguration@39e019e4 testClass = ScopeMapperTest, locations = '{classpath:spring-auth-test.xml}', classes = '{}', contextInitializerClasses = '[]', activeProfiles = '{}', propertySourceLocations = '{}', propertySourceProperties = '{}', contextCustomizers = set[[empty]], contextLoader = 'org.springframework.test.context.support.DelegatingSmartContextLoader', parent = [null]]]; transaction manager [org.springframework.jdbc.datasource.DataSourceTransactionManager@2d976234]; rollback [true]
2018-01-07T10:02:08,786  INFO Test worker transaction.TransactionContext:136 - Rolled back transaction for test context [DefaultTestContext@20ef8d64 testClass = ScopeMapperTest, testInstance = org.rootservices.authorization.persistence.mapper.ScopeMapperTest@62d0f7bf, testMethod = findByNames@ScopeMapperTest, testException = [null], mergedContextConfiguration = [MergedContextConfiguration@39e019e4 testClass = ScopeMapperTest, locations = '{classpath:spring-auth-test.xml}', classes = '{}', contextInitializerClasses = '[]', activeProfiles = '{}', propertySourceLocations = '{}', propertySourceProperties = '{}', contextCustomizers = set[[empty]], contextLoader = 'org.springframework.test.context.support.DelegatingSmartContextLoader', parent = [null]]].
]]></system-out>
  <system-err><![CDATA[]]></system-err>
</testsuite>
