<?xml version="1.0" encoding="UTF-8"?>
<testsuite name="org.rootservices.authorization.register.translator.UserInfoTranslatorTest" tests="2" skipped="0" failures="0" errors="0" timestamp="2018-01-07T16:02:21" hostname="Kristins-MBP" time="0.002">
  <properties/>
  <testcase name="fromWhenRequiredAndOptionalFields" classname="org.rootservices.authorization.register.translator.UserInfoTranslatorTest" time="0.002"/>
  <testcase name="fromWhenRequiredFieldsOnly" classname="org.rootservices.authorization.register.translator.UserInfoTranslatorTest" time="0.0"/>
  <system-out><![CDATA[]]></system-out>
  <system-err><![CDATA[]]></system-err>
</testsuite>
