<?xml version="1.0" encoding="UTF-8"?>
<testsuite name="integration.authorization.oauth2.grant.token.request.ValidateParams.validation.Scopes.ClientFoundRedirectMismatchTest" tests="3" skipped="0" failures="0" errors="0" timestamp="2018-01-07T16:01:46" hostname="Kristins-MBP" time="0.162">
  <properties/>
  <testcase name="scopeIsBlankStringShouldThrowInformResourceOwnerException" classname="integration.authorization.oauth2.grant.token.request.ValidateParams.validation.Scopes.ClientFoundRedirectMismatchTest" time="0.018"/>
  <testcase name="scopesHasTwoItemsShouldThrowInformResourceOwnerException" classname="integration.authorization.oauth2.grant.token.request.ValidateParams.validation.Scopes.ClientFoundRedirectMismatchTest" time="0.018"/>
  <testcase name="scopeIsInvalidShouldThrowInformResourceOwnerException" classname="integration.authorization.oauth2.grant.token.request.ValidateParams.validation.Scopes.ClientFoundRedirectMismatchTest" time="0.038"/>
  <system-out><![CDATA[2018-01-07T10:01:46,974  INFO Test worker support.DefaultTestContextBootstrapper:260 - Loaded default TestExecutionListener class names from location [META-INF/spring.factories]: [org.springframework.test.context.web.ServletTestExecutionListener, org.springframework.test.context.support.DirtiesContextBeforeModesTestExecutionListener, org.springframework.test.context.support.DependencyInjectionTestExecutionListener, org.springframework.test.context.support.DirtiesContextTestExecutionListener, org.springframework.test.context.transaction.TransactionalTestExecutionListener, org.springframework.test.context.jdbc.SqlScriptsTestExecutionListener]
2018-01-07T10:01:46,977  INFO Test worker support.DefaultTestContextBootstrapper:209 - Could not instantiate TestExecutionListener [org.springframework.test.context.web.ServletTestExecutionListener]. Specify custom listener classes or make the default listener classes (and their required dependencies) available. Offending class: [javax/servlet/ServletContext]
2018-01-07T10:01:46,978  INFO Test worker support.DefaultTestContextBootstrapper:187 - Using TestExecutionListeners: [org.springframework.test.context.support.DirtiesContextBeforeModesTestExecutionListener@646354fa, org.springframework.test.context.support.DependencyInjectionTestExecutionListener@22b14657, org.springframework.test.context.support.DirtiesContextTestExecutionListener@74205da8, org.springframework.test.context.transaction.TransactionalTestExecutionListener@7efa1c2, org.springframework.test.context.jdbc.SqlScriptsTestExecutionListener@7955f141]
2018-01-07T10:01:46,985  INFO Test worker transaction.TransactionContext:101 - Began transaction (1) for test context [DefaultTestContext@bd730c0 testClass = ClientFoundRedirectMismatchTest, testInstance = integration.authorization.oauth2.grant.token.request.ValidateParams.validation.Scopes.ClientFoundRedirectMismatchTest@2e92d2fb, testMethod = scopeIsBlankStringShouldThrowInformResourceOwnerException@ClientFoundRedirectMismatchTest, testException = [null], mergedContextConfiguration = [MergedContextConfiguration@51fe93c2 testClass = ClientFoundRedirectMismatchTest, locations = '{classpath:spring-auth-test.xml}', classes = '{}', contextInitializerClasses = '[]', activeProfiles = '{}', propertySourceLocations = '{}', propertySourceProperties = '{}', contextCustomizers = set[[empty]], contextLoader = 'org.springframework.test.context.support.DelegatingSmartContextLoader', parent = [null]]]; transaction manager [org.springframework.jdbc.datasource.DataSourceTransactionManager@7c498c62]; rollback [true]
2018-01-07T10:01:46,997  INFO Test worker transaction.TransactionContext:136 - Rolled back transaction for test context [DefaultTestContext@bd730c0 testClass = ClientFoundRedirectMismatchTest, testInstance = integration.authorization.oauth2.grant.token.request.ValidateParams.validation.Scopes.ClientFoundRedirectMismatchTest@2e92d2fb, testMethod = scopeIsBlankStringShouldThrowInformResourceOwnerException@ClientFoundRedirectMismatchTest, testException = [null], mergedContextConfiguration = [MergedContextConfiguration@51fe93c2 testClass = ClientFoundRedirectMismatchTest, locations = '{classpath:spring-auth-test.xml}', classes = '{}', contextInitializerClasses = '[]', activeProfiles = '{}', propertySourceLocations = '{}', propertySourceProperties = '{}', contextCustomizers = set[[empty]], contextLoader = 'org.springframework.test.context.support.DelegatingSmartContextLoader', parent = [null]]].
2018-01-07T10:01:47,090  INFO Test worker transaction.TransactionContext:101 - Began transaction (1) for test context [DefaultTestContext@bd730c0 testClass = ClientFoundRedirectMismatchTest, testInstance = integration.authorization.oauth2.grant.token.request.ValidateParams.validation.Scopes.ClientFoundRedirectMismatchTest@e8d605c, testMethod = scopesHasTwoItemsShouldThrowInformResourceOwnerException@ClientFoundRedirectMismatchTest, testException = [null], mergedContextConfiguration = [MergedContextConfiguration@51fe93c2 testClass = ClientFoundRedirectMismatchTest, locations = '{classpath:spring-auth-test.xml}', classes = '{}', contextInitializerClasses = '[]', activeProfiles = '{}', propertySourceLocations = '{}', propertySourceProperties = '{}', contextCustomizers = set[[empty]], contextLoader = 'org.springframework.test.context.support.DelegatingSmartContextLoader', parent = [null]]]; transaction manager [org.springframework.jdbc.datasource.DataSourceTransactionManager@7c498c62]; rollback [true]
2018-01-07T10:01:47,106  INFO Test worker transaction.TransactionContext:136 - Rolled back transaction for test context [DefaultTestContext@bd730c0 testClass = ClientFoundRedirectMismatchTest, testInstance = integration.authorization.oauth2.grant.token.request.ValidateParams.validation.Scopes.ClientFoundRedirectMismatchTest@e8d605c, testMethod = scopesHasTwoItemsShouldThrowInformResourceOwnerException@ClientFoundRedirectMismatchTest, testException = [null], mergedContextConfiguration = [MergedContextConfiguration@51fe93c2 testClass = ClientFoundRedirectMismatchTest, locations = '{classpath:spring-auth-test.xml}', classes = '{}', contextInitializerClasses = '[]', activeProfiles = '{}', propertySourceLocations = '{}', propertySourceProperties = '{}', contextCustomizers = set[[empty]], contextLoader = 'org.springframework.test.context.support.DelegatingSmartContextLoader', parent = [null]]].
2018-01-07T10:01:47,109  INFO Test worker transaction.TransactionContext:101 - Began transaction (1) for test context [DefaultTestContext@bd730c0 testClass = ClientFoundRedirectMismatchTest, testInstance = integration.authorization.oauth2.grant.token.request.ValidateParams.validation.Scopes.ClientFoundRedirectMismatchTest@4d31801, testMethod = scopeIsInvalidShouldThrowInformResourceOwnerException@ClientFoundRedirectMismatchTest, testException = [null], mergedContextConfiguration = [MergedContextConfiguration@51fe93c2 testClass = ClientFoundRedirectMismatchTest, locations = '{classpath:spring-auth-test.xml}', classes = '{}', contextInitializerClasses = '[]', activeProfiles = '{}', propertySourceLocations = '{}', propertySourceProperties = '{}', contextCustomizers = set[[empty]], contextLoader = 'org.springframework.test.context.support.DelegatingSmartContextLoader', parent = [null]]]; transaction manager [org.springframework.jdbc.datasource.DataSourceTransactionManager@7c498c62]; rollback [true]
2018-01-07T10:01:47,144  INFO Test worker transaction.TransactionContext:136 - Rolled back transaction for test context [DefaultTestContext@bd730c0 testClass = ClientFoundRedirectMismatchTest, testInstance = integration.authorization.oauth2.grant.token.request.ValidateParams.validation.Scopes.ClientFoundRedirectMismatchTest@4d31801, testMethod = scopeIsInvalidShouldThrowInformResourceOwnerException@ClientFoundRedirectMismatchTest, testException = [null], mergedContextConfiguration = [MergedContextConfiguration@51fe93c2 testClass = ClientFoundRedirectMismatchTest, locations = '{classpath:spring-auth-test.xml}', classes = '{}', contextInitializerClasses = '[]', activeProfiles = '{}', propertySourceLocations = '{}', propertySourceProperties = '{}', contextCustomizers = set[[empty]], contextLoader = 'org.springframework.test.context.support.DelegatingSmartContextLoader', parent = [null]]].
]]></system-out>
  <system-err><![CDATA[]]></system-err>
</testsuite>
