<?xml version="1.0" encoding="UTF-8"?>
<testsuite name="org.rootservices.authorization.persistence.mapper.TokenAudienceMapperTest" tests="1" skipped="0" failures="0" errors="0" timestamp="2018-01-07T16:02:08" hostname="Kristins-MBP" time="0.196">
  <properties/>
  <testcase name="insertShouldBeOk" classname="org.rootservices.authorization.persistence.mapper.TokenAudienceMapperTest" time="0.196"/>
  <system-out><![CDATA[2018-01-07T10:02:08,054  INFO Test worker support.DefaultTestContextBootstrapper:260 - Loaded default TestExecutionListener class names from location [META-INF/spring.factories]: [org.springframework.test.context.web.ServletTestExecutionListener, org.springframework.test.context.support.DirtiesContextBeforeModesTestExecutionListener, org.springframework.test.context.support.DependencyInjectionTestExecutionListener, org.springframework.test.context.support.DirtiesContextTestExecutionListener, org.springframework.test.context.transaction.TransactionalTestExecutionListener, org.springframework.test.context.jdbc.SqlScriptsTestExecutionListener]
2018-01-07T10:02:08,056  INFO Test worker support.DefaultTestContextBootstrapper:209 - Could not instantiate TestExecutionListener [org.springframework.test.context.web.ServletTestExecutionListener]. Specify custom listener classes or make the default listener classes (and their required dependencies) available. Offending class: [javax/servlet/ServletContext]
2018-01-07T10:02:08,056  INFO Test worker support.DefaultTestContextBootstrapper:187 - Using TestExecutionListeners: [org.springframework.test.context.support.DirtiesContextBeforeModesTestExecutionListener@69d0855a, org.springframework.test.context.support.DependencyInjectionTestExecutionListener@5f120c3d, org.springframework.test.context.support.DirtiesContextTestExecutionListener@65482bca, org.springframework.test.context.transaction.TransactionalTestExecutionListener@444840db, org.springframework.test.context.jdbc.SqlScriptsTestExecutionListener@295fe75d]
2018-01-07T10:02:08,062  INFO Test worker transaction.TransactionContext:101 - Began transaction (1) for test context [DefaultTestContext@6f9979ed testClass = TokenAudienceMapperTest, testInstance = org.rootservices.authorization.persistence.mapper.TokenAudienceMapperTest@25a407c8, testMethod = insertShouldBeOk@TokenAudienceMapperTest, testException = [null], mergedContextConfiguration = [MergedContextConfiguration@66e365af testClass = TokenAudienceMapperTest, locations = '{classpath:spring-auth-test.xml}', classes = '{}', contextInitializerClasses = '[]', activeProfiles = '{}', propertySourceLocations = '{}', propertySourceProperties = '{}', contextCustomizers = set[[empty]], contextLoader = 'org.springframework.test.context.support.DelegatingSmartContextLoader', parent = [null]]]; transaction manager [org.springframework.jdbc.datasource.DataSourceTransactionManager@6cc63594]; rollback [true]
2018-01-07T10:02:08,257  INFO Test worker transaction.TransactionContext:136 - Rolled back transaction for test context [DefaultTestContext@6f9979ed testClass = TokenAudienceMapperTest, testInstance = org.rootservices.authorization.persistence.mapper.TokenAudienceMapperTest@25a407c8, testMethod = insertShouldBeOk@TokenAudienceMapperTest, testException = [null], mergedContextConfiguration = [MergedContextConfiguration@66e365af testClass = TokenAudienceMapperTest, locations = '{classpath:spring-auth-test.xml}', classes = '{}', contextInitializerClasses = '[]', activeProfiles = '{}', propertySourceLocations = '{}', propertySourceProperties = '{}', contextCustomizers = set[[empty]], contextLoader = 'org.springframework.test.context.support.DelegatingSmartContextLoader', parent = [null]]].
]]></system-out>
  <system-err><![CDATA[]]></system-err>
</testsuite>
