<?xml version="1.0" encoding="UTF-8"?>
<testsuite name="org.rootservices.authorization.openId.jwk.translator.RSAPublicKeyTranslatorTest" tests="1" skipped="0" failures="0" errors="0" timestamp="2018-01-07T16:02:07" hostname="Kristins-MBP" time="0.001">
  <properties/>
  <testcase name="toShouldReturnPublicKey" classname="org.rootservices.authorization.openId.jwk.translator.RSAPublicKeyTranslatorTest" time="0.001"/>
  <system-out><![CDATA[]]></system-out>
  <system-err><![CDATA[]]></system-err>
</testsuite>
