<?xml version="1.0" encoding="UTF-8"?>
<testsuite name="org.rootservices.authorization.persistence.mapper.TokenChainMapperTest" tests="2" skipped="0" failures="0" errors="0" timestamp="2018-01-07T16:02:03" hostname="Kristins-MBP" time="1.422">
  <properties/>
  <testcase name="insertShouldThrowDuplicateKeyException" classname="org.rootservices.authorization.persistence.mapper.TokenChainMapperTest" time="0.836"/>
  <testcase name="insertShouldBeOk" classname="org.rootservices.authorization.persistence.mapper.TokenChainMapperTest" time="0.586"/>
  <system-out><![CDATA[2018-01-07T10:02:03,291  INFO Test worker support.DefaultTestContextBootstrapper:260 - Loaded default TestExecutionListener class names from location [META-INF/spring.factories]: [org.springframework.test.context.web.ServletTestExecutionListener, org.springframework.test.context.support.DirtiesContextBeforeModesTestExecutionListener, org.springframework.test.context.support.DependencyInjectionTestExecutionListener, org.springframework.test.context.support.DirtiesContextTestExecutionListener, org.springframework.test.context.transaction.TransactionalTestExecutionListener, org.springframework.test.context.jdbc.SqlScriptsTestExecutionListener]
2018-01-07T10:02:03,292  INFO Test worker support.DefaultTestContextBootstrapper:209 - Could not instantiate TestExecutionListener [org.springframework.test.context.web.ServletTestExecutionListener]. Specify custom listener classes or make the default listener classes (and their required dependencies) available. Offending class: [javax/servlet/ServletContext]
2018-01-07T10:02:03,293  INFO Test worker support.DefaultTestContextBootstrapper:187 - Using TestExecutionListeners: [org.springframework.test.context.support.DirtiesContextBeforeModesTestExecutionListener@778d69bd, org.springframework.test.context.support.DependencyInjectionTestExecutionListener@64ca4db3, org.springframework.test.context.support.DirtiesContextTestExecutionListener@608540f2, org.springframework.test.context.transaction.TransactionalTestExecutionListener@7a75bdce, org.springframework.test.context.jdbc.SqlScriptsTestExecutionListener@6629e3bc]
2018-01-07T10:02:03,298  INFO Test worker transaction.TransactionContext:101 - Began transaction (1) for test context [DefaultTestContext@6ca055a2 testClass = TokenChainMapperTest, testInstance = org.rootservices.authorization.persistence.mapper.TokenChainMapperTest@45365ff9, testMethod = insertShouldThrowDuplicateKeyException@TokenChainMapperTest, testException = [null], mergedContextConfiguration = [MergedContextConfiguration@50389d1f testClass = TokenChainMapperTest, locations = '{classpath:spring-auth-test.xml}', classes = '{}', contextInitializerClasses = '[]', activeProfiles = '{}', propertySourceLocations = '{}', propertySourceProperties = '{}', contextCustomizers = set[[empty]], contextLoader = 'org.springframework.test.context.support.DelegatingSmartContextLoader', parent = [null]]]; transaction manager [org.springframework.jdbc.datasource.DataSourceTransactionManager@7c498c62]; rollback [true]
2018-01-07T10:02:04,049  INFO Test worker xml.XmlBeanDefinitionReader:317 - Loading XML bean definitions from class path resource [org/springframework/jdbc/support/sql-error-codes.xml]
2018-01-07T10:02:04,124  INFO Test worker support.SQLErrorCodesFactory:126 - SQLErrorCodes loaded: [DB2, Derby, H2, HSQL, Informix, MS-SQL, MySQL, Oracle, PostgreSQL, Sybase, Hana]
2018-01-07T10:02:04,133  INFO Test worker transaction.TransactionContext:136 - Rolled back transaction for test context [DefaultTestContext@6ca055a2 testClass = TokenChainMapperTest, testInstance = org.rootservices.authorization.persistence.mapper.TokenChainMapperTest@45365ff9, testMethod = insertShouldThrowDuplicateKeyException@TokenChainMapperTest, testException = [null], mergedContextConfiguration = [MergedContextConfiguration@50389d1f testClass = TokenChainMapperTest, locations = '{classpath:spring-auth-test.xml}', classes = '{}', contextInitializerClasses = '[]', activeProfiles = '{}', propertySourceLocations = '{}', propertySourceProperties = '{}', contextCustomizers = set[[empty]], contextLoader = 'org.springframework.test.context.support.DelegatingSmartContextLoader', parent = [null]]].
2018-01-07T10:02:04,135  INFO Test worker transaction.TransactionContext:101 - Began transaction (1) for test context [DefaultTestContext@6ca055a2 testClass = TokenChainMapperTest, testInstance = org.rootservices.authorization.persistence.mapper.TokenChainMapperTest@7fdf73d3, testMethod = insertShouldBeOk@TokenChainMapperTest, testException = [null], mergedContextConfiguration = [MergedContextConfiguration@50389d1f testClass = TokenChainMapperTest, locations = '{classpath:spring-auth-test.xml}', classes = '{}', contextInitializerClasses = '[]', activeProfiles = '{}', propertySourceLocations = '{}', propertySourceProperties = '{}', contextCustomizers = set[[empty]], contextLoader = 'org.springframework.test.context.support.DelegatingSmartContextLoader', parent = [null]]]; transaction manager [org.springframework.jdbc.datasource.DataSourceTransactionManager@7c498c62]; rollback [true]
2018-01-07T10:02:04,719  INFO Test worker transaction.TransactionContext:136 - Rolled back transaction for test context [DefaultTestContext@6ca055a2 testClass = TokenChainMapperTest, testInstance = org.rootservices.authorization.persistence.mapper.TokenChainMapperTest@7fdf73d3, testMethod = insertShouldBeOk@TokenChainMapperTest, testException = [null], mergedContextConfiguration = [MergedContextConfiguration@50389d1f testClass = TokenChainMapperTest, locations = '{classpath:spring-auth-test.xml}', classes = '{}', contextInitializerClasses = '[]', activeProfiles = '{}', propertySourceLocations = '{}', propertySourceProperties = '{}', contextCustomizers = set[[empty]], contextLoader = 'org.springframework.test.context.support.DelegatingSmartContextLoader', parent = [null]]].
]]></system-out>
  <system-err><![CDATA[]]></system-err>
</testsuite>
