<?xml version="1.0" encoding="UTF-8"?>
<testsuite name="org.rootservices.authorization.persistence.mapper.NonceTypeMapperTest" tests="2" skipped="0" failures="0" errors="0" timestamp="2018-01-07T16:02:07" hostname="Kristins-MBP" time="0.012">
  <properties/>
  <testcase name="insertShouldInsertRecord" classname="org.rootservices.authorization.persistence.mapper.NonceTypeMapperTest" time="0.007"/>
  <testcase name="getByNameShouldBeOK" classname="org.rootservices.authorization.persistence.mapper.NonceTypeMapperTest" time="0.004"/>
  <system-out><![CDATA[2018-01-07T10:02:07,253  INFO Test worker support.DefaultTestContextBootstrapper:260 - Loaded default TestExecutionListener class names from location [META-INF/spring.factories]: [org.springframework.test.context.web.ServletTestExecutionListener, org.springframework.test.context.support.DirtiesContextBeforeModesTestExecutionListener, org.springframework.test.context.support.DependencyInjectionTestExecutionListener, org.springframework.test.context.support.DirtiesContextTestExecutionListener, org.springframework.test.context.transaction.TransactionalTestExecutionListener, org.springframework.test.context.jdbc.SqlScriptsTestExecutionListener]
2018-01-07T10:02:07,255  INFO Test worker support.DefaultTestContextBootstrapper:209 - Could not instantiate TestExecutionListener [org.springframework.test.context.web.ServletTestExecutionListener]. Specify custom listener classes or make the default listener classes (and their required dependencies) available. Offending class: [javax/servlet/ServletContext]
2018-01-07T10:02:07,255  INFO Test worker support.DefaultTestContextBootstrapper:187 - Using TestExecutionListeners: [org.springframework.test.context.support.DirtiesContextBeforeModesTestExecutionListener@2bc7c4dc, org.springframework.test.context.support.DependencyInjectionTestExecutionListener@653a1031, org.springframework.test.context.support.DirtiesContextTestExecutionListener@7ed220a0, org.springframework.test.context.transaction.TransactionalTestExecutionListener@30f0f5fe, org.springframework.test.context.jdbc.SqlScriptsTestExecutionListener@25043618]
2018-01-07T10:02:07,281  INFO Test worker transaction.TransactionContext:101 - Began transaction (1) for test context [DefaultTestContext@485aa18d testClass = NonceTypeMapperTest, testInstance = org.rootservices.authorization.persistence.mapper.NonceTypeMapperTest@4ceaea68, testMethod = insertShouldInsertRecord@NonceTypeMapperTest, testException = [null], mergedContextConfiguration = [MergedContextConfiguration@108a1111 testClass = NonceTypeMapperTest, locations = '{classpath:spring-auth-test.xml}', classes = '{}', contextInitializerClasses = '[]', activeProfiles = '{}', propertySourceLocations = '{}', propertySourceProperties = '{}', contextCustomizers = set[[empty]], contextLoader = 'org.springframework.test.context.support.DelegatingSmartContextLoader', parent = [null]]]; transaction manager [org.springframework.jdbc.datasource.DataSourceTransactionManager@6cc63594]; rollback [true]
2018-01-07T10:02:07,285  INFO Test worker transaction.TransactionContext:136 - Rolled back transaction for test context [DefaultTestContext@485aa18d testClass = NonceTypeMapperTest, testInstance = org.rootservices.authorization.persistence.mapper.NonceTypeMapperTest@4ceaea68, testMethod = insertShouldInsertRecord@NonceTypeMapperTest, testException = [null], mergedContextConfiguration = [MergedContextConfiguration@108a1111 testClass = NonceTypeMapperTest, locations = '{classpath:spring-auth-test.xml}', classes = '{}', contextInitializerClasses = '[]', activeProfiles = '{}', propertySourceLocations = '{}', propertySourceProperties = '{}', contextCustomizers = set[[empty]], contextLoader = 'org.springframework.test.context.support.DelegatingSmartContextLoader', parent = [null]]].
2018-01-07T10:02:07,287  INFO Test worker transaction.TransactionContext:101 - Began transaction (1) for test context [DefaultTestContext@485aa18d testClass = NonceTypeMapperTest, testInstance = org.rootservices.authorization.persistence.mapper.NonceTypeMapperTest@64560b8c, testMethod = getByNameShouldBeOK@NonceTypeMapperTest, testException = [null], mergedContextConfiguration = [MergedContextConfiguration@108a1111 testClass = NonceTypeMapperTest, locations = '{classpath:spring-auth-test.xml}', classes = '{}', contextInitializerClasses = '[]', activeProfiles = '{}', propertySourceLocations = '{}', propertySourceProperties = '{}', contextCustomizers = set[[empty]], contextLoader = 'org.springframework.test.context.support.DelegatingSmartContextLoader', parent = [null]]]; transaction manager [org.springframework.jdbc.datasource.DataSourceTransactionManager@6cc63594]; rollback [true]
2018-01-07T10:02:07,290  INFO Test worker transaction.TransactionContext:136 - Rolled back transaction for test context [DefaultTestContext@485aa18d testClass = NonceTypeMapperTest, testInstance = org.rootservices.authorization.persistence.mapper.NonceTypeMapperTest@64560b8c, testMethod = getByNameShouldBeOK@NonceTypeMapperTest, testException = [null], mergedContextConfiguration = [MergedContextConfiguration@108a1111 testClass = NonceTypeMapperTest, locations = '{classpath:spring-auth-test.xml}', classes = '{}', contextInitializerClasses = '[]', activeProfiles = '{}', propertySourceLocations = '{}', propertySourceProperties = '{}', contextCustomizers = set[[empty]], contextLoader = 'org.springframework.test.context.support.DelegatingSmartContextLoader', parent = [null]]].
]]></system-out>
  <system-err><![CDATA[]]></system-err>
</testsuite>
