<?xml version="1.0" encoding="UTF-8"?>
<testsuite name="org.rootservices.authorization.persistence.repository.NonceTypeRepositoryImplTest" tests="5" skipped="0" failures="0" errors="0" timestamp="2018-01-07T16:02:11" hostname="Kristins-MBP" time="0.026">
  <properties/>
  <testcase name="getByIdShouldBeOk" classname="org.rootservices.authorization.persistence.repository.NonceTypeRepositoryImplTest" time="0.023"/>
  <testcase name="insertShouldBeOk" classname="org.rootservices.authorization.persistence.repository.NonceTypeRepositoryImplTest" time="0.0"/>
  <testcase name="getByNameShouldBeOk" classname="org.rootservices.authorization.persistence.repository.NonceTypeRepositoryImplTest" time="0.0"/>
  <testcase name="getByNameShouldThrowRecordNotFound" classname="org.rootservices.authorization.persistence.repository.NonceTypeRepositoryImplTest" time="0.001"/>
  <testcase name="getByIdShouldThrowRecordNotFound" classname="org.rootservices.authorization.persistence.repository.NonceTypeRepositoryImplTest" time="0.001"/>
  <system-out><![CDATA[]]></system-out>
  <system-err><![CDATA[]]></system-err>
</testsuite>
