<?xml version="1.0" encoding="UTF-8"?>
<testsuite name="integration.authorization.openid.grant.code.request.ValidateOpenIdParams.validation.State.ClientFoundRedirectMismatchTest" tests="2" skipped="0" failures="0" errors="0" timestamp="2018-01-07T16:01:43" hostname="Kristins-MBP" time="0.56">
  <properties/>
  <testcase name="stateIsBlankStringShouldThrowInformResourceOwnerException" classname="integration.authorization.openid.grant.code.request.ValidateOpenIdParams.validation.State.ClientFoundRedirectMismatchTest" time="0.28"/>
  <testcase name="stateHasTwoItemsShouldThrowInformResourceOwnerException" classname="integration.authorization.openid.grant.code.request.ValidateOpenIdParams.validation.State.ClientFoundRedirectMismatchTest" time="0.279"/>
  <system-out><![CDATA[2018-01-07T10:01:43,079  INFO Test worker support.DefaultTestContextBootstrapper:260 - Loaded default TestExecutionListener class names from location [META-INF/spring.factories]: [org.springframework.test.context.web.ServletTestExecutionListener, org.springframework.test.context.support.DirtiesContextBeforeModesTestExecutionListener, org.springframework.test.context.support.DependencyInjectionTestExecutionListener, org.springframework.test.context.support.DirtiesContextTestExecutionListener, org.springframework.test.context.transaction.TransactionalTestExecutionListener, org.springframework.test.context.jdbc.SqlScriptsTestExecutionListener]
2018-01-07T10:01:43,081  INFO Test worker support.DefaultTestContextBootstrapper:209 - Could not instantiate TestExecutionListener [org.springframework.test.context.web.ServletTestExecutionListener]. Specify custom listener classes or make the default listener classes (and their required dependencies) available. Offending class: [javax/servlet/ServletContext]
2018-01-07T10:01:43,081  INFO Test worker support.DefaultTestContextBootstrapper:187 - Using TestExecutionListeners: [org.springframework.test.context.support.DirtiesContextBeforeModesTestExecutionListener@16445eef, org.springframework.test.context.support.DependencyInjectionTestExecutionListener@5c22b062, org.springframework.test.context.support.DirtiesContextTestExecutionListener@1e0605f8, org.springframework.test.context.transaction.TransactionalTestExecutionListener@12ee96ca, org.springframework.test.context.jdbc.SqlScriptsTestExecutionListener@2669115e]
2018-01-07T10:01:43,087  INFO Test worker transaction.TransactionContext:101 - Began transaction (1) for test context [DefaultTestContext@49b565e8 testClass = ClientFoundRedirectMismatchTest, testInstance = integration.authorization.openid.grant.code.request.ValidateOpenIdParams.validation.State.ClientFoundRedirectMismatchTest@2ef1c303, testMethod = stateIsBlankStringShouldThrowInformResourceOwnerException@ClientFoundRedirectMismatchTest, testException = [null], mergedContextConfiguration = [MergedContextConfiguration@6f010451 testClass = ClientFoundRedirectMismatchTest, locations = '{classpath:spring-auth-test.xml}', classes = '{}', contextInitializerClasses = '[]', activeProfiles = '{}', propertySourceLocations = '{}', propertySourceProperties = '{}', contextCustomizers = set[[empty]], contextLoader = 'org.springframework.test.context.support.DelegatingSmartContextLoader', parent = [null]]]; transaction manager [org.springframework.jdbc.datasource.DataSourceTransactionManager@6cc63594]; rollback [true]
2018-01-07T10:01:43,366  INFO Test worker transaction.TransactionContext:136 - Rolled back transaction for test context [DefaultTestContext@49b565e8 testClass = ClientFoundRedirectMismatchTest, testInstance = integration.authorization.openid.grant.code.request.ValidateOpenIdParams.validation.State.ClientFoundRedirectMismatchTest@2ef1c303, testMethod = stateIsBlankStringShouldThrowInformResourceOwnerException@ClientFoundRedirectMismatchTest, testException = [null], mergedContextConfiguration = [MergedContextConfiguration@6f010451 testClass = ClientFoundRedirectMismatchTest, locations = '{classpath:spring-auth-test.xml}', classes = '{}', contextInitializerClasses = '[]', activeProfiles = '{}', propertySourceLocations = '{}', propertySourceProperties = '{}', contextCustomizers = set[[empty]], contextLoader = 'org.springframework.test.context.support.DelegatingSmartContextLoader', parent = [null]]].
2018-01-07T10:01:43,368  INFO Test worker transaction.TransactionContext:101 - Began transaction (1) for test context [DefaultTestContext@49b565e8 testClass = ClientFoundRedirectMismatchTest, testInstance = integration.authorization.openid.grant.code.request.ValidateOpenIdParams.validation.State.ClientFoundRedirectMismatchTest@5e948c42, testMethod = stateHasTwoItemsShouldThrowInformResourceOwnerException@ClientFoundRedirectMismatchTest, testException = [null], mergedContextConfiguration = [MergedContextConfiguration@6f010451 testClass = ClientFoundRedirectMismatchTest, locations = '{classpath:spring-auth-test.xml}', classes = '{}', contextInitializerClasses = '[]', activeProfiles = '{}', propertySourceLocations = '{}', propertySourceProperties = '{}', contextCustomizers = set[[empty]], contextLoader = 'org.springframework.test.context.support.DelegatingSmartContextLoader', parent = [null]]]; transaction manager [org.springframework.jdbc.datasource.DataSourceTransactionManager@6cc63594]; rollback [true]
2018-01-07T10:01:43,646  INFO Test worker transaction.TransactionContext:136 - Rolled back transaction for test context [DefaultTestContext@49b565e8 testClass = ClientFoundRedirectMismatchTest, testInstance = integration.authorization.openid.grant.code.request.ValidateOpenIdParams.validation.State.ClientFoundRedirectMismatchTest@5e948c42, testMethod = stateHasTwoItemsShouldThrowInformResourceOwnerException@ClientFoundRedirectMismatchTest, testException = [null], mergedContextConfiguration = [MergedContextConfiguration@6f010451 testClass = ClientFoundRedirectMismatchTest, locations = '{classpath:spring-auth-test.xml}', classes = '{}', contextInitializerClasses = '[]', activeProfiles = '{}', propertySourceLocations = '{}', propertySourceProperties = '{}', contextCustomizers = set[[empty]], contextLoader = 'org.springframework.test.context.support.DelegatingSmartContextLoader', parent = [null]]].
]]></system-out>
  <system-err><![CDATA[]]></system-err>
</testsuite>
