<?xml version="1.0" encoding="UTF-8"?>
<testsuite name="org.rootservices.authorization.persistence.mapper.TokenScopeMapperTest" tests="1" skipped="0" failures="0" errors="0" timestamp="2018-01-07T16:02:08" hostname="Kristins-MBP" time="0.135">
  <properties/>
  <testcase name="insertShouldBeOk" classname="org.rootservices.authorization.persistence.mapper.TokenScopeMapperTest" time="0.135"/>
  <system-out><![CDATA[2018-01-07T10:02:08,271  INFO Test worker support.DefaultTestContextBootstrapper:260 - Loaded default TestExecutionListener class names from location [META-INF/spring.factories]: [org.springframework.test.context.web.ServletTestExecutionListener, org.springframework.test.context.support.DirtiesContextBeforeModesTestExecutionListener, org.springframework.test.context.support.DependencyInjectionTestExecutionListener, org.springframework.test.context.support.DirtiesContextTestExecutionListener, org.springframework.test.context.transaction.TransactionalTestExecutionListener, org.springframework.test.context.jdbc.SqlScriptsTestExecutionListener]
2018-01-07T10:02:08,277  INFO Test worker support.DefaultTestContextBootstrapper:209 - Could not instantiate TestExecutionListener [org.springframework.test.context.web.ServletTestExecutionListener]. Specify custom listener classes or make the default listener classes (and their required dependencies) available. Offending class: [javax/servlet/ServletContext]
2018-01-07T10:02:08,277  INFO Test worker support.DefaultTestContextBootstrapper:187 - Using TestExecutionListeners: [org.springframework.test.context.support.DirtiesContextBeforeModesTestExecutionListener@2b6b747a, org.springframework.test.context.support.DependencyInjectionTestExecutionListener@7040ee24, org.springframework.test.context.support.DirtiesContextTestExecutionListener@7b232e00, org.springframework.test.context.transaction.TransactionalTestExecutionListener@2ddde28e, org.springframework.test.context.jdbc.SqlScriptsTestExecutionListener@5d659beb]
2018-01-07T10:02:08,282  INFO Test worker transaction.TransactionContext:101 - Began transaction (1) for test context [DefaultTestContext@12c9f14d testClass = TokenScopeMapperTest, testInstance = org.rootservices.authorization.persistence.mapper.TokenScopeMapperTest@523e49d0, testMethod = insertShouldBeOk@TokenScopeMapperTest, testException = [null], mergedContextConfiguration = [MergedContextConfiguration@2aa37fad testClass = TokenScopeMapperTest, locations = '{classpath:spring-auth-test.xml}', classes = '{}', contextInitializerClasses = '[]', activeProfiles = '{}', propertySourceLocations = '{}', propertySourceProperties = '{}', contextCustomizers = set[[empty]], contextLoader = 'org.springframework.test.context.support.DelegatingSmartContextLoader', parent = [null]]]; transaction manager [org.springframework.jdbc.datasource.DataSourceTransactionManager@6cc63594]; rollback [true]
2018-01-07T10:02:08,416  INFO Test worker transaction.TransactionContext:136 - Rolled back transaction for test context [DefaultTestContext@12c9f14d testClass = TokenScopeMapperTest, testInstance = org.rootservices.authorization.persistence.mapper.TokenScopeMapperTest@523e49d0, testMethod = insertShouldBeOk@TokenScopeMapperTest, testException = [null], mergedContextConfiguration = [MergedContextConfiguration@2aa37fad testClass = TokenScopeMapperTest, locations = '{classpath:spring-auth-test.xml}', classes = '{}', contextInitializerClasses = '[]', activeProfiles = '{}', propertySourceLocations = '{}', propertySourceProperties = '{}', contextCustomizers = set[[empty]], contextLoader = 'org.springframework.test.context.support.DelegatingSmartContextLoader', parent = [null]]].
]]></system-out>
  <system-err><![CDATA[]]></system-err>
</testsuite>
