<?xml version="1.0" encoding="UTF-8"?>
<testsuite name="integration.authorization.authenticate.LoginConfidentialClientTest" tests="3" skipped="0" failures="0" errors="0" timestamp="2018-01-07T16:01:41" hostname="Kristins-MBP" time="2.506">
  <properties/>
  <testcase name="passwordIncorrect" classname="integration.authorization.authenticate.LoginConfidentialClientTest" time="1.683"/>
  <testcase name="run" classname="integration.authorization.authenticate.LoginConfidentialClientTest" time="0.532"/>
  <testcase name="confidentialClientNotFound" classname="integration.authorization.authenticate.LoginConfidentialClientTest" time="0.285"/>
  <system-out><![CDATA[2018-01-07T10:01:29,263  INFO Test worker support.DefaultTestContextBootstrapper:260 - Loaded default TestExecutionListener class names from location [META-INF/spring.factories]: [org.springframework.test.context.web.ServletTestExecutionListener, org.springframework.test.context.support.DirtiesContextBeforeModesTestExecutionListener, org.springframework.test.context.support.DependencyInjectionTestExecutionListener, org.springframework.test.context.support.DirtiesContextTestExecutionListener, org.springframework.test.context.transaction.TransactionalTestExecutionListener, org.springframework.test.context.jdbc.SqlScriptsTestExecutionListener]
2018-01-07T10:01:29,337  INFO Test worker support.DefaultTestContextBootstrapper:209 - Could not instantiate TestExecutionListener [org.springframework.test.context.web.ServletTestExecutionListener]. Specify custom listener classes or make the default listener classes (and their required dependencies) available. Offending class: [javax/servlet/ServletContext]
2018-01-07T10:01:29,341  INFO Test worker support.DefaultTestContextBootstrapper:187 - Using TestExecutionListeners: [org.springframework.test.context.support.DirtiesContextBeforeModesTestExecutionListener@4577360f, org.springframework.test.context.support.DependencyInjectionTestExecutionListener@52a9a9e5, org.springframework.test.context.support.DirtiesContextTestExecutionListener@4053eee8, org.springframework.test.context.transaction.TransactionalTestExecutionListener@26124a42, org.springframework.test.context.jdbc.SqlScriptsTestExecutionListener@5aa9c7c1]
2018-01-07T10:01:29,603  INFO Test worker xml.XmlBeanDefinitionReader:317 - Loading XML bean definitions from class path resource [spring-auth-test.xml]
2018-01-07T10:01:30,270  INFO Test worker support.GenericApplicationContext:581 - Refreshing org.springframework.context.support.GenericApplicationContext@39d4fb64: startup date [Sun Jan 07 10:01:30 CST 2018]; root of context hierarchy
2018-01-07T10:01:32,069  INFO Test worker support.DefaultListableBeanFactory:843 - Overriding bean definition for bean 'getPublicClientRedirectUri' with a different definition: replacing [Generic bean: class [org.rootservices.authorization.oauth2.grant.redirect.implicit.authorization.request.context.GetPublicClientRedirectUri]; scope=singleton; abstract=false; lazyInit=false; autowireMode=0; dependencyCheck=0; autowireCandidate=true; primary=false; factoryBeanName=null; factoryMethodName=null; initMethodName=null; destroyMethodName=null; defined in file [/Users/tommackenzie/Documents/workspace/auth/build/classes/java/main/org/rootservices/authorization/oauth2/grant/redirect/implicit/authorization/request/context/GetPublicClientRedirectUri.class]] with [Root bean: class [null]; scope=; abstract=false; lazyInit=false; autowireMode=3; dependencyCheck=0; autowireCandidate=true; primary=false; factoryBeanName=org.rootservices.config.AppConfig#0; factoryMethodName=getPublicClientRedirectUri; initMethodName=null; destroyMethodName=(inferred); defined in class path resource [org/rootservices/config/AppConfig.class]]
2018-01-07T10:01:32,072  INFO Test worker support.DefaultListableBeanFactory:843 - Overriding bean definition for bean 'getConfidentialClientRedirectUri' with a different definition: replacing [Generic bean: class [org.rootservices.authorization.oauth2.grant.redirect.code.authorization.request.context.GetConfidentialClientRedirectUri]; scope=singleton; abstract=false; lazyInit=false; autowireMode=0; dependencyCheck=0; autowireCandidate=true; primary=false; factoryBeanName=null; factoryMethodName=null; initMethodName=null; destroyMethodName=null; defined in file [/Users/tommackenzie/Documents/workspace/auth/build/classes/java/main/org/rootservices/authorization/oauth2/grant/redirect/code/authorization/request/context/GetConfidentialClientRedirectUri.class]] with [Root bean: class [null]; scope=; abstract=false; lazyInit=false; autowireMode=3; dependencyCheck=0; autowireCandidate=true; primary=false; factoryBeanName=org.rootservices.config.AppConfig#0; factoryMethodName=getConfidentialClientRedirectUri; initMethodName=null; destroyMethodName=(inferred); defined in class path resource [org/rootservices/config/AppConfig.class]]
2018-01-07T10:01:41,503  INFO Test worker transaction.TransactionContext:101 - Began transaction (1) for test context [DefaultTestContext@2e79def8 testClass = LoginConfidentialClientTest, testInstance = integration.authorization.authenticate.LoginConfidentialClientTest@2d976234, testMethod = passwordIncorrect@LoginConfidentialClientTest, testException = [null], mergedContextConfiguration = [MergedContextConfiguration@1c8c2a97 testClass = LoginConfidentialClientTest, locations = '{classpath:spring-auth-test.xml}', classes = '{}', contextInitializerClasses = '[]', activeProfiles = '{}', propertySourceLocations = '{}', propertySourceProperties = '{}', contextCustomizers = set[[empty]], contextLoader = 'org.springframework.test.context.support.DelegatingSmartContextLoader', parent = [null]]]; transaction manager [org.springframework.jdbc.datasource.DataSourceTransactionManager@7c498c62]; rollback [true]
2018-01-07T10:01:42,825  INFO Test worker transaction.TransactionContext:136 - Rolled back transaction for test context [DefaultTestContext@2e79def8 testClass = LoginConfidentialClientTest, testInstance = integration.authorization.authenticate.LoginConfidentialClientTest@2d976234, testMethod = passwordIncorrect@LoginConfidentialClientTest, testException = [null], mergedContextConfiguration = [MergedContextConfiguration@1c8c2a97 testClass = LoginConfidentialClientTest, locations = '{classpath:spring-auth-test.xml}', classes = '{}', contextInitializerClasses = '[]', activeProfiles = '{}', propertySourceLocations = '{}', propertySourceProperties = '{}', contextCustomizers = set[[empty]], contextLoader = 'org.springframework.test.context.support.DelegatingSmartContextLoader', parent = [null]]].
2018-01-07T10:01:42,857  INFO Test worker transaction.TransactionContext:101 - Began transaction (1) for test context [DefaultTestContext@2e79def8 testClass = LoginConfidentialClientTest, testInstance = integration.authorization.authenticate.LoginConfidentialClientTest@65cc533b, testMethod = run@LoginConfidentialClientTest, testException = [null], mergedContextConfiguration = [MergedContextConfiguration@1c8c2a97 testClass = LoginConfidentialClientTest, locations = '{classpath:spring-auth-test.xml}', classes = '{}', contextInitializerClasses = '[]', activeProfiles = '{}', propertySourceLocations = '{}', propertySourceProperties = '{}', contextCustomizers = set[[empty]], contextLoader = 'org.springframework.test.context.support.DelegatingSmartContextLoader', parent = [null]]]; transaction manager [org.springframework.jdbc.datasource.DataSourceTransactionManager@7c498c62]; rollback [true]
2018-01-07T10:01:43,386  INFO Test worker transaction.TransactionContext:136 - Rolled back transaction for test context [DefaultTestContext@2e79def8 testClass = LoginConfidentialClientTest, testInstance = integration.authorization.authenticate.LoginConfidentialClientTest@65cc533b, testMethod = run@LoginConfidentialClientTest, testException = [null], mergedContextConfiguration = [MergedContextConfiguration@1c8c2a97 testClass = LoginConfidentialClientTest, locations = '{classpath:spring-auth-test.xml}', classes = '{}', contextInitializerClasses = '[]', activeProfiles = '{}', propertySourceLocations = '{}', propertySourceProperties = '{}', contextCustomizers = set[[empty]], contextLoader = 'org.springframework.test.context.support.DelegatingSmartContextLoader', parent = [null]]].
2018-01-07T10:01:43,389  INFO Test worker transaction.TransactionContext:101 - Began transaction (1) for test context [DefaultTestContext@2e79def8 testClass = LoginConfidentialClientTest, testInstance = integration.authorization.authenticate.LoginConfidentialClientTest@6d75717b, testMethod = confidentialClientNotFound@LoginConfidentialClientTest, testException = [null], mergedContextConfiguration = [MergedContextConfiguration@1c8c2a97 testClass = LoginConfidentialClientTest, locations = '{classpath:spring-auth-test.xml}', classes = '{}', contextInitializerClasses = '[]', activeProfiles = '{}', propertySourceLocations = '{}', propertySourceProperties = '{}', contextCustomizers = set[[empty]], contextLoader = 'org.springframework.test.context.support.DelegatingSmartContextLoader', parent = [null]]]; transaction manager [org.springframework.jdbc.datasource.DataSourceTransactionManager@7c498c62]; rollback [true]
2018-01-07T10:01:43,669  INFO Test worker transaction.TransactionContext:136 - Rolled back transaction for test context [DefaultTestContext@2e79def8 testClass = LoginConfidentialClientTest, testInstance = integration.authorization.authenticate.LoginConfidentialClientTest@6d75717b, testMethod = confidentialClientNotFound@LoginConfidentialClientTest, testException = [null], mergedContextConfiguration = [MergedContextConfiguration@1c8c2a97 testClass = LoginConfidentialClientTest, locations = '{classpath:spring-auth-test.xml}', classes = '{}', contextInitializerClasses = '[]', activeProfiles = '{}', propertySourceLocations = '{}', propertySourceProperties = '{}', contextCustomizers = set[[empty]], contextLoader = 'org.springframework.test.context.support.DelegatingSmartContextLoader', parent = [null]]].
]]></system-out>
  <system-err><![CDATA[]]></system-err>
</testsuite>
