<?xml version="1.0" encoding="UTF-8"?>
<testsuite name="org.rootservices.authorization.openId.grant.redirect.code.authorization.request.CompareConfidentialClientToOpenIdAuthRequestTest" tests="5" skipped="0" failures="0" errors="0" timestamp="2018-01-07T16:01:58" hostname="Kristins-MBP" time="0.652">
  <properties/>
  <testcase name="authRequestInvalidScopeShouldThrowInformClientException" classname="org.rootservices.authorization.openId.grant.redirect.code.authorization.request.CompareConfidentialClientToOpenIdAuthRequestTest" time="0.193"/>
  <testcase name="responseTypeMismatchShouldThrowInformClientException" classname="org.rootservices.authorization.openId.grant.redirect.code.authorization.request.CompareConfidentialClientToOpenIdAuthRequestTest" time="0.144"/>
  <testcase name="shouldBeOk" classname="org.rootservices.authorization.openId.grant.redirect.code.authorization.request.CompareConfidentialClientToOpenIdAuthRequestTest" time="0.131"/>
  <testcase name="runClientNotFoundShouldThrowInformResourceOwnerException" classname="org.rootservices.authorization.openId.grant.redirect.code.authorization.request.CompareConfidentialClientToOpenIdAuthRequestTest" time="0.001"/>
  <testcase name="redirectUriMismatchShouldThrowInformResourceOwnerException" classname="org.rootservices.authorization.openId.grant.redirect.code.authorization.request.CompareConfidentialClientToOpenIdAuthRequestTest" time="0.183"/>
  <system-out><![CDATA[]]></system-out>
  <system-err><![CDATA[]]></system-err>
</testsuite>
