<?xml version="1.0" encoding="UTF-8"?>
<testsuite name="integration.authorization.openid.grant.token.request.ValidateOpenIdParams.validation.ResponseType.ClientFoundRedirectMismatchTest" tests="5" skipped="0" failures="0" errors="0" timestamp="2018-01-07T16:01:51" hostname="Kristins-MBP" time="0.13">
  <properties/>
  <testcase name="responseTypeIsInvalidShouldThrowInformResourceOwnerException" classname="integration.authorization.openid.grant.token.request.ValidateOpenIdParams.validation.ResponseType.ClientFoundRedirectMismatchTest" time="0.012"/>
  <testcase name="responseTypeIsNullShouldThrowInformResourceOwnerException" classname="integration.authorization.openid.grant.token.request.ValidateOpenIdParams.validation.ResponseType.ClientFoundRedirectMismatchTest" time="0.015"/>
  <testcase name="responseTypeHasTwoItemsShouldThrowInformResourceOwnerException" classname="integration.authorization.openid.grant.token.request.ValidateOpenIdParams.validation.ResponseType.ClientFoundRedirectMismatchTest" time="0.041"/>
  <testcase name="responseTypeIsBlankStringShouldThrowInformResourceOwnerException" classname="integration.authorization.openid.grant.token.request.ValidateOpenIdParams.validation.ResponseType.ClientFoundRedirectMismatchTest" time="0.012"/>
  <testcase name="responseTypeIsEmptyListShouldThrowInformResourceOwnerException" classname="integration.authorization.openid.grant.token.request.ValidateOpenIdParams.validation.ResponseType.ClientFoundRedirectMismatchTest" time="0.011"/>
  <system-out><![CDATA[2018-01-07T10:01:51,358  INFO Test worker support.DefaultTestContextBootstrapper:260 - Loaded default TestExecutionListener class names from location [META-INF/spring.factories]: [org.springframework.test.context.web.ServletTestExecutionListener, org.springframework.test.context.support.DirtiesContextBeforeModesTestExecutionListener, org.springframework.test.context.support.DependencyInjectionTestExecutionListener, org.springframework.test.context.support.DirtiesContextTestExecutionListener, org.springframework.test.context.transaction.TransactionalTestExecutionListener, org.springframework.test.context.jdbc.SqlScriptsTestExecutionListener]
2018-01-07T10:01:51,359  INFO Test worker support.DefaultTestContextBootstrapper:209 - Could not instantiate TestExecutionListener [org.springframework.test.context.web.ServletTestExecutionListener]. Specify custom listener classes or make the default listener classes (and their required dependencies) available. Offending class: [javax/servlet/ServletContext]
2018-01-07T10:01:51,360  INFO Test worker support.DefaultTestContextBootstrapper:187 - Using TestExecutionListeners: [org.springframework.test.context.support.DirtiesContextBeforeModesTestExecutionListener@5169320f, org.springframework.test.context.support.DependencyInjectionTestExecutionListener@520a70a3, org.springframework.test.context.support.DirtiesContextTestExecutionListener@2f2fc375, org.springframework.test.context.transaction.TransactionalTestExecutionListener@50c1681d, org.springframework.test.context.jdbc.SqlScriptsTestExecutionListener@4820d140]
2018-01-07T10:01:51,366  INFO Test worker transaction.TransactionContext:101 - Began transaction (1) for test context [DefaultTestContext@d7508c3 testClass = ClientFoundRedirectMismatchTest, testInstance = integration.authorization.openid.grant.token.request.ValidateOpenIdParams.validation.ResponseType.ClientFoundRedirectMismatchTest@351f8ca5, testMethod = responseTypeIsInvalidShouldThrowInformResourceOwnerException@ClientFoundRedirectMismatchTest, testException = [null], mergedContextConfiguration = [MergedContextConfiguration@492e3f8f testClass = ClientFoundRedirectMismatchTest, locations = '{classpath:spring-auth-test.xml}', classes = '{}', contextInitializerClasses = '[]', activeProfiles = '{}', propertySourceLocations = '{}', propertySourceProperties = '{}', contextCustomizers = set[[empty]], contextLoader = 'org.springframework.test.context.support.DelegatingSmartContextLoader', parent = [null]]]; transaction manager [org.springframework.jdbc.datasource.DataSourceTransactionManager@7c498c62]; rollback [true]
2018-01-07T10:01:51,376  INFO Test worker transaction.TransactionContext:136 - Rolled back transaction for test context [DefaultTestContext@d7508c3 testClass = ClientFoundRedirectMismatchTest, testInstance = integration.authorization.openid.grant.token.request.ValidateOpenIdParams.validation.ResponseType.ClientFoundRedirectMismatchTest@351f8ca5, testMethod = responseTypeIsInvalidShouldThrowInformResourceOwnerException@ClientFoundRedirectMismatchTest, testException = [null], mergedContextConfiguration = [MergedContextConfiguration@492e3f8f testClass = ClientFoundRedirectMismatchTest, locations = '{classpath:spring-auth-test.xml}', classes = '{}', contextInitializerClasses = '[]', activeProfiles = '{}', propertySourceLocations = '{}', propertySourceProperties = '{}', contextCustomizers = set[[empty]], contextLoader = 'org.springframework.test.context.support.DelegatingSmartContextLoader', parent = [null]]].
2018-01-07T10:01:51,378  INFO Test worker transaction.TransactionContext:101 - Began transaction (1) for test context [DefaultTestContext@d7508c3 testClass = ClientFoundRedirectMismatchTest, testInstance = integration.authorization.openid.grant.token.request.ValidateOpenIdParams.validation.ResponseType.ClientFoundRedirectMismatchTest@3eda68eb, testMethod = responseTypeIsNullShouldThrowInformResourceOwnerException@ClientFoundRedirectMismatchTest, testException = [null], mergedContextConfiguration = [MergedContextConfiguration@492e3f8f testClass = ClientFoundRedirectMismatchTest, locations = '{classpath:spring-auth-test.xml}', classes = '{}', contextInitializerClasses = '[]', activeProfiles = '{}', propertySourceLocations = '{}', propertySourceProperties = '{}', contextCustomizers = set[[empty]], contextLoader = 'org.springframework.test.context.support.DelegatingSmartContextLoader', parent = [null]]]; transaction manager [org.springframework.jdbc.datasource.DataSourceTransactionManager@7c498c62]; rollback [true]
2018-01-07T10:01:51,389  INFO Test worker transaction.TransactionContext:136 - Rolled back transaction for test context [DefaultTestContext@d7508c3 testClass = ClientFoundRedirectMismatchTest, testInstance = integration.authorization.openid.grant.token.request.ValidateOpenIdParams.validation.ResponseType.ClientFoundRedirectMismatchTest@3eda68eb, testMethod = responseTypeIsNullShouldThrowInformResourceOwnerException@ClientFoundRedirectMismatchTest, testException = [null], mergedContextConfiguration = [MergedContextConfiguration@492e3f8f testClass = ClientFoundRedirectMismatchTest, locations = '{classpath:spring-auth-test.xml}', classes = '{}', contextInitializerClasses = '[]', activeProfiles = '{}', propertySourceLocations = '{}', propertySourceProperties = '{}', contextCustomizers = set[[empty]], contextLoader = 'org.springframework.test.context.support.DelegatingSmartContextLoader', parent = [null]]].
2018-01-07T10:01:51,456  INFO Test worker transaction.TransactionContext:101 - Began transaction (1) for test context [DefaultTestContext@d7508c3 testClass = ClientFoundRedirectMismatchTest, testInstance = integration.authorization.openid.grant.token.request.ValidateOpenIdParams.validation.ResponseType.ClientFoundRedirectMismatchTest@527f919b, testMethod = responseTypeHasTwoItemsShouldThrowInformResourceOwnerException@ClientFoundRedirectMismatchTest, testException = [null], mergedContextConfiguration = [MergedContextConfiguration@492e3f8f testClass = ClientFoundRedirectMismatchTest, locations = '{classpath:spring-auth-test.xml}', classes = '{}', contextInitializerClasses = '[]', activeProfiles = '{}', propertySourceLocations = '{}', propertySourceProperties = '{}', contextCustomizers = set[[empty]], contextLoader = 'org.springframework.test.context.support.DelegatingSmartContextLoader', parent = [null]]]; transaction manager [org.springframework.jdbc.datasource.DataSourceTransactionManager@7c498c62]; rollback [true]
2018-01-07T10:01:51,468  INFO Test worker transaction.TransactionContext:136 - Rolled back transaction for test context [DefaultTestContext@d7508c3 testClass = ClientFoundRedirectMismatchTest, testInstance = integration.authorization.openid.grant.token.request.ValidateOpenIdParams.validation.ResponseType.ClientFoundRedirectMismatchTest@527f919b, testMethod = responseTypeHasTwoItemsShouldThrowInformResourceOwnerException@ClientFoundRedirectMismatchTest, testException = [null], mergedContextConfiguration = [MergedContextConfiguration@492e3f8f testClass = ClientFoundRedirectMismatchTest, locations = '{classpath:spring-auth-test.xml}', classes = '{}', contextInitializerClasses = '[]', activeProfiles = '{}', propertySourceLocations = '{}', propertySourceProperties = '{}', contextCustomizers = set[[empty]], contextLoader = 'org.springframework.test.context.support.DelegatingSmartContextLoader', parent = [null]]].
2018-01-07T10:01:51,472  INFO Test worker transaction.TransactionContext:101 - Began transaction (1) for test context [DefaultTestContext@d7508c3 testClass = ClientFoundRedirectMismatchTest, testInstance = integration.authorization.openid.grant.token.request.ValidateOpenIdParams.validation.ResponseType.ClientFoundRedirectMismatchTest@1f5e44bc, testMethod = responseTypeIsBlankStringShouldThrowInformResourceOwnerException@ClientFoundRedirectMismatchTest, testException = [null], mergedContextConfiguration = [MergedContextConfiguration@492e3f8f testClass = ClientFoundRedirectMismatchTest, locations = '{classpath:spring-auth-test.xml}', classes = '{}', contextInitializerClasses = '[]', activeProfiles = '{}', propertySourceLocations = '{}', propertySourceProperties = '{}', contextCustomizers = set[[empty]], contextLoader = 'org.springframework.test.context.support.DelegatingSmartContextLoader', parent = [null]]]; transaction manager [org.springframework.jdbc.datasource.DataSourceTransactionManager@7c498c62]; rollback [true]
2018-01-07T10:01:51,481  INFO Test worker transaction.TransactionContext:136 - Rolled back transaction for test context [DefaultTestContext@d7508c3 testClass = ClientFoundRedirectMismatchTest, testInstance = integration.authorization.openid.grant.token.request.ValidateOpenIdParams.validation.ResponseType.ClientFoundRedirectMismatchTest@1f5e44bc, testMethod = responseTypeIsBlankStringShouldThrowInformResourceOwnerException@ClientFoundRedirectMismatchTest, testException = [null], mergedContextConfiguration = [MergedContextConfiguration@492e3f8f testClass = ClientFoundRedirectMismatchTest, locations = '{classpath:spring-auth-test.xml}', classes = '{}', contextInitializerClasses = '[]', activeProfiles = '{}', propertySourceLocations = '{}', propertySourceProperties = '{}', contextCustomizers = set[[empty]], contextLoader = 'org.springframework.test.context.support.DelegatingSmartContextLoader', parent = [null]]].
2018-01-07T10:01:51,486  INFO Test worker transaction.TransactionContext:101 - Began transaction (1) for test context [DefaultTestContext@d7508c3 testClass = ClientFoundRedirectMismatchTest, testInstance = integration.authorization.openid.grant.token.request.ValidateOpenIdParams.validation.ResponseType.ClientFoundRedirectMismatchTest@48d18ef3, testMethod = responseTypeIsEmptyListShouldThrowInformResourceOwnerException@ClientFoundRedirectMismatchTest, testException = [null], mergedContextConfiguration = [MergedContextConfiguration@492e3f8f testClass = ClientFoundRedirectMismatchTest, locations = '{classpath:spring-auth-test.xml}', classes = '{}', contextInitializerClasses = '[]', activeProfiles = '{}', propertySourceLocations = '{}', propertySourceProperties = '{}', contextCustomizers = set[[empty]], contextLoader = 'org.springframework.test.context.support.DelegatingSmartContextLoader', parent = [null]]]; transaction manager [org.springframework.jdbc.datasource.DataSourceTransactionManager@7c498c62]; rollback [true]
2018-01-07T10:01:51,495  INFO Test worker transaction.TransactionContext:136 - Rolled back transaction for test context [DefaultTestContext@d7508c3 testClass = ClientFoundRedirectMismatchTest, testInstance = integration.authorization.openid.grant.token.request.ValidateOpenIdParams.validation.ResponseType.ClientFoundRedirectMismatchTest@48d18ef3, testMethod = responseTypeIsEmptyListShouldThrowInformResourceOwnerException@ClientFoundRedirectMismatchTest, testException = [null], mergedContextConfiguration = [MergedContextConfiguration@492e3f8f testClass = ClientFoundRedirectMismatchTest, locations = '{classpath:spring-auth-test.xml}', classes = '{}', contextInitializerClasses = '[]', activeProfiles = '{}', propertySourceLocations = '{}', propertySourceProperties = '{}', contextCustomizers = set[[empty]], contextLoader = 'org.springframework.test.context.support.DelegatingSmartContextLoader', parent = [null]]].
]]></system-out>
  <system-err><![CDATA[]]></system-err>
</testsuite>
