<?xml version="1.0" encoding="UTF-8"?>
<testsuite name="org.rootservices.authorization.openId.identity.MakeAccessTokenHashTest" tests="1" skipped="0" failures="0" errors="0" timestamp="2018-01-07T16:02:07" hostname="Kristins-MBP" time="0.001">
  <properties/>
  <testcase name="makeEncodedHashShouldBeOk" classname="org.rootservices.authorization.openId.identity.MakeAccessTokenHashTest" time="0.001"/>
  <system-out><![CDATA[2018-01-07T10:02:07,058  INFO Test worker support.DefaultTestContextBootstrapper:260 - Loaded default TestExecutionListener class names from location [META-INF/spring.factories]: [org.springframework.test.context.web.ServletTestExecutionListener, org.springframework.test.context.support.DirtiesContextBeforeModesTestExecutionListener, org.springframework.test.context.support.DependencyInjectionTestExecutionListener, org.springframework.test.context.support.DirtiesContextTestExecutionListener, org.springframework.test.context.transaction.TransactionalTestExecutionListener, org.springframework.test.context.jdbc.SqlScriptsTestExecutionListener]
2018-01-07T10:02:07,059  INFO Test worker support.DefaultTestContextBootstrapper:209 - Could not instantiate TestExecutionListener [org.springframework.test.context.web.ServletTestExecutionListener]. Specify custom listener classes or make the default listener classes (and their required dependencies) available. Offending class: [javax/servlet/ServletContext]
2018-01-07T10:02:07,060  INFO Test worker support.DefaultTestContextBootstrapper:187 - Using TestExecutionListeners: [org.springframework.test.context.support.DirtiesContextBeforeModesTestExecutionListener@a8fe87c, org.springframework.test.context.support.DependencyInjectionTestExecutionListener@19824bcf, org.springframework.test.context.support.DirtiesContextTestExecutionListener@407059f1, org.springframework.test.context.transaction.TransactionalTestExecutionListener@49c426e2, org.springframework.test.context.jdbc.SqlScriptsTestExecutionListener@3c7dfbae]
]]></system-out>
  <system-err><![CDATA[]]></system-err>
</testsuite>
