<?xml version="1.0" encoding="UTF-8"?>
<testsuite name="org.rootservices.authorization.persistence.mapper.ConfidentialClientMapperTest" tests="2" skipped="0" failures="0" errors="0" timestamp="2018-01-07T16:02:06" hostname="Kristins-MBP" time="0.352">
  <properties/>
  <testcase name="insert" classname="org.rootservices.authorization.persistence.mapper.ConfidentialClientMapperTest" time="0.159"/>
  <testcase name="getByClientUUID" classname="org.rootservices.authorization.persistence.mapper.ConfidentialClientMapperTest" time="0.192"/>
  <system-out><![CDATA[2018-01-07T10:02:06,413  INFO Test worker support.DefaultTestContextBootstrapper:260 - Loaded default TestExecutionListener class names from location [META-INF/spring.factories]: [org.springframework.test.context.web.ServletTestExecutionListener, org.springframework.test.context.support.DirtiesContextBeforeModesTestExecutionListener, org.springframework.test.context.support.DependencyInjectionTestExecutionListener, org.springframework.test.context.support.DirtiesContextTestExecutionListener, org.springframework.test.context.transaction.TransactionalTestExecutionListener, org.springframework.test.context.jdbc.SqlScriptsTestExecutionListener]
2018-01-07T10:02:06,417  INFO Test worker support.DefaultTestContextBootstrapper:209 - Could not instantiate TestExecutionListener [org.springframework.test.context.web.ServletTestExecutionListener]. Specify custom listener classes or make the default listener classes (and their required dependencies) available. Offending class: [javax/servlet/ServletContext]
2018-01-07T10:02:06,419  INFO Test worker support.DefaultTestContextBootstrapper:187 - Using TestExecutionListeners: [org.springframework.test.context.support.DirtiesContextBeforeModesTestExecutionListener@144ef580, org.springframework.test.context.support.DependencyInjectionTestExecutionListener@4789078d, org.springframework.test.context.support.DirtiesContextTestExecutionListener@5f4a20b2, org.springframework.test.context.transaction.TransactionalTestExecutionListener@49685c6a, org.springframework.test.context.jdbc.SqlScriptsTestExecutionListener@2a694232]
2018-01-07T10:02:06,425  INFO Test worker transaction.TransactionContext:101 - Began transaction (1) for test context [DefaultTestContext@790c983a testClass = ConfidentialClientMapperTest, testInstance = org.rootservices.authorization.persistence.mapper.ConfidentialClientMapperTest@41977a70, testMethod = insert@ConfidentialClientMapperTest, testException = [null], mergedContextConfiguration = [MergedContextConfiguration@25d38d9d testClass = ConfidentialClientMapperTest, locations = '{classpath:spring-auth-test.xml}', classes = '{}', contextInitializerClasses = '[]', activeProfiles = '{}', propertySourceLocations = '{}', propertySourceProperties = '{}', contextCustomizers = set[[empty]], contextLoader = 'org.springframework.test.context.support.DelegatingSmartContextLoader', parent = [null]]]; transaction manager [org.springframework.jdbc.datasource.DataSourceTransactionManager@2d976234]; rollback [true]
2018-01-07T10:02:06,581  INFO Test worker transaction.TransactionContext:136 - Rolled back transaction for test context [DefaultTestContext@790c983a testClass = ConfidentialClientMapperTest, testInstance = org.rootservices.authorization.persistence.mapper.ConfidentialClientMapperTest@41977a70, testMethod = insert@ConfidentialClientMapperTest, testException = [null], mergedContextConfiguration = [MergedContextConfiguration@25d38d9d testClass = ConfidentialClientMapperTest, locations = '{classpath:spring-auth-test.xml}', classes = '{}', contextInitializerClasses = '[]', activeProfiles = '{}', propertySourceLocations = '{}', propertySourceProperties = '{}', contextCustomizers = set[[empty]], contextLoader = 'org.springframework.test.context.support.DelegatingSmartContextLoader', parent = [null]]].
2018-01-07T10:02:06,588  INFO Test worker transaction.TransactionContext:101 - Began transaction (1) for test context [DefaultTestContext@790c983a testClass = ConfidentialClientMapperTest, testInstance = org.rootservices.authorization.persistence.mapper.ConfidentialClientMapperTest@64ddbdcc, testMethod = getByClientUUID@ConfidentialClientMapperTest, testException = [null], mergedContextConfiguration = [MergedContextConfiguration@25d38d9d testClass = ConfidentialClientMapperTest, locations = '{classpath:spring-auth-test.xml}', classes = '{}', contextInitializerClasses = '[]', activeProfiles = '{}', propertySourceLocations = '{}', propertySourceProperties = '{}', contextCustomizers = set[[empty]], contextLoader = 'org.springframework.test.context.support.DelegatingSmartContextLoader', parent = [null]]]; transaction manager [org.springframework.jdbc.datasource.DataSourceTransactionManager@2d976234]; rollback [true]
2018-01-07T10:02:06,775  INFO Test worker transaction.TransactionContext:136 - Rolled back transaction for test context [DefaultTestContext@790c983a testClass = ConfidentialClientMapperTest, testInstance = org.rootservices.authorization.persistence.mapper.ConfidentialClientMapperTest@64ddbdcc, testMethod = getByClientUUID@ConfidentialClientMapperTest, testException = [null], mergedContextConfiguration = [MergedContextConfiguration@25d38d9d testClass = ConfidentialClientMapperTest, locations = '{classpath:spring-auth-test.xml}', classes = '{}', contextInitializerClasses = '[]', activeProfiles = '{}', propertySourceLocations = '{}', propertySourceProperties = '{}', contextCustomizers = set[[empty]], contextLoader = 'org.springframework.test.context.support.DelegatingSmartContextLoader', parent = [null]]].
]]></system-out>
  <system-err><![CDATA[]]></system-err>
</testsuite>
