<?xml version="1.0" encoding="UTF-8"?>
<testsuite name="integration.authorization.openid.grant.token.request.ValidateOpenIdParams.validation.Nonce.ClientFoundTest" tests="4" skipped="0" failures="0" errors="0" timestamp="2018-01-07T16:01:49" hostname="Kristins-MBP" time="0.148">
  <properties/>
  <testcase name="noncesIsNullShouldThrowInformClientException" classname="integration.authorization.openid.grant.token.request.ValidateOpenIdParams.validation.Nonce.ClientFoundTest" time="0.014"/>
  <testcase name="noncesIsBlankStringShouldThrowInformClientException" classname="integration.authorization.openid.grant.token.request.ValidateOpenIdParams.validation.Nonce.ClientFoundTest" time="0.02"/>
  <testcase name="noncesHasTwoItemsShouldThrowInformClientException" classname="integration.authorization.openid.grant.token.request.ValidateOpenIdParams.validation.Nonce.ClientFoundTest" time="0.028"/>
  <testcase name="noncesIsEmptyListShouldThrowInformClientException" classname="integration.authorization.openid.grant.token.request.ValidateOpenIdParams.validation.Nonce.ClientFoundTest" time="0.076"/>
  <system-out><![CDATA[2018-01-07T10:01:49,307  INFO Test worker support.DefaultTestContextBootstrapper:260 - Loaded default TestExecutionListener class names from location [META-INF/spring.factories]: [org.springframework.test.context.web.ServletTestExecutionListener, org.springframework.test.context.support.DirtiesContextBeforeModesTestExecutionListener, org.springframework.test.context.support.DependencyInjectionTestExecutionListener, org.springframework.test.context.support.DirtiesContextTestExecutionListener, org.springframework.test.context.transaction.TransactionalTestExecutionListener, org.springframework.test.context.jdbc.SqlScriptsTestExecutionListener]
2018-01-07T10:01:49,309  INFO Test worker support.DefaultTestContextBootstrapper:209 - Could not instantiate TestExecutionListener [org.springframework.test.context.web.ServletTestExecutionListener]. Specify custom listener classes or make the default listener classes (and their required dependencies) available. Offending class: [javax/servlet/ServletContext]
2018-01-07T10:01:49,310  INFO Test worker support.DefaultTestContextBootstrapper:187 - Using TestExecutionListeners: [org.springframework.test.context.support.DirtiesContextBeforeModesTestExecutionListener@2eb25d23, org.springframework.test.context.support.DependencyInjectionTestExecutionListener@3e753d2e, org.springframework.test.context.support.DirtiesContextTestExecutionListener@2c9ace9, org.springframework.test.context.transaction.TransactionalTestExecutionListener@77896c77, org.springframework.test.context.jdbc.SqlScriptsTestExecutionListener@4bee7ce0]
2018-01-07T10:01:49,325  INFO Test worker transaction.TransactionContext:101 - Began transaction (1) for test context [DefaultTestContext@1763a9da testClass = ClientFoundTest, testInstance = integration.authorization.openid.grant.token.request.ValidateOpenIdParams.validation.Nonce.ClientFoundTest@6650bd9c, testMethod = noncesIsNullShouldThrowInformClientException@ClientFoundTest, testException = [null], mergedContextConfiguration = [MergedContextConfiguration@5c65a4fe testClass = ClientFoundTest, locations = '{classpath:spring-auth-test.xml}', classes = '{}', contextInitializerClasses = '[]', activeProfiles = '{}', propertySourceLocations = '{}', propertySourceProperties = '{}', contextCustomizers = set[[empty]], contextLoader = 'org.springframework.test.context.support.DelegatingSmartContextLoader', parent = [null]]]; transaction manager [org.springframework.jdbc.datasource.DataSourceTransactionManager@2afd27a1]; rollback [true]
2018-01-07T10:01:49,336  INFO Test worker transaction.TransactionContext:136 - Rolled back transaction for test context [DefaultTestContext@1763a9da testClass = ClientFoundTest, testInstance = integration.authorization.openid.grant.token.request.ValidateOpenIdParams.validation.Nonce.ClientFoundTest@6650bd9c, testMethod = noncesIsNullShouldThrowInformClientException@ClientFoundTest, testException = [null], mergedContextConfiguration = [MergedContextConfiguration@5c65a4fe testClass = ClientFoundTest, locations = '{classpath:spring-auth-test.xml}', classes = '{}', contextInitializerClasses = '[]', activeProfiles = '{}', propertySourceLocations = '{}', propertySourceProperties = '{}', contextCustomizers = set[[empty]], contextLoader = 'org.springframework.test.context.support.DelegatingSmartContextLoader', parent = [null]]].
2018-01-07T10:01:49,341  INFO Test worker transaction.TransactionContext:101 - Began transaction (1) for test context [DefaultTestContext@1763a9da testClass = ClientFoundTest, testInstance = integration.authorization.openid.grant.token.request.ValidateOpenIdParams.validation.Nonce.ClientFoundTest@6bed2f78, testMethod = noncesIsBlankStringShouldThrowInformClientException@ClientFoundTest, testException = [null], mergedContextConfiguration = [MergedContextConfiguration@5c65a4fe testClass = ClientFoundTest, locations = '{classpath:spring-auth-test.xml}', classes = '{}', contextInitializerClasses = '[]', activeProfiles = '{}', propertySourceLocations = '{}', propertySourceProperties = '{}', contextCustomizers = set[[empty]], contextLoader = 'org.springframework.test.context.support.DelegatingSmartContextLoader', parent = [null]]]; transaction manager [org.springframework.jdbc.datasource.DataSourceTransactionManager@2afd27a1]; rollback [true]
2018-01-07T10:01:49,357  INFO Test worker transaction.TransactionContext:136 - Rolled back transaction for test context [DefaultTestContext@1763a9da testClass = ClientFoundTest, testInstance = integration.authorization.openid.grant.token.request.ValidateOpenIdParams.validation.Nonce.ClientFoundTest@6bed2f78, testMethod = noncesIsBlankStringShouldThrowInformClientException@ClientFoundTest, testException = [null], mergedContextConfiguration = [MergedContextConfiguration@5c65a4fe testClass = ClientFoundTest, locations = '{classpath:spring-auth-test.xml}', classes = '{}', contextInitializerClasses = '[]', activeProfiles = '{}', propertySourceLocations = '{}', propertySourceProperties = '{}', contextCustomizers = set[[empty]], contextLoader = 'org.springframework.test.context.support.DelegatingSmartContextLoader', parent = [null]]].
2018-01-07T10:01:49,364  INFO Test worker transaction.TransactionContext:101 - Began transaction (1) for test context [DefaultTestContext@1763a9da testClass = ClientFoundTest, testInstance = integration.authorization.openid.grant.token.request.ValidateOpenIdParams.validation.Nonce.ClientFoundTest@2959b5e, testMethod = noncesHasTwoItemsShouldThrowInformClientException@ClientFoundTest, testException = [null], mergedContextConfiguration = [MergedContextConfiguration@5c65a4fe testClass = ClientFoundTest, locations = '{classpath:spring-auth-test.xml}', classes = '{}', contextInitializerClasses = '[]', activeProfiles = '{}', propertySourceLocations = '{}', propertySourceProperties = '{}', contextCustomizers = set[[empty]], contextLoader = 'org.springframework.test.context.support.DelegatingSmartContextLoader', parent = [null]]]; transaction manager [org.springframework.jdbc.datasource.DataSourceTransactionManager@2afd27a1]; rollback [true]
2018-01-07T10:01:49,385  INFO Test worker transaction.TransactionContext:136 - Rolled back transaction for test context [DefaultTestContext@1763a9da testClass = ClientFoundTest, testInstance = integration.authorization.openid.grant.token.request.ValidateOpenIdParams.validation.Nonce.ClientFoundTest@2959b5e, testMethod = noncesHasTwoItemsShouldThrowInformClientException@ClientFoundTest, testException = [null], mergedContextConfiguration = [MergedContextConfiguration@5c65a4fe testClass = ClientFoundTest, locations = '{classpath:spring-auth-test.xml}', classes = '{}', contextInitializerClasses = '[]', activeProfiles = '{}', propertySourceLocations = '{}', propertySourceProperties = '{}', contextCustomizers = set[[empty]], contextLoader = 'org.springframework.test.context.support.DelegatingSmartContextLoader', parent = [null]]].
2018-01-07T10:01:49,459  INFO Test worker transaction.TransactionContext:101 - Began transaction (1) for test context [DefaultTestContext@1763a9da testClass = ClientFoundTest, testInstance = integration.authorization.openid.grant.token.request.ValidateOpenIdParams.validation.Nonce.ClientFoundTest@a599205, testMethod = noncesIsEmptyListShouldThrowInformClientException@ClientFoundTest, testException = [null], mergedContextConfiguration = [MergedContextConfiguration@5c65a4fe testClass = ClientFoundTest, locations = '{classpath:spring-auth-test.xml}', classes = '{}', contextInitializerClasses = '[]', activeProfiles = '{}', propertySourceLocations = '{}', propertySourceProperties = '{}', contextCustomizers = set[[empty]], contextLoader = 'org.springframework.test.context.support.DelegatingSmartContextLoader', parent = [null]]]; transaction manager [org.springframework.jdbc.datasource.DataSourceTransactionManager@2afd27a1]; rollback [true]
2018-01-07T10:01:49,471  INFO Test worker transaction.TransactionContext:136 - Rolled back transaction for test context [DefaultTestContext@1763a9da testClass = ClientFoundTest, testInstance = integration.authorization.openid.grant.token.request.ValidateOpenIdParams.validation.Nonce.ClientFoundTest@a599205, testMethod = noncesIsEmptyListShouldThrowInformClientException@ClientFoundTest, testException = [null], mergedContextConfiguration = [MergedContextConfiguration@5c65a4fe testClass = ClientFoundTest, locations = '{classpath:spring-auth-test.xml}', classes = '{}', contextInitializerClasses = '[]', activeProfiles = '{}', propertySourceLocations = '{}', propertySourceProperties = '{}', contextCustomizers = set[[empty]], contextLoader = 'org.springframework.test.context.support.DelegatingSmartContextLoader', parent = [null]]].
]]></system-out>
  <system-err><![CDATA[]]></system-err>
</testsuite>
