<?xml version="1.0" encoding="UTF-8"?>
<testsuite name="org.rootservices.authorization.persistence.mapper.RSAPrivateKeyMapperTest" tests="7" skipped="0" failures="0" errors="0" timestamp="2018-01-07T16:02:19" hostname="Kristins-MBP" time="0.044">
  <properties/>
  <testcase name="insert" classname="org.rootservices.authorization.persistence.mapper.RSAPrivateKeyMapperTest" time="0.005"/>
  <testcase name="getByIdActiveSignWhenNotSignShouldReturnNull" classname="org.rootservices.authorization.persistence.mapper.RSAPrivateKeyMapperTest" time="0.004"/>
  <testcase name="getByIdActiveSignWhenNotActiveShouldReturnNull" classname="org.rootservices.authorization.persistence.mapper.RSAPrivateKeyMapperTest" time="0.003"/>
  <testcase name="getWhereActiveAndUseIsSignShouldReturnMany" classname="org.rootservices.authorization.persistence.mapper.RSAPrivateKeyMapperTest" time="0.011"/>
  <testcase name="getByIdActiveSignShouldReturnKey" classname="org.rootservices.authorization.persistence.mapper.RSAPrivateKeyMapperTest" time="0.003"/>
  <testcase name="getMostRecentAndActiveForSigningShouldFindRecord" classname="org.rootservices.authorization.persistence.mapper.RSAPrivateKeyMapperTest" time="0.01"/>
  <testcase name="getByIdActiveSignWhenNotSignNotActiveShouldReturnNull" classname="org.rootservices.authorization.persistence.mapper.RSAPrivateKeyMapperTest" time="0.005"/>
  <system-out><![CDATA[2018-01-07T10:02:19,804  INFO Test worker support.DefaultTestContextBootstrapper:260 - Loaded default TestExecutionListener class names from location [META-INF/spring.factories]: [org.springframework.test.context.web.ServletTestExecutionListener, org.springframework.test.context.support.DirtiesContextBeforeModesTestExecutionListener, org.springframework.test.context.support.DependencyInjectionTestExecutionListener, org.springframework.test.context.support.DirtiesContextTestExecutionListener, org.springframework.test.context.transaction.TransactionalTestExecutionListener, org.springframework.test.context.jdbc.SqlScriptsTestExecutionListener]
2018-01-07T10:02:19,805  INFO Test worker support.DefaultTestContextBootstrapper:209 - Could not instantiate TestExecutionListener [org.springframework.test.context.web.ServletTestExecutionListener]. Specify custom listener classes or make the default listener classes (and their required dependencies) available. Offending class: [javax/servlet/ServletContext]
2018-01-07T10:02:19,806  INFO Test worker support.DefaultTestContextBootstrapper:187 - Using TestExecutionListeners: [org.springframework.test.context.support.DirtiesContextBeforeModesTestExecutionListener@56e7b5ce, org.springframework.test.context.support.DependencyInjectionTestExecutionListener@7a96a8f7, org.springframework.test.context.support.DirtiesContextTestExecutionListener@2d3459cc, org.springframework.test.context.transaction.TransactionalTestExecutionListener@27102875, org.springframework.test.context.jdbc.SqlScriptsTestExecutionListener@4cb2b09c]
2018-01-07T10:02:19,810  INFO Test worker transaction.TransactionContext:101 - Began transaction (1) for test context [DefaultTestContext@2aac6913 testClass = RSAPrivateKeyMapperTest, testInstance = org.rootservices.authorization.persistence.mapper.RSAPrivateKeyMapperTest@73430a8a, testMethod = insert@RSAPrivateKeyMapperTest, testException = [null], mergedContextConfiguration = [MergedContextConfiguration@32c78ed testClass = RSAPrivateKeyMapperTest, locations = '{classpath:spring-auth-test.xml}', classes = '{}', contextInitializerClasses = '[]', activeProfiles = '{}', propertySourceLocations = '{}', propertySourceProperties = '{}', contextCustomizers = set[[empty]], contextLoader = 'org.springframework.test.context.support.DelegatingSmartContextLoader', parent = [null]]]; transaction manager [org.springframework.jdbc.datasource.DataSourceTransactionManager@2afd27a1]; rollback [true]
2018-01-07T10:02:19,813  INFO Test worker transaction.TransactionContext:136 - Rolled back transaction for test context [DefaultTestContext@2aac6913 testClass = RSAPrivateKeyMapperTest, testInstance = org.rootservices.authorization.persistence.mapper.RSAPrivateKeyMapperTest@73430a8a, testMethod = insert@RSAPrivateKeyMapperTest, testException = [null], mergedContextConfiguration = [MergedContextConfiguration@32c78ed testClass = RSAPrivateKeyMapperTest, locations = '{classpath:spring-auth-test.xml}', classes = '{}', contextInitializerClasses = '[]', activeProfiles = '{}', propertySourceLocations = '{}', propertySourceProperties = '{}', contextCustomizers = set[[empty]], contextLoader = 'org.springframework.test.context.support.DelegatingSmartContextLoader', parent = [null]]].
2018-01-07T10:02:19,815  INFO Test worker transaction.TransactionContext:101 - Began transaction (1) for test context [DefaultTestContext@2aac6913 testClass = RSAPrivateKeyMapperTest, testInstance = org.rootservices.authorization.persistence.mapper.RSAPrivateKeyMapperTest@520bac48, testMethod = getByIdActiveSignWhenNotSignShouldReturnNull@RSAPrivateKeyMapperTest, testException = [null], mergedContextConfiguration = [MergedContextConfiguration@32c78ed testClass = RSAPrivateKeyMapperTest, locations = '{classpath:spring-auth-test.xml}', classes = '{}', contextInitializerClasses = '[]', activeProfiles = '{}', propertySourceLocations = '{}', propertySourceProperties = '{}', contextCustomizers = set[[empty]], contextLoader = 'org.springframework.test.context.support.DelegatingSmartContextLoader', parent = [null]]]; transaction manager [org.springframework.jdbc.datasource.DataSourceTransactionManager@2afd27a1]; rollback [true]
2018-01-07T10:02:19,818  INFO Test worker transaction.TransactionContext:136 - Rolled back transaction for test context [DefaultTestContext@2aac6913 testClass = RSAPrivateKeyMapperTest, testInstance = org.rootservices.authorization.persistence.mapper.RSAPrivateKeyMapperTest@520bac48, testMethod = getByIdActiveSignWhenNotSignShouldReturnNull@RSAPrivateKeyMapperTest, testException = [null], mergedContextConfiguration = [MergedContextConfiguration@32c78ed testClass = RSAPrivateKeyMapperTest, locations = '{classpath:spring-auth-test.xml}', classes = '{}', contextInitializerClasses = '[]', activeProfiles = '{}', propertySourceLocations = '{}', propertySourceProperties = '{}', contextCustomizers = set[[empty]], contextLoader = 'org.springframework.test.context.support.DelegatingSmartContextLoader', parent = [null]]].
2018-01-07T10:02:19,820  INFO Test worker transaction.TransactionContext:101 - Began transaction (1) for test context [DefaultTestContext@2aac6913 testClass = RSAPrivateKeyMapperTest, testInstance = org.rootservices.authorization.persistence.mapper.RSAPrivateKeyMapperTest@705afd4f, testMethod = getByIdActiveSignWhenNotActiveShouldReturnNull@RSAPrivateKeyMapperTest, testException = [null], mergedContextConfiguration = [MergedContextConfiguration@32c78ed testClass = RSAPrivateKeyMapperTest, locations = '{classpath:spring-auth-test.xml}', classes = '{}', contextInitializerClasses = '[]', activeProfiles = '{}', propertySourceLocations = '{}', propertySourceProperties = '{}', contextCustomizers = set[[empty]], contextLoader = 'org.springframework.test.context.support.DelegatingSmartContextLoader', parent = [null]]]; transaction manager [org.springframework.jdbc.datasource.DataSourceTransactionManager@2afd27a1]; rollback [true]
2018-01-07T10:02:19,822  INFO Test worker transaction.TransactionContext:136 - Rolled back transaction for test context [DefaultTestContext@2aac6913 testClass = RSAPrivateKeyMapperTest, testInstance = org.rootservices.authorization.persistence.mapper.RSAPrivateKeyMapperTest@705afd4f, testMethod = getByIdActiveSignWhenNotActiveShouldReturnNull@RSAPrivateKeyMapperTest, testException = [null], mergedContextConfiguration = [MergedContextConfiguration@32c78ed testClass = RSAPrivateKeyMapperTest, locations = '{classpath:spring-auth-test.xml}', classes = '{}', contextInitializerClasses = '[]', activeProfiles = '{}', propertySourceLocations = '{}', propertySourceProperties = '{}', contextCustomizers = set[[empty]], contextLoader = 'org.springframework.test.context.support.DelegatingSmartContextLoader', parent = [null]]].
2018-01-07T10:02:19,823  INFO Test worker transaction.TransactionContext:101 - Began transaction (1) for test context [DefaultTestContext@2aac6913 testClass = RSAPrivateKeyMapperTest, testInstance = org.rootservices.authorization.persistence.mapper.RSAPrivateKeyMapperTest@2b58c56f, testMethod = getWhereActiveAndUseIsSignShouldReturnMany@RSAPrivateKeyMapperTest, testException = [null], mergedContextConfiguration = [MergedContextConfiguration@32c78ed testClass = RSAPrivateKeyMapperTest, locations = '{classpath:spring-auth-test.xml}', classes = '{}', contextInitializerClasses = '[]', activeProfiles = '{}', propertySourceLocations = '{}', propertySourceProperties = '{}', contextCustomizers = set[[empty]], contextLoader = 'org.springframework.test.context.support.DelegatingSmartContextLoader', parent = [null]]]; transaction manager [org.springframework.jdbc.datasource.DataSourceTransactionManager@2afd27a1]; rollback [true]
2018-01-07T10:02:19,833  INFO Test worker transaction.TransactionContext:136 - Rolled back transaction for test context [DefaultTestContext@2aac6913 testClass = RSAPrivateKeyMapperTest, testInstance = org.rootservices.authorization.persistence.mapper.RSAPrivateKeyMapperTest@2b58c56f, testMethod = getWhereActiveAndUseIsSignShouldReturnMany@RSAPrivateKeyMapperTest, testException = [null], mergedContextConfiguration = [MergedContextConfiguration@32c78ed testClass = RSAPrivateKeyMapperTest, locations = '{classpath:spring-auth-test.xml}', classes = '{}', contextInitializerClasses = '[]', activeProfiles = '{}', propertySourceLocations = '{}', propertySourceProperties = '{}', contextCustomizers = set[[empty]], contextLoader = 'org.springframework.test.context.support.DelegatingSmartContextLoader', parent = [null]]].
2018-01-07T10:02:19,834  INFO Test worker transaction.TransactionContext:101 - Began transaction (1) for test context [DefaultTestContext@2aac6913 testClass = RSAPrivateKeyMapperTest, testInstance = org.rootservices.authorization.persistence.mapper.RSAPrivateKeyMapperTest@198ccb04, testMethod = getByIdActiveSignShouldReturnKey@RSAPrivateKeyMapperTest, testException = [null], mergedContextConfiguration = [MergedContextConfiguration@32c78ed testClass = RSAPrivateKeyMapperTest, locations = '{classpath:spring-auth-test.xml}', classes = '{}', contextInitializerClasses = '[]', activeProfiles = '{}', propertySourceLocations = '{}', propertySourceProperties = '{}', contextCustomizers = set[[empty]], contextLoader = 'org.springframework.test.context.support.DelegatingSmartContextLoader', parent = [null]]]; transaction manager [org.springframework.jdbc.datasource.DataSourceTransactionManager@2afd27a1]; rollback [true]
2018-01-07T10:02:19,837  INFO Test worker transaction.TransactionContext:136 - Rolled back transaction for test context [DefaultTestContext@2aac6913 testClass = RSAPrivateKeyMapperTest, testInstance = org.rootservices.authorization.persistence.mapper.RSAPrivateKeyMapperTest@198ccb04, testMethod = getByIdActiveSignShouldReturnKey@RSAPrivateKeyMapperTest, testException = [null], mergedContextConfiguration = [MergedContextConfiguration@32c78ed testClass = RSAPrivateKeyMapperTest, locations = '{classpath:spring-auth-test.xml}', classes = '{}', contextInitializerClasses = '[]', activeProfiles = '{}', propertySourceLocations = '{}', propertySourceProperties = '{}', contextCustomizers = set[[empty]], contextLoader = 'org.springframework.test.context.support.DelegatingSmartContextLoader', parent = [null]]].
2018-01-07T10:02:19,838  INFO Test worker transaction.TransactionContext:101 - Began transaction (1) for test context [DefaultTestContext@2aac6913 testClass = RSAPrivateKeyMapperTest, testInstance = org.rootservices.authorization.persistence.mapper.RSAPrivateKeyMapperTest@72ed5fe, testMethod = getMostRecentAndActiveForSigningShouldFindRecord@RSAPrivateKeyMapperTest, testException = [null], mergedContextConfiguration = [MergedContextConfiguration@32c78ed testClass = RSAPrivateKeyMapperTest, locations = '{classpath:spring-auth-test.xml}', classes = '{}', contextInitializerClasses = '[]', activeProfiles = '{}', propertySourceLocations = '{}', propertySourceProperties = '{}', contextCustomizers = set[[empty]], contextLoader = 'org.springframework.test.context.support.DelegatingSmartContextLoader', parent = [null]]]; transaction manager [org.springframework.jdbc.datasource.DataSourceTransactionManager@2afd27a1]; rollback [true]
2018-01-07T10:02:19,847  INFO Test worker transaction.TransactionContext:136 - Rolled back transaction for test context [DefaultTestContext@2aac6913 testClass = RSAPrivateKeyMapperTest, testInstance = org.rootservices.authorization.persistence.mapper.RSAPrivateKeyMapperTest@72ed5fe, testMethod = getMostRecentAndActiveForSigningShouldFindRecord@RSAPrivateKeyMapperTest, testException = [null], mergedContextConfiguration = [MergedContextConfiguration@32c78ed testClass = RSAPrivateKeyMapperTest, locations = '{classpath:spring-auth-test.xml}', classes = '{}', contextInitializerClasses = '[]', activeProfiles = '{}', propertySourceLocations = '{}', propertySourceProperties = '{}', contextCustomizers = set[[empty]], contextLoader = 'org.springframework.test.context.support.DelegatingSmartContextLoader', parent = [null]]].
2018-01-07T10:02:19,850  INFO Test worker transaction.TransactionContext:101 - Began transaction (1) for test context [DefaultTestContext@2aac6913 testClass = RSAPrivateKeyMapperTest, testInstance = org.rootservices.authorization.persistence.mapper.RSAPrivateKeyMapperTest@74c441e3, testMethod = getByIdActiveSignWhenNotSignNotActiveShouldReturnNull@RSAPrivateKeyMapperTest, testException = [null], mergedContextConfiguration = [MergedContextConfiguration@32c78ed testClass = RSAPrivateKeyMapperTest, locations = '{classpath:spring-auth-test.xml}', classes = '{}', contextInitializerClasses = '[]', activeProfiles = '{}', propertySourceLocations = '{}', propertySourceProperties = '{}', contextCustomizers = set[[empty]], contextLoader = 'org.springframework.test.context.support.DelegatingSmartContextLoader', parent = [null]]]; transaction manager [org.springframework.jdbc.datasource.DataSourceTransactionManager@2afd27a1]; rollback [true]
2018-01-07T10:02:19,852  INFO Test worker transaction.TransactionContext:136 - Rolled back transaction for test context [DefaultTestContext@2aac6913 testClass = RSAPrivateKeyMapperTest, testInstance = org.rootservices.authorization.persistence.mapper.RSAPrivateKeyMapperTest@74c441e3, testMethod = getByIdActiveSignWhenNotSignNotActiveShouldReturnNull@RSAPrivateKeyMapperTest, testException = [null], mergedContextConfiguration = [MergedContextConfiguration@32c78ed testClass = RSAPrivateKeyMapperTest, locations = '{classpath:spring-auth-test.xml}', classes = '{}', contextInitializerClasses = '[]', activeProfiles = '{}', propertySourceLocations = '{}', propertySourceProperties = '{}', contextCustomizers = set[[empty]], contextLoader = 'org.springframework.test.context.support.DelegatingSmartContextLoader', parent = [null]]].
]]></system-out>
  <system-err><![CDATA[]]></system-err>
</testsuite>
