<?xml version="1.0" encoding="UTF-8"?>
<testsuite name="org.rootservices.authorization.oauth2.grant.refresh.RequestTokenRefreshGrantTest" tests="9" skipped="0" failures="0" errors="0" timestamp="2018-01-07T16:01:52" hostname="Kristins-MBP" time="13.615">
  <properties/>
  <testcase name="requestWhenCompromisedRefreshTokenShouldThrowBadRequestException" classname="org.rootservices.authorization.oauth2.grant.refresh.RequestTokenRefreshGrantTest" time="3.374"/>
  <testcase name="requestWhenResourceOwnerNotLinkedToRefreshTokenShouldThrowBadRequestException" classname="org.rootservices.authorization.oauth2.grant.refresh.RequestTokenRefreshGrantTest" time="1.443"/>
  <testcase name="requestWhenInvalidValueShouldThrowBadRequestException" classname="org.rootservices.authorization.oauth2.grant.refresh.RequestTokenRefreshGrantTest" time="0.942"/>
  <testcase name="requestWhenRefreshTokenNotFoundShould" classname="org.rootservices.authorization.oauth2.grant.refresh.RequestTokenRefreshGrantTest" time="1.235"/>
  <testcase name="requestWhenMissingKeyShouldThrowBadRequestException" classname="org.rootservices.authorization.oauth2.grant.refresh.RequestTokenRefreshGrantTest" time="1.002"/>
  <testcase name="requestWhenExtraScopesShouldThrowBadRequestException" classname="org.rootservices.authorization.oauth2.grant.refresh.RequestTokenRefreshGrantTest" time="1.12"/>
  <testcase name="requestWhenUnknownKeyShouldThrowBadRequestException" classname="org.rootservices.authorization.oauth2.grant.refresh.RequestTokenRefreshGrantTest" time="1.0"/>
  <testcase name="requestShouldBeOk" classname="org.rootservices.authorization.oauth2.grant.refresh.RequestTokenRefreshGrantTest" time="1.634"/>
  <testcase name="requestRefreshTokenDoesNotBelongToClientShouldThrowNotFoundException" classname="org.rootservices.authorization.oauth2.grant.refresh.RequestTokenRefreshGrantTest" time="1.861"/>
  <system-out><![CDATA[2018-01-07T10:01:52,947  INFO Test worker support.DefaultTestContextBootstrapper:260 - Loaded default TestExecutionListener class names from location [META-INF/spring.factories]: [org.springframework.test.context.web.ServletTestExecutionListener, org.springframework.test.context.support.DirtiesContextBeforeModesTestExecutionListener, org.springframework.test.context.support.DependencyInjectionTestExecutionListener, org.springframework.test.context.support.DirtiesContextTestExecutionListener, org.springframework.test.context.transaction.TransactionalTestExecutionListener, org.springframework.test.context.jdbc.SqlScriptsTestExecutionListener]
2018-01-07T10:01:52,949  INFO Test worker support.DefaultTestContextBootstrapper:209 - Could not instantiate TestExecutionListener [org.springframework.test.context.web.ServletTestExecutionListener]. Specify custom listener classes or make the default listener classes (and their required dependencies) available. Offending class: [javax/servlet/ServletContext]
2018-01-07T10:01:52,949  INFO Test worker support.DefaultTestContextBootstrapper:187 - Using TestExecutionListeners: [org.springframework.test.context.support.DirtiesContextBeforeModesTestExecutionListener@230e62ac, org.springframework.test.context.support.DependencyInjectionTestExecutionListener@15616341, org.springframework.test.context.support.DirtiesContextTestExecutionListener@156c4ccf, org.springframework.test.context.transaction.TransactionalTestExecutionListener@1a06250c, org.springframework.test.context.jdbc.SqlScriptsTestExecutionListener@4acd3fe2]
2018-01-07T10:01:52,956  INFO Test worker transaction.TransactionContext:101 - Began transaction (1) for test context [DefaultTestContext@2bc1710b testClass = RequestTokenRefreshGrantTest, testInstance = org.rootservices.authorization.oauth2.grant.refresh.RequestTokenRefreshGrantTest@3e48465c, testMethod = requestWhenCompromisedRefreshTokenShouldThrowBadRequestException@RequestTokenRefreshGrantTest, testException = [null], mergedContextConfiguration = [MergedContextConfiguration@54283691 testClass = RequestTokenRefreshGrantTest, locations = '{classpath:spring-auth-test.xml}', classes = '{}', contextInitializerClasses = '[]', activeProfiles = '{}', propertySourceLocations = '{}', propertySourceProperties = '{}', contextCustomizers = set[[empty]], contextLoader = 'org.springframework.test.context.support.DelegatingSmartContextLoader', parent = [null]]]; transaction manager [org.springframework.jdbc.datasource.DataSourceTransactionManager@6cc63594]; rollback [true]
2018-01-07T10:01:56,247  INFO Test worker xml.XmlBeanDefinitionReader:317 - Loading XML bean definitions from class path resource [org/springframework/jdbc/support/sql-error-codes.xml]
2018-01-07T10:01:56,310  INFO Test worker support.SQLErrorCodesFactory:126 - SQLErrorCodes loaded: [DB2, Derby, H2, HSQL, Informix, MS-SQL, MySQL, Oracle, PostgreSQL, Sybase, Hana]
2018-01-07T10:01:56,318  WARN Test worker refresh.RequestTokenRefreshGrant:97 - refresh token was already used
org.rootservices.authorization.oauth2.grant.refresh.exception.CompromisedRefreshTokenException: refresh token was already used
	at org.rootservices.authorization.oauth2.grant.refresh.IssueTokenRefreshGrant.run(IssueTokenRefreshGrant.java:49) ~[main/:?]
	at org.rootservices.authorization.oauth2.grant.refresh.RequestTokenRefreshGrant.request(RequestTokenRefreshGrant.java:87) [main/:?]
	at org.rootservices.authorization.oauth2.grant.refresh.RequestTokenRefreshGrantTest.requestWhenCompromisedRefreshTokenShouldThrowBadRequestException(RequestTokenRefreshGrantTest.java:363) [test/:?]
	at sun.reflect.NativeMethodAccessorImpl.invoke0(Native Method) ~[?:1.8.0_20]
	at sun.reflect.NativeMethodAccessorImpl.invoke(NativeMethodAccessorImpl.java:62) ~[?:1.8.0_20]
	at sun.reflect.DelegatingMethodAccessorImpl.invoke(DelegatingMethodAccessorImpl.java:43) ~[?:1.8.0_20]
	at java.lang.reflect.Method.invoke(Method.java:483) ~[?:1.8.0_20]
	at org.junit.runners.model.FrameworkMethod$1.runReflectiveCall(FrameworkMethod.java:50) [junit-4.12.jar:4.12]
	at org.junit.internal.runners.model.ReflectiveCallable.run(ReflectiveCallable.java:12) [junit-4.12.jar:4.12]
	at org.junit.runners.model.FrameworkMethod.invokeExplosively(FrameworkMethod.java:47) [junit-4.12.jar:4.12]
	at org.junit.internal.runners.statements.InvokeMethod.evaluate(InvokeMethod.java:17) [junit-4.12.jar:4.12]
	at org.springframework.test.context.junit4.statements.RunBeforeTestMethodCallbacks.evaluate(RunBeforeTestMethodCallbacks.java:75) [spring-test-4.3.2.RELEASE.jar:4.3.2.RELEASE]
	at org.springframework.test.context.junit4.statements.RunAfterTestMethodCallbacks.evaluate(RunAfterTestMethodCallbacks.java:86) [spring-test-4.3.2.RELEASE.jar:4.3.2.RELEASE]
	at org.springframework.test.context.junit4.statements.SpringRepeat.evaluate(SpringRepeat.java:84) [spring-test-4.3.2.RELEASE.jar:4.3.2.RELEASE]
	at org.junit.runners.ParentRunner.runLeaf(ParentRunner.java:325) [junit-4.12.jar:4.12]
	at org.springframework.test.context.junit4.SpringJUnit4ClassRunner.runChild(SpringJUnit4ClassRunner.java:252) [spring-test-4.3.2.RELEASE.jar:4.3.2.RELEASE]
	at org.springframework.test.context.junit4.SpringJUnit4ClassRunner.runChild(SpringJUnit4ClassRunner.java:94) [spring-test-4.3.2.RELEASE.jar:4.3.2.RELEASE]
	at org.junit.runners.ParentRunner$3.run(ParentRunner.java:290) [junit-4.12.jar:4.12]
	at org.junit.runners.ParentRunner$1.schedule(ParentRunner.java:71) [junit-4.12.jar:4.12]
	at org.junit.runners.ParentRunner.runChildren(ParentRunner.java:288) [junit-4.12.jar:4.12]
	at org.junit.runners.ParentRunner.access$000(ParentRunner.java:58) [junit-4.12.jar:4.12]
	at org.junit.runners.ParentRunner$2.evaluate(ParentRunner.java:268) [junit-4.12.jar:4.12]
	at org.springframework.test.context.junit4.statements.RunBeforeTestClassCallbacks.evaluate(RunBeforeTestClassCallbacks.java:61) [spring-test-4.3.2.RELEASE.jar:4.3.2.RELEASE]
	at org.springframework.test.context.junit4.statements.RunAfterTestClassCallbacks.evaluate(RunAfterTestClassCallbacks.java:70) [spring-test-4.3.2.RELEASE.jar:4.3.2.RELEASE]
	at org.junit.runners.ParentRunner.run(ParentRunner.java:363) [junit-4.12.jar:4.12]
	at org.springframework.test.context.junit4.SpringJUnit4ClassRunner.run(SpringJUnit4ClassRunner.java:191) [spring-test-4.3.2.RELEASE.jar:4.3.2.RELEASE]
	at org.gradle.api.internal.tasks.testing.junit.JUnitTestClassExecuter.runTestClass(JUnitTestClassExecuter.java:114) [gradle-testing-jvm-4.3.1.jar:4.3.1]
	at org.gradle.api.internal.tasks.testing.junit.JUnitTestClassExecuter.execute(JUnitTestClassExecuter.java:57) [gradle-testing-jvm-4.3.1.jar:4.3.1]
	at org.gradle.api.internal.tasks.testing.junit.JUnitTestClassProcessor.processTestClass(JUnitTestClassProcessor.java:66) [gradle-testing-jvm-4.3.1.jar:4.3.1]
	at org.gradle.api.internal.tasks.testing.SuiteTestClassProcessor.processTestClass(SuiteTestClassProcessor.java:51) [gradle-testing-base-4.3.1.jar:4.3.1]
	at sun.reflect.GeneratedMethodAccessor64.invoke(Unknown Source) ~[?:?]
	at sun.reflect.DelegatingMethodAccessorImpl.invoke(DelegatingMethodAccessorImpl.java:43) ~[?:1.8.0_20]
	at java.lang.reflect.Method.invoke(Method.java:483) ~[?:1.8.0_20]
	at org.gradle.internal.dispatch.ReflectionDispatch.dispatch(ReflectionDispatch.java:35) [gradle-messaging-4.3.1.jar:4.3.1]
	at org.gradle.internal.dispatch.ReflectionDispatch.dispatch(ReflectionDispatch.java:24) [gradle-messaging-4.3.1.jar:4.3.1]
	at org.gradle.internal.dispatch.ContextClassLoaderDispatch.dispatch(ContextClassLoaderDispatch.java:32) [gradle-messaging-4.3.1.jar:4.3.1]
	at org.gradle.internal.dispatch.ProxyDispatchAdapter$DispatchingInvocationHandler.invoke(ProxyDispatchAdapter.java:93) [gradle-messaging-4.3.1.jar:4.3.1]
	at com.sun.proxy.$Proxy1.processTestClass(Unknown Source) [?:?]
	at org.gradle.api.internal.tasks.testing.worker.TestWorker.processTestClass(TestWorker.java:108) [gradle-testing-base-4.3.1.jar:4.3.1]
	at sun.reflect.GeneratedMethodAccessor63.invoke(Unknown Source) ~[?:?]
	at sun.reflect.DelegatingMethodAccessorImpl.invoke(DelegatingMethodAccessorImpl.java:43) ~[?:1.8.0_20]
	at java.lang.reflect.Method.invoke(Method.java:483) ~[?:1.8.0_20]
	at org.gradle.internal.dispatch.ReflectionDispatch.dispatch(ReflectionDispatch.java:35) [gradle-messaging-4.3.1.jar:4.3.1]
	at org.gradle.internal.dispatch.ReflectionDispatch.dispatch(ReflectionDispatch.java:24) [gradle-messaging-4.3.1.jar:4.3.1]
	at org.gradle.internal.remote.internal.hub.MessageHubBackedObjectConnection$DispatchWrapper.dispatch(MessageHubBackedObjectConnection.java:146) [gradle-messaging-4.3.1.jar:4.3.1]
	at org.gradle.internal.remote.internal.hub.MessageHubBackedObjectConnection$DispatchWrapper.dispatch(MessageHubBackedObjectConnection.java:128) [gradle-messaging-4.3.1.jar:4.3.1]
	at org.gradle.internal.remote.internal.hub.MessageHub$Handler.run(MessageHub.java:404) [gradle-messaging-4.3.1.jar:4.3.1]
	at org.gradle.internal.concurrent.ExecutorPolicy$CatchAndRecordFailures.onExecute(ExecutorPolicy.java:63) [gradle-base-services-4.3.1.jar:4.3.1]
	at org.gradle.internal.concurrent.ManagedExecutorImpl$1.run(ManagedExecutorImpl.java:46) [gradle-base-services-4.3.1.jar:4.3.1]
	at java.util.concurrent.ThreadPoolExecutor.runWorker(ThreadPoolExecutor.java:1142) [?:1.8.0_20]
	at java.util.concurrent.ThreadPoolExecutor$Worker.run(ThreadPoolExecutor.java:617) [?:1.8.0_20]
	at org.gradle.internal.concurrent.ThreadFactoryImpl$ManagedThreadRunnable.run(ThreadFactoryImpl.java:55) [gradle-base-services-4.3.1.jar:4.3.1]
	at java.lang.Thread.run(Thread.java:745) [?:1.8.0_20]
Caused by: org.rootservices.authorization.persistence.exceptions.DuplicateRecordException: Could not insert token chain - refresh token was already used
	at org.rootservices.authorization.persistence.repository.TokenChainRepositoryImpl.insert(TokenChainRepositoryImpl.java:29) ~[main/:?]
	at org.rootservices.authorization.oauth2.grant.refresh.IssueTokenRefreshGrant.run(IssueTokenRefreshGrant.java:47) ~[main/:?]
	... 52 more
Caused by: org.springframework.dao.DuplicateKeyException: 
### Error updating database.  Cause: org.postgresql.util.PSQLException: ERROR: duplicate key value violates unique constraint "token_chain_refresh_token_id_unique"
  Detail: Key (refresh_token_id)=(95fe826b-a43f-4e94-8ce1-7acee3a32861) already exists.
### The error may involve defaultParameterMap
### The error occurred while setting parameters
### SQL: insert into token_chain (id, token_id, prev_token_id, refresh_token_id)         values (             ?,             ?,             ?,             ?         )
### Cause: org.postgresql.util.PSQLException: ERROR: duplicate key value violates unique constraint "token_chain_refresh_token_id_unique"
  Detail: Key (refresh_token_id)=(95fe826b-a43f-4e94-8ce1-7acee3a32861) already exists.
; SQL []; ERROR: duplicate key value violates unique constraint "token_chain_refresh_token_id_unique"
  Detail: Key (refresh_token_id)=(95fe826b-a43f-4e94-8ce1-7acee3a32861) already exists.; nested exception is org.postgresql.util.PSQLException: ERROR: duplicate key value violates unique constraint "token_chain_refresh_token_id_unique"
  Detail: Key (refresh_token_id)=(95fe826b-a43f-4e94-8ce1-7acee3a32861) already exists.
	at org.springframework.jdbc.support.SQLErrorCodeSQLExceptionTranslator.doTranslate(SQLErrorCodeSQLExceptionTranslator.java:239) ~[spring-jdbc-4.3.2.RELEASE.jar:4.3.2.RELEASE]
	at org.springframework.jdbc.support.AbstractFallbackSQLExceptionTranslator.translate(AbstractFallbackSQLExceptionTranslator.java:73) ~[spring-jdbc-4.3.2.RELEASE.jar:4.3.2.RELEASE]
	at org.mybatis.spring.MyBatisExceptionTranslator.translateExceptionIfPossible(MyBatisExceptionTranslator.java:75) ~[mybatis-spring-1.3.0.jar:1.3.0]
	at org.mybatis.spring.SqlSessionTemplate$SqlSessionInterceptor.invoke(SqlSessionTemplate.java:447) ~[mybatis-spring-1.3.0.jar:1.3.0]
	at com.sun.proxy.$Proxy38.insert(Unknown Source) ~[?:?]
	at org.mybatis.spring.SqlSessionTemplate.insert(SqlSessionTemplate.java:279) ~[mybatis-spring-1.3.0.jar:1.3.0]
	at org.apache.ibatis.binding.MapperMethod.execute(MapperMethod.java:56) ~[mybatis-3.4.0.jar:3.4.0]
	at org.apache.ibatis.binding.MapperProxy.invoke(MapperProxy.java:53) ~[mybatis-3.4.0.jar:3.4.0]
	at com.sun.proxy.$Proxy61.insert(Unknown Source) ~[?:?]
	at org.rootservices.authorization.persistence.repository.TokenChainRepositoryImpl.insert(TokenChainRepositoryImpl.java:27) ~[main/:?]
	at org.rootservices.authorization.oauth2.grant.refresh.IssueTokenRefreshGrant.run(IssueTokenRefreshGrant.java:47) ~[main/:?]
	... 52 more
Caused by: org.postgresql.util.PSQLException: ERROR: duplicate key value violates unique constraint "token_chain_refresh_token_id_unique"
  Detail: Key (refresh_token_id)=(95fe826b-a43f-4e94-8ce1-7acee3a32861) already exists.
	at org.postgresql.core.v3.QueryExecutorImpl.receiveErrorResponse(QueryExecutorImpl.java:2198) ~[postgresql-9.3-1102-jdbc4.jar:?]
	at org.postgresql.core.v3.QueryExecutorImpl.processResults(QueryExecutorImpl.java:1927) ~[postgresql-9.3-1102-jdbc4.jar:?]
	at org.postgresql.core.v3.QueryExecutorImpl.execute(QueryExecutorImpl.java:255) ~[postgresql-9.3-1102-jdbc4.jar:?]
	at org.postgresql.jdbc2.AbstractJdbc2Statement.execute(AbstractJdbc2Statement.java:561) ~[postgresql-9.3-1102-jdbc4.jar:?]
	at org.postgresql.jdbc2.AbstractJdbc2Statement.executeWithFlags(AbstractJdbc2Statement.java:419) ~[postgresql-9.3-1102-jdbc4.jar:?]
	at org.postgresql.jdbc2.AbstractJdbc2Statement.execute(AbstractJdbc2Statement.java:412) ~[postgresql-9.3-1102-jdbc4.jar:?]
	at org.apache.commons.dbcp.DelegatingPreparedStatement.execute(DelegatingPreparedStatement.java:172) ~[commons-dbcp-1.4.jar:1.4]
	at org.apache.commons.dbcp.DelegatingPreparedStatement.execute(DelegatingPreparedStatement.java:172) ~[commons-dbcp-1.4.jar:1.4]
	at org.apache.ibatis.executor.statement.PreparedStatementHandler.update(PreparedStatementHandler.java:46) ~[mybatis-3.4.0.jar:3.4.0]
	at org.apache.ibatis.executor.statement.RoutingStatementHandler.update(RoutingStatementHandler.java:74) ~[mybatis-3.4.0.jar:3.4.0]
	at org.apache.ibatis.executor.SimpleExecutor.doUpdate(SimpleExecutor.java:50) ~[mybatis-3.4.0.jar:3.4.0]
	at org.apache.ibatis.executor.BaseExecutor.update(BaseExecutor.java:117) ~[mybatis-3.4.0.jar:3.4.0]
	at org.apache.ibatis.executor.CachingExecutor.update(CachingExecutor.java:76) ~[mybatis-3.4.0.jar:3.4.0]
	at org.apache.ibatis.session.defaults.DefaultSqlSession.update(DefaultSqlSession.java:198) ~[mybatis-3.4.0.jar:3.4.0]
	at org.apache.ibatis.session.defaults.DefaultSqlSession.insert(DefaultSqlSession.java:185) ~[mybatis-3.4.0.jar:3.4.0]
	at sun.reflect.GeneratedMethodAccessor31.invoke(Unknown Source) ~[?:?]
	at sun.reflect.DelegatingMethodAccessorImpl.invoke(DelegatingMethodAccessorImpl.java:43) ~[?:1.8.0_20]
	at java.lang.reflect.Method.invoke(Method.java:483) ~[?:1.8.0_20]
	at org.mybatis.spring.SqlSessionTemplate$SqlSessionInterceptor.invoke(SqlSessionTemplate.java:434) ~[mybatis-spring-1.3.0.jar:1.3.0]
	at com.sun.proxy.$Proxy38.insert(Unknown Source) ~[?:?]
	at org.mybatis.spring.SqlSessionTemplate.insert(SqlSessionTemplate.java:279) ~[mybatis-spring-1.3.0.jar:1.3.0]
	at org.apache.ibatis.binding.MapperMethod.execute(MapperMethod.java:56) ~[mybatis-3.4.0.jar:3.4.0]
	at org.apache.ibatis.binding.MapperProxy.invoke(MapperProxy.java:53) ~[mybatis-3.4.0.jar:3.4.0]
	at com.sun.proxy.$Proxy61.insert(Unknown Source) ~[?:?]
	at org.rootservices.authorization.persistence.repository.TokenChainRepositoryImpl.insert(TokenChainRepositoryImpl.java:27) ~[main/:?]
	at org.rootservices.authorization.oauth2.grant.refresh.IssueTokenRefreshGrant.run(IssueTokenRefreshGrant.java:47) ~[main/:?]
	... 52 more
2018-01-07T10:01:56,328  INFO Test worker transaction.TransactionContext:136 - Rolled back transaction for test context [DefaultTestContext@2bc1710b testClass = RequestTokenRefreshGrantTest, testInstance = org.rootservices.authorization.oauth2.grant.refresh.RequestTokenRefreshGrantTest@3e48465c, testMethod = requestWhenCompromisedRefreshTokenShouldThrowBadRequestException@RequestTokenRefreshGrantTest, testException = [null], mergedContextConfiguration = [MergedContextConfiguration@54283691 testClass = RequestTokenRefreshGrantTest, locations = '{classpath:spring-auth-test.xml}', classes = '{}', contextInitializerClasses = '[]', activeProfiles = '{}', propertySourceLocations = '{}', propertySourceProperties = '{}', contextCustomizers = set[[empty]], contextLoader = 'org.springframework.test.context.support.DelegatingSmartContextLoader', parent = [null]]].
2018-01-07T10:01:56,330  INFO Test worker transaction.TransactionContext:101 - Began transaction (1) for test context [DefaultTestContext@2bc1710b testClass = RequestTokenRefreshGrantTest, testInstance = org.rootservices.authorization.oauth2.grant.refresh.RequestTokenRefreshGrantTest@50c35cd2, testMethod = requestWhenResourceOwnerNotLinkedToRefreshTokenShouldThrowBadRequestException@RequestTokenRefreshGrantTest, testException = [null], mergedContextConfiguration = [MergedContextConfiguration@54283691 testClass = RequestTokenRefreshGrantTest, locations = '{classpath:spring-auth-test.xml}', classes = '{}', contextInitializerClasses = '[]', activeProfiles = '{}', propertySourceLocations = '{}', propertySourceProperties = '{}', contextCustomizers = set[[empty]], contextLoader = 'org.springframework.test.context.support.DelegatingSmartContextLoader', parent = [null]]]; transaction manager [org.springframework.jdbc.datasource.DataSourceTransactionManager@6cc63594]; rollback [true]
2018-01-07T10:01:57,772  INFO Test worker transaction.TransactionContext:136 - Rolled back transaction for test context [DefaultTestContext@2bc1710b testClass = RequestTokenRefreshGrantTest, testInstance = org.rootservices.authorization.oauth2.grant.refresh.RequestTokenRefreshGrantTest@50c35cd2, testMethod = requestWhenResourceOwnerNotLinkedToRefreshTokenShouldThrowBadRequestException@RequestTokenRefreshGrantTest, testException = [null], mergedContextConfiguration = [MergedContextConfiguration@54283691 testClass = RequestTokenRefreshGrantTest, locations = '{classpath:spring-auth-test.xml}', classes = '{}', contextInitializerClasses = '[]', activeProfiles = '{}', propertySourceLocations = '{}', propertySourceProperties = '{}', contextCustomizers = set[[empty]], contextLoader = 'org.springframework.test.context.support.DelegatingSmartContextLoader', parent = [null]]].
2018-01-07T10:01:57,773  INFO Test worker transaction.TransactionContext:101 - Began transaction (1) for test context [DefaultTestContext@2bc1710b testClass = RequestTokenRefreshGrantTest, testInstance = org.rootservices.authorization.oauth2.grant.refresh.RequestTokenRefreshGrantTest@1306a6ca, testMethod = requestWhenInvalidValueShouldThrowBadRequestException@RequestTokenRefreshGrantTest, testException = [null], mergedContextConfiguration = [MergedContextConfiguration@54283691 testClass = RequestTokenRefreshGrantTest, locations = '{classpath:spring-auth-test.xml}', classes = '{}', contextInitializerClasses = '[]', activeProfiles = '{}', propertySourceLocations = '{}', propertySourceProperties = '{}', contextCustomizers = set[[empty]], contextLoader = 'org.springframework.test.context.support.DelegatingSmartContextLoader', parent = [null]]]; transaction manager [org.springframework.jdbc.datasource.DataSourceTransactionManager@6cc63594]; rollback [true]
2018-01-07T10:01:58,714  INFO Test worker transaction.TransactionContext:136 - Rolled back transaction for test context [DefaultTestContext@2bc1710b testClass = RequestTokenRefreshGrantTest, testInstance = org.rootservices.authorization.oauth2.grant.refresh.RequestTokenRefreshGrantTest@1306a6ca, testMethod = requestWhenInvalidValueShouldThrowBadRequestException@RequestTokenRefreshGrantTest, testException = [null], mergedContextConfiguration = [MergedContextConfiguration@54283691 testClass = RequestTokenRefreshGrantTest, locations = '{classpath:spring-auth-test.xml}', classes = '{}', contextInitializerClasses = '[]', activeProfiles = '{}', propertySourceLocations = '{}', propertySourceProperties = '{}', contextCustomizers = set[[empty]], contextLoader = 'org.springframework.test.context.support.DelegatingSmartContextLoader', parent = [null]]].
2018-01-07T10:01:58,716  INFO Test worker transaction.TransactionContext:101 - Began transaction (1) for test context [DefaultTestContext@2bc1710b testClass = RequestTokenRefreshGrantTest, testInstance = org.rootservices.authorization.oauth2.grant.refresh.RequestTokenRefreshGrantTest@3565a948, testMethod = requestWhenRefreshTokenNotFoundShould@RequestTokenRefreshGrantTest, testException = [null], mergedContextConfiguration = [MergedContextConfiguration@54283691 testClass = RequestTokenRefreshGrantTest, locations = '{classpath:spring-auth-test.xml}', classes = '{}', contextInitializerClasses = '[]', activeProfiles = '{}', propertySourceLocations = '{}', propertySourceProperties = '{}', contextCustomizers = set[[empty]], contextLoader = 'org.springframework.test.context.support.DelegatingSmartContextLoader', parent = [null]]]; transaction manager [org.springframework.jdbc.datasource.DataSourceTransactionManager@6cc63594]; rollback [true]
2018-01-07T10:01:59,950  INFO Test worker transaction.TransactionContext:136 - Rolled back transaction for test context [DefaultTestContext@2bc1710b testClass = RequestTokenRefreshGrantTest, testInstance = org.rootservices.authorization.oauth2.grant.refresh.RequestTokenRefreshGrantTest@3565a948, testMethod = requestWhenRefreshTokenNotFoundShould@RequestTokenRefreshGrantTest, testException = [null], mergedContextConfiguration = [MergedContextConfiguration@54283691 testClass = RequestTokenRefreshGrantTest, locations = '{classpath:spring-auth-test.xml}', classes = '{}', contextInitializerClasses = '[]', activeProfiles = '{}', propertySourceLocations = '{}', propertySourceProperties = '{}', contextCustomizers = set[[empty]], contextLoader = 'org.springframework.test.context.support.DelegatingSmartContextLoader', parent = [null]]].
2018-01-07T10:01:59,952  INFO Test worker transaction.TransactionContext:101 - Began transaction (1) for test context [DefaultTestContext@2bc1710b testClass = RequestTokenRefreshGrantTest, testInstance = org.rootservices.authorization.oauth2.grant.refresh.RequestTokenRefreshGrantTest@39f6804e, testMethod = requestWhenMissingKeyShouldThrowBadRequestException@RequestTokenRefreshGrantTest, testException = [null], mergedContextConfiguration = [MergedContextConfiguration@54283691 testClass = RequestTokenRefreshGrantTest, locations = '{classpath:spring-auth-test.xml}', classes = '{}', contextInitializerClasses = '[]', activeProfiles = '{}', propertySourceLocations = '{}', propertySourceProperties = '{}', contextCustomizers = set[[empty]], contextLoader = 'org.springframework.test.context.support.DelegatingSmartContextLoader', parent = [null]]]; transaction manager [org.springframework.jdbc.datasource.DataSourceTransactionManager@6cc63594]; rollback [true]
2018-01-07T10:02:00,952  INFO Test worker transaction.TransactionContext:136 - Rolled back transaction for test context [DefaultTestContext@2bc1710b testClass = RequestTokenRefreshGrantTest, testInstance = org.rootservices.authorization.oauth2.grant.refresh.RequestTokenRefreshGrantTest@39f6804e, testMethod = requestWhenMissingKeyShouldThrowBadRequestException@RequestTokenRefreshGrantTest, testException = [null], mergedContextConfiguration = [MergedContextConfiguration@54283691 testClass = RequestTokenRefreshGrantTest, locations = '{classpath:spring-auth-test.xml}', classes = '{}', contextInitializerClasses = '[]', activeProfiles = '{}', propertySourceLocations = '{}', propertySourceProperties = '{}', contextCustomizers = set[[empty]], contextLoader = 'org.springframework.test.context.support.DelegatingSmartContextLoader', parent = [null]]].
2018-01-07T10:02:00,956  INFO Test worker transaction.TransactionContext:101 - Began transaction (1) for test context [DefaultTestContext@2bc1710b testClass = RequestTokenRefreshGrantTest, testInstance = org.rootservices.authorization.oauth2.grant.refresh.RequestTokenRefreshGrantTest@143610d6, testMethod = requestWhenExtraScopesShouldThrowBadRequestException@RequestTokenRefreshGrantTest, testException = [null], mergedContextConfiguration = [MergedContextConfiguration@54283691 testClass = RequestTokenRefreshGrantTest, locations = '{classpath:spring-auth-test.xml}', classes = '{}', contextInitializerClasses = '[]', activeProfiles = '{}', propertySourceLocations = '{}', propertySourceProperties = '{}', contextCustomizers = set[[empty]], contextLoader = 'org.springframework.test.context.support.DelegatingSmartContextLoader', parent = [null]]]; transaction manager [org.springframework.jdbc.datasource.DataSourceTransactionManager@6cc63594]; rollback [true]
2018-01-07T10:02:02,073  INFO Test worker transaction.TransactionContext:136 - Rolled back transaction for test context [DefaultTestContext@2bc1710b testClass = RequestTokenRefreshGrantTest, testInstance = org.rootservices.authorization.oauth2.grant.refresh.RequestTokenRefreshGrantTest@143610d6, testMethod = requestWhenExtraScopesShouldThrowBadRequestException@RequestTokenRefreshGrantTest, testException = [null], mergedContextConfiguration = [MergedContextConfiguration@54283691 testClass = RequestTokenRefreshGrantTest, locations = '{classpath:spring-auth-test.xml}', classes = '{}', contextInitializerClasses = '[]', activeProfiles = '{}', propertySourceLocations = '{}', propertySourceProperties = '{}', contextCustomizers = set[[empty]], contextLoader = 'org.springframework.test.context.support.DelegatingSmartContextLoader', parent = [null]]].
2018-01-07T10:02:02,075  INFO Test worker transaction.TransactionContext:101 - Began transaction (1) for test context [DefaultTestContext@2bc1710b testClass = RequestTokenRefreshGrantTest, testInstance = org.rootservices.authorization.oauth2.grant.refresh.RequestTokenRefreshGrantTest@6a7cc81e, testMethod = requestWhenUnknownKeyShouldThrowBadRequestException@RequestTokenRefreshGrantTest, testException = [null], mergedContextConfiguration = [MergedContextConfiguration@54283691 testClass = RequestTokenRefreshGrantTest, locations = '{classpath:spring-auth-test.xml}', classes = '{}', contextInitializerClasses = '[]', activeProfiles = '{}', propertySourceLocations = '{}', propertySourceProperties = '{}', contextCustomizers = set[[empty]], contextLoader = 'org.springframework.test.context.support.DelegatingSmartContextLoader', parent = [null]]]; transaction manager [org.springframework.jdbc.datasource.DataSourceTransactionManager@6cc63594]; rollback [true]
2018-01-07T10:02:03,074  INFO Test worker transaction.TransactionContext:136 - Rolled back transaction for test context [DefaultTestContext@2bc1710b testClass = RequestTokenRefreshGrantTest, testInstance = org.rootservices.authorization.oauth2.grant.refresh.RequestTokenRefreshGrantTest@6a7cc81e, testMethod = requestWhenUnknownKeyShouldThrowBadRequestException@RequestTokenRefreshGrantTest, testException = [null], mergedContextConfiguration = [MergedContextConfiguration@54283691 testClass = RequestTokenRefreshGrantTest, locations = '{classpath:spring-auth-test.xml}', classes = '{}', contextInitializerClasses = '[]', activeProfiles = '{}', propertySourceLocations = '{}', propertySourceProperties = '{}', contextCustomizers = set[[empty]], contextLoader = 'org.springframework.test.context.support.DelegatingSmartContextLoader', parent = [null]]].
2018-01-07T10:02:03,076  INFO Test worker transaction.TransactionContext:101 - Began transaction (1) for test context [DefaultTestContext@2bc1710b testClass = RequestTokenRefreshGrantTest, testInstance = org.rootservices.authorization.oauth2.grant.refresh.RequestTokenRefreshGrantTest@91dbf7a, testMethod = requestShouldBeOk@RequestTokenRefreshGrantTest, testException = [null], mergedContextConfiguration = [MergedContextConfiguration@54283691 testClass = RequestTokenRefreshGrantTest, locations = '{classpath:spring-auth-test.xml}', classes = '{}', contextInitializerClasses = '[]', activeProfiles = '{}', propertySourceLocations = '{}', propertySourceProperties = '{}', contextCustomizers = set[[empty]], contextLoader = 'org.springframework.test.context.support.DelegatingSmartContextLoader', parent = [null]]]; transaction manager [org.springframework.jdbc.datasource.DataSourceTransactionManager@6cc63594]; rollback [true]
2018-01-07T10:02:04,708  INFO Test worker transaction.TransactionContext:136 - Rolled back transaction for test context [DefaultTestContext@2bc1710b testClass = RequestTokenRefreshGrantTest, testInstance = org.rootservices.authorization.oauth2.grant.refresh.RequestTokenRefreshGrantTest@91dbf7a, testMethod = requestShouldBeOk@RequestTokenRefreshGrantTest, testException = [null], mergedContextConfiguration = [MergedContextConfiguration@54283691 testClass = RequestTokenRefreshGrantTest, locations = '{classpath:spring-auth-test.xml}', classes = '{}', contextInitializerClasses = '[]', activeProfiles = '{}', propertySourceLocations = '{}', propertySourceProperties = '{}', contextCustomizers = set[[empty]], contextLoader = 'org.springframework.test.context.support.DelegatingSmartContextLoader', parent = [null]]].
2018-01-07T10:02:04,712  INFO Test worker transaction.TransactionContext:101 - Began transaction (1) for test context [DefaultTestContext@2bc1710b testClass = RequestTokenRefreshGrantTest, testInstance = org.rootservices.authorization.oauth2.grant.refresh.RequestTokenRefreshGrantTest@1b130f5, testMethod = requestRefreshTokenDoesNotBelongToClientShouldThrowNotFoundException@RequestTokenRefreshGrantTest, testException = [null], mergedContextConfiguration = [MergedContextConfiguration@54283691 testClass = RequestTokenRefreshGrantTest, locations = '{classpath:spring-auth-test.xml}', classes = '{}', contextInitializerClasses = '[]', activeProfiles = '{}', propertySourceLocations = '{}', propertySourceProperties = '{}', contextCustomizers = set[[empty]], contextLoader = 'org.springframework.test.context.support.DelegatingSmartContextLoader', parent = [null]]]; transaction manager [org.springframework.jdbc.datasource.DataSourceTransactionManager@6cc63594]; rollback [true]
2018-01-07T10:02:06,568  INFO Test worker transaction.TransactionContext:136 - Rolled back transaction for test context [DefaultTestContext@2bc1710b testClass = RequestTokenRefreshGrantTest, testInstance = org.rootservices.authorization.oauth2.grant.refresh.RequestTokenRefreshGrantTest@1b130f5, testMethod = requestRefreshTokenDoesNotBelongToClientShouldThrowNotFoundException@RequestTokenRefreshGrantTest, testException = [null], mergedContextConfiguration = [MergedContextConfiguration@54283691 testClass = RequestTokenRefreshGrantTest, locations = '{classpath:spring-auth-test.xml}', classes = '{}', contextInitializerClasses = '[]', activeProfiles = '{}', propertySourceLocations = '{}', propertySourceProperties = '{}', contextCustomizers = set[[empty]], contextLoader = 'org.springframework.test.context.support.DelegatingSmartContextLoader', parent = [null]]].
]]></system-out>
  <system-err><![CDATA[]]></system-err>
</testsuite>
