<?xml version="1.0" encoding="UTF-8"?>
<testsuite name="integration.authorization.oauth2.grant.code.request.ValidateParams.validation.ResponseType.ClientNotFoundTest" tests="5" skipped="0" failures="0" errors="0" timestamp="2018-01-07T16:01:41" hostname="Kristins-MBP" time="0.33">
  <properties/>
  <testcase name="responseTypeIsInvalidShouldThrowInformResourceOwnerException" classname="integration.authorization.oauth2.grant.code.request.ValidateParams.validation.ResponseType.ClientNotFoundTest" time="0.288"/>
  <testcase name="responseTypeIsNullShouldThrowInformResourceOwnerException" classname="integration.authorization.oauth2.grant.code.request.ValidateParams.validation.ResponseType.ClientNotFoundTest" time="0.011"/>
  <testcase name="responseTypeHasTwoItemsShouldThrowInformResourceException" classname="integration.authorization.oauth2.grant.code.request.ValidateParams.validation.ResponseType.ClientNotFoundTest" time="0.009"/>
  <testcase name="responseTypeIsBlankStringShouldThrowInformResourceOwnerException" classname="integration.authorization.oauth2.grant.code.request.ValidateParams.validation.ResponseType.ClientNotFoundTest" time="0.009"/>
  <testcase name="responseTypeIsEmptyListShouldThrowInformResourceOwnerException" classname="integration.authorization.oauth2.grant.code.request.ValidateParams.validation.ResponseType.ClientNotFoundTest" time="0.008"/>
  <system-out><![CDATA[2018-01-07T10:01:41,579  INFO Test worker support.DefaultTestContextBootstrapper:260 - Loaded default TestExecutionListener class names from location [META-INF/spring.factories]: [org.springframework.test.context.web.ServletTestExecutionListener, org.springframework.test.context.support.DirtiesContextBeforeModesTestExecutionListener, org.springframework.test.context.support.DependencyInjectionTestExecutionListener, org.springframework.test.context.support.DirtiesContextTestExecutionListener, org.springframework.test.context.transaction.TransactionalTestExecutionListener, org.springframework.test.context.jdbc.SqlScriptsTestExecutionListener]
2018-01-07T10:01:41,608  INFO Test worker support.DefaultTestContextBootstrapper:209 - Could not instantiate TestExecutionListener [org.springframework.test.context.web.ServletTestExecutionListener]. Specify custom listener classes or make the default listener classes (and their required dependencies) available. Offending class: [javax/servlet/ServletContext]
2018-01-07T10:01:41,609  INFO Test worker support.DefaultTestContextBootstrapper:187 - Using TestExecutionListeners: [org.springframework.test.context.support.DirtiesContextBeforeModesTestExecutionListener@1c2fb138, org.springframework.test.context.support.DependencyInjectionTestExecutionListener@49d531d8, org.springframework.test.context.support.DirtiesContextTestExecutionListener@78246287, org.springframework.test.context.transaction.TransactionalTestExecutionListener@72081713, org.springframework.test.context.jdbc.SqlScriptsTestExecutionListener@134fde1b]
2018-01-07T10:01:41,640  INFO Test worker transaction.TransactionContext:101 - Began transaction (1) for test context [DefaultTestContext@27d96435 testClass = ClientNotFoundTest, testInstance = integration.authorization.oauth2.grant.code.request.ValidateParams.validation.ResponseType.ClientNotFoundTest@7701baf4, testMethod = responseTypeIsInvalidShouldThrowInformResourceOwnerException@ClientNotFoundTest, testException = [null], mergedContextConfiguration = [MergedContextConfiguration@73f4765b testClass = ClientNotFoundTest, locations = '{classpath:spring-auth-test.xml}', classes = '{}', contextInitializerClasses = '[]', activeProfiles = '{}', propertySourceLocations = '{}', propertySourceProperties = '{}', contextCustomizers = set[[empty]], contextLoader = 'org.springframework.test.context.support.DelegatingSmartContextLoader', parent = [null]]]; transaction manager [org.springframework.jdbc.datasource.DataSourceTransactionManager@6cc63594]; rollback [true]
2018-01-07T10:01:41,903  INFO Test worker transaction.TransactionContext:136 - Rolled back transaction for test context [DefaultTestContext@27d96435 testClass = ClientNotFoundTest, testInstance = integration.authorization.oauth2.grant.code.request.ValidateParams.validation.ResponseType.ClientNotFoundTest@7701baf4, testMethod = responseTypeIsInvalidShouldThrowInformResourceOwnerException@ClientNotFoundTest, testException = [null], mergedContextConfiguration = [MergedContextConfiguration@73f4765b testClass = ClientNotFoundTest, locations = '{classpath:spring-auth-test.xml}', classes = '{}', contextInitializerClasses = '[]', activeProfiles = '{}', propertySourceLocations = '{}', propertySourceProperties = '{}', contextCustomizers = set[[empty]], contextLoader = 'org.springframework.test.context.support.DelegatingSmartContextLoader', parent = [null]]].
2018-01-07T10:01:41,911  INFO Test worker transaction.TransactionContext:101 - Began transaction (1) for test context [DefaultTestContext@27d96435 testClass = ClientNotFoundTest, testInstance = integration.authorization.oauth2.grant.code.request.ValidateParams.validation.ResponseType.ClientNotFoundTest@4503aba5, testMethod = responseTypeIsNullShouldThrowInformResourceOwnerException@ClientNotFoundTest, testException = [null], mergedContextConfiguration = [MergedContextConfiguration@73f4765b testClass = ClientNotFoundTest, locations = '{classpath:spring-auth-test.xml}', classes = '{}', contextInitializerClasses = '[]', activeProfiles = '{}', propertySourceLocations = '{}', propertySourceProperties = '{}', contextCustomizers = set[[empty]], contextLoader = 'org.springframework.test.context.support.DelegatingSmartContextLoader', parent = [null]]]; transaction manager [org.springframework.jdbc.datasource.DataSourceTransactionManager@6cc63594]; rollback [true]
2018-01-07T10:01:41,917  INFO Test worker transaction.TransactionContext:136 - Rolled back transaction for test context [DefaultTestContext@27d96435 testClass = ClientNotFoundTest, testInstance = integration.authorization.oauth2.grant.code.request.ValidateParams.validation.ResponseType.ClientNotFoundTest@4503aba5, testMethod = responseTypeIsNullShouldThrowInformResourceOwnerException@ClientNotFoundTest, testException = [null], mergedContextConfiguration = [MergedContextConfiguration@73f4765b testClass = ClientNotFoundTest, locations = '{classpath:spring-auth-test.xml}', classes = '{}', contextInitializerClasses = '[]', activeProfiles = '{}', propertySourceLocations = '{}', propertySourceProperties = '{}', contextCustomizers = set[[empty]], contextLoader = 'org.springframework.test.context.support.DelegatingSmartContextLoader', parent = [null]]].
2018-01-07T10:01:41,921  INFO Test worker transaction.TransactionContext:101 - Began transaction (1) for test context [DefaultTestContext@27d96435 testClass = ClientNotFoundTest, testInstance = integration.authorization.oauth2.grant.code.request.ValidateParams.validation.ResponseType.ClientNotFoundTest@7d4426a2, testMethod = responseTypeHasTwoItemsShouldThrowInformResourceException@ClientNotFoundTest, testException = [null], mergedContextConfiguration = [MergedContextConfiguration@73f4765b testClass = ClientNotFoundTest, locations = '{classpath:spring-auth-test.xml}', classes = '{}', contextInitializerClasses = '[]', activeProfiles = '{}', propertySourceLocations = '{}', propertySourceProperties = '{}', contextCustomizers = set[[empty]], contextLoader = 'org.springframework.test.context.support.DelegatingSmartContextLoader', parent = [null]]]; transaction manager [org.springframework.jdbc.datasource.DataSourceTransactionManager@6cc63594]; rollback [true]
2018-01-07T10:01:41,927  INFO Test worker transaction.TransactionContext:136 - Rolled back transaction for test context [DefaultTestContext@27d96435 testClass = ClientNotFoundTest, testInstance = integration.authorization.oauth2.grant.code.request.ValidateParams.validation.ResponseType.ClientNotFoundTest@7d4426a2, testMethod = responseTypeHasTwoItemsShouldThrowInformResourceException@ClientNotFoundTest, testException = [null], mergedContextConfiguration = [MergedContextConfiguration@73f4765b testClass = ClientNotFoundTest, locations = '{classpath:spring-auth-test.xml}', classes = '{}', contextInitializerClasses = '[]', activeProfiles = '{}', propertySourceLocations = '{}', propertySourceProperties = '{}', contextCustomizers = set[[empty]], contextLoader = 'org.springframework.test.context.support.DelegatingSmartContextLoader', parent = [null]]].
2018-01-07T10:01:41,931  INFO Test worker transaction.TransactionContext:101 - Began transaction (1) for test context [DefaultTestContext@27d96435 testClass = ClientNotFoundTest, testInstance = integration.authorization.oauth2.grant.code.request.ValidateParams.validation.ResponseType.ClientNotFoundTest@587b0c64, testMethod = responseTypeIsBlankStringShouldThrowInformResourceOwnerException@ClientNotFoundTest, testException = [null], mergedContextConfiguration = [MergedContextConfiguration@73f4765b testClass = ClientNotFoundTest, locations = '{classpath:spring-auth-test.xml}', classes = '{}', contextInitializerClasses = '[]', activeProfiles = '{}', propertySourceLocations = '{}', propertySourceProperties = '{}', contextCustomizers = set[[empty]], contextLoader = 'org.springframework.test.context.support.DelegatingSmartContextLoader', parent = [null]]]; transaction manager [org.springframework.jdbc.datasource.DataSourceTransactionManager@6cc63594]; rollback [true]
2018-01-07T10:01:41,936  INFO Test worker transaction.TransactionContext:136 - Rolled back transaction for test context [DefaultTestContext@27d96435 testClass = ClientNotFoundTest, testInstance = integration.authorization.oauth2.grant.code.request.ValidateParams.validation.ResponseType.ClientNotFoundTest@587b0c64, testMethod = responseTypeIsBlankStringShouldThrowInformResourceOwnerException@ClientNotFoundTest, testException = [null], mergedContextConfiguration = [MergedContextConfiguration@73f4765b testClass = ClientNotFoundTest, locations = '{classpath:spring-auth-test.xml}', classes = '{}', contextInitializerClasses = '[]', activeProfiles = '{}', propertySourceLocations = '{}', propertySourceProperties = '{}', contextCustomizers = set[[empty]], contextLoader = 'org.springframework.test.context.support.DelegatingSmartContextLoader', parent = [null]]].
2018-01-07T10:01:41,940  INFO Test worker transaction.TransactionContext:101 - Began transaction (1) for test context [DefaultTestContext@27d96435 testClass = ClientNotFoundTest, testInstance = integration.authorization.oauth2.grant.code.request.ValidateParams.validation.ResponseType.ClientNotFoundTest@5a7b361, testMethod = responseTypeIsEmptyListShouldThrowInformResourceOwnerException@ClientNotFoundTest, testException = [null], mergedContextConfiguration = [MergedContextConfiguration@73f4765b testClass = ClientNotFoundTest, locations = '{classpath:spring-auth-test.xml}', classes = '{}', contextInitializerClasses = '[]', activeProfiles = '{}', propertySourceLocations = '{}', propertySourceProperties = '{}', contextCustomizers = set[[empty]], contextLoader = 'org.springframework.test.context.support.DelegatingSmartContextLoader', parent = [null]]]; transaction manager [org.springframework.jdbc.datasource.DataSourceTransactionManager@6cc63594]; rollback [true]
2018-01-07T10:01:41,945  INFO Test worker transaction.TransactionContext:136 - Rolled back transaction for test context [DefaultTestContext@27d96435 testClass = ClientNotFoundTest, testInstance = integration.authorization.oauth2.grant.code.request.ValidateParams.validation.ResponseType.ClientNotFoundTest@5a7b361, testMethod = responseTypeIsEmptyListShouldThrowInformResourceOwnerException@ClientNotFoundTest, testException = [null], mergedContextConfiguration = [MergedContextConfiguration@73f4765b testClass = ClientNotFoundTest, locations = '{classpath:spring-auth-test.xml}', classes = '{}', contextInitializerClasses = '[]', activeProfiles = '{}', propertySourceLocations = '{}', propertySourceProperties = '{}', contextCustomizers = set[[empty]], contextLoader = 'org.springframework.test.context.support.DelegatingSmartContextLoader', parent = [null]]].
]]></system-out>
  <system-err><![CDATA[]]></system-err>
</testsuite>
