<?xml version="1.0" encoding="UTF-8"?>
<testsuite name="org.rootservices.authorization.persistence.repository.AuthCodeTokenRepositoryImplTest" tests="4" skipped="0" failures="0" errors="0" timestamp="2018-01-07T16:02:20" hostname="Kristins-MBP" time="0.028">
  <properties/>
  <testcase name="insertShouldBeOk" classname="org.rootservices.authorization.persistence.repository.AuthCodeTokenRepositoryImplTest" time="0.024"/>
  <testcase name="insertDuplicateAuthCodeId" classname="org.rootservices.authorization.persistence.repository.AuthCodeTokenRepositoryImplTest" time="0.001"/>
  <testcase name="getByTokenIdShouldThrowRecordNotFound" classname="org.rootservices.authorization.persistence.repository.AuthCodeTokenRepositoryImplTest" time="0.001"/>
  <testcase name="getByTokenIdShouldBeOk" classname="org.rootservices.authorization.persistence.repository.AuthCodeTokenRepositoryImplTest" time="0.001"/>
  <system-out><![CDATA[]]></system-out>
  <system-err><![CDATA[]]></system-err>
</testsuite>
