<?xml version="1.0" encoding="UTF-8"?>
<testsuite name="org.rootservices.authorization.oauth2.grant.redirect.shared.authorization.request.entity.AuthRequestTest" tests="3" skipped="0" failures="0" errors="0" timestamp="2018-01-07T16:01:52" hostname="Kristins-MBP" time="0.001">
  <properties/>
  <testcase name="scopes" classname="org.rootservices.authorization.oauth2.grant.redirect.shared.authorization.request.entity.AuthRequestTest" time="0.0"/>
  <testcase name="clientId" classname="org.rootservices.authorization.oauth2.grant.redirect.shared.authorization.request.entity.AuthRequestTest" time="0.0"/>
  <testcase name="redirectURI" classname="org.rootservices.authorization.oauth2.grant.redirect.shared.authorization.request.entity.AuthRequestTest" time="0.0"/>
  <system-out><![CDATA[]]></system-out>
  <system-err><![CDATA[]]></system-err>
</testsuite>
