<?xml version="1.0" encoding="UTF-8"?>
<testsuite name="integration.authorization.oauth2.grant.code.request.ValidateParams.validation.Scopes.ClientNotFoundTest" tests="3" skipped="0" failures="0" errors="0" timestamp="2018-01-07T16:01:44" hostname="Kristins-MBP" time="0.025">
  <properties/>
  <testcase name="scopeIsBlankStringShouldThrowInformResourceOwnerException" classname="integration.authorization.oauth2.grant.code.request.ValidateParams.validation.Scopes.ClientNotFoundTest" time="0.009"/>
  <testcase name="scopesHasTwoItemsShouldThrowInformResourceOwnerException" classname="integration.authorization.oauth2.grant.code.request.ValidateParams.validation.Scopes.ClientNotFoundTest" time="0.007"/>
  <testcase name="scopeIsInvalidShouldThrowInformResourceOwnerException" classname="integration.authorization.oauth2.grant.code.request.ValidateParams.validation.Scopes.ClientNotFoundTest" time="0.007"/>
  <system-out><![CDATA[2018-01-07T10:01:44,435  INFO Test worker support.DefaultTestContextBootstrapper:260 - Loaded default TestExecutionListener class names from location [META-INF/spring.factories]: [org.springframework.test.context.web.ServletTestExecutionListener, org.springframework.test.context.support.DirtiesContextBeforeModesTestExecutionListener, org.springframework.test.context.support.DependencyInjectionTestExecutionListener, org.springframework.test.context.support.DirtiesContextTestExecutionListener, org.springframework.test.context.transaction.TransactionalTestExecutionListener, org.springframework.test.context.jdbc.SqlScriptsTestExecutionListener]
2018-01-07T10:01:44,437  INFO Test worker support.DefaultTestContextBootstrapper:209 - Could not instantiate TestExecutionListener [org.springframework.test.context.web.ServletTestExecutionListener]. Specify custom listener classes or make the default listener classes (and their required dependencies) available. Offending class: [javax/servlet/ServletContext]
2018-01-07T10:01:44,438  INFO Test worker support.DefaultTestContextBootstrapper:187 - Using TestExecutionListeners: [org.springframework.test.context.support.DirtiesContextBeforeModesTestExecutionListener@19c27f56, org.springframework.test.context.support.DependencyInjectionTestExecutionListener@dae0712, org.springframework.test.context.support.DirtiesContextTestExecutionListener@1eae4a5c, org.springframework.test.context.transaction.TransactionalTestExecutionListener@7e6475cf, org.springframework.test.context.jdbc.SqlScriptsTestExecutionListener@74568d9a]
2018-01-07T10:01:44,486  INFO Test worker transaction.TransactionContext:101 - Began transaction (1) for test context [DefaultTestContext@78407ee3 testClass = ClientNotFoundTest, testInstance = integration.authorization.oauth2.grant.code.request.ValidateParams.validation.Scopes.ClientNotFoundTest@1d0ce254, testMethod = scopeIsBlankStringShouldThrowInformResourceOwnerException@ClientNotFoundTest, testException = [null], mergedContextConfiguration = [MergedContextConfiguration@9bd8295 testClass = ClientNotFoundTest, locations = '{classpath:spring-auth-test.xml}', classes = '{}', contextInitializerClasses = '[]', activeProfiles = '{}', propertySourceLocations = '{}', propertySourceProperties = '{}', contextCustomizers = set[[empty]], contextLoader = 'org.springframework.test.context.support.DelegatingSmartContextLoader', parent = [null]]]; transaction manager [org.springframework.jdbc.datasource.DataSourceTransactionManager@2d976234]; rollback [true]
2018-01-07T10:01:44,493  INFO Test worker transaction.TransactionContext:136 - Rolled back transaction for test context [DefaultTestContext@78407ee3 testClass = ClientNotFoundTest, testInstance = integration.authorization.oauth2.grant.code.request.ValidateParams.validation.Scopes.ClientNotFoundTest@1d0ce254, testMethod = scopeIsBlankStringShouldThrowInformResourceOwnerException@ClientNotFoundTest, testException = [null], mergedContextConfiguration = [MergedContextConfiguration@9bd8295 testClass = ClientNotFoundTest, locations = '{classpath:spring-auth-test.xml}', classes = '{}', contextInitializerClasses = '[]', activeProfiles = '{}', propertySourceLocations = '{}', propertySourceProperties = '{}', contextCustomizers = set[[empty]], contextLoader = 'org.springframework.test.context.support.DelegatingSmartContextLoader', parent = [null]]].
2018-01-07T10:01:44,496  INFO Test worker transaction.TransactionContext:101 - Began transaction (1) for test context [DefaultTestContext@78407ee3 testClass = ClientNotFoundTest, testInstance = integration.authorization.oauth2.grant.code.request.ValidateParams.validation.Scopes.ClientNotFoundTest@7e23dcb1, testMethod = scopesHasTwoItemsShouldThrowInformResourceOwnerException@ClientNotFoundTest, testException = [null], mergedContextConfiguration = [MergedContextConfiguration@9bd8295 testClass = ClientNotFoundTest, locations = '{classpath:spring-auth-test.xml}', classes = '{}', contextInitializerClasses = '[]', activeProfiles = '{}', propertySourceLocations = '{}', propertySourceProperties = '{}', contextCustomizers = set[[empty]], contextLoader = 'org.springframework.test.context.support.DelegatingSmartContextLoader', parent = [null]]]; transaction manager [org.springframework.jdbc.datasource.DataSourceTransactionManager@2d976234]; rollback [true]
2018-01-07T10:01:44,501  INFO Test worker transaction.TransactionContext:136 - Rolled back transaction for test context [DefaultTestContext@78407ee3 testClass = ClientNotFoundTest, testInstance = integration.authorization.oauth2.grant.code.request.ValidateParams.validation.Scopes.ClientNotFoundTest@7e23dcb1, testMethod = scopesHasTwoItemsShouldThrowInformResourceOwnerException@ClientNotFoundTest, testException = [null], mergedContextConfiguration = [MergedContextConfiguration@9bd8295 testClass = ClientNotFoundTest, locations = '{classpath:spring-auth-test.xml}', classes = '{}', contextInitializerClasses = '[]', activeProfiles = '{}', propertySourceLocations = '{}', propertySourceProperties = '{}', contextCustomizers = set[[empty]], contextLoader = 'org.springframework.test.context.support.DelegatingSmartContextLoader', parent = [null]]].
2018-01-07T10:01:44,504  INFO Test worker transaction.TransactionContext:101 - Began transaction (1) for test context [DefaultTestContext@78407ee3 testClass = ClientNotFoundTest, testInstance = integration.authorization.oauth2.grant.code.request.ValidateParams.validation.Scopes.ClientNotFoundTest@7f0b4e4b, testMethod = scopeIsInvalidShouldThrowInformResourceOwnerException@ClientNotFoundTest, testException = [null], mergedContextConfiguration = [MergedContextConfiguration@9bd8295 testClass = ClientNotFoundTest, locations = '{classpath:spring-auth-test.xml}', classes = '{}', contextInitializerClasses = '[]', activeProfiles = '{}', propertySourceLocations = '{}', propertySourceProperties = '{}', contextCustomizers = set[[empty]], contextLoader = 'org.springframework.test.context.support.DelegatingSmartContextLoader', parent = [null]]]; transaction manager [org.springframework.jdbc.datasource.DataSourceTransactionManager@2d976234]; rollback [true]
2018-01-07T10:01:44,509  INFO Test worker transaction.TransactionContext:136 - Rolled back transaction for test context [DefaultTestContext@78407ee3 testClass = ClientNotFoundTest, testInstance = integration.authorization.oauth2.grant.code.request.ValidateParams.validation.Scopes.ClientNotFoundTest@7f0b4e4b, testMethod = scopeIsInvalidShouldThrowInformResourceOwnerException@ClientNotFoundTest, testException = [null], mergedContextConfiguration = [MergedContextConfiguration@9bd8295 testClass = ClientNotFoundTest, locations = '{classpath:spring-auth-test.xml}', classes = '{}', contextInitializerClasses = '[]', activeProfiles = '{}', propertySourceLocations = '{}', propertySourceProperties = '{}', contextCustomizers = set[[empty]], contextLoader = 'org.springframework.test.context.support.DelegatingSmartContextLoader', parent = [null]]].
]]></system-out>
  <system-err><![CDATA[]]></system-err>
</testsuite>
