<?xml version="1.0" encoding="UTF-8"?>
<testsuite name="org.rootservices.authorization.persistence.repository.ConfigurationRepositoryImplTest" tests="4" skipped="0" failures="0" errors="0" timestamp="2018-01-07T16:02:11" hostname="Kristins-MBP" time="0.028">
  <properties/>
  <testcase name="getShouldBeOk" classname="org.rootservices.authorization.persistence.repository.ConfigurationRepositoryImplTest" time="0.027"/>
  <testcase name="updateRefreshTokenSizeShouldBeOk" classname="org.rootservices.authorization.persistence.repository.ConfigurationRepositoryImplTest" time="0.0"/>
  <testcase name="updateAuthorizationCodeSizeShouldBeOk" classname="org.rootservices.authorization.persistence.repository.ConfigurationRepositoryImplTest" time="0.0"/>
  <testcase name="updateAccessTokenSizeShouldBeOk" classname="org.rootservices.authorization.persistence.repository.ConfigurationRepositoryImplTest" time="0.0"/>
  <system-out><![CDATA[]]></system-out>
  <system-err><![CDATA[]]></system-err>
</testsuite>
