<?xml version="1.0" encoding="UTF-8"?>
<testsuite name="org.rootservices.authorization.openId.jwk.GetKeysTest" tests="6" skipped="0" failures="0" errors="0" timestamp="2018-01-07T16:02:04" hostname="Kristins-MBP" time="0.029">
  <properties/>
  <testcase name="getPublicKeysPage1ShouldBeOk" classname="org.rootservices.authorization.openId.jwk.GetKeysTest" time="0.021"/>
  <testcase name="getPublicKeyByIdWhenRecordNotFoundThenThrowNotFoundException" classname="org.rootservices.authorization.openId.jwk.GetKeysTest" time="0.002"/>
  <testcase name="calculateOffsetWhenPage3ShouldBe40" classname="org.rootservices.authorization.openId.jwk.GetKeysTest" time="0.002"/>
  <testcase name="calculateOffsetWhenPage2ShouldBe20" classname="org.rootservices.authorization.openId.jwk.GetKeysTest" time="0.001"/>
  <testcase name="calculateOffsetWhenPage1ShouldBe0" classname="org.rootservices.authorization.openId.jwk.GetKeysTest" time="0.0"/>
  <testcase name="getPublicKeyByIdShouldBeOk" classname="org.rootservices.authorization.openId.jwk.GetKeysTest" time="0.001"/>
  <system-out><![CDATA[]]></system-out>
  <system-err><![CDATA[]]></system-err>
</testsuite>
