<?xml version="1.0" encoding="UTF-8"?>
<testsuite name="org.rootservices.authorization.persistence.mapper.ClientScopesMapperTests" tests="1" skipped="0" failures="0" errors="0" timestamp="2018-01-07T16:02:13" hostname="Kristins-MBP" time="0.005">
  <properties/>
  <testcase name="insert" classname="org.rootservices.authorization.persistence.mapper.ClientScopesMapperTests" time="0.005"/>
  <system-out><![CDATA[2018-01-07T10:02:13,196  INFO Test worker support.DefaultTestContextBootstrapper:260 - Loaded default TestExecutionListener class names from location [META-INF/spring.factories]: [org.springframework.test.context.web.ServletTestExecutionListener, org.springframework.test.context.support.DirtiesContextBeforeModesTestExecutionListener, org.springframework.test.context.support.DependencyInjectionTestExecutionListener, org.springframework.test.context.support.DirtiesContextTestExecutionListener, org.springframework.test.context.transaction.TransactionalTestExecutionListener, org.springframework.test.context.jdbc.SqlScriptsTestExecutionListener]
2018-01-07T10:02:13,197  INFO Test worker support.DefaultTestContextBootstrapper:209 - Could not instantiate TestExecutionListener [org.springframework.test.context.web.ServletTestExecutionListener]. Specify custom listener classes or make the default listener classes (and their required dependencies) available. Offending class: [javax/servlet/ServletContext]
2018-01-07T10:02:13,197  INFO Test worker support.DefaultTestContextBootstrapper:187 - Using TestExecutionListeners: [org.springframework.test.context.support.DirtiesContextBeforeModesTestExecutionListener@1573ac73, org.springframework.test.context.support.DependencyInjectionTestExecutionListener@680e61e1, org.springframework.test.context.support.DirtiesContextTestExecutionListener@590f2c11, org.springframework.test.context.transaction.TransactionalTestExecutionListener@7976e418, org.springframework.test.context.jdbc.SqlScriptsTestExecutionListener@716edf71]
2018-01-07T10:02:13,201  INFO Test worker transaction.TransactionContext:101 - Began transaction (1) for test context [DefaultTestContext@4cc4e55d testClass = ClientScopesMapperTests, testInstance = org.rootservices.authorization.persistence.mapper.ClientScopesMapperTests@5d17b9ed, testMethod = insert@ClientScopesMapperTests, testException = [null], mergedContextConfiguration = [MergedContextConfiguration@6a74a9d4 testClass = ClientScopesMapperTests, locations = '{classpath:spring-auth-test.xml}', classes = '{}', contextInitializerClasses = '[]', activeProfiles = '{}', propertySourceLocations = '{}', propertySourceProperties = '{}', contextCustomizers = set[[empty]], contextLoader = 'org.springframework.test.context.support.DelegatingSmartContextLoader', parent = [null]]]; transaction manager [org.springframework.jdbc.datasource.DataSourceTransactionManager@2afd27a1]; rollback [true]
2018-01-07T10:02:13,204  INFO Test worker transaction.TransactionContext:136 - Rolled back transaction for test context [DefaultTestContext@4cc4e55d testClass = ClientScopesMapperTests, testInstance = org.rootservices.authorization.persistence.mapper.ClientScopesMapperTests@5d17b9ed, testMethod = insert@ClientScopesMapperTests, testException = [null], mergedContextConfiguration = [MergedContextConfiguration@6a74a9d4 testClass = ClientScopesMapperTests, locations = '{classpath:spring-auth-test.xml}', classes = '{}', contextInitializerClasses = '[]', activeProfiles = '{}', propertySourceLocations = '{}', propertySourceProperties = '{}', contextCustomizers = set[[empty]], contextLoader = 'org.springframework.test.context.support.DelegatingSmartContextLoader', parent = [null]]].
]]></system-out>
  <system-err><![CDATA[]]></system-err>
</testsuite>
