<?xml version="1.0" encoding="UTF-8"?>
<testsuite name="org.rootservices.authorization.oauth2.grant.redirect.code.authorization.response.factory.AuthCodeFactoryTest" tests="1" skipped="0" failures="0" errors="0" timestamp="2018-01-07T16:01:48" hostname="Kristins-MBP" time="0.002">
  <properties/>
  <testcase name="testRun" classname="org.rootservices.authorization.oauth2.grant.redirect.code.authorization.response.factory.AuthCodeFactoryTest" time="0.002"/>
  <system-out><![CDATA[]]></system-out>
  <system-err><![CDATA[]]></system-err>
</testsuite>
