<?xml version="1.0" encoding="UTF-8"?>
<testsuite name="integration.authorization.openid.grant.code.request.ValidateOpenIdParams.validation.Scopes.ClientNotFoundTest" tests="3" skipped="0" failures="0" errors="0" timestamp="2018-01-07T16:01:47" hostname="Kristins-MBP" time="0.018">
  <properties/>
  <testcase name="scopeIsBlankStringShouldThrowInformResourceOwnerException" classname="integration.authorization.openid.grant.code.request.ValidateOpenIdParams.validation.Scopes.ClientNotFoundTest" time="0.005"/>
  <testcase name="scopesHasTwoItemsShouldThrowInformResourceOwnerException" classname="integration.authorization.openid.grant.code.request.ValidateOpenIdParams.validation.Scopes.ClientNotFoundTest" time="0.006"/>
  <testcase name="scopeIsInvalidShouldThrowInformResourceOwnerException" classname="integration.authorization.openid.grant.code.request.ValidateOpenIdParams.validation.Scopes.ClientNotFoundTest" time="0.006"/>
  <system-out><![CDATA[2018-01-07T10:01:47,678  INFO Test worker support.DefaultTestContextBootstrapper:260 - Loaded default TestExecutionListener class names from location [META-INF/spring.factories]: [org.springframework.test.context.web.ServletTestExecutionListener, org.springframework.test.context.support.DirtiesContextBeforeModesTestExecutionListener, org.springframework.test.context.support.DependencyInjectionTestExecutionListener, org.springframework.test.context.support.DirtiesContextTestExecutionListener, org.springframework.test.context.transaction.TransactionalTestExecutionListener, org.springframework.test.context.jdbc.SqlScriptsTestExecutionListener]
2018-01-07T10:01:47,680  INFO Test worker support.DefaultTestContextBootstrapper:209 - Could not instantiate TestExecutionListener [org.springframework.test.context.web.ServletTestExecutionListener]. Specify custom listener classes or make the default listener classes (and their required dependencies) available. Offending class: [javax/servlet/ServletContext]
2018-01-07T10:01:47,680  INFO Test worker support.DefaultTestContextBootstrapper:187 - Using TestExecutionListeners: [org.springframework.test.context.support.DirtiesContextBeforeModesTestExecutionListener@60b11402, org.springframework.test.context.support.DependencyInjectionTestExecutionListener@65a7fcec, org.springframework.test.context.support.DirtiesContextTestExecutionListener@4b06d430, org.springframework.test.context.transaction.TransactionalTestExecutionListener@4c1cb68c, org.springframework.test.context.jdbc.SqlScriptsTestExecutionListener@2465ba09]
2018-01-07T10:01:47,685  INFO Test worker transaction.TransactionContext:101 - Began transaction (1) for test context [DefaultTestContext@2398b2df testClass = ClientNotFoundTest, testInstance = integration.authorization.openid.grant.code.request.ValidateOpenIdParams.validation.Scopes.ClientNotFoundTest@26751483, testMethod = scopeIsBlankStringShouldThrowInformResourceOwnerException@ClientNotFoundTest, testException = [null], mergedContextConfiguration = [MergedContextConfiguration@7eff72f5 testClass = ClientNotFoundTest, locations = '{classpath:spring-auth-test.xml}', classes = '{}', contextInitializerClasses = '[]', activeProfiles = '{}', propertySourceLocations = '{}', propertySourceProperties = '{}', contextCustomizers = set[[empty]], contextLoader = 'org.springframework.test.context.support.DelegatingSmartContextLoader', parent = [null]]]; transaction manager [org.springframework.jdbc.datasource.DataSourceTransactionManager@2d976234]; rollback [true]
2018-01-07T10:01:47,689  INFO Test worker transaction.TransactionContext:136 - Rolled back transaction for test context [DefaultTestContext@2398b2df testClass = ClientNotFoundTest, testInstance = integration.authorization.openid.grant.code.request.ValidateOpenIdParams.validation.Scopes.ClientNotFoundTest@26751483, testMethod = scopeIsBlankStringShouldThrowInformResourceOwnerException@ClientNotFoundTest, testException = [null], mergedContextConfiguration = [MergedContextConfiguration@7eff72f5 testClass = ClientNotFoundTest, locations = '{classpath:spring-auth-test.xml}', classes = '{}', contextInitializerClasses = '[]', activeProfiles = '{}', propertySourceLocations = '{}', propertySourceProperties = '{}', contextCustomizers = set[[empty]], contextLoader = 'org.springframework.test.context.support.DelegatingSmartContextLoader', parent = [null]]].
2018-01-07T10:01:47,692  INFO Test worker transaction.TransactionContext:101 - Began transaction (1) for test context [DefaultTestContext@2398b2df testClass = ClientNotFoundTest, testInstance = integration.authorization.openid.grant.code.request.ValidateOpenIdParams.validation.Scopes.ClientNotFoundTest@427efdc, testMethod = scopesHasTwoItemsShouldThrowInformResourceOwnerException@ClientNotFoundTest, testException = [null], mergedContextConfiguration = [MergedContextConfiguration@7eff72f5 testClass = ClientNotFoundTest, locations = '{classpath:spring-auth-test.xml}', classes = '{}', contextInitializerClasses = '[]', activeProfiles = '{}', propertySourceLocations = '{}', propertySourceProperties = '{}', contextCustomizers = set[[empty]], contextLoader = 'org.springframework.test.context.support.DelegatingSmartContextLoader', parent = [null]]]; transaction manager [org.springframework.jdbc.datasource.DataSourceTransactionManager@2d976234]; rollback [true]
2018-01-07T10:01:47,696  INFO Test worker transaction.TransactionContext:136 - Rolled back transaction for test context [DefaultTestContext@2398b2df testClass = ClientNotFoundTest, testInstance = integration.authorization.openid.grant.code.request.ValidateOpenIdParams.validation.Scopes.ClientNotFoundTest@427efdc, testMethod = scopesHasTwoItemsShouldThrowInformResourceOwnerException@ClientNotFoundTest, testException = [null], mergedContextConfiguration = [MergedContextConfiguration@7eff72f5 testClass = ClientNotFoundTest, locations = '{classpath:spring-auth-test.xml}', classes = '{}', contextInitializerClasses = '[]', activeProfiles = '{}', propertySourceLocations = '{}', propertySourceProperties = '{}', contextCustomizers = set[[empty]], contextLoader = 'org.springframework.test.context.support.DelegatingSmartContextLoader', parent = [null]]].
2018-01-07T10:01:47,698  INFO Test worker transaction.TransactionContext:101 - Began transaction (1) for test context [DefaultTestContext@2398b2df testClass = ClientNotFoundTest, testInstance = integration.authorization.openid.grant.code.request.ValidateOpenIdParams.validation.Scopes.ClientNotFoundTest@6c107a0b, testMethod = scopeIsInvalidShouldThrowInformResourceOwnerException@ClientNotFoundTest, testException = [null], mergedContextConfiguration = [MergedContextConfiguration@7eff72f5 testClass = ClientNotFoundTest, locations = '{classpath:spring-auth-test.xml}', classes = '{}', contextInitializerClasses = '[]', activeProfiles = '{}', propertySourceLocations = '{}', propertySourceProperties = '{}', contextCustomizers = set[[empty]], contextLoader = 'org.springframework.test.context.support.DelegatingSmartContextLoader', parent = [null]]]; transaction manager [org.springframework.jdbc.datasource.DataSourceTransactionManager@2d976234]; rollback [true]
2018-01-07T10:01:47,702  INFO Test worker transaction.TransactionContext:136 - Rolled back transaction for test context [DefaultTestContext@2398b2df testClass = ClientNotFoundTest, testInstance = integration.authorization.openid.grant.code.request.ValidateOpenIdParams.validation.Scopes.ClientNotFoundTest@6c107a0b, testMethod = scopeIsInvalidShouldThrowInformResourceOwnerException@ClientNotFoundTest, testException = [null], mergedContextConfiguration = [MergedContextConfiguration@7eff72f5 testClass = ClientNotFoundTest, locations = '{classpath:spring-auth-test.xml}', classes = '{}', contextInitializerClasses = '[]', activeProfiles = '{}', propertySourceLocations = '{}', propertySourceProperties = '{}', contextCustomizers = set[[empty]], contextLoader = 'org.springframework.test.context.support.DelegatingSmartContextLoader', parent = [null]]].
]]></system-out>
  <system-err><![CDATA[]]></system-err>
</testsuite>
