<?xml version="1.0" encoding="UTF-8"?>
<testsuite name="org.rootservices.authorization.persistence.mapper.TokenMapperTest" tests="7" skipped="0" failures="0" errors="0" timestamp="2018-01-07T16:02:08" hostname="Kristins-MBP" time="2.819">
  <properties/>
  <testcase name="getByAuthCodeIdShouldBeOk" classname="org.rootservices.authorization.persistence.mapper.TokenMapperTest" time="0.635"/>
  <testcase name="updateExpiresAtByAccessTokenShouldBeOk" classname="org.rootservices.authorization.persistence.mapper.TokenMapperTest" time="0.113"/>
  <testcase name="insert" classname="org.rootservices.authorization.persistence.mapper.TokenMapperTest" time="0.109"/>
  <testcase name="revokeByAuthCodeIdShouldBeOk" classname="org.rootservices.authorization.persistence.mapper.TokenMapperTest" time="0.868"/>
  <testcase name="revokeActiveShouldRevoke" classname="org.rootservices.authorization.persistence.mapper.TokenMapperTest" time="0.868"/>
  <testcase name="revokeByIdShouldBeOk" classname="org.rootservices.authorization.persistence.mapper.TokenMapperTest" time="0.112"/>
  <testcase name="insertDuplicateShouldThrowDuplicateKeyException" classname="org.rootservices.authorization.persistence.mapper.TokenMapperTest" time="0.11"/>
  <system-out><![CDATA[2018-01-07T10:02:08,790  INFO Test worker support.DefaultTestContextBootstrapper:260 - Loaded default TestExecutionListener class names from location [META-INF/spring.factories]: [org.springframework.test.context.web.ServletTestExecutionListener, org.springframework.test.context.support.DirtiesContextBeforeModesTestExecutionListener, org.springframework.test.context.support.DependencyInjectionTestExecutionListener, org.springframework.test.context.support.DirtiesContextTestExecutionListener, org.springframework.test.context.transaction.TransactionalTestExecutionListener, org.springframework.test.context.jdbc.SqlScriptsTestExecutionListener]
2018-01-07T10:02:08,792  INFO Test worker support.DefaultTestContextBootstrapper:209 - Could not instantiate TestExecutionListener [org.springframework.test.context.web.ServletTestExecutionListener]. Specify custom listener classes or make the default listener classes (and their required dependencies) available. Offending class: [javax/servlet/ServletContext]
2018-01-07T10:02:08,792  INFO Test worker support.DefaultTestContextBootstrapper:187 - Using TestExecutionListeners: [org.springframework.test.context.support.DirtiesContextBeforeModesTestExecutionListener@7163ec9a, org.springframework.test.context.support.DependencyInjectionTestExecutionListener@531c35ba, org.springframework.test.context.support.DirtiesContextTestExecutionListener@24d0502e, org.springframework.test.context.transaction.TransactionalTestExecutionListener@39cd3041, org.springframework.test.context.jdbc.SqlScriptsTestExecutionListener@57a41cde]
2018-01-07T10:02:08,797  INFO Test worker transaction.TransactionContext:101 - Began transaction (1) for test context [DefaultTestContext@23f07ee6 testClass = TokenMapperTest, testInstance = org.rootservices.authorization.persistence.mapper.TokenMapperTest@11270989, testMethod = getByAuthCodeIdShouldBeOk@TokenMapperTest, testException = [null], mergedContextConfiguration = [MergedContextConfiguration@65a75275 testClass = TokenMapperTest, locations = '{classpath:spring-auth-test.xml}', classes = '{}', contextInitializerClasses = '[]', activeProfiles = '{}', propertySourceLocations = '{}', propertySourceProperties = '{}', contextCustomizers = set[[empty]], contextLoader = 'org.springframework.test.context.support.DelegatingSmartContextLoader', parent = [null]]]; transaction manager [org.springframework.jdbc.datasource.DataSourceTransactionManager@2d976234]; rollback [true]
2018-01-07T10:02:09,430  INFO Test worker transaction.TransactionContext:136 - Rolled back transaction for test context [DefaultTestContext@23f07ee6 testClass = TokenMapperTest, testInstance = org.rootservices.authorization.persistence.mapper.TokenMapperTest@11270989, testMethod = getByAuthCodeIdShouldBeOk@TokenMapperTest, testException = [null], mergedContextConfiguration = [MergedContextConfiguration@65a75275 testClass = TokenMapperTest, locations = '{classpath:spring-auth-test.xml}', classes = '{}', contextInitializerClasses = '[]', activeProfiles = '{}', propertySourceLocations = '{}', propertySourceProperties = '{}', contextCustomizers = set[[empty]], contextLoader = 'org.springframework.test.context.support.DelegatingSmartContextLoader', parent = [null]]].
2018-01-07T10:02:09,432  INFO Test worker transaction.TransactionContext:101 - Began transaction (1) for test context [DefaultTestContext@23f07ee6 testClass = TokenMapperTest, testInstance = org.rootservices.authorization.persistence.mapper.TokenMapperTest@7b5ff749, testMethod = updateExpiresAtByAccessTokenShouldBeOk@TokenMapperTest, testException = [null], mergedContextConfiguration = [MergedContextConfiguration@65a75275 testClass = TokenMapperTest, locations = '{classpath:spring-auth-test.xml}', classes = '{}', contextInitializerClasses = '[]', activeProfiles = '{}', propertySourceLocations = '{}', propertySourceProperties = '{}', contextCustomizers = set[[empty]], contextLoader = 'org.springframework.test.context.support.DelegatingSmartContextLoader', parent = [null]]]; transaction manager [org.springframework.jdbc.datasource.DataSourceTransactionManager@2d976234]; rollback [true]
2018-01-07T10:02:09,544  INFO Test worker transaction.TransactionContext:136 - Rolled back transaction for test context [DefaultTestContext@23f07ee6 testClass = TokenMapperTest, testInstance = org.rootservices.authorization.persistence.mapper.TokenMapperTest@7b5ff749, testMethod = updateExpiresAtByAccessTokenShouldBeOk@TokenMapperTest, testException = [null], mergedContextConfiguration = [MergedContextConfiguration@65a75275 testClass = TokenMapperTest, locations = '{classpath:spring-auth-test.xml}', classes = '{}', contextInitializerClasses = '[]', activeProfiles = '{}', propertySourceLocations = '{}', propertySourceProperties = '{}', contextCustomizers = set[[empty]], contextLoader = 'org.springframework.test.context.support.DelegatingSmartContextLoader', parent = [null]]].
2018-01-07T10:02:09,546  INFO Test worker transaction.TransactionContext:101 - Began transaction (1) for test context [DefaultTestContext@23f07ee6 testClass = TokenMapperTest, testInstance = org.rootservices.authorization.persistence.mapper.TokenMapperTest@72ba902d, testMethod = insert@TokenMapperTest, testException = [null], mergedContextConfiguration = [MergedContextConfiguration@65a75275 testClass = TokenMapperTest, locations = '{classpath:spring-auth-test.xml}', classes = '{}', contextInitializerClasses = '[]', activeProfiles = '{}', propertySourceLocations = '{}', propertySourceProperties = '{}', contextCustomizers = set[[empty]], contextLoader = 'org.springframework.test.context.support.DelegatingSmartContextLoader', parent = [null]]]; transaction manager [org.springframework.jdbc.datasource.DataSourceTransactionManager@2d976234]; rollback [true]
2018-01-07T10:02:09,654  INFO Test worker transaction.TransactionContext:136 - Rolled back transaction for test context [DefaultTestContext@23f07ee6 testClass = TokenMapperTest, testInstance = org.rootservices.authorization.persistence.mapper.TokenMapperTest@72ba902d, testMethod = insert@TokenMapperTest, testException = [null], mergedContextConfiguration = [MergedContextConfiguration@65a75275 testClass = TokenMapperTest, locations = '{classpath:spring-auth-test.xml}', classes = '{}', contextInitializerClasses = '[]', activeProfiles = '{}', propertySourceLocations = '{}', propertySourceProperties = '{}', contextCustomizers = set[[empty]], contextLoader = 'org.springframework.test.context.support.DelegatingSmartContextLoader', parent = [null]]].
2018-01-07T10:02:09,656  INFO Test worker transaction.TransactionContext:101 - Began transaction (1) for test context [DefaultTestContext@23f07ee6 testClass = TokenMapperTest, testInstance = org.rootservices.authorization.persistence.mapper.TokenMapperTest@22aae8a0, testMethod = revokeByAuthCodeIdShouldBeOk@TokenMapperTest, testException = [null], mergedContextConfiguration = [MergedContextConfiguration@65a75275 testClass = TokenMapperTest, locations = '{classpath:spring-auth-test.xml}', classes = '{}', contextInitializerClasses = '[]', activeProfiles = '{}', propertySourceLocations = '{}', propertySourceProperties = '{}', contextCustomizers = set[[empty]], contextLoader = 'org.springframework.test.context.support.DelegatingSmartContextLoader', parent = [null]]]; transaction manager [org.springframework.jdbc.datasource.DataSourceTransactionManager@2d976234]; rollback [true]
2018-01-07T10:02:10,523  INFO Test worker transaction.TransactionContext:136 - Rolled back transaction for test context [DefaultTestContext@23f07ee6 testClass = TokenMapperTest, testInstance = org.rootservices.authorization.persistence.mapper.TokenMapperTest@22aae8a0, testMethod = revokeByAuthCodeIdShouldBeOk@TokenMapperTest, testException = [null], mergedContextConfiguration = [MergedContextConfiguration@65a75275 testClass = TokenMapperTest, locations = '{classpath:spring-auth-test.xml}', classes = '{}', contextInitializerClasses = '[]', activeProfiles = '{}', propertySourceLocations = '{}', propertySourceProperties = '{}', contextCustomizers = set[[empty]], contextLoader = 'org.springframework.test.context.support.DelegatingSmartContextLoader', parent = [null]]].
2018-01-07T10:02:10,525  INFO Test worker transaction.TransactionContext:101 - Began transaction (1) for test context [DefaultTestContext@23f07ee6 testClass = TokenMapperTest, testInstance = org.rootservices.authorization.persistence.mapper.TokenMapperTest@713a6f25, testMethod = revokeActiveShouldRevoke@TokenMapperTest, testException = [null], mergedContextConfiguration = [MergedContextConfiguration@65a75275 testClass = TokenMapperTest, locations = '{classpath:spring-auth-test.xml}', classes = '{}', contextInitializerClasses = '[]', activeProfiles = '{}', propertySourceLocations = '{}', propertySourceProperties = '{}', contextCustomizers = set[[empty]], contextLoader = 'org.springframework.test.context.support.DelegatingSmartContextLoader', parent = [null]]]; transaction manager [org.springframework.jdbc.datasource.DataSourceTransactionManager@2d976234]; rollback [true]
2018-01-07T10:02:11,391  INFO Test worker transaction.TransactionContext:136 - Rolled back transaction for test context [DefaultTestContext@23f07ee6 testClass = TokenMapperTest, testInstance = org.rootservices.authorization.persistence.mapper.TokenMapperTest@713a6f25, testMethod = revokeActiveShouldRevoke@TokenMapperTest, testException = [null], mergedContextConfiguration = [MergedContextConfiguration@65a75275 testClass = TokenMapperTest, locations = '{classpath:spring-auth-test.xml}', classes = '{}', contextInitializerClasses = '[]', activeProfiles = '{}', propertySourceLocations = '{}', propertySourceProperties = '{}', contextCustomizers = set[[empty]], contextLoader = 'org.springframework.test.context.support.DelegatingSmartContextLoader', parent = [null]]].
2018-01-07T10:02:11,393  INFO Test worker transaction.TransactionContext:101 - Began transaction (1) for test context [DefaultTestContext@23f07ee6 testClass = TokenMapperTest, testInstance = org.rootservices.authorization.persistence.mapper.TokenMapperTest@73ae912a, testMethod = revokeByIdShouldBeOk@TokenMapperTest, testException = [null], mergedContextConfiguration = [MergedContextConfiguration@65a75275 testClass = TokenMapperTest, locations = '{classpath:spring-auth-test.xml}', classes = '{}', contextInitializerClasses = '[]', activeProfiles = '{}', propertySourceLocations = '{}', propertySourceProperties = '{}', contextCustomizers = set[[empty]], contextLoader = 'org.springframework.test.context.support.DelegatingSmartContextLoader', parent = [null]]]; transaction manager [org.springframework.jdbc.datasource.DataSourceTransactionManager@2d976234]; rollback [true]
2018-01-07T10:02:11,504  INFO Test worker transaction.TransactionContext:136 - Rolled back transaction for test context [DefaultTestContext@23f07ee6 testClass = TokenMapperTest, testInstance = org.rootservices.authorization.persistence.mapper.TokenMapperTest@73ae912a, testMethod = revokeByIdShouldBeOk@TokenMapperTest, testException = [null], mergedContextConfiguration = [MergedContextConfiguration@65a75275 testClass = TokenMapperTest, locations = '{classpath:spring-auth-test.xml}', classes = '{}', contextInitializerClasses = '[]', activeProfiles = '{}', propertySourceLocations = '{}', propertySourceProperties = '{}', contextCustomizers = set[[empty]], contextLoader = 'org.springframework.test.context.support.DelegatingSmartContextLoader', parent = [null]]].
2018-01-07T10:02:11,506  INFO Test worker transaction.TransactionContext:101 - Began transaction (1) for test context [DefaultTestContext@23f07ee6 testClass = TokenMapperTest, testInstance = org.rootservices.authorization.persistence.mapper.TokenMapperTest@45e91396, testMethod = insertDuplicateShouldThrowDuplicateKeyException@TokenMapperTest, testException = [null], mergedContextConfiguration = [MergedContextConfiguration@65a75275 testClass = TokenMapperTest, locations = '{classpath:spring-auth-test.xml}', classes = '{}', contextInitializerClasses = '[]', activeProfiles = '{}', propertySourceLocations = '{}', propertySourceProperties = '{}', contextCustomizers = set[[empty]], contextLoader = 'org.springframework.test.context.support.DelegatingSmartContextLoader', parent = [null]]]; transaction manager [org.springframework.jdbc.datasource.DataSourceTransactionManager@2d976234]; rollback [true]
2018-01-07T10:02:11,615  INFO Test worker transaction.TransactionContext:136 - Rolled back transaction for test context [DefaultTestContext@23f07ee6 testClass = TokenMapperTest, testInstance = org.rootservices.authorization.persistence.mapper.TokenMapperTest@45e91396, testMethod = insertDuplicateShouldThrowDuplicateKeyException@TokenMapperTest, testException = [null], mergedContextConfiguration = [MergedContextConfiguration@65a75275 testClass = TokenMapperTest, locations = '{classpath:spring-auth-test.xml}', classes = '{}', contextInitializerClasses = '[]', activeProfiles = '{}', propertySourceLocations = '{}', propertySourceProperties = '{}', contextCustomizers = set[[empty]], contextLoader = 'org.springframework.test.context.support.DelegatingSmartContextLoader', parent = [null]]].
]]></system-out>
  <system-err><![CDATA[]]></system-err>
</testsuite>
