<?xml version="1.0" encoding="UTF-8"?>
<testsuite name="org.rootservices.authorization.persistence.mapper.ClientResponseTypeMapperTest" tests="1" skipped="0" failures="0" errors="0" timestamp="2018-01-07T16:02:02" hostname="Kristins-MBP" time="0.009">
  <properties/>
  <testcase name="testInsert" classname="org.rootservices.authorization.persistence.mapper.ClientResponseTypeMapperTest" time="0.009"/>
  <system-out><![CDATA[2018-01-07T10:02:02,435  INFO Test worker support.DefaultTestContextBootstrapper:260 - Loaded default TestExecutionListener class names from location [META-INF/spring.factories]: [org.springframework.test.context.web.ServletTestExecutionListener, org.springframework.test.context.support.DirtiesContextBeforeModesTestExecutionListener, org.springframework.test.context.support.DependencyInjectionTestExecutionListener, org.springframework.test.context.support.DirtiesContextTestExecutionListener, org.springframework.test.context.transaction.TransactionalTestExecutionListener, org.springframework.test.context.jdbc.SqlScriptsTestExecutionListener]
2018-01-07T10:02:02,437  INFO Test worker support.DefaultTestContextBootstrapper:209 - Could not instantiate TestExecutionListener [org.springframework.test.context.web.ServletTestExecutionListener]. Specify custom listener classes or make the default listener classes (and their required dependencies) available. Offending class: [javax/servlet/ServletContext]
2018-01-07T10:02:02,438  INFO Test worker support.DefaultTestContextBootstrapper:187 - Using TestExecutionListeners: [org.springframework.test.context.support.DirtiesContextBeforeModesTestExecutionListener@6a5bd75a, org.springframework.test.context.support.DependencyInjectionTestExecutionListener@7695e1cd, org.springframework.test.context.support.DirtiesContextTestExecutionListener@2f28372, org.springframework.test.context.transaction.TransactionalTestExecutionListener@4cdb193f, org.springframework.test.context.jdbc.SqlScriptsTestExecutionListener@780ee6f9]
2018-01-07T10:02:02,448  INFO Test worker transaction.TransactionContext:101 - Began transaction (1) for test context [DefaultTestContext@6ad4ec5a testClass = ClientResponseTypeMapperTest, testInstance = org.rootservices.authorization.persistence.mapper.ClientResponseTypeMapperTest@4567c841, testMethod = testInsert@ClientResponseTypeMapperTest, testException = [null], mergedContextConfiguration = [MergedContextConfiguration@214cebbc testClass = ClientResponseTypeMapperTest, locations = '{classpath:spring-auth-test.xml}', classes = '{}', contextInitializerClasses = '[]', activeProfiles = '{}', propertySourceLocations = '{}', propertySourceProperties = '{}', contextCustomizers = set[[empty]], contextLoader = 'org.springframework.test.context.support.DelegatingSmartContextLoader', parent = [null]]]; transaction manager [org.springframework.jdbc.datasource.DataSourceTransactionManager@7c498c62]; rollback [true]
2018-01-07T10:02:02,456  INFO Test worker transaction.TransactionContext:136 - Rolled back transaction for test context [DefaultTestContext@6ad4ec5a testClass = ClientResponseTypeMapperTest, testInstance = org.rootservices.authorization.persistence.mapper.ClientResponseTypeMapperTest@4567c841, testMethod = testInsert@ClientResponseTypeMapperTest, testException = [null], mergedContextConfiguration = [MergedContextConfiguration@214cebbc testClass = ClientResponseTypeMapperTest, locations = '{classpath:spring-auth-test.xml}', classes = '{}', contextInitializerClasses = '[]', activeProfiles = '{}', propertySourceLocations = '{}', propertySourceProperties = '{}', contextCustomizers = set[[empty]], contextLoader = 'org.springframework.test.context.support.DelegatingSmartContextLoader', parent = [null]]].
]]></system-out>
  <system-err><![CDATA[]]></system-err>
</testsuite>
