<?xml version="1.0" encoding="UTF-8"?>
<testsuite name="org.rootservices.authorization.oauth2.grant.refresh.factory.TokenInputRefreshGrantFactoryTest" tests="6" skipped="0" failures="0" errors="0" timestamp="2018-01-07T16:01:58" hostname="Kristins-MBP" time="0.011">
  <properties/>
  <testcase name="runWhenRequiredKeysAndUnknownKeyShouldThrowUnknownKeyException" classname="org.rootservices.authorization.oauth2.grant.refresh.factory.TokenInputRefreshGrantFactoryTest" time="0.002"/>
  <testcase name="runWhenRequiredAndOptionalAndUnknownKeysShouldThrowUnknownKeyException" classname="org.rootservices.authorization.oauth2.grant.refresh.factory.TokenInputRefreshGrantFactoryTest" time="0.001"/>
  <testcase name="runWithManyScopesShouldBeOk" classname="org.rootservices.authorization.oauth2.grant.refresh.factory.TokenInputRefreshGrantFactoryTest" time="0.005"/>
  <testcase name="runWithOneScopeShouldBeOk" classname="org.rootservices.authorization.oauth2.grant.refresh.factory.TokenInputRefreshGrantFactoryTest" time="0.001"/>
  <testcase name="runWithScopeValueEmptyShouldThrowInvalidValueException" classname="org.rootservices.authorization.oauth2.grant.refresh.factory.TokenInputRefreshGrantFactoryTest" time="0.001"/>
  <testcase name="runWithRefreshTokenNotInRequestShouldThrowMissingKeyException" classname="org.rootservices.authorization.oauth2.grant.refresh.factory.TokenInputRefreshGrantFactoryTest" time="0.0"/>
  <system-out><![CDATA[2018-01-07T10:01:58,161  INFO Test worker support.DefaultTestContextBootstrapper:260 - Loaded default TestExecutionListener class names from location [META-INF/spring.factories]: [org.springframework.test.context.web.ServletTestExecutionListener, org.springframework.test.context.support.DirtiesContextBeforeModesTestExecutionListener, org.springframework.test.context.support.DependencyInjectionTestExecutionListener, org.springframework.test.context.support.DirtiesContextTestExecutionListener, org.springframework.test.context.transaction.TransactionalTestExecutionListener, org.springframework.test.context.jdbc.SqlScriptsTestExecutionListener]
2018-01-07T10:01:58,163  INFO Test worker support.DefaultTestContextBootstrapper:209 - Could not instantiate TestExecutionListener [org.springframework.test.context.web.ServletTestExecutionListener]. Specify custom listener classes or make the default listener classes (and their required dependencies) available. Offending class: [javax/servlet/ServletContext]
2018-01-07T10:01:58,164  INFO Test worker support.DefaultTestContextBootstrapper:187 - Using TestExecutionListeners: [org.springframework.test.context.support.DirtiesContextBeforeModesTestExecutionListener@7cf0d452, org.springframework.test.context.support.DependencyInjectionTestExecutionListener@69ca4841, org.springframework.test.context.support.DirtiesContextTestExecutionListener@1f329b81, org.springframework.test.context.transaction.TransactionalTestExecutionListener@60ec27f5, org.springframework.test.context.jdbc.SqlScriptsTestExecutionListener@1a443dfe]
]]></system-out>
  <system-err><![CDATA[]]></system-err>
</testsuite>
