<?xml version="1.0" encoding="UTF-8"?>
<testsuite name="integration.authorization.oauth2.grant.code.request.ValidateParams.validation.ResponseType.ClientFoundTest" tests="6" skipped="0" failures="0" errors="0" timestamp="2018-01-07T16:01:42" hostname="Kristins-MBP" time="1.831">
  <properties/>
  <testcase name="responseTypesDontMatchShouldThrowInformClientException" classname="integration.authorization.oauth2.grant.code.request.ValidateParams.validation.ResponseType.ClientFoundTest" time="0.317"/>
  <testcase name="responseTypeIsBlankStringShouldThrowInformClientException" classname="integration.authorization.oauth2.grant.code.request.ValidateParams.validation.ResponseType.ClientFoundTest" time="0.332"/>
  <testcase name="responseTypeHasTwoItemsShouldThrowInformClientException" classname="integration.authorization.oauth2.grant.code.request.ValidateParams.validation.ResponseType.ClientFoundTest" time="0.214"/>
  <testcase name="responseTypeIsInvalidShouldThrowInformClientException" classname="integration.authorization.oauth2.grant.code.request.ValidateParams.validation.ResponseType.ClientFoundTest" time="0.332"/>
  <testcase name="responseTypeIsNullShouldThrowInformClientException" classname="integration.authorization.oauth2.grant.code.request.ValidateParams.validation.ResponseType.ClientFoundTest" time="0.372"/>
  <testcase name="responseTypeIsEmptyListShouldThrowInformClientException" classname="integration.authorization.oauth2.grant.code.request.ValidateParams.validation.ResponseType.ClientFoundTest" time="0.26"/>
  <system-out><![CDATA[2018-01-07T10:01:42,588  INFO Test worker support.DefaultTestContextBootstrapper:260 - Loaded default TestExecutionListener class names from location [META-INF/spring.factories]: [org.springframework.test.context.web.ServletTestExecutionListener, org.springframework.test.context.support.DirtiesContextBeforeModesTestExecutionListener, org.springframework.test.context.support.DependencyInjectionTestExecutionListener, org.springframework.test.context.support.DirtiesContextTestExecutionListener, org.springframework.test.context.transaction.TransactionalTestExecutionListener, org.springframework.test.context.jdbc.SqlScriptsTestExecutionListener]
2018-01-07T10:01:42,589  INFO Test worker support.DefaultTestContextBootstrapper:209 - Could not instantiate TestExecutionListener [org.springframework.test.context.web.ServletTestExecutionListener]. Specify custom listener classes or make the default listener classes (and their required dependencies) available. Offending class: [javax/servlet/ServletContext]
2018-01-07T10:01:42,590  INFO Test worker support.DefaultTestContextBootstrapper:187 - Using TestExecutionListeners: [org.springframework.test.context.support.DirtiesContextBeforeModesTestExecutionListener@67f44abf, org.springframework.test.context.support.DependencyInjectionTestExecutionListener@601f0b63, org.springframework.test.context.support.DirtiesContextTestExecutionListener@351d4cc0, org.springframework.test.context.transaction.TransactionalTestExecutionListener@1a06c5e0, org.springframework.test.context.jdbc.SqlScriptsTestExecutionListener@5f62c5ad]
2018-01-07T10:01:42,598  INFO Test worker transaction.TransactionContext:101 - Began transaction (1) for test context [DefaultTestContext@4e5d546c testClass = ClientFoundTest, testInstance = integration.authorization.oauth2.grant.code.request.ValidateParams.validation.ResponseType.ClientFoundTest@3b8938b, testMethod = responseTypesDontMatchShouldThrowInformClientException@ClientFoundTest, testException = [null], mergedContextConfiguration = [MergedContextConfiguration@473e9931 testClass = ClientFoundTest, locations = '{classpath:spring-auth-test.xml}', classes = '{}', contextInitializerClasses = '[]', activeProfiles = '{}', propertySourceLocations = '{}', propertySourceProperties = '{}', contextCustomizers = set[[empty]], contextLoader = 'org.springframework.test.context.support.DelegatingSmartContextLoader', parent = [null]]]; transaction manager [org.springframework.jdbc.datasource.DataSourceTransactionManager@2d976234]; rollback [true]
2018-01-07T10:01:42,912  INFO Test worker transaction.TransactionContext:136 - Rolled back transaction for test context [DefaultTestContext@4e5d546c testClass = ClientFoundTest, testInstance = integration.authorization.oauth2.grant.code.request.ValidateParams.validation.ResponseType.ClientFoundTest@3b8938b, testMethod = responseTypesDontMatchShouldThrowInformClientException@ClientFoundTest, testException = [null], mergedContextConfiguration = [MergedContextConfiguration@473e9931 testClass = ClientFoundTest, locations = '{classpath:spring-auth-test.xml}', classes = '{}', contextInitializerClasses = '[]', activeProfiles = '{}', propertySourceLocations = '{}', propertySourceProperties = '{}', contextCustomizers = set[[empty]], contextLoader = 'org.springframework.test.context.support.DelegatingSmartContextLoader', parent = [null]]].
2018-01-07T10:01:42,915  INFO Test worker transaction.TransactionContext:101 - Began transaction (1) for test context [DefaultTestContext@4e5d546c testClass = ClientFoundTest, testInstance = integration.authorization.oauth2.grant.code.request.ValidateParams.validation.ResponseType.ClientFoundTest@7de45437, testMethod = responseTypeIsBlankStringShouldThrowInformClientException@ClientFoundTest, testException = [null], mergedContextConfiguration = [MergedContextConfiguration@473e9931 testClass = ClientFoundTest, locations = '{classpath:spring-auth-test.xml}', classes = '{}', contextInitializerClasses = '[]', activeProfiles = '{}', propertySourceLocations = '{}', propertySourceProperties = '{}', contextCustomizers = set[[empty]], contextLoader = 'org.springframework.test.context.support.DelegatingSmartContextLoader', parent = [null]]]; transaction manager [org.springframework.jdbc.datasource.DataSourceTransactionManager@2d976234]; rollback [true]
2018-01-07T10:01:43,245  INFO Test worker transaction.TransactionContext:136 - Rolled back transaction for test context [DefaultTestContext@4e5d546c testClass = ClientFoundTest, testInstance = integration.authorization.oauth2.grant.code.request.ValidateParams.validation.ResponseType.ClientFoundTest@7de45437, testMethod = responseTypeIsBlankStringShouldThrowInformClientException@ClientFoundTest, testException = [null], mergedContextConfiguration = [MergedContextConfiguration@473e9931 testClass = ClientFoundTest, locations = '{classpath:spring-auth-test.xml}', classes = '{}', contextInitializerClasses = '[]', activeProfiles = '{}', propertySourceLocations = '{}', propertySourceProperties = '{}', contextCustomizers = set[[empty]], contextLoader = 'org.springframework.test.context.support.DelegatingSmartContextLoader', parent = [null]]].
2018-01-07T10:01:43,248  INFO Test worker transaction.TransactionContext:101 - Began transaction (1) for test context [DefaultTestContext@4e5d546c testClass = ClientFoundTest, testInstance = integration.authorization.oauth2.grant.code.request.ValidateParams.validation.ResponseType.ClientFoundTest@78e105bd, testMethod = responseTypeHasTwoItemsShouldThrowInformClientException@ClientFoundTest, testException = [null], mergedContextConfiguration = [MergedContextConfiguration@473e9931 testClass = ClientFoundTest, locations = '{classpath:spring-auth-test.xml}', classes = '{}', contextInitializerClasses = '[]', activeProfiles = '{}', propertySourceLocations = '{}', propertySourceProperties = '{}', contextCustomizers = set[[empty]], contextLoader = 'org.springframework.test.context.support.DelegatingSmartContextLoader', parent = [null]]]; transaction manager [org.springframework.jdbc.datasource.DataSourceTransactionManager@2d976234]; rollback [true]
2018-01-07T10:01:43,459  INFO Test worker transaction.TransactionContext:136 - Rolled back transaction for test context [DefaultTestContext@4e5d546c testClass = ClientFoundTest, testInstance = integration.authorization.oauth2.grant.code.request.ValidateParams.validation.ResponseType.ClientFoundTest@78e105bd, testMethod = responseTypeHasTwoItemsShouldThrowInformClientException@ClientFoundTest, testException = [null], mergedContextConfiguration = [MergedContextConfiguration@473e9931 testClass = ClientFoundTest, locations = '{classpath:spring-auth-test.xml}', classes = '{}', contextInitializerClasses = '[]', activeProfiles = '{}', propertySourceLocations = '{}', propertySourceProperties = '{}', contextCustomizers = set[[empty]], contextLoader = 'org.springframework.test.context.support.DelegatingSmartContextLoader', parent = [null]]].
2018-01-07T10:01:43,463  INFO Test worker transaction.TransactionContext:101 - Began transaction (1) for test context [DefaultTestContext@4e5d546c testClass = ClientFoundTest, testInstance = integration.authorization.oauth2.grant.code.request.ValidateParams.validation.ResponseType.ClientFoundTest@1f2eb2a2, testMethod = responseTypeIsInvalidShouldThrowInformClientException@ClientFoundTest, testException = [null], mergedContextConfiguration = [MergedContextConfiguration@473e9931 testClass = ClientFoundTest, locations = '{classpath:spring-auth-test.xml}', classes = '{}', contextInitializerClasses = '[]', activeProfiles = '{}', propertySourceLocations = '{}', propertySourceProperties = '{}', contextCustomizers = set[[empty]], contextLoader = 'org.springframework.test.context.support.DelegatingSmartContextLoader', parent = [null]]]; transaction manager [org.springframework.jdbc.datasource.DataSourceTransactionManager@2d976234]; rollback [true]
2018-01-07T10:01:43,793  INFO Test worker transaction.TransactionContext:136 - Rolled back transaction for test context [DefaultTestContext@4e5d546c testClass = ClientFoundTest, testInstance = integration.authorization.oauth2.grant.code.request.ValidateParams.validation.ResponseType.ClientFoundTest@1f2eb2a2, testMethod = responseTypeIsInvalidShouldThrowInformClientException@ClientFoundTest, testException = [null], mergedContextConfiguration = [MergedContextConfiguration@473e9931 testClass = ClientFoundTest, locations = '{classpath:spring-auth-test.xml}', classes = '{}', contextInitializerClasses = '[]', activeProfiles = '{}', propertySourceLocations = '{}', propertySourceProperties = '{}', contextCustomizers = set[[empty]], contextLoader = 'org.springframework.test.context.support.DelegatingSmartContextLoader', parent = [null]]].
2018-01-07T10:01:43,796  INFO Test worker transaction.TransactionContext:101 - Began transaction (1) for test context [DefaultTestContext@4e5d546c testClass = ClientFoundTest, testInstance = integration.authorization.oauth2.grant.code.request.ValidateParams.validation.ResponseType.ClientFoundTest@4b2fa58b, testMethod = responseTypeIsNullShouldThrowInformClientException@ClientFoundTest, testException = [null], mergedContextConfiguration = [MergedContextConfiguration@473e9931 testClass = ClientFoundTest, locations = '{classpath:spring-auth-test.xml}', classes = '{}', contextInitializerClasses = '[]', activeProfiles = '{}', propertySourceLocations = '{}', propertySourceProperties = '{}', contextCustomizers = set[[empty]], contextLoader = 'org.springframework.test.context.support.DelegatingSmartContextLoader', parent = [null]]]; transaction manager [org.springframework.jdbc.datasource.DataSourceTransactionManager@2d976234]; rollback [true]
2018-01-07T10:01:44,166  INFO Test worker transaction.TransactionContext:136 - Rolled back transaction for test context [DefaultTestContext@4e5d546c testClass = ClientFoundTest, testInstance = integration.authorization.oauth2.grant.code.request.ValidateParams.validation.ResponseType.ClientFoundTest@4b2fa58b, testMethod = responseTypeIsNullShouldThrowInformClientException@ClientFoundTest, testException = [null], mergedContextConfiguration = [MergedContextConfiguration@473e9931 testClass = ClientFoundTest, locations = '{classpath:spring-auth-test.xml}', classes = '{}', contextInitializerClasses = '[]', activeProfiles = '{}', propertySourceLocations = '{}', propertySourceProperties = '{}', contextCustomizers = set[[empty]], contextLoader = 'org.springframework.test.context.support.DelegatingSmartContextLoader', parent = [null]]].
2018-01-07T10:01:44,169  INFO Test worker transaction.TransactionContext:101 - Began transaction (1) for test context [DefaultTestContext@4e5d546c testClass = ClientFoundTest, testInstance = integration.authorization.oauth2.grant.code.request.ValidateParams.validation.ResponseType.ClientFoundTest@1845938, testMethod = responseTypeIsEmptyListShouldThrowInformClientException@ClientFoundTest, testException = [null], mergedContextConfiguration = [MergedContextConfiguration@473e9931 testClass = ClientFoundTest, locations = '{classpath:spring-auth-test.xml}', classes = '{}', contextInitializerClasses = '[]', activeProfiles = '{}', propertySourceLocations = '{}', propertySourceProperties = '{}', contextCustomizers = set[[empty]], contextLoader = 'org.springframework.test.context.support.DelegatingSmartContextLoader', parent = [null]]]; transaction manager [org.springframework.jdbc.datasource.DataSourceTransactionManager@2d976234]; rollback [true]
2018-01-07T10:01:44,426  INFO Test worker transaction.TransactionContext:136 - Rolled back transaction for test context [DefaultTestContext@4e5d546c testClass = ClientFoundTest, testInstance = integration.authorization.oauth2.grant.code.request.ValidateParams.validation.ResponseType.ClientFoundTest@1845938, testMethod = responseTypeIsEmptyListShouldThrowInformClientException@ClientFoundTest, testException = [null], mergedContextConfiguration = [MergedContextConfiguration@473e9931 testClass = ClientFoundTest, locations = '{classpath:spring-auth-test.xml}', classes = '{}', contextInitializerClasses = '[]', activeProfiles = '{}', propertySourceLocations = '{}', propertySourceProperties = '{}', contextCustomizers = set[[empty]], contextLoader = 'org.springframework.test.context.support.DelegatingSmartContextLoader', parent = [null]]].
]]></system-out>
  <system-err><![CDATA[]]></system-err>
</testsuite>
