<?xml version="1.0" encoding="UTF-8"?>
<testsuite name="org.rootservices.authorization.persistence.repository.TokenChainRepositoryImplTest" tests="2" skipped="0" failures="0" errors="0" timestamp="2018-01-07T16:02:08" hostname="Kristins-MBP" time="0.029">
  <properties/>
  <testcase name="insertShouldBeOk" classname="org.rootservices.authorization.persistence.repository.TokenChainRepositoryImplTest" time="0.027"/>
  <testcase name="insertShouldThrowDuplicateRecordException" classname="org.rootservices.authorization.persistence.repository.TokenChainRepositoryImplTest" time="0.002"/>
  <system-out><![CDATA[]]></system-out>
  <system-err><![CDATA[]]></system-err>
</testsuite>
