<?xml version="1.0" encoding="UTF-8"?>
<testsuite name="org.rootservices.authorization.register.RegisterTest" tests="9" skipped="0" failures="0" errors="0" timestamp="2018-01-07T16:02:07" hostname="Kristins-MBP" time="0.098">
  <properties/>
  <testcase name="runWhenRepeatPasswordNullShouldThrowRegisterException" classname="org.rootservices.authorization.register.RegisterTest" time="0.082"/>
  <testcase name="runShouldBeOk" classname="org.rootservices.authorization.register.RegisterTest" time="0.004"/>
  <testcase name="runWhenEmailAlreadyUsedShouldThrowRegisterException" classname="org.rootservices.authorization.register.RegisterTest" time="0.001"/>
  <testcase name="runWhenEmailNullShouldThrowRegisterException" classname="org.rootservices.authorization.register.RegisterTest" time="0.001"/>
  <testcase name="runPasswordMismatchShouldThrowRegisterException" classname="org.rootservices.authorization.register.RegisterTest" time="0.001"/>
  <testcase name="runWhenRepeatPasswordBlankShouldThrowRegisterException" classname="org.rootservices.authorization.register.RegisterTest" time="0.001"/>
  <testcase name="runWhenEmailBlankShouldThrowRegisterException" classname="org.rootservices.authorization.register.RegisterTest" time="0.001"/>
  <testcase name="runWhenPasswordNullShouldThrowRegisterException" classname="org.rootservices.authorization.register.RegisterTest" time="0.001"/>
  <testcase name="runWhenPasswordBlankShouldThrowRegisterException" classname="org.rootservices.authorization.register.RegisterTest" time="0.001"/>
  <system-out><![CDATA[]]></system-out>
  <system-err><![CDATA[]]></system-err>
</testsuite>
