<?xml version="1.0" encoding="UTF-8"?>
<testsuite name="org.rootservices.authorization.persistence.mapper.AddressMapperTest" tests="2" skipped="0" failures="0" errors="0" timestamp="2018-01-07T16:02:02" hostname="Kristins-MBP" time="0.328">
  <properties/>
  <testcase name="getByIdShouldGetAddress" classname="org.rootservices.authorization.persistence.mapper.AddressMapperTest" time="0.167"/>
  <testcase name="insertShouldInsertProfile" classname="org.rootservices.authorization.persistence.mapper.AddressMapperTest" time="0.16"/>
  <system-out><![CDATA[2018-01-07T10:02:02,088  INFO Test worker support.DefaultTestContextBootstrapper:260 - Loaded default TestExecutionListener class names from location [META-INF/spring.factories]: [org.springframework.test.context.web.ServletTestExecutionListener, org.springframework.test.context.support.DirtiesContextBeforeModesTestExecutionListener, org.springframework.test.context.support.DependencyInjectionTestExecutionListener, org.springframework.test.context.support.DirtiesContextTestExecutionListener, org.springframework.test.context.transaction.TransactionalTestExecutionListener, org.springframework.test.context.jdbc.SqlScriptsTestExecutionListener]
2018-01-07T10:02:02,096  INFO Test worker support.DefaultTestContextBootstrapper:209 - Could not instantiate TestExecutionListener [org.springframework.test.context.web.ServletTestExecutionListener]. Specify custom listener classes or make the default listener classes (and their required dependencies) available. Offending class: [javax/servlet/ServletContext]
2018-01-07T10:02:02,097  INFO Test worker support.DefaultTestContextBootstrapper:187 - Using TestExecutionListeners: [org.springframework.test.context.support.DirtiesContextBeforeModesTestExecutionListener@51eea695, org.springframework.test.context.support.DependencyInjectionTestExecutionListener@73af31d7, org.springframework.test.context.support.DirtiesContextTestExecutionListener@659b62fd, org.springframework.test.context.transaction.TransactionalTestExecutionListener@21be559a, org.springframework.test.context.jdbc.SqlScriptsTestExecutionListener@5c08536]
2018-01-07T10:02:02,103  INFO Test worker transaction.TransactionContext:101 - Began transaction (1) for test context [DefaultTestContext@35234f3d testClass = AddressMapperTest, testInstance = org.rootservices.authorization.persistence.mapper.AddressMapperTest@4dd0b8b9, testMethod = getByIdShouldGetAddress@AddressMapperTest, testException = [null], mergedContextConfiguration = [MergedContextConfiguration@f6b3dd0 testClass = AddressMapperTest, locations = '{classpath:spring-auth-test.xml}', classes = '{}', contextInitializerClasses = '[]', activeProfiles = '{}', propertySourceLocations = '{}', propertySourceProperties = '{}', contextCustomizers = set[[empty]], contextLoader = 'org.springframework.test.context.support.DelegatingSmartContextLoader', parent = [null]]]; transaction manager [org.springframework.jdbc.datasource.DataSourceTransactionManager@7c498c62]; rollback [true]
2018-01-07T10:02:02,269  INFO Test worker transaction.TransactionContext:136 - Rolled back transaction for test context [DefaultTestContext@35234f3d testClass = AddressMapperTest, testInstance = org.rootservices.authorization.persistence.mapper.AddressMapperTest@4dd0b8b9, testMethod = getByIdShouldGetAddress@AddressMapperTest, testException = [null], mergedContextConfiguration = [MergedContextConfiguration@f6b3dd0 testClass = AddressMapperTest, locations = '{classpath:spring-auth-test.xml}', classes = '{}', contextInitializerClasses = '[]', activeProfiles = '{}', propertySourceLocations = '{}', propertySourceProperties = '{}', contextCustomizers = set[[empty]], contextLoader = 'org.springframework.test.context.support.DelegatingSmartContextLoader', parent = [null]]].
2018-01-07T10:02:02,271  INFO Test worker transaction.TransactionContext:101 - Began transaction (1) for test context [DefaultTestContext@35234f3d testClass = AddressMapperTest, testInstance = org.rootservices.authorization.persistence.mapper.AddressMapperTest@afd1645, testMethod = insertShouldInsertProfile@AddressMapperTest, testException = [null], mergedContextConfiguration = [MergedContextConfiguration@f6b3dd0 testClass = AddressMapperTest, locations = '{classpath:spring-auth-test.xml}', classes = '{}', contextInitializerClasses = '[]', activeProfiles = '{}', propertySourceLocations = '{}', propertySourceProperties = '{}', contextCustomizers = set[[empty]], contextLoader = 'org.springframework.test.context.support.DelegatingSmartContextLoader', parent = [null]]]; transaction manager [org.springframework.jdbc.datasource.DataSourceTransactionManager@7c498c62]; rollback [true]
2018-01-07T10:02:02,430  INFO Test worker transaction.TransactionContext:136 - Rolled back transaction for test context [DefaultTestContext@35234f3d testClass = AddressMapperTest, testInstance = org.rootservices.authorization.persistence.mapper.AddressMapperTest@afd1645, testMethod = insertShouldInsertProfile@AddressMapperTest, testException = [null], mergedContextConfiguration = [MergedContextConfiguration@f6b3dd0 testClass = AddressMapperTest, locations = '{classpath:spring-auth-test.xml}', classes = '{}', contextInitializerClasses = '[]', activeProfiles = '{}', propertySourceLocations = '{}', propertySourceProperties = '{}', contextCustomizers = set[[empty]], contextLoader = 'org.springframework.test.context.support.DelegatingSmartContextLoader', parent = [null]]].
]]></system-out>
  <system-err><![CDATA[]]></system-err>
</testsuite>
