<?xml version="1.0" encoding="UTF-8"?>
<testsuite name="org.rootservices.authorization.oauth2.grant.password.IssueTokenPasswordGrantTest" tests="1" skipped="0" failures="0" errors="0" timestamp="2018-01-07T16:01:46" hostname="Kristins-MBP" time="1.273">
  <properties/>
  <testcase name="runShouldBeOk" classname="org.rootservices.authorization.oauth2.grant.password.IssueTokenPasswordGrantTest" time="1.273"/>
  <system-out><![CDATA[]]></system-out>
  <system-err><![CDATA[]]></system-err>
</testsuite>
