<?xml version="1.0" encoding="UTF-8"?>
<testsuite name="org.rootservices.authorization.oauth2.grant.redirect.code.authorization.response.factory.AuthResponseFactoryTest" tests="2" skipped="0" failures="0" errors="0" timestamp="2018-01-07T16:01:57" hostname="Kristins-MBP" time="0.071">
  <properties/>
  <testcase name="redirectUriIsPresent" classname="org.rootservices.authorization.oauth2.grant.redirect.code.authorization.response.factory.AuthResponseFactoryTest" time="0.068"/>
  <testcase name="redirectUriIsNotPresentClientNotFound" classname="org.rootservices.authorization.oauth2.grant.redirect.code.authorization.response.factory.AuthResponseFactoryTest" time="0.003"/>
  <system-out><![CDATA[]]></system-out>
  <system-err><![CDATA[]]></system-err>
</testsuite>
