<?xml version="1.0" encoding="UTF-8"?>
<testsuite name="org.rootservices.authorization.parse.validator.RequiredParamTest" tests="5" skipped="0" failures="0" errors="0" timestamp="2018-01-07T16:02:04" hostname="Kristins-MBP" time="0.003">
  <properties/>
  <testcase name="runWhenOneItemAndEmptyShouldThrowEmptyValueError" classname="org.rootservices.authorization.parse.validator.RequiredParamTest" time="0.001"/>
  <testcase name="runWhenTwoItemsShouldThrowMoreThanOneItemError" classname="org.rootservices.authorization.parse.validator.RequiredParamTest" time="0.001"/>
  <testcase name="runWithOneItemShouldBeOk" classname="org.rootservices.authorization.parse.validator.RequiredParamTest" time="0.0"/>
  <testcase name="runWhenIsNullShouldThrowParamIsNullError" classname="org.rootservices.authorization.parse.validator.RequiredParamTest" time="0.0"/>
  <testcase name="runWhenNoItemsShouldThrowNoItemsError" classname="org.rootservices.authorization.parse.validator.RequiredParamTest" time="0.0"/>
  <system-out><![CDATA[]]></system-out>
  <system-err><![CDATA[]]></system-err>
</testsuite>
