<?xml version="1.0" encoding="UTF-8"?>
<testsuite name="org.rootservices.authorization.persistence.mapper.AccessRequestMapperTest" tests="1" skipped="0" failures="0" errors="0" timestamp="2018-01-07T16:02:04" hostname="Kristins-MBP" time="0.196">
  <properties/>
  <testcase name="insert" classname="org.rootservices.authorization.persistence.mapper.AccessRequestMapperTest" time="0.196"/>
  <system-out><![CDATA[2018-01-07T10:02:04,343  INFO Test worker support.DefaultTestContextBootstrapper:260 - Loaded default TestExecutionListener class names from location [META-INF/spring.factories]: [org.springframework.test.context.web.ServletTestExecutionListener, org.springframework.test.context.support.DirtiesContextBeforeModesTestExecutionListener, org.springframework.test.context.support.DependencyInjectionTestExecutionListener, org.springframework.test.context.support.DirtiesContextTestExecutionListener, org.springframework.test.context.transaction.TransactionalTestExecutionListener, org.springframework.test.context.jdbc.SqlScriptsTestExecutionListener]
2018-01-07T10:02:04,344  INFO Test worker support.DefaultTestContextBootstrapper:209 - Could not instantiate TestExecutionListener [org.springframework.test.context.web.ServletTestExecutionListener]. Specify custom listener classes or make the default listener classes (and their required dependencies) available. Offending class: [javax/servlet/ServletContext]
2018-01-07T10:02:04,344  INFO Test worker support.DefaultTestContextBootstrapper:187 - Using TestExecutionListeners: [org.springframework.test.context.support.DirtiesContextBeforeModesTestExecutionListener@5ba14790, org.springframework.test.context.support.DependencyInjectionTestExecutionListener@3a48af33, org.springframework.test.context.support.DirtiesContextTestExecutionListener@3a55ce12, org.springframework.test.context.transaction.TransactionalTestExecutionListener@502bfcab, org.springframework.test.context.jdbc.SqlScriptsTestExecutionListener@167acf9]
2018-01-07T10:02:04,355  INFO Test worker transaction.TransactionContext:101 - Began transaction (1) for test context [DefaultTestContext@6e566eae testClass = AccessRequestMapperTest, testInstance = org.rootservices.authorization.persistence.mapper.AccessRequestMapperTest@19cd4e17, testMethod = insert@AccessRequestMapperTest, testException = [null], mergedContextConfiguration = [MergedContextConfiguration@7e29bad1 testClass = AccessRequestMapperTest, locations = '{classpath:spring-auth-test.xml}', classes = '{}', contextInitializerClasses = '[]', activeProfiles = '{}', propertySourceLocations = '{}', propertySourceProperties = '{}', contextCustomizers = set[[empty]], contextLoader = 'org.springframework.test.context.support.DelegatingSmartContextLoader', parent = [null]]]; transaction manager [org.springframework.jdbc.datasource.DataSourceTransactionManager@2d976234]; rollback [true]
2018-01-07T10:02:04,550  INFO Test worker transaction.TransactionContext:136 - Rolled back transaction for test context [DefaultTestContext@6e566eae testClass = AccessRequestMapperTest, testInstance = org.rootservices.authorization.persistence.mapper.AccessRequestMapperTest@19cd4e17, testMethod = insert@AccessRequestMapperTest, testException = [null], mergedContextConfiguration = [MergedContextConfiguration@7e29bad1 testClass = AccessRequestMapperTest, locations = '{classpath:spring-auth-test.xml}', classes = '{}', contextInitializerClasses = '[]', activeProfiles = '{}', propertySourceLocations = '{}', propertySourceProperties = '{}', contextCustomizers = set[[empty]], contextLoader = 'org.springframework.test.context.support.DelegatingSmartContextLoader', parent = [null]]].
]]></system-out>
  <system-err><![CDATA[]]></system-err>
</testsuite>
