<?xml version="1.0" encoding="UTF-8"?>
<testsuite name="org.rootservices.authorization.openId.identity.translator.ProfileToIdTokenTest" tests="15" skipped="0" failures="0" errors="0" timestamp="2018-01-07T16:02:10" hostname="Kristins-MBP" time="0.109">
  <properties/>
  <testcase name="makeFamilyNamesClaimWhenManyShouldAssign" classname="org.rootservices.authorization.openId.identity.translator.ProfileToIdTokenTest" time="0.0"/>
  <testcase name="toEmailClaimsIsVerifiedShouldAssign" classname="org.rootservices.authorization.openId.identity.translator.ProfileToIdTokenTest" time="0.0"/>
  <testcase name="makeGivenNamesClaimWhenEmptyShouldAssign" classname="org.rootservices.authorization.openId.identity.translator.ProfileToIdTokenTest" time="0.0"/>
  <testcase name="makeGenderClaimWhenNotPresentShouldBeNotPresent" classname="org.rootservices.authorization.openId.identity.translator.ProfileToIdTokenTest" time="0.0"/>
  <testcase name="makeGivenNamesClaimWhenEmptyShouldNotBePresent" classname="org.rootservices.authorization.openId.identity.translator.ProfileToIdTokenTest" time="0.0"/>
  <testcase name="makeFamilyNamesClaimWhenOneShouldAssign" classname="org.rootservices.authorization.openId.identity.translator.ProfileToIdTokenTest" time="0.0"/>
  <testcase name="toProfileClaimsShouldAssign" classname="org.rootservices.authorization.openId.identity.translator.ProfileToIdTokenTest" time="0.107"/>
  <testcase name="toEmailClaimsNotVerifiedShouldAssign" classname="org.rootservices.authorization.openId.identity.translator.ProfileToIdTokenTest" time="0.0"/>
  <testcase name="toPhoneClaimsNotVerifiedShouldAssign" classname="org.rootservices.authorization.openId.identity.translator.ProfileToIdTokenTest" time="0.0"/>
  <testcase name="makeGivenNamesClaimWhenManyShouldAssign" classname="org.rootservices.authorization.openId.identity.translator.ProfileToIdTokenTest" time="0.0"/>
  <testcase name="toPhoneClaimsWhenPhoneIsNotPresentShouldAssign" classname="org.rootservices.authorization.openId.identity.translator.ProfileToIdTokenTest" time="0.0"/>
  <testcase name="makeGenderClaimShouldBeMale" classname="org.rootservices.authorization.openId.identity.translator.ProfileToIdTokenTest" time="0.0"/>
  <testcase name="makeFamilyNamesClaimWhenEmptyShouldAssign" classname="org.rootservices.authorization.openId.identity.translator.ProfileToIdTokenTest" time="0.0"/>
  <testcase name="makeGivenNamesClaimWhenOneShouldAssign" classname="org.rootservices.authorization.openId.identity.translator.ProfileToIdTokenTest" time="0.0"/>
  <testcase name="toPhoneClaimsIsVerifiedShouldAssign" classname="org.rootservices.authorization.openId.identity.translator.ProfileToIdTokenTest" time="0.0"/>
  <system-out><![CDATA[]]></system-out>
  <system-err><![CDATA[]]></system-err>
</testsuite>
