<?xml version="1.0" encoding="UTF-8"?>
<testsuite name="org.rootservices.authorization.persistence.repository.ScopeRepositoryImplTest" tests="6" skipped="0" failures="0" errors="0" timestamp="2018-01-07T16:02:21" hostname="Kristins-MBP" time="0.02">
  <properties/>
  <testcase name="findByNameShouldThrowRecordNotFound" classname="org.rootservices.authorization.persistence.repository.ScopeRepositoryImplTest" time="0.015"/>
  <testcase name="insert" classname="org.rootservices.authorization.persistence.repository.ScopeRepositoryImplTest" time="0.001"/>
  <testcase name="findByNameShouldBeOk" classname="org.rootservices.authorization.persistence.repository.ScopeRepositoryImplTest" time="0.001"/>
  <testcase name="findByNamesWhenInputIsEmptyListShouldReturnEmptyList" classname="org.rootservices.authorization.persistence.repository.ScopeRepositoryImplTest" time="0.0"/>
  <testcase name="findByNamesWhenInputIsNullShouldReturnEmptyList" classname="org.rootservices.authorization.persistence.repository.ScopeRepositoryImplTest" time="0.001"/>
  <testcase name="findByNames" classname="org.rootservices.authorization.persistence.repository.ScopeRepositoryImplTest" time="0.001"/>
  <system-out><![CDATA[]]></system-out>
  <system-err><![CDATA[]]></system-err>
</testsuite>
