<?xml version="1.0" encoding="UTF-8"?>
<testsuite name="org.rootservices.authorization.persistence.mapper.ResourceOwnerMapperTest" tests="12" skipped="0" failures="0" errors="0" timestamp="2018-01-07T16:02:06" hostname="Kristins-MBP" time="1.844">
  <properties/>
  <testcase name="getByAccessTokenWithProfileAndTokensWhenNoProfileShouldBeOk" classname="org.rootservices.authorization.persistence.mapper.ResourceOwnerMapperTest" time="0.536"/>
  <testcase name="insertShouldThrowDuplicateKeyException" classname="org.rootservices.authorization.persistence.mapper.ResourceOwnerMapperTest" time="0.004"/>
  <testcase name="getByAccessTokenWithProfileAndTokensShouldBeOk" classname="org.rootservices.authorization.persistence.mapper.ResourceOwnerMapperTest" time="0.442"/>
  <testcase name="setEmailVerifiedShouldSetToTrue" classname="org.rootservices.authorization.persistence.mapper.ResourceOwnerMapperTest" time="0.007"/>
  <testcase name="insert" classname="org.rootservices.authorization.persistence.mapper.ResourceOwnerMapperTest" time="0.005"/>
  <testcase name="getByAccessTokenWithProfileAndTokensWhenTokenExpiredShouldBeNull" classname="org.rootservices.authorization.persistence.mapper.ResourceOwnerMapperTest" time="0.371"/>
  <testcase name="getByAccessToken" classname="org.rootservices.authorization.persistence.mapper.ResourceOwnerMapperTest" time="0.147"/>
  <testcase name="getByIdAuthUserNotFound" classname="org.rootservices.authorization.persistence.mapper.ResourceOwnerMapperTest" time="0.003"/>
  <testcase name="getById" classname="org.rootservices.authorization.persistence.mapper.ResourceOwnerMapperTest" time="0.005"/>
  <testcase name="updatePasswordShouldBeOk" classname="org.rootservices.authorization.persistence.mapper.ResourceOwnerMapperTest" time="0.009"/>
  <testcase name="getByEmail" classname="org.rootservices.authorization.persistence.mapper.ResourceOwnerMapperTest" time="0.01"/>
  <testcase name="getByAccessTokenWithProfileAndTokensWhenTokenRevokedShouldBeNull" classname="org.rootservices.authorization.persistence.mapper.ResourceOwnerMapperTest" time="0.298"/>
  <system-out><![CDATA[2018-01-07T10:02:06,872  INFO Test worker support.DefaultTestContextBootstrapper:260 - Loaded default TestExecutionListener class names from location [META-INF/spring.factories]: [org.springframework.test.context.web.ServletTestExecutionListener, org.springframework.test.context.support.DirtiesContextBeforeModesTestExecutionListener, org.springframework.test.context.support.DependencyInjectionTestExecutionListener, org.springframework.test.context.support.DirtiesContextTestExecutionListener, org.springframework.test.context.transaction.TransactionalTestExecutionListener, org.springframework.test.context.jdbc.SqlScriptsTestExecutionListener]
2018-01-07T10:02:06,873  INFO Test worker support.DefaultTestContextBootstrapper:209 - Could not instantiate TestExecutionListener [org.springframework.test.context.web.ServletTestExecutionListener]. Specify custom listener classes or make the default listener classes (and their required dependencies) available. Offending class: [javax/servlet/ServletContext]
2018-01-07T10:02:06,874  INFO Test worker support.DefaultTestContextBootstrapper:187 - Using TestExecutionListeners: [org.springframework.test.context.support.DirtiesContextBeforeModesTestExecutionListener@648d848e, org.springframework.test.context.support.DependencyInjectionTestExecutionListener@6dce478a, org.springframework.test.context.support.DirtiesContextTestExecutionListener@10b01673, org.springframework.test.context.transaction.TransactionalTestExecutionListener@6be8ceb3, org.springframework.test.context.jdbc.SqlScriptsTestExecutionListener@63498eb4]
2018-01-07T10:02:06,891  INFO Test worker transaction.TransactionContext:101 - Began transaction (1) for test context [DefaultTestContext@457f1614 testClass = ResourceOwnerMapperTest, testInstance = org.rootservices.authorization.persistence.mapper.ResourceOwnerMapperTest@f942ec7, testMethod = getByAccessTokenWithProfileAndTokensWhenNoProfileShouldBeOk@ResourceOwnerMapperTest, testException = [null], mergedContextConfiguration = [MergedContextConfiguration@7c247740 testClass = ResourceOwnerMapperTest, locations = '{classpath:spring-auth-test.xml}', classes = '{}', contextInitializerClasses = '[]', activeProfiles = '{}', propertySourceLocations = '{}', propertySourceProperties = '{}', contextCustomizers = set[[empty]], contextLoader = 'org.springframework.test.context.support.DelegatingSmartContextLoader', parent = [null]]]; transaction manager [org.springframework.jdbc.datasource.DataSourceTransactionManager@2d976234]; rollback [true]
2018-01-07T10:02:07,420  INFO Test worker transaction.TransactionContext:136 - Rolled back transaction for test context [DefaultTestContext@457f1614 testClass = ResourceOwnerMapperTest, testInstance = org.rootservices.authorization.persistence.mapper.ResourceOwnerMapperTest@f942ec7, testMethod = getByAccessTokenWithProfileAndTokensWhenNoProfileShouldBeOk@ResourceOwnerMapperTest, testException = [null], mergedContextConfiguration = [MergedContextConfiguration@7c247740 testClass = ResourceOwnerMapperTest, locations = '{classpath:spring-auth-test.xml}', classes = '{}', contextInitializerClasses = '[]', activeProfiles = '{}', propertySourceLocations = '{}', propertySourceProperties = '{}', contextCustomizers = set[[empty]], contextLoader = 'org.springframework.test.context.support.DelegatingSmartContextLoader', parent = [null]]].
2018-01-07T10:02:07,422  INFO Test worker transaction.TransactionContext:101 - Began transaction (1) for test context [DefaultTestContext@457f1614 testClass = ResourceOwnerMapperTest, testInstance = org.rootservices.authorization.persistence.mapper.ResourceOwnerMapperTest@1fc45b8f, testMethod = insertShouldThrowDuplicateKeyException@ResourceOwnerMapperTest, testException = [null], mergedContextConfiguration = [MergedContextConfiguration@7c247740 testClass = ResourceOwnerMapperTest, locations = '{classpath:spring-auth-test.xml}', classes = '{}', contextInitializerClasses = '[]', activeProfiles = '{}', propertySourceLocations = '{}', propertySourceProperties = '{}', contextCustomizers = set[[empty]], contextLoader = 'org.springframework.test.context.support.DelegatingSmartContextLoader', parent = [null]]]; transaction manager [org.springframework.jdbc.datasource.DataSourceTransactionManager@2d976234]; rollback [true]
2018-01-07T10:02:07,426  INFO Test worker transaction.TransactionContext:136 - Rolled back transaction for test context [DefaultTestContext@457f1614 testClass = ResourceOwnerMapperTest, testInstance = org.rootservices.authorization.persistence.mapper.ResourceOwnerMapperTest@1fc45b8f, testMethod = insertShouldThrowDuplicateKeyException@ResourceOwnerMapperTest, testException = [null], mergedContextConfiguration = [MergedContextConfiguration@7c247740 testClass = ResourceOwnerMapperTest, locations = '{classpath:spring-auth-test.xml}', classes = '{}', contextInitializerClasses = '[]', activeProfiles = '{}', propertySourceLocations = '{}', propertySourceProperties = '{}', contextCustomizers = set[[empty]], contextLoader = 'org.springframework.test.context.support.DelegatingSmartContextLoader', parent = [null]]].
2018-01-07T10:02:07,427  INFO Test worker transaction.TransactionContext:101 - Began transaction (1) for test context [DefaultTestContext@457f1614 testClass = ResourceOwnerMapperTest, testInstance = org.rootservices.authorization.persistence.mapper.ResourceOwnerMapperTest@c7ad142, testMethod = getByAccessTokenWithProfileAndTokensShouldBeOk@ResourceOwnerMapperTest, testException = [null], mergedContextConfiguration = [MergedContextConfiguration@7c247740 testClass = ResourceOwnerMapperTest, locations = '{classpath:spring-auth-test.xml}', classes = '{}', contextInitializerClasses = '[]', activeProfiles = '{}', propertySourceLocations = '{}', propertySourceProperties = '{}', contextCustomizers = set[[empty]], contextLoader = 'org.springframework.test.context.support.DelegatingSmartContextLoader', parent = [null]]]; transaction manager [org.springframework.jdbc.datasource.DataSourceTransactionManager@2d976234]; rollback [true]
2018-01-07T10:02:07,865  INFO Test worker transaction.TransactionContext:136 - Rolled back transaction for test context [DefaultTestContext@457f1614 testClass = ResourceOwnerMapperTest, testInstance = org.rootservices.authorization.persistence.mapper.ResourceOwnerMapperTest@c7ad142, testMethod = getByAccessTokenWithProfileAndTokensShouldBeOk@ResourceOwnerMapperTest, testException = [null], mergedContextConfiguration = [MergedContextConfiguration@7c247740 testClass = ResourceOwnerMapperTest, locations = '{classpath:spring-auth-test.xml}', classes = '{}', contextInitializerClasses = '[]', activeProfiles = '{}', propertySourceLocations = '{}', propertySourceProperties = '{}', contextCustomizers = set[[empty]], contextLoader = 'org.springframework.test.context.support.DelegatingSmartContextLoader', parent = [null]]].
2018-01-07T10:02:07,871  INFO Test worker transaction.TransactionContext:101 - Began transaction (1) for test context [DefaultTestContext@457f1614 testClass = ResourceOwnerMapperTest, testInstance = org.rootservices.authorization.persistence.mapper.ResourceOwnerMapperTest@54068656, testMethod = setEmailVerifiedShouldSetToTrue@ResourceOwnerMapperTest, testException = [null], mergedContextConfiguration = [MergedContextConfiguration@7c247740 testClass = ResourceOwnerMapperTest, locations = '{classpath:spring-auth-test.xml}', classes = '{}', contextInitializerClasses = '[]', activeProfiles = '{}', propertySourceLocations = '{}', propertySourceProperties = '{}', contextCustomizers = set[[empty]], contextLoader = 'org.springframework.test.context.support.DelegatingSmartContextLoader', parent = [null]]]; transaction manager [org.springframework.jdbc.datasource.DataSourceTransactionManager@2d976234]; rollback [true]
2018-01-07T10:02:07,876  INFO Test worker transaction.TransactionContext:136 - Rolled back transaction for test context [DefaultTestContext@457f1614 testClass = ResourceOwnerMapperTest, testInstance = org.rootservices.authorization.persistence.mapper.ResourceOwnerMapperTest@54068656, testMethod = setEmailVerifiedShouldSetToTrue@ResourceOwnerMapperTest, testException = [null], mergedContextConfiguration = [MergedContextConfiguration@7c247740 testClass = ResourceOwnerMapperTest, locations = '{classpath:spring-auth-test.xml}', classes = '{}', contextInitializerClasses = '[]', activeProfiles = '{}', propertySourceLocations = '{}', propertySourceProperties = '{}', contextCustomizers = set[[empty]], contextLoader = 'org.springframework.test.context.support.DelegatingSmartContextLoader', parent = [null]]].
2018-01-07T10:02:07,878  INFO Test worker transaction.TransactionContext:101 - Began transaction (1) for test context [DefaultTestContext@457f1614 testClass = ResourceOwnerMapperTest, testInstance = org.rootservices.authorization.persistence.mapper.ResourceOwnerMapperTest@1d0714fc, testMethod = insert@ResourceOwnerMapperTest, testException = [null], mergedContextConfiguration = [MergedContextConfiguration@7c247740 testClass = ResourceOwnerMapperTest, locations = '{classpath:spring-auth-test.xml}', classes = '{}', contextInitializerClasses = '[]', activeProfiles = '{}', propertySourceLocations = '{}', propertySourceProperties = '{}', contextCustomizers = set[[empty]], contextLoader = 'org.springframework.test.context.support.DelegatingSmartContextLoader', parent = [null]]]; transaction manager [org.springframework.jdbc.datasource.DataSourceTransactionManager@2d976234]; rollback [true]
2018-01-07T10:02:07,881  INFO Test worker transaction.TransactionContext:136 - Rolled back transaction for test context [DefaultTestContext@457f1614 testClass = ResourceOwnerMapperTest, testInstance = org.rootservices.authorization.persistence.mapper.ResourceOwnerMapperTest@1d0714fc, testMethod = insert@ResourceOwnerMapperTest, testException = [null], mergedContextConfiguration = [MergedContextConfiguration@7c247740 testClass = ResourceOwnerMapperTest, locations = '{classpath:spring-auth-test.xml}', classes = '{}', contextInitializerClasses = '[]', activeProfiles = '{}', propertySourceLocations = '{}', propertySourceProperties = '{}', contextCustomizers = set[[empty]], contextLoader = 'org.springframework.test.context.support.DelegatingSmartContextLoader', parent = [null]]].
2018-01-07T10:02:07,883  INFO Test worker transaction.TransactionContext:101 - Began transaction (1) for test context [DefaultTestContext@457f1614 testClass = ResourceOwnerMapperTest, testInstance = org.rootservices.authorization.persistence.mapper.ResourceOwnerMapperTest@26890aa, testMethod = getByAccessTokenWithProfileAndTokensWhenTokenExpiredShouldBeNull@ResourceOwnerMapperTest, testException = [null], mergedContextConfiguration = [MergedContextConfiguration@7c247740 testClass = ResourceOwnerMapperTest, locations = '{classpath:spring-auth-test.xml}', classes = '{}', contextInitializerClasses = '[]', activeProfiles = '{}', propertySourceLocations = '{}', propertySourceProperties = '{}', contextCustomizers = set[[empty]], contextLoader = 'org.springframework.test.context.support.DelegatingSmartContextLoader', parent = [null]]]; transaction manager [org.springframework.jdbc.datasource.DataSourceTransactionManager@2d976234]; rollback [true]
2018-01-07T10:02:08,253  INFO Test worker transaction.TransactionContext:136 - Rolled back transaction for test context [DefaultTestContext@457f1614 testClass = ResourceOwnerMapperTest, testInstance = org.rootservices.authorization.persistence.mapper.ResourceOwnerMapperTest@26890aa, testMethod = getByAccessTokenWithProfileAndTokensWhenTokenExpiredShouldBeNull@ResourceOwnerMapperTest, testException = [null], mergedContextConfiguration = [MergedContextConfiguration@7c247740 testClass = ResourceOwnerMapperTest, locations = '{classpath:spring-auth-test.xml}', classes = '{}', contextInitializerClasses = '[]', activeProfiles = '{}', propertySourceLocations = '{}', propertySourceProperties = '{}', contextCustomizers = set[[empty]], contextLoader = 'org.springframework.test.context.support.DelegatingSmartContextLoader', parent = [null]]].
2018-01-07T10:02:08,255  INFO Test worker transaction.TransactionContext:101 - Began transaction (1) for test context [DefaultTestContext@457f1614 testClass = ResourceOwnerMapperTest, testInstance = org.rootservices.authorization.persistence.mapper.ResourceOwnerMapperTest@4206faec, testMethod = getByAccessToken@ResourceOwnerMapperTest, testException = [null], mergedContextConfiguration = [MergedContextConfiguration@7c247740 testClass = ResourceOwnerMapperTest, locations = '{classpath:spring-auth-test.xml}', classes = '{}', contextInitializerClasses = '[]', activeProfiles = '{}', propertySourceLocations = '{}', propertySourceProperties = '{}', contextCustomizers = set[[empty]], contextLoader = 'org.springframework.test.context.support.DelegatingSmartContextLoader', parent = [null]]]; transaction manager [org.springframework.jdbc.datasource.DataSourceTransactionManager@2d976234]; rollback [true]
2018-01-07T10:02:08,401  INFO Test worker transaction.TransactionContext:136 - Rolled back transaction for test context [DefaultTestContext@457f1614 testClass = ResourceOwnerMapperTest, testInstance = org.rootservices.authorization.persistence.mapper.ResourceOwnerMapperTest@4206faec, testMethod = getByAccessToken@ResourceOwnerMapperTest, testException = [null], mergedContextConfiguration = [MergedContextConfiguration@7c247740 testClass = ResourceOwnerMapperTest, locations = '{classpath:spring-auth-test.xml}', classes = '{}', contextInitializerClasses = '[]', activeProfiles = '{}', propertySourceLocations = '{}', propertySourceProperties = '{}', contextCustomizers = set[[empty]], contextLoader = 'org.springframework.test.context.support.DelegatingSmartContextLoader', parent = [null]]].
2018-01-07T10:02:08,402  INFO Test worker transaction.TransactionContext:101 - Began transaction (1) for test context [DefaultTestContext@457f1614 testClass = ResourceOwnerMapperTest, testInstance = org.rootservices.authorization.persistence.mapper.ResourceOwnerMapperTest@4d0b0955, testMethod = getByIdAuthUserNotFound@ResourceOwnerMapperTest, testException = [null], mergedContextConfiguration = [MergedContextConfiguration@7c247740 testClass = ResourceOwnerMapperTest, locations = '{classpath:spring-auth-test.xml}', classes = '{}', contextInitializerClasses = '[]', activeProfiles = '{}', propertySourceLocations = '{}', propertySourceProperties = '{}', contextCustomizers = set[[empty]], contextLoader = 'org.springframework.test.context.support.DelegatingSmartContextLoader', parent = [null]]]; transaction manager [org.springframework.jdbc.datasource.DataSourceTransactionManager@2d976234]; rollback [true]
2018-01-07T10:02:08,404  INFO Test worker transaction.TransactionContext:136 - Rolled back transaction for test context [DefaultTestContext@457f1614 testClass = ResourceOwnerMapperTest, testInstance = org.rootservices.authorization.persistence.mapper.ResourceOwnerMapperTest@4d0b0955, testMethod = getByIdAuthUserNotFound@ResourceOwnerMapperTest, testException = [null], mergedContextConfiguration = [MergedContextConfiguration@7c247740 testClass = ResourceOwnerMapperTest, locations = '{classpath:spring-auth-test.xml}', classes = '{}', contextInitializerClasses = '[]', activeProfiles = '{}', propertySourceLocations = '{}', propertySourceProperties = '{}', contextCustomizers = set[[empty]], contextLoader = 'org.springframework.test.context.support.DelegatingSmartContextLoader', parent = [null]]].
2018-01-07T10:02:08,406  INFO Test worker transaction.TransactionContext:101 - Began transaction (1) for test context [DefaultTestContext@457f1614 testClass = ResourceOwnerMapperTest, testInstance = org.rootservices.authorization.persistence.mapper.ResourceOwnerMapperTest@51a625df, testMethod = getById@ResourceOwnerMapperTest, testException = [null], mergedContextConfiguration = [MergedContextConfiguration@7c247740 testClass = ResourceOwnerMapperTest, locations = '{classpath:spring-auth-test.xml}', classes = '{}', contextInitializerClasses = '[]', activeProfiles = '{}', propertySourceLocations = '{}', propertySourceProperties = '{}', contextCustomizers = set[[empty]], contextLoader = 'org.springframework.test.context.support.DelegatingSmartContextLoader', parent = [null]]]; transaction manager [org.springframework.jdbc.datasource.DataSourceTransactionManager@2d976234]; rollback [true]
2018-01-07T10:02:08,410  INFO Test worker transaction.TransactionContext:136 - Rolled back transaction for test context [DefaultTestContext@457f1614 testClass = ResourceOwnerMapperTest, testInstance = org.rootservices.authorization.persistence.mapper.ResourceOwnerMapperTest@51a625df, testMethod = getById@ResourceOwnerMapperTest, testException = [null], mergedContextConfiguration = [MergedContextConfiguration@7c247740 testClass = ResourceOwnerMapperTest, locations = '{classpath:spring-auth-test.xml}', classes = '{}', contextInitializerClasses = '[]', activeProfiles = '{}', propertySourceLocations = '{}', propertySourceProperties = '{}', contextCustomizers = set[[empty]], contextLoader = 'org.springframework.test.context.support.DelegatingSmartContextLoader', parent = [null]]].
2018-01-07T10:02:08,412  INFO Test worker transaction.TransactionContext:101 - Began transaction (1) for test context [DefaultTestContext@457f1614 testClass = ResourceOwnerMapperTest, testInstance = org.rootservices.authorization.persistence.mapper.ResourceOwnerMapperTest@4e7233cd, testMethod = updatePasswordShouldBeOk@ResourceOwnerMapperTest, testException = [null], mergedContextConfiguration = [MergedContextConfiguration@7c247740 testClass = ResourceOwnerMapperTest, locations = '{classpath:spring-auth-test.xml}', classes = '{}', contextInitializerClasses = '[]', activeProfiles = '{}', propertySourceLocations = '{}', propertySourceProperties = '{}', contextCustomizers = set[[empty]], contextLoader = 'org.springframework.test.context.support.DelegatingSmartContextLoader', parent = [null]]]; transaction manager [org.springframework.jdbc.datasource.DataSourceTransactionManager@2d976234]; rollback [true]
2018-01-07T10:02:08,419  INFO Test worker transaction.TransactionContext:136 - Rolled back transaction for test context [DefaultTestContext@457f1614 testClass = ResourceOwnerMapperTest, testInstance = org.rootservices.authorization.persistence.mapper.ResourceOwnerMapperTest@4e7233cd, testMethod = updatePasswordShouldBeOk@ResourceOwnerMapperTest, testException = [null], mergedContextConfiguration = [MergedContextConfiguration@7c247740 testClass = ResourceOwnerMapperTest, locations = '{classpath:spring-auth-test.xml}', classes = '{}', contextInitializerClasses = '[]', activeProfiles = '{}', propertySourceLocations = '{}', propertySourceProperties = '{}', contextCustomizers = set[[empty]], contextLoader = 'org.springframework.test.context.support.DelegatingSmartContextLoader', parent = [null]]].
2018-01-07T10:02:08,422  INFO Test worker transaction.TransactionContext:101 - Began transaction (1) for test context [DefaultTestContext@457f1614 testClass = ResourceOwnerMapperTest, testInstance = org.rootservices.authorization.persistence.mapper.ResourceOwnerMapperTest@197e9138, testMethod = getByEmail@ResourceOwnerMapperTest, testException = [null], mergedContextConfiguration = [MergedContextConfiguration@7c247740 testClass = ResourceOwnerMapperTest, locations = '{classpath:spring-auth-test.xml}', classes = '{}', contextInitializerClasses = '[]', activeProfiles = '{}', propertySourceLocations = '{}', propertySourceProperties = '{}', contextCustomizers = set[[empty]], contextLoader = 'org.springframework.test.context.support.DelegatingSmartContextLoader', parent = [null]]]; transaction manager [org.springframework.jdbc.datasource.DataSourceTransactionManager@2d976234]; rollback [true]
2018-01-07T10:02:08,430  INFO Test worker transaction.TransactionContext:136 - Rolled back transaction for test context [DefaultTestContext@457f1614 testClass = ResourceOwnerMapperTest, testInstance = org.rootservices.authorization.persistence.mapper.ResourceOwnerMapperTest@197e9138, testMethod = getByEmail@ResourceOwnerMapperTest, testException = [null], mergedContextConfiguration = [MergedContextConfiguration@7c247740 testClass = ResourceOwnerMapperTest, locations = '{classpath:spring-auth-test.xml}', classes = '{}', contextInitializerClasses = '[]', activeProfiles = '{}', propertySourceLocations = '{}', propertySourceProperties = '{}', contextCustomizers = set[[empty]], contextLoader = 'org.springframework.test.context.support.DelegatingSmartContextLoader', parent = [null]]].
2018-01-07T10:02:08,432  INFO Test worker transaction.TransactionContext:101 - Began transaction (1) for test context [DefaultTestContext@457f1614 testClass = ResourceOwnerMapperTest, testInstance = org.rootservices.authorization.persistence.mapper.ResourceOwnerMapperTest@739378b5, testMethod = getByAccessTokenWithProfileAndTokensWhenTokenRevokedShouldBeNull@ResourceOwnerMapperTest, testException = [null], mergedContextConfiguration = [MergedContextConfiguration@7c247740 testClass = ResourceOwnerMapperTest, locations = '{classpath:spring-auth-test.xml}', classes = '{}', contextInitializerClasses = '[]', activeProfiles = '{}', propertySourceLocations = '{}', propertySourceProperties = '{}', contextCustomizers = set[[empty]], contextLoader = 'org.springframework.test.context.support.DelegatingSmartContextLoader', parent = [null]]]; transaction manager [org.springframework.jdbc.datasource.DataSourceTransactionManager@2d976234]; rollback [true]
2018-01-07T10:02:08,728  INFO Test worker transaction.TransactionContext:136 - Rolled back transaction for test context [DefaultTestContext@457f1614 testClass = ResourceOwnerMapperTest, testInstance = org.rootservices.authorization.persistence.mapper.ResourceOwnerMapperTest@739378b5, testMethod = getByAccessTokenWithProfileAndTokensWhenTokenRevokedShouldBeNull@ResourceOwnerMapperTest, testException = [null], mergedContextConfiguration = [MergedContextConfiguration@7c247740 testClass = ResourceOwnerMapperTest, locations = '{classpath:spring-auth-test.xml}', classes = '{}', contextInitializerClasses = '[]', activeProfiles = '{}', propertySourceLocations = '{}', propertySourceProperties = '{}', contextCustomizers = set[[empty]], contextLoader = 'org.springframework.test.context.support.DelegatingSmartContextLoader', parent = [null]]].
]]></system-out>
  <system-err><![CDATA[]]></system-err>
</testsuite>
