<?xml version="1.0" encoding="UTF-8"?>
<testsuite name="org.rootservices.authorization.openId.identity.MakeUserInfoIdentityTokenTest" tests="7" skipped="0" failures="0" errors="0" timestamp="2018-01-07T16:02:01" hostname="Kristins-MBP" time="2.463">
  <properties/>
  <testcase name="makeInvalidJsonWebKeyExceptionShouldThrowIdTokenException" classname="org.rootservices.authorization.openId.identity.MakeUserInfoIdentityTokenTest" time="0.679"/>
  <testcase name="makeShouldThrowResourceOwnerNotFoundException" classname="org.rootservices.authorization.openId.identity.MakeUserInfoIdentityTokenTest" time="0.001"/>
  <testcase name="makeWhenEncodeThrowsJwtToJsonExceptionShouldThrowIdTokenException" classname="org.rootservices.authorization.openId.identity.MakeUserInfoIdentityTokenTest" time="0.304"/>
  <testcase name="makeInvalidAlgorithmExceptionShouldThrowIdTokenException" classname="org.rootservices.authorization.openId.identity.MakeUserInfoIdentityTokenTest" time="0.289"/>
  <testcase name="makeShouldThrowKeyNotFoundException" classname="org.rootservices.authorization.openId.identity.MakeUserInfoIdentityTokenTest" time="0.335"/>
  <testcase name="makeWhenNoLeadTokenShouldReturnEncodedJwt" classname="org.rootservices.authorization.openId.identity.MakeUserInfoIdentityTokenTest" time="0.339"/>
  <testcase name="makeWhenLeadTokenShouldReturnEncodedJwt" classname="org.rootservices.authorization.openId.identity.MakeUserInfoIdentityTokenTest" time="0.514"/>
  <system-out><![CDATA[]]></system-out>
  <system-err><![CDATA[]]></system-err>
</testsuite>
