<?xml version="1.0" encoding="UTF-8"?>
<testsuite name="integration.authorization.openid.grant.code.request.ValidateOpenIdParams.validation.ResponseType.ClientFoundRedirectMismatchTest" tests="5" skipped="0" failures="0" errors="0" timestamp="2018-01-07T16:01:46" hostname="Kristins-MBP" time="1.79">
  <properties/>
  <testcase name="responseTypeIsInvalidShouldThrowInformResourceOwnerException" classname="integration.authorization.openid.grant.code.request.ValidateOpenIdParams.validation.ResponseType.ClientFoundRedirectMismatchTest" time="0.317"/>
  <testcase name="responseTypeIsNullShouldThrowInformResourceOwnerException" classname="integration.authorization.openid.grant.code.request.ValidateOpenIdParams.validation.ResponseType.ClientFoundRedirectMismatchTest" time="0.358"/>
  <testcase name="responseTypeHasTwoItemsShouldThrowInformResourceOwnerException" classname="integration.authorization.openid.grant.code.request.ValidateOpenIdParams.validation.ResponseType.ClientFoundRedirectMismatchTest" time="0.369"/>
  <testcase name="responseTypeIsBlankStringShouldThrowInformResourceOwnerException" classname="integration.authorization.openid.grant.code.request.ValidateOpenIdParams.validation.ResponseType.ClientFoundRedirectMismatchTest" time="0.359"/>
  <testcase name="responseTypeIsEmptyListShouldThrowInformResourceOwnerException" classname="integration.authorization.openid.grant.code.request.ValidateOpenIdParams.validation.ResponseType.ClientFoundRedirectMismatchTest" time="0.385"/>
  <system-out><![CDATA[2018-01-07T10:01:46,344  INFO Test worker support.DefaultTestContextBootstrapper:260 - Loaded default TestExecutionListener class names from location [META-INF/spring.factories]: [org.springframework.test.context.web.ServletTestExecutionListener, org.springframework.test.context.support.DirtiesContextBeforeModesTestExecutionListener, org.springframework.test.context.support.DependencyInjectionTestExecutionListener, org.springframework.test.context.support.DirtiesContextTestExecutionListener, org.springframework.test.context.transaction.TransactionalTestExecutionListener, org.springframework.test.context.jdbc.SqlScriptsTestExecutionListener]
2018-01-07T10:01:46,347  INFO Test worker support.DefaultTestContextBootstrapper:209 - Could not instantiate TestExecutionListener [org.springframework.test.context.web.ServletTestExecutionListener]. Specify custom listener classes or make the default listener classes (and their required dependencies) available. Offending class: [javax/servlet/ServletContext]
2018-01-07T10:01:46,347  INFO Test worker support.DefaultTestContextBootstrapper:187 - Using TestExecutionListeners: [org.springframework.test.context.support.DirtiesContextBeforeModesTestExecutionListener@4e68908b, org.springframework.test.context.support.DependencyInjectionTestExecutionListener@4e40e32, org.springframework.test.context.support.DirtiesContextTestExecutionListener@607281d, org.springframework.test.context.transaction.TransactionalTestExecutionListener@27cd986a, org.springframework.test.context.jdbc.SqlScriptsTestExecutionListener@2d2bb8d0]
2018-01-07T10:01:46,356  INFO Test worker transaction.TransactionContext:101 - Began transaction (1) for test context [DefaultTestContext@dba3a05 testClass = ClientFoundRedirectMismatchTest, testInstance = integration.authorization.openid.grant.code.request.ValidateOpenIdParams.validation.ResponseType.ClientFoundRedirectMismatchTest@514af915, testMethod = responseTypeIsInvalidShouldThrowInformResourceOwnerException@ClientFoundRedirectMismatchTest, testException = [null], mergedContextConfiguration = [MergedContextConfiguration@91ab6d9 testClass = ClientFoundRedirectMismatchTest, locations = '{classpath:spring-auth-test.xml}', classes = '{}', contextInitializerClasses = '[]', activeProfiles = '{}', propertySourceLocations = '{}', propertySourceProperties = '{}', contextCustomizers = set[[empty]], contextLoader = 'org.springframework.test.context.support.DelegatingSmartContextLoader', parent = [null]]]; transaction manager [org.springframework.jdbc.datasource.DataSourceTransactionManager@2afd27a1]; rollback [true]
2018-01-07T10:01:46,671  INFO Test worker transaction.TransactionContext:136 - Rolled back transaction for test context [DefaultTestContext@dba3a05 testClass = ClientFoundRedirectMismatchTest, testInstance = integration.authorization.openid.grant.code.request.ValidateOpenIdParams.validation.ResponseType.ClientFoundRedirectMismatchTest@514af915, testMethod = responseTypeIsInvalidShouldThrowInformResourceOwnerException@ClientFoundRedirectMismatchTest, testException = [null], mergedContextConfiguration = [MergedContextConfiguration@91ab6d9 testClass = ClientFoundRedirectMismatchTest, locations = '{classpath:spring-auth-test.xml}', classes = '{}', contextInitializerClasses = '[]', activeProfiles = '{}', propertySourceLocations = '{}', propertySourceProperties = '{}', contextCustomizers = set[[empty]], contextLoader = 'org.springframework.test.context.support.DelegatingSmartContextLoader', parent = [null]]].
2018-01-07T10:01:46,673  INFO Test worker transaction.TransactionContext:101 - Began transaction (1) for test context [DefaultTestContext@dba3a05 testClass = ClientFoundRedirectMismatchTest, testInstance = integration.authorization.openid.grant.code.request.ValidateOpenIdParams.validation.ResponseType.ClientFoundRedirectMismatchTest@6edb2bf6, testMethod = responseTypeIsNullShouldThrowInformResourceOwnerException@ClientFoundRedirectMismatchTest, testException = [null], mergedContextConfiguration = [MergedContextConfiguration@91ab6d9 testClass = ClientFoundRedirectMismatchTest, locations = '{classpath:spring-auth-test.xml}', classes = '{}', contextInitializerClasses = '[]', activeProfiles = '{}', propertySourceLocations = '{}', propertySourceProperties = '{}', contextCustomizers = set[[empty]], contextLoader = 'org.springframework.test.context.support.DelegatingSmartContextLoader', parent = [null]]]; transaction manager [org.springframework.jdbc.datasource.DataSourceTransactionManager@2afd27a1]; rollback [true]
2018-01-07T10:01:47,028  INFO Test worker transaction.TransactionContext:136 - Rolled back transaction for test context [DefaultTestContext@dba3a05 testClass = ClientFoundRedirectMismatchTest, testInstance = integration.authorization.openid.grant.code.request.ValidateOpenIdParams.validation.ResponseType.ClientFoundRedirectMismatchTest@6edb2bf6, testMethod = responseTypeIsNullShouldThrowInformResourceOwnerException@ClientFoundRedirectMismatchTest, testException = [null], mergedContextConfiguration = [MergedContextConfiguration@91ab6d9 testClass = ClientFoundRedirectMismatchTest, locations = '{classpath:spring-auth-test.xml}', classes = '{}', contextInitializerClasses = '[]', activeProfiles = '{}', propertySourceLocations = '{}', propertySourceProperties = '{}', contextCustomizers = set[[empty]], contextLoader = 'org.springframework.test.context.support.DelegatingSmartContextLoader', parent = [null]]].
2018-01-07T10:01:47,033  INFO Test worker transaction.TransactionContext:101 - Began transaction (1) for test context [DefaultTestContext@dba3a05 testClass = ClientFoundRedirectMismatchTest, testInstance = integration.authorization.openid.grant.code.request.ValidateOpenIdParams.validation.ResponseType.ClientFoundRedirectMismatchTest@14dfc68c, testMethod = responseTypeHasTwoItemsShouldThrowInformResourceOwnerException@ClientFoundRedirectMismatchTest, testException = [null], mergedContextConfiguration = [MergedContextConfiguration@91ab6d9 testClass = ClientFoundRedirectMismatchTest, locations = '{classpath:spring-auth-test.xml}', classes = '{}', contextInitializerClasses = '[]', activeProfiles = '{}', propertySourceLocations = '{}', propertySourceProperties = '{}', contextCustomizers = set[[empty]], contextLoader = 'org.springframework.test.context.support.DelegatingSmartContextLoader', parent = [null]]]; transaction manager [org.springframework.jdbc.datasource.DataSourceTransactionManager@2afd27a1]; rollback [true]
2018-01-07T10:01:47,399  INFO Test worker transaction.TransactionContext:136 - Rolled back transaction for test context [DefaultTestContext@dba3a05 testClass = ClientFoundRedirectMismatchTest, testInstance = integration.authorization.openid.grant.code.request.ValidateOpenIdParams.validation.ResponseType.ClientFoundRedirectMismatchTest@14dfc68c, testMethod = responseTypeHasTwoItemsShouldThrowInformResourceOwnerException@ClientFoundRedirectMismatchTest, testException = [null], mergedContextConfiguration = [MergedContextConfiguration@91ab6d9 testClass = ClientFoundRedirectMismatchTest, locations = '{classpath:spring-auth-test.xml}', classes = '{}', contextInitializerClasses = '[]', activeProfiles = '{}', propertySourceLocations = '{}', propertySourceProperties = '{}', contextCustomizers = set[[empty]], contextLoader = 'org.springframework.test.context.support.DelegatingSmartContextLoader', parent = [null]]].
2018-01-07T10:01:47,403  INFO Test worker transaction.TransactionContext:101 - Began transaction (1) for test context [DefaultTestContext@dba3a05 testClass = ClientFoundRedirectMismatchTest, testInstance = integration.authorization.openid.grant.code.request.ValidateOpenIdParams.validation.ResponseType.ClientFoundRedirectMismatchTest@34098419, testMethod = responseTypeIsBlankStringShouldThrowInformResourceOwnerException@ClientFoundRedirectMismatchTest, testException = [null], mergedContextConfiguration = [MergedContextConfiguration@91ab6d9 testClass = ClientFoundRedirectMismatchTest, locations = '{classpath:spring-auth-test.xml}', classes = '{}', contextInitializerClasses = '[]', activeProfiles = '{}', propertySourceLocations = '{}', propertySourceProperties = '{}', contextCustomizers = set[[empty]], contextLoader = 'org.springframework.test.context.support.DelegatingSmartContextLoader', parent = [null]]]; transaction manager [org.springframework.jdbc.datasource.DataSourceTransactionManager@2afd27a1]; rollback [true]
2018-01-07T10:01:47,759  INFO Test worker transaction.TransactionContext:136 - Rolled back transaction for test context [DefaultTestContext@dba3a05 testClass = ClientFoundRedirectMismatchTest, testInstance = integration.authorization.openid.grant.code.request.ValidateOpenIdParams.validation.ResponseType.ClientFoundRedirectMismatchTest@34098419, testMethod = responseTypeIsBlankStringShouldThrowInformResourceOwnerException@ClientFoundRedirectMismatchTest, testException = [null], mergedContextConfiguration = [MergedContextConfiguration@91ab6d9 testClass = ClientFoundRedirectMismatchTest, locations = '{classpath:spring-auth-test.xml}', classes = '{}', contextInitializerClasses = '[]', activeProfiles = '{}', propertySourceLocations = '{}', propertySourceProperties = '{}', contextCustomizers = set[[empty]], contextLoader = 'org.springframework.test.context.support.DelegatingSmartContextLoader', parent = [null]]].
2018-01-07T10:01:47,761  INFO Test worker transaction.TransactionContext:101 - Began transaction (1) for test context [DefaultTestContext@dba3a05 testClass = ClientFoundRedirectMismatchTest, testInstance = integration.authorization.openid.grant.code.request.ValidateOpenIdParams.validation.ResponseType.ClientFoundRedirectMismatchTest@5abcf9d4, testMethod = responseTypeIsEmptyListShouldThrowInformResourceOwnerException@ClientFoundRedirectMismatchTest, testException = [null], mergedContextConfiguration = [MergedContextConfiguration@91ab6d9 testClass = ClientFoundRedirectMismatchTest, locations = '{classpath:spring-auth-test.xml}', classes = '{}', contextInitializerClasses = '[]', activeProfiles = '{}', propertySourceLocations = '{}', propertySourceProperties = '{}', contextCustomizers = set[[empty]], contextLoader = 'org.springframework.test.context.support.DelegatingSmartContextLoader', parent = [null]]]; transaction manager [org.springframework.jdbc.datasource.DataSourceTransactionManager@2afd27a1]; rollback [true]
2018-01-07T10:01:48,144  INFO Test worker transaction.TransactionContext:136 - Rolled back transaction for test context [DefaultTestContext@dba3a05 testClass = ClientFoundRedirectMismatchTest, testInstance = integration.authorization.openid.grant.code.request.ValidateOpenIdParams.validation.ResponseType.ClientFoundRedirectMismatchTest@5abcf9d4, testMethod = responseTypeIsEmptyListShouldThrowInformResourceOwnerException@ClientFoundRedirectMismatchTest, testException = [null], mergedContextConfiguration = [MergedContextConfiguration@91ab6d9 testClass = ClientFoundRedirectMismatchTest, locations = '{classpath:spring-auth-test.xml}', classes = '{}', contextInitializerClasses = '[]', activeProfiles = '{}', propertySourceLocations = '{}', propertySourceProperties = '{}', contextCustomizers = set[[empty]], contextLoader = 'org.springframework.test.context.support.DelegatingSmartContextLoader', parent = [null]]].
]]></system-out>
  <system-err><![CDATA[]]></system-err>
</testsuite>
