<?xml version="1.0" encoding="UTF-8"?>
<testsuite name="integration.authorization.openid.grant.token.request.ValidateOpenIdParams.validation.State.ClientFoundRedirectMismatchTest" tests="2" skipped="0" failures="0" errors="0" timestamp="2018-01-07T16:01:47" hostname="Kristins-MBP" time="0.024">
  <properties/>
  <testcase name="stateIsBlankStringShouldThrowInformResourceOwnerException" classname="integration.authorization.openid.grant.token.request.ValidateOpenIdParams.validation.State.ClientFoundRedirectMismatchTest" time="0.011"/>
  <testcase name="stateHasTwoItemsShouldThrowInformResourceOwnerException" classname="integration.authorization.openid.grant.token.request.ValidateOpenIdParams.validation.State.ClientFoundRedirectMismatchTest" time="0.012"/>
  <system-out><![CDATA[2018-01-07T10:01:47,957  INFO Test worker support.DefaultTestContextBootstrapper:260 - Loaded default TestExecutionListener class names from location [META-INF/spring.factories]: [org.springframework.test.context.web.ServletTestExecutionListener, org.springframework.test.context.support.DirtiesContextBeforeModesTestExecutionListener, org.springframework.test.context.support.DependencyInjectionTestExecutionListener, org.springframework.test.context.support.DirtiesContextTestExecutionListener, org.springframework.test.context.transaction.TransactionalTestExecutionListener, org.springframework.test.context.jdbc.SqlScriptsTestExecutionListener]
2018-01-07T10:01:47,959  INFO Test worker support.DefaultTestContextBootstrapper:209 - Could not instantiate TestExecutionListener [org.springframework.test.context.web.ServletTestExecutionListener]. Specify custom listener classes or make the default listener classes (and their required dependencies) available. Offending class: [javax/servlet/ServletContext]
2018-01-07T10:01:47,959  INFO Test worker support.DefaultTestContextBootstrapper:187 - Using TestExecutionListeners: [org.springframework.test.context.support.DirtiesContextBeforeModesTestExecutionListener@68a652be, org.springframework.test.context.support.DependencyInjectionTestExecutionListener@274bd495, org.springframework.test.context.support.DirtiesContextTestExecutionListener@6146ce46, org.springframework.test.context.transaction.TransactionalTestExecutionListener@33cc5496, org.springframework.test.context.jdbc.SqlScriptsTestExecutionListener@6925c3f3]
2018-01-07T10:01:47,964  INFO Test worker transaction.TransactionContext:101 - Began transaction (1) for test context [DefaultTestContext@5194627d testClass = ClientFoundRedirectMismatchTest, testInstance = integration.authorization.openid.grant.token.request.ValidateOpenIdParams.validation.State.ClientFoundRedirectMismatchTest@5b449fcc, testMethod = stateIsBlankStringShouldThrowInformResourceOwnerException@ClientFoundRedirectMismatchTest, testException = [null], mergedContextConfiguration = [MergedContextConfiguration@10334d3e testClass = ClientFoundRedirectMismatchTest, locations = '{classpath:spring-auth-test.xml}', classes = '{}', contextInitializerClasses = '[]', activeProfiles = '{}', propertySourceLocations = '{}', propertySourceProperties = '{}', contextCustomizers = set[[empty]], contextLoader = 'org.springframework.test.context.support.DelegatingSmartContextLoader', parent = [null]]]; transaction manager [org.springframework.jdbc.datasource.DataSourceTransactionManager@2d976234]; rollback [true]
2018-01-07T10:01:47,974  INFO Test worker transaction.TransactionContext:136 - Rolled back transaction for test context [DefaultTestContext@5194627d testClass = ClientFoundRedirectMismatchTest, testInstance = integration.authorization.openid.grant.token.request.ValidateOpenIdParams.validation.State.ClientFoundRedirectMismatchTest@5b449fcc, testMethod = stateIsBlankStringShouldThrowInformResourceOwnerException@ClientFoundRedirectMismatchTest, testException = [null], mergedContextConfiguration = [MergedContextConfiguration@10334d3e testClass = ClientFoundRedirectMismatchTest, locations = '{classpath:spring-auth-test.xml}', classes = '{}', contextInitializerClasses = '[]', activeProfiles = '{}', propertySourceLocations = '{}', propertySourceProperties = '{}', contextCustomizers = set[[empty]], contextLoader = 'org.springframework.test.context.support.DelegatingSmartContextLoader', parent = [null]]].
2018-01-07T10:01:47,977  INFO Test worker transaction.TransactionContext:101 - Began transaction (1) for test context [DefaultTestContext@5194627d testClass = ClientFoundRedirectMismatchTest, testInstance = integration.authorization.openid.grant.token.request.ValidateOpenIdParams.validation.State.ClientFoundRedirectMismatchTest@46c4de67, testMethod = stateHasTwoItemsShouldThrowInformResourceOwnerException@ClientFoundRedirectMismatchTest, testException = [null], mergedContextConfiguration = [MergedContextConfiguration@10334d3e testClass = ClientFoundRedirectMismatchTest, locations = '{classpath:spring-auth-test.xml}', classes = '{}', contextInitializerClasses = '[]', activeProfiles = '{}', propertySourceLocations = '{}', propertySourceProperties = '{}', contextCustomizers = set[[empty]], contextLoader = 'org.springframework.test.context.support.DelegatingSmartContextLoader', parent = [null]]]; transaction manager [org.springframework.jdbc.datasource.DataSourceTransactionManager@2d976234]; rollback [true]
2018-01-07T10:01:47,987  INFO Test worker transaction.TransactionContext:136 - Rolled back transaction for test context [DefaultTestContext@5194627d testClass = ClientFoundRedirectMismatchTest, testInstance = integration.authorization.openid.grant.token.request.ValidateOpenIdParams.validation.State.ClientFoundRedirectMismatchTest@46c4de67, testMethod = stateHasTwoItemsShouldThrowInformResourceOwnerException@ClientFoundRedirectMismatchTest, testException = [null], mergedContextConfiguration = [MergedContextConfiguration@10334d3e testClass = ClientFoundRedirectMismatchTest, locations = '{classpath:spring-auth-test.xml}', classes = '{}', contextInitializerClasses = '[]', activeProfiles = '{}', propertySourceLocations = '{}', propertySourceProperties = '{}', contextCustomizers = set[[empty]], contextLoader = 'org.springframework.test.context.support.DelegatingSmartContextLoader', parent = [null]]].
]]></system-out>
  <system-err><![CDATA[]]></system-err>
</testsuite>
