<?xml version="1.0" encoding="UTF-8"?>
<testsuite name="org.rootservices.authorization.openId.identity.MakeCodeGrantIdentityTokenTest" tests="7" skipped="0" failures="0" errors="0" timestamp="2018-01-07T16:01:59" hostname="Kristins-MBP" time="2.298">
  <properties/>
  <testcase name="makeInvalidJsonWebKeyExceptionShouldThrowIdTokenException" classname="org.rootservices.authorization.openId.identity.MakeCodeGrantIdentityTokenTest" time="0.727"/>
  <testcase name="makeShouldThrowResourceOwnerNotFoundException" classname="org.rootservices.authorization.openId.identity.MakeCodeGrantIdentityTokenTest" time="0.001"/>
  <testcase name="makeWhenEncodeThrowsJwtToJsonExceptionShouldThrowIdTokenException" classname="org.rootservices.authorization.openId.identity.MakeCodeGrantIdentityTokenTest" time="0.34"/>
  <testcase name="makeInvalidAlgorithmExceptionShouldThrowIdTokenException" classname="org.rootservices.authorization.openId.identity.MakeCodeGrantIdentityTokenTest" time="0.296"/>
  <testcase name="makeShouldReturnEncodedJwt" classname="org.rootservices.authorization.openId.identity.MakeCodeGrantIdentityTokenTest" time="0.296"/>
  <testcase name="makeShouldThrowKeyNotFoundException" classname="org.rootservices.authorization.openId.identity.MakeCodeGrantIdentityTokenTest" time="0.278"/>
  <testcase name="makeShouldThrowProfileNotFoundException" classname="org.rootservices.authorization.openId.identity.MakeCodeGrantIdentityTokenTest" time="0.359"/>
  <system-out><![CDATA[]]></system-out>
  <system-err><![CDATA[]]></system-err>
</testsuite>
