<?xml version="1.0" encoding="UTF-8"?>
<testsuite name="org.rootservices.authorization.oauth2.grant.password.RequestTokenPasswordGrantTest" tests="9" skipped="0" failures="0" errors="0" timestamp="2018-01-07T16:01:54" hostname="Kristins-MBP" time="2.498">
  <properties/>
  <testcase name="requestWhenOpenIdTokenShouldHaveIdentityExtension" classname="org.rootservices.authorization.oauth2.grant.password.RequestTokenPasswordGrantTest" time="0.817"/>
  <testcase name="requestWhenMissingKeyExceptionShouldThrowBadRequestException" classname="org.rootservices.authorization.oauth2.grant.password.RequestTokenPasswordGrantTest" time="0.366"/>
  <testcase name="matchScopesMatchesAllShouldBeOk" classname="org.rootservices.authorization.oauth2.grant.password.RequestTokenPasswordGrantTest" time="0.001"/>
  <testcase name="matchScopesMatchesSubsetShouldBeOk" classname="org.rootservices.authorization.oauth2.grant.password.RequestTokenPasswordGrantTest" time="0.002"/>
  <testcase name="requestWhenOAuthTokenShouldHaveNoExtension" classname="org.rootservices.authorization.oauth2.grant.password.RequestTokenPasswordGrantTest" time="0.289"/>
  <testcase name="matchScopesMissingOneShouldThrowBadRequestException" classname="org.rootservices.authorization.oauth2.grant.password.RequestTokenPasswordGrantTest" time="0.001"/>
  <testcase name="requestShouldThrowServerException" classname="org.rootservices.authorization.oauth2.grant.password.RequestTokenPasswordGrantTest" time="0.354"/>
  <testcase name="requestWhenInvalidValueExceptionShouldThrowBadRequestException" classname="org.rootservices.authorization.oauth2.grant.password.RequestTokenPasswordGrantTest" time="0.284"/>
  <testcase name="requestWhenUnknownKeyExceptionShouldThrowBadRequestException" classname="org.rootservices.authorization.oauth2.grant.password.RequestTokenPasswordGrantTest" time="0.382"/>
  <system-out><![CDATA[]]></system-out>
  <system-err><![CDATA[]]></system-err>
</testsuite>
