<?xml version="1.0" encoding="UTF-8"?>
<testsuite name="integration.authorization.oauth2.grant.code.request.ValidateParams.validation.Scopes.ClientFoundTest" tests="3" skipped="0" failures="0" errors="0" timestamp="2018-01-07T16:01:44" hostname="Kristins-MBP" time="1.104">
  <properties/>
  <testcase name="scopesHasTwoItemsShouldThrowInformClientException" classname="integration.authorization.oauth2.grant.code.request.ValidateParams.validation.Scopes.ClientFoundTest" time="0.349"/>
  <testcase name="scopeIsBlankStringShouldThrowInformClientException" classname="integration.authorization.oauth2.grant.code.request.ValidateParams.validation.Scopes.ClientFoundTest" time="0.401"/>
  <testcase name="scopeIsInvalidShouldThrowInformClientException" classname="integration.authorization.oauth2.grant.code.request.ValidateParams.validation.Scopes.ClientFoundTest" time="0.352"/>
  <system-out><![CDATA[2018-01-07T10:01:44,782  INFO Test worker support.DefaultTestContextBootstrapper:260 - Loaded default TestExecutionListener class names from location [META-INF/spring.factories]: [org.springframework.test.context.web.ServletTestExecutionListener, org.springframework.test.context.support.DirtiesContextBeforeModesTestExecutionListener, org.springframework.test.context.support.DependencyInjectionTestExecutionListener, org.springframework.test.context.support.DirtiesContextTestExecutionListener, org.springframework.test.context.transaction.TransactionalTestExecutionListener, org.springframework.test.context.jdbc.SqlScriptsTestExecutionListener]
2018-01-07T10:01:44,783  INFO Test worker support.DefaultTestContextBootstrapper:209 - Could not instantiate TestExecutionListener [org.springframework.test.context.web.ServletTestExecutionListener]. Specify custom listener classes or make the default listener classes (and their required dependencies) available. Offending class: [javax/servlet/ServletContext]
2018-01-07T10:01:44,784  INFO Test worker support.DefaultTestContextBootstrapper:187 - Using TestExecutionListeners: [org.springframework.test.context.support.DirtiesContextBeforeModesTestExecutionListener@46bb652f, org.springframework.test.context.support.DependencyInjectionTestExecutionListener@137542cb, org.springframework.test.context.support.DirtiesContextTestExecutionListener@418a4de, org.springframework.test.context.transaction.TransactionalTestExecutionListener@4842f1fe, org.springframework.test.context.jdbc.SqlScriptsTestExecutionListener@55cd77c4]
2018-01-07T10:01:44,793  INFO Test worker transaction.TransactionContext:101 - Began transaction (1) for test context [DefaultTestContext@4cb7903a testClass = ClientFoundTest, testInstance = integration.authorization.oauth2.grant.code.request.ValidateParams.validation.Scopes.ClientFoundTest@18d1df64, testMethod = scopesHasTwoItemsShouldThrowInformClientException@ClientFoundTest, testException = [null], mergedContextConfiguration = [MergedContextConfiguration@6c1704ac testClass = ClientFoundTest, locations = '{classpath:spring-auth-test.xml}', classes = '{}', contextInitializerClasses = '[]', activeProfiles = '{}', propertySourceLocations = '{}', propertySourceProperties = '{}', contextCustomizers = set[[empty]], contextLoader = 'org.springframework.test.context.support.DelegatingSmartContextLoader', parent = [null]]]; transaction manager [org.springframework.jdbc.datasource.DataSourceTransactionManager@2afd27a1]; rollback [true]
2018-01-07T10:01:45,137  INFO Test worker transaction.TransactionContext:136 - Rolled back transaction for test context [DefaultTestContext@4cb7903a testClass = ClientFoundTest, testInstance = integration.authorization.oauth2.grant.code.request.ValidateParams.validation.Scopes.ClientFoundTest@18d1df64, testMethod = scopesHasTwoItemsShouldThrowInformClientException@ClientFoundTest, testException = [null], mergedContextConfiguration = [MergedContextConfiguration@6c1704ac testClass = ClientFoundTest, locations = '{classpath:spring-auth-test.xml}', classes = '{}', contextInitializerClasses = '[]', activeProfiles = '{}', propertySourceLocations = '{}', propertySourceProperties = '{}', contextCustomizers = set[[empty]], contextLoader = 'org.springframework.test.context.support.DelegatingSmartContextLoader', parent = [null]]].
2018-01-07T10:01:45,141  INFO Test worker transaction.TransactionContext:101 - Began transaction (1) for test context [DefaultTestContext@4cb7903a testClass = ClientFoundTest, testInstance = integration.authorization.oauth2.grant.code.request.ValidateParams.validation.Scopes.ClientFoundTest@373a7e55, testMethod = scopeIsBlankStringShouldThrowInformClientException@ClientFoundTest, testException = [null], mergedContextConfiguration = [MergedContextConfiguration@6c1704ac testClass = ClientFoundTest, locations = '{classpath:spring-auth-test.xml}', classes = '{}', contextInitializerClasses = '[]', activeProfiles = '{}', propertySourceLocations = '{}', propertySourceProperties = '{}', contextCustomizers = set[[empty]], contextLoader = 'org.springframework.test.context.support.DelegatingSmartContextLoader', parent = [null]]]; transaction manager [org.springframework.jdbc.datasource.DataSourceTransactionManager@2afd27a1]; rollback [true]
2018-01-07T10:01:45,539  INFO Test worker transaction.TransactionContext:136 - Rolled back transaction for test context [DefaultTestContext@4cb7903a testClass = ClientFoundTest, testInstance = integration.authorization.oauth2.grant.code.request.ValidateParams.validation.Scopes.ClientFoundTest@373a7e55, testMethod = scopeIsBlankStringShouldThrowInformClientException@ClientFoundTest, testException = [null], mergedContextConfiguration = [MergedContextConfiguration@6c1704ac testClass = ClientFoundTest, locations = '{classpath:spring-auth-test.xml}', classes = '{}', contextInitializerClasses = '[]', activeProfiles = '{}', propertySourceLocations = '{}', propertySourceProperties = '{}', contextCustomizers = set[[empty]], contextLoader = 'org.springframework.test.context.support.DelegatingSmartContextLoader', parent = [null]]].
2018-01-07T10:01:45,543  INFO Test worker transaction.TransactionContext:101 - Began transaction (1) for test context [DefaultTestContext@4cb7903a testClass = ClientFoundTest, testInstance = integration.authorization.oauth2.grant.code.request.ValidateParams.validation.Scopes.ClientFoundTest@450b28c6, testMethod = scopeIsInvalidShouldThrowInformClientException@ClientFoundTest, testException = [null], mergedContextConfiguration = [MergedContextConfiguration@6c1704ac testClass = ClientFoundTest, locations = '{classpath:spring-auth-test.xml}', classes = '{}', contextInitializerClasses = '[]', activeProfiles = '{}', propertySourceLocations = '{}', propertySourceProperties = '{}', contextCustomizers = set[[empty]], contextLoader = 'org.springframework.test.context.support.DelegatingSmartContextLoader', parent = [null]]]; transaction manager [org.springframework.jdbc.datasource.DataSourceTransactionManager@2afd27a1]; rollback [true]
2018-01-07T10:01:45,891  INFO Test worker transaction.TransactionContext:136 - Rolled back transaction for test context [DefaultTestContext@4cb7903a testClass = ClientFoundTest, testInstance = integration.authorization.oauth2.grant.code.request.ValidateParams.validation.Scopes.ClientFoundTest@450b28c6, testMethod = scopeIsInvalidShouldThrowInformClientException@ClientFoundTest, testException = [null], mergedContextConfiguration = [MergedContextConfiguration@6c1704ac testClass = ClientFoundTest, locations = '{classpath:spring-auth-test.xml}', classes = '{}', contextInitializerClasses = '[]', activeProfiles = '{}', propertySourceLocations = '{}', propertySourceProperties = '{}', contextCustomizers = set[[empty]], contextLoader = 'org.springframework.test.context.support.DelegatingSmartContextLoader', parent = [null]]].
]]></system-out>
  <system-err><![CDATA[]]></system-err>
</testsuite>
