<?xml version="1.0" encoding="UTF-8"?>
<testsuite name="integration.authorization.openid.grant.code.request.ValidateOpenIdParams.validation.RedirectUriTest" tests="6" skipped="0" failures="0" errors="0" timestamp="2018-01-07T16:01:47" hostname="Kristins-MBP" time="2.235">
  <properties/>
  <testcase name="redirectUrisIsBlankStringShouldThrowInformResourceOwnerException" classname="integration.authorization.openid.grant.code.request.ValidateOpenIdParams.validation.RedirectUriTest" time="0.372"/>
  <testcase name="redirectUrisIsNullShouldThrowInformResourceOwner" classname="integration.authorization.openid.grant.code.request.ValidateOpenIdParams.validation.RedirectUriTest" time="0.378"/>
  <testcase name="redirectUriIsEmptyListShouldThrowInformResourceOwnerException" classname="integration.authorization.openid.grant.code.request.ValidateOpenIdParams.validation.RedirectUriTest" time="0.381"/>
  <testcase name="redirectUrisHasTwoItemsShouldThrowInformResourceOwnerException" classname="integration.authorization.openid.grant.code.request.ValidateOpenIdParams.validation.RedirectUriTest" time="0.343"/>
  <testcase name="redirectUriDoesNotMatchClientShouldThrowInformResourceOwnerException" classname="integration.authorization.openid.grant.code.request.ValidateOpenIdParams.validation.RedirectUriTest" time="0.278"/>
  <testcase name="redirectUriIsInvalidShouldThrowInformResourceOwnerException" classname="integration.authorization.openid.grant.code.request.ValidateOpenIdParams.validation.RedirectUriTest" time="0.478"/>
  <system-out><![CDATA[2018-01-07T10:01:47,202  INFO Test worker support.DefaultTestContextBootstrapper:260 - Loaded default TestExecutionListener class names from location [META-INF/spring.factories]: [org.springframework.test.context.web.ServletTestExecutionListener, org.springframework.test.context.support.DirtiesContextBeforeModesTestExecutionListener, org.springframework.test.context.support.DependencyInjectionTestExecutionListener, org.springframework.test.context.support.DirtiesContextTestExecutionListener, org.springframework.test.context.transaction.TransactionalTestExecutionListener, org.springframework.test.context.jdbc.SqlScriptsTestExecutionListener]
2018-01-07T10:01:47,204  INFO Test worker support.DefaultTestContextBootstrapper:209 - Could not instantiate TestExecutionListener [org.springframework.test.context.web.ServletTestExecutionListener]. Specify custom listener classes or make the default listener classes (and their required dependencies) available. Offending class: [javax/servlet/ServletContext]
2018-01-07T10:01:47,204  INFO Test worker support.DefaultTestContextBootstrapper:187 - Using TestExecutionListeners: [org.springframework.test.context.support.DirtiesContextBeforeModesTestExecutionListener@15b605c6, org.springframework.test.context.support.DependencyInjectionTestExecutionListener@6e857cb2, org.springframework.test.context.support.DirtiesContextTestExecutionListener@1095adb9, org.springframework.test.context.transaction.TransactionalTestExecutionListener@27b5d24c, org.springframework.test.context.jdbc.SqlScriptsTestExecutionListener@2087b49]
2018-01-07T10:01:47,267  INFO Test worker transaction.TransactionContext:101 - Began transaction (1) for test context [DefaultTestContext@32d517ce testClass = RedirectUriTest, testInstance = integration.authorization.openid.grant.code.request.ValidateOpenIdParams.validation.RedirectUriTest@1a6a5185, testMethod = redirectUrisIsBlankStringShouldThrowInformResourceOwnerException@RedirectUriTest, testException = [null], mergedContextConfiguration = [MergedContextConfiguration@47adf756 testClass = RedirectUriTest, locations = '{classpath:spring-auth-test.xml}', classes = '{}', contextInitializerClasses = '[]', activeProfiles = '{}', propertySourceLocations = '{}', propertySourceProperties = '{}', contextCustomizers = set[[empty]], contextLoader = 'org.springframework.test.context.support.DelegatingSmartContextLoader', parent = [null]]]; transaction manager [org.springframework.jdbc.datasource.DataSourceTransactionManager@7c498c62]; rollback [true]
2018-01-07T10:01:47,634  INFO Test worker transaction.TransactionContext:136 - Rolled back transaction for test context [DefaultTestContext@32d517ce testClass = RedirectUriTest, testInstance = integration.authorization.openid.grant.code.request.ValidateOpenIdParams.validation.RedirectUriTest@1a6a5185, testMethod = redirectUrisIsBlankStringShouldThrowInformResourceOwnerException@RedirectUriTest, testException = [null], mergedContextConfiguration = [MergedContextConfiguration@47adf756 testClass = RedirectUriTest, locations = '{classpath:spring-auth-test.xml}', classes = '{}', contextInitializerClasses = '[]', activeProfiles = '{}', propertySourceLocations = '{}', propertySourceProperties = '{}', contextCustomizers = set[[empty]], contextLoader = 'org.springframework.test.context.support.DelegatingSmartContextLoader', parent = [null]]].
2018-01-07T10:01:47,639  INFO Test worker transaction.TransactionContext:101 - Began transaction (1) for test context [DefaultTestContext@32d517ce testClass = RedirectUriTest, testInstance = integration.authorization.openid.grant.code.request.ValidateOpenIdParams.validation.RedirectUriTest@35333f97, testMethod = redirectUrisIsNullShouldThrowInformResourceOwner@RedirectUriTest, testException = [null], mergedContextConfiguration = [MergedContextConfiguration@47adf756 testClass = RedirectUriTest, locations = '{classpath:spring-auth-test.xml}', classes = '{}', contextInitializerClasses = '[]', activeProfiles = '{}', propertySourceLocations = '{}', propertySourceProperties = '{}', contextCustomizers = set[[empty]], contextLoader = 'org.springframework.test.context.support.DelegatingSmartContextLoader', parent = [null]]]; transaction manager [org.springframework.jdbc.datasource.DataSourceTransactionManager@7c498c62]; rollback [true]
2018-01-07T10:01:48,014  INFO Test worker transaction.TransactionContext:136 - Rolled back transaction for test context [DefaultTestContext@32d517ce testClass = RedirectUriTest, testInstance = integration.authorization.openid.grant.code.request.ValidateOpenIdParams.validation.RedirectUriTest@35333f97, testMethod = redirectUrisIsNullShouldThrowInformResourceOwner@RedirectUriTest, testException = [null], mergedContextConfiguration = [MergedContextConfiguration@47adf756 testClass = RedirectUriTest, locations = '{classpath:spring-auth-test.xml}', classes = '{}', contextInitializerClasses = '[]', activeProfiles = '{}', propertySourceLocations = '{}', propertySourceProperties = '{}', contextCustomizers = set[[empty]], contextLoader = 'org.springframework.test.context.support.DelegatingSmartContextLoader', parent = [null]]].
2018-01-07T10:01:48,029  INFO Test worker transaction.TransactionContext:101 - Began transaction (1) for test context [DefaultTestContext@32d517ce testClass = RedirectUriTest, testInstance = integration.authorization.openid.grant.code.request.ValidateOpenIdParams.validation.RedirectUriTest@410500e1, testMethod = redirectUriIsEmptyListShouldThrowInformResourceOwnerException@RedirectUriTest, testException = [null], mergedContextConfiguration = [MergedContextConfiguration@47adf756 testClass = RedirectUriTest, locations = '{classpath:spring-auth-test.xml}', classes = '{}', contextInitializerClasses = '[]', activeProfiles = '{}', propertySourceLocations = '{}', propertySourceProperties = '{}', contextCustomizers = set[[empty]], contextLoader = 'org.springframework.test.context.support.DelegatingSmartContextLoader', parent = [null]]]; transaction manager [org.springframework.jdbc.datasource.DataSourceTransactionManager@7c498c62]; rollback [true]
2018-01-07T10:01:48,395  INFO Test worker transaction.TransactionContext:136 - Rolled back transaction for test context [DefaultTestContext@32d517ce testClass = RedirectUriTest, testInstance = integration.authorization.openid.grant.code.request.ValidateOpenIdParams.validation.RedirectUriTest@410500e1, testMethod = redirectUriIsEmptyListShouldThrowInformResourceOwnerException@RedirectUriTest, testException = [null], mergedContextConfiguration = [MergedContextConfiguration@47adf756 testClass = RedirectUriTest, locations = '{classpath:spring-auth-test.xml}', classes = '{}', contextInitializerClasses = '[]', activeProfiles = '{}', propertySourceLocations = '{}', propertySourceProperties = '{}', contextCustomizers = set[[empty]], contextLoader = 'org.springframework.test.context.support.DelegatingSmartContextLoader', parent = [null]]].
2018-01-07T10:01:48,401  INFO Test worker transaction.TransactionContext:101 - Began transaction (1) for test context [DefaultTestContext@32d517ce testClass = RedirectUriTest, testInstance = integration.authorization.openid.grant.code.request.ValidateOpenIdParams.validation.RedirectUriTest@1ce9d841, testMethod = redirectUrisHasTwoItemsShouldThrowInformResourceOwnerException@RedirectUriTest, testException = [null], mergedContextConfiguration = [MergedContextConfiguration@47adf756 testClass = RedirectUriTest, locations = '{classpath:spring-auth-test.xml}', classes = '{}', contextInitializerClasses = '[]', activeProfiles = '{}', propertySourceLocations = '{}', propertySourceProperties = '{}', contextCustomizers = set[[empty]], contextLoader = 'org.springframework.test.context.support.DelegatingSmartContextLoader', parent = [null]]]; transaction manager [org.springframework.jdbc.datasource.DataSourceTransactionManager@7c498c62]; rollback [true]
2018-01-07T10:01:48,742  INFO Test worker transaction.TransactionContext:136 - Rolled back transaction for test context [DefaultTestContext@32d517ce testClass = RedirectUriTest, testInstance = integration.authorization.openid.grant.code.request.ValidateOpenIdParams.validation.RedirectUriTest@1ce9d841, testMethod = redirectUrisHasTwoItemsShouldThrowInformResourceOwnerException@RedirectUriTest, testException = [null], mergedContextConfiguration = [MergedContextConfiguration@47adf756 testClass = RedirectUriTest, locations = '{classpath:spring-auth-test.xml}', classes = '{}', contextInitializerClasses = '[]', activeProfiles = '{}', propertySourceLocations = '{}', propertySourceProperties = '{}', contextCustomizers = set[[empty]], contextLoader = 'org.springframework.test.context.support.DelegatingSmartContextLoader', parent = [null]]].
2018-01-07T10:01:48,745  INFO Test worker transaction.TransactionContext:101 - Began transaction (1) for test context [DefaultTestContext@32d517ce testClass = RedirectUriTest, testInstance = integration.authorization.openid.grant.code.request.ValidateOpenIdParams.validation.RedirectUriTest@19e085cd, testMethod = redirectUriDoesNotMatchClientShouldThrowInformResourceOwnerException@RedirectUriTest, testException = [null], mergedContextConfiguration = [MergedContextConfiguration@47adf756 testClass = RedirectUriTest, locations = '{classpath:spring-auth-test.xml}', classes = '{}', contextInitializerClasses = '[]', activeProfiles = '{}', propertySourceLocations = '{}', propertySourceProperties = '{}', contextCustomizers = set[[empty]], contextLoader = 'org.springframework.test.context.support.DelegatingSmartContextLoader', parent = [null]]]; transaction manager [org.springframework.jdbc.datasource.DataSourceTransactionManager@7c498c62]; rollback [true]
2018-01-07T10:01:49,020  INFO Test worker transaction.TransactionContext:136 - Rolled back transaction for test context [DefaultTestContext@32d517ce testClass = RedirectUriTest, testInstance = integration.authorization.openid.grant.code.request.ValidateOpenIdParams.validation.RedirectUriTest@19e085cd, testMethod = redirectUriDoesNotMatchClientShouldThrowInformResourceOwnerException@RedirectUriTest, testException = [null], mergedContextConfiguration = [MergedContextConfiguration@47adf756 testClass = RedirectUriTest, locations = '{classpath:spring-auth-test.xml}', classes = '{}', contextInitializerClasses = '[]', activeProfiles = '{}', propertySourceLocations = '{}', propertySourceProperties = '{}', contextCustomizers = set[[empty]], contextLoader = 'org.springframework.test.context.support.DelegatingSmartContextLoader', parent = [null]]].
2018-01-07T10:01:49,024  INFO Test worker transaction.TransactionContext:101 - Began transaction (1) for test context [DefaultTestContext@32d517ce testClass = RedirectUriTest, testInstance = integration.authorization.openid.grant.code.request.ValidateOpenIdParams.validation.RedirectUriTest@289043fb, testMethod = redirectUriIsInvalidShouldThrowInformResourceOwnerException@RedirectUriTest, testException = [null], mergedContextConfiguration = [MergedContextConfiguration@47adf756 testClass = RedirectUriTest, locations = '{classpath:spring-auth-test.xml}', classes = '{}', contextInitializerClasses = '[]', activeProfiles = '{}', propertySourceLocations = '{}', propertySourceProperties = '{}', contextCustomizers = set[[empty]], contextLoader = 'org.springframework.test.context.support.DelegatingSmartContextLoader', parent = [null]]]; transaction manager [org.springframework.jdbc.datasource.DataSourceTransactionManager@7c498c62]; rollback [true]
2018-01-07T10:01:49,499  INFO Test worker transaction.TransactionContext:136 - Rolled back transaction for test context [DefaultTestContext@32d517ce testClass = RedirectUriTest, testInstance = integration.authorization.openid.grant.code.request.ValidateOpenIdParams.validation.RedirectUriTest@289043fb, testMethod = redirectUriIsInvalidShouldThrowInformResourceOwnerException@RedirectUriTest, testException = [null], mergedContextConfiguration = [MergedContextConfiguration@47adf756 testClass = RedirectUriTest, locations = '{classpath:spring-auth-test.xml}', classes = '{}', contextInitializerClasses = '[]', activeProfiles = '{}', propertySourceLocations = '{}', propertySourceProperties = '{}', contextCustomizers = set[[empty]], contextLoader = 'org.springframework.test.context.support.DelegatingSmartContextLoader', parent = [null]]].
]]></system-out>
  <system-err><![CDATA[]]></system-err>
</testsuite>
