<?xml version="1.0" encoding="UTF-8"?>
<testsuite name="integration.authorization.openid.grant.token.request.ValidateOpenIdParams.validation.ResponseType.ClientNotFoundTest" tests="5" skipped="0" failures="0" errors="0" timestamp="2018-01-07T16:01:47" hostname="Kristins-MBP" time="0.091">
  <properties/>
  <testcase name="responseTypeIsInvalidShouldThrowInformResourceOwnerException" classname="integration.authorization.openid.grant.token.request.ValidateOpenIdParams.validation.ResponseType.ClientNotFoundTest" time="0.053"/>
  <testcase name="responseTypeIsNullShouldThrowInformResourceOwnerException" classname="integration.authorization.openid.grant.token.request.ValidateOpenIdParams.validation.ResponseType.ClientNotFoundTest" time="0.005"/>
  <testcase name="responseTypeHasTwoItemsShouldThrowInformResourceException" classname="integration.authorization.openid.grant.token.request.ValidateOpenIdParams.validation.ResponseType.ClientNotFoundTest" time="0.007"/>
  <testcase name="responseTypeIsBlankStringShouldThrowInformResourceOwnerException" classname="integration.authorization.openid.grant.token.request.ValidateOpenIdParams.validation.ResponseType.ClientNotFoundTest" time="0.013"/>
  <testcase name="responseTypeIsEmptyListShouldThrowInformResourceOwnerException" classname="integration.authorization.openid.grant.token.request.ValidateOpenIdParams.validation.ResponseType.ClientNotFoundTest" time="0.012"/>
  <system-out><![CDATA[2018-01-07T10:01:47,857  INFO Test worker support.DefaultTestContextBootstrapper:260 - Loaded default TestExecutionListener class names from location [META-INF/spring.factories]: [org.springframework.test.context.web.ServletTestExecutionListener, org.springframework.test.context.support.DirtiesContextBeforeModesTestExecutionListener, org.springframework.test.context.support.DependencyInjectionTestExecutionListener, org.springframework.test.context.support.DirtiesContextTestExecutionListener, org.springframework.test.context.transaction.TransactionalTestExecutionListener, org.springframework.test.context.jdbc.SqlScriptsTestExecutionListener]
2018-01-07T10:01:47,858  INFO Test worker support.DefaultTestContextBootstrapper:209 - Could not instantiate TestExecutionListener [org.springframework.test.context.web.ServletTestExecutionListener]. Specify custom listener classes or make the default listener classes (and their required dependencies) available. Offending class: [javax/servlet/ServletContext]
2018-01-07T10:01:47,859  INFO Test worker support.DefaultTestContextBootstrapper:187 - Using TestExecutionListeners: [org.springframework.test.context.support.DirtiesContextBeforeModesTestExecutionListener@4d4367ac, org.springframework.test.context.support.DependencyInjectionTestExecutionListener@20d5b11c, org.springframework.test.context.support.DirtiesContextTestExecutionListener@2799c65e, org.springframework.test.context.transaction.TransactionalTestExecutionListener@63fb7248, org.springframework.test.context.jdbc.SqlScriptsTestExecutionListener@35d3179c]
2018-01-07T10:01:47,898  INFO Test worker transaction.TransactionContext:101 - Began transaction (1) for test context [DefaultTestContext@44d24308 testClass = ClientNotFoundTest, testInstance = integration.authorization.openid.grant.token.request.ValidateOpenIdParams.validation.ResponseType.ClientNotFoundTest@649af6ac, testMethod = responseTypeIsInvalidShouldThrowInformResourceOwnerException@ClientNotFoundTest, testException = [null], mergedContextConfiguration = [MergedContextConfiguration@38830d6b testClass = ClientNotFoundTest, locations = '{classpath:spring-auth-test.xml}', classes = '{}', contextInitializerClasses = '[]', activeProfiles = '{}', propertySourceLocations = '{}', propertySourceProperties = '{}', contextCustomizers = set[[empty]], contextLoader = 'org.springframework.test.context.support.DelegatingSmartContextLoader', parent = [null]]]; transaction manager [org.springframework.jdbc.datasource.DataSourceTransactionManager@2d976234]; rollback [true]
2018-01-07T10:01:47,915  INFO Test worker transaction.TransactionContext:136 - Rolled back transaction for test context [DefaultTestContext@44d24308 testClass = ClientNotFoundTest, testInstance = integration.authorization.openid.grant.token.request.ValidateOpenIdParams.validation.ResponseType.ClientNotFoundTest@649af6ac, testMethod = responseTypeIsInvalidShouldThrowInformResourceOwnerException@ClientNotFoundTest, testException = [null], mergedContextConfiguration = [MergedContextConfiguration@38830d6b testClass = ClientNotFoundTest, locations = '{classpath:spring-auth-test.xml}', classes = '{}', contextInitializerClasses = '[]', activeProfiles = '{}', propertySourceLocations = '{}', propertySourceProperties = '{}', contextCustomizers = set[[empty]], contextLoader = 'org.springframework.test.context.support.DelegatingSmartContextLoader', parent = [null]]].
2018-01-07T10:01:47,918  INFO Test worker transaction.TransactionContext:101 - Began transaction (1) for test context [DefaultTestContext@44d24308 testClass = ClientNotFoundTest, testInstance = integration.authorization.openid.grant.token.request.ValidateOpenIdParams.validation.ResponseType.ClientNotFoundTest@56f3671b, testMethod = responseTypeIsNullShouldThrowInformResourceOwnerException@ClientNotFoundTest, testException = [null], mergedContextConfiguration = [MergedContextConfiguration@38830d6b testClass = ClientNotFoundTest, locations = '{classpath:spring-auth-test.xml}', classes = '{}', contextInitializerClasses = '[]', activeProfiles = '{}', propertySourceLocations = '{}', propertySourceProperties = '{}', contextCustomizers = set[[empty]], contextLoader = 'org.springframework.test.context.support.DelegatingSmartContextLoader', parent = [null]]]; transaction manager [org.springframework.jdbc.datasource.DataSourceTransactionManager@2d976234]; rollback [true]
2018-01-07T10:01:47,921  INFO Test worker transaction.TransactionContext:136 - Rolled back transaction for test context [DefaultTestContext@44d24308 testClass = ClientNotFoundTest, testInstance = integration.authorization.openid.grant.token.request.ValidateOpenIdParams.validation.ResponseType.ClientNotFoundTest@56f3671b, testMethod = responseTypeIsNullShouldThrowInformResourceOwnerException@ClientNotFoundTest, testException = [null], mergedContextConfiguration = [MergedContextConfiguration@38830d6b testClass = ClientNotFoundTest, locations = '{classpath:spring-auth-test.xml}', classes = '{}', contextInitializerClasses = '[]', activeProfiles = '{}', propertySourceLocations = '{}', propertySourceProperties = '{}', contextCustomizers = set[[empty]], contextLoader = 'org.springframework.test.context.support.DelegatingSmartContextLoader', parent = [null]]].
2018-01-07T10:01:47,923  INFO Test worker transaction.TransactionContext:101 - Began transaction (1) for test context [DefaultTestContext@44d24308 testClass = ClientNotFoundTest, testInstance = integration.authorization.openid.grant.token.request.ValidateOpenIdParams.validation.ResponseType.ClientNotFoundTest@33f30de9, testMethod = responseTypeHasTwoItemsShouldThrowInformResourceException@ClientNotFoundTest, testException = [null], mergedContextConfiguration = [MergedContextConfiguration@38830d6b testClass = ClientNotFoundTest, locations = '{classpath:spring-auth-test.xml}', classes = '{}', contextInitializerClasses = '[]', activeProfiles = '{}', propertySourceLocations = '{}', propertySourceProperties = '{}', contextCustomizers = set[[empty]], contextLoader = 'org.springframework.test.context.support.DelegatingSmartContextLoader', parent = [null]]]; transaction manager [org.springframework.jdbc.datasource.DataSourceTransactionManager@2d976234]; rollback [true]
2018-01-07T10:01:47,928  INFO Test worker transaction.TransactionContext:136 - Rolled back transaction for test context [DefaultTestContext@44d24308 testClass = ClientNotFoundTest, testInstance = integration.authorization.openid.grant.token.request.ValidateOpenIdParams.validation.ResponseType.ClientNotFoundTest@33f30de9, testMethod = responseTypeHasTwoItemsShouldThrowInformResourceException@ClientNotFoundTest, testException = [null], mergedContextConfiguration = [MergedContextConfiguration@38830d6b testClass = ClientNotFoundTest, locations = '{classpath:spring-auth-test.xml}', classes = '{}', contextInitializerClasses = '[]', activeProfiles = '{}', propertySourceLocations = '{}', propertySourceProperties = '{}', contextCustomizers = set[[empty]], contextLoader = 'org.springframework.test.context.support.DelegatingSmartContextLoader', parent = [null]]].
2018-01-07T10:01:47,930  INFO Test worker transaction.TransactionContext:101 - Began transaction (1) for test context [DefaultTestContext@44d24308 testClass = ClientNotFoundTest, testInstance = integration.authorization.openid.grant.token.request.ValidateOpenIdParams.validation.ResponseType.ClientNotFoundTest@37e3bbc8, testMethod = responseTypeIsBlankStringShouldThrowInformResourceOwnerException@ClientNotFoundTest, testException = [null], mergedContextConfiguration = [MergedContextConfiguration@38830d6b testClass = ClientNotFoundTest, locations = '{classpath:spring-auth-test.xml}', classes = '{}', contextInitializerClasses = '[]', activeProfiles = '{}', propertySourceLocations = '{}', propertySourceProperties = '{}', contextCustomizers = set[[empty]], contextLoader = 'org.springframework.test.context.support.DelegatingSmartContextLoader', parent = [null]]]; transaction manager [org.springframework.jdbc.datasource.DataSourceTransactionManager@2d976234]; rollback [true]
2018-01-07T10:01:47,941  INFO Test worker transaction.TransactionContext:136 - Rolled back transaction for test context [DefaultTestContext@44d24308 testClass = ClientNotFoundTest, testInstance = integration.authorization.openid.grant.token.request.ValidateOpenIdParams.validation.ResponseType.ClientNotFoundTest@37e3bbc8, testMethod = responseTypeIsBlankStringShouldThrowInformResourceOwnerException@ClientNotFoundTest, testException = [null], mergedContextConfiguration = [MergedContextConfiguration@38830d6b testClass = ClientNotFoundTest, locations = '{classpath:spring-auth-test.xml}', classes = '{}', contextInitializerClasses = '[]', activeProfiles = '{}', propertySourceLocations = '{}', propertySourceProperties = '{}', contextCustomizers = set[[empty]], contextLoader = 'org.springframework.test.context.support.DelegatingSmartContextLoader', parent = [null]]].
2018-01-07T10:01:47,943  INFO Test worker transaction.TransactionContext:101 - Began transaction (1) for test context [DefaultTestContext@44d24308 testClass = ClientNotFoundTest, testInstance = integration.authorization.openid.grant.token.request.ValidateOpenIdParams.validation.ResponseType.ClientNotFoundTest@616060d8, testMethod = responseTypeIsEmptyListShouldThrowInformResourceOwnerException@ClientNotFoundTest, testException = [null], mergedContextConfiguration = [MergedContextConfiguration@38830d6b testClass = ClientNotFoundTest, locations = '{classpath:spring-auth-test.xml}', classes = '{}', contextInitializerClasses = '[]', activeProfiles = '{}', propertySourceLocations = '{}', propertySourceProperties = '{}', contextCustomizers = set[[empty]], contextLoader = 'org.springframework.test.context.support.DelegatingSmartContextLoader', parent = [null]]]; transaction manager [org.springframework.jdbc.datasource.DataSourceTransactionManager@2d976234]; rollback [true]
2018-01-07T10:01:47,952  INFO Test worker transaction.TransactionContext:136 - Rolled back transaction for test context [DefaultTestContext@44d24308 testClass = ClientNotFoundTest, testInstance = integration.authorization.openid.grant.token.request.ValidateOpenIdParams.validation.ResponseType.ClientNotFoundTest@616060d8, testMethod = responseTypeIsEmptyListShouldThrowInformResourceOwnerException@ClientNotFoundTest, testException = [null], mergedContextConfiguration = [MergedContextConfiguration@38830d6b testClass = ClientNotFoundTest, locations = '{classpath:spring-auth-test.xml}', classes = '{}', contextInitializerClasses = '[]', activeProfiles = '{}', propertySourceLocations = '{}', propertySourceProperties = '{}', contextCustomizers = set[[empty]], contextLoader = 'org.springframework.test.context.support.DelegatingSmartContextLoader', parent = [null]]].
]]></system-out>
  <system-err><![CDATA[]]></system-err>
</testsuite>
