<?xml version="1.0" encoding="UTF-8"?>
<testsuite name="integration.authorization.oauth2.grant.token.request.ValidateParams.validation.State.ClientFoundTest" tests="2" skipped="0" failures="0" errors="0" timestamp="2018-01-07T16:01:47" hostname="Kristins-MBP" time="0.026">
  <properties/>
  <testcase name="stateHasTwoItemsShouldThrowInformClientException" classname="integration.authorization.oauth2.grant.token.request.ValidateParams.validation.State.ClientFoundTest" time="0.012"/>
  <testcase name="stateIsBlankStringShouldThrowInformClientException" classname="integration.authorization.oauth2.grant.token.request.ValidateParams.validation.State.ClientFoundTest" time="0.013"/>
  <system-out><![CDATA[2018-01-07T10:01:47,152  INFO Test worker support.DefaultTestContextBootstrapper:260 - Loaded default TestExecutionListener class names from location [META-INF/spring.factories]: [org.springframework.test.context.web.ServletTestExecutionListener, org.springframework.test.context.support.DirtiesContextBeforeModesTestExecutionListener, org.springframework.test.context.support.DependencyInjectionTestExecutionListener, org.springframework.test.context.support.DirtiesContextTestExecutionListener, org.springframework.test.context.transaction.TransactionalTestExecutionListener, org.springframework.test.context.jdbc.SqlScriptsTestExecutionListener]
2018-01-07T10:01:47,155  INFO Test worker support.DefaultTestContextBootstrapper:209 - Could not instantiate TestExecutionListener [org.springframework.test.context.web.ServletTestExecutionListener]. Specify custom listener classes or make the default listener classes (and their required dependencies) available. Offending class: [javax/servlet/ServletContext]
2018-01-07T10:01:47,162  INFO Test worker support.DefaultTestContextBootstrapper:187 - Using TestExecutionListeners: [org.springframework.test.context.support.DirtiesContextBeforeModesTestExecutionListener@7c8102b1, org.springframework.test.context.support.DependencyInjectionTestExecutionListener@36179a05, org.springframework.test.context.support.DirtiesContextTestExecutionListener@76b65235, org.springframework.test.context.transaction.TransactionalTestExecutionListener@60a8abdf, org.springframework.test.context.jdbc.SqlScriptsTestExecutionListener@14c8a9f1]
2018-01-07T10:01:47,168  INFO Test worker transaction.TransactionContext:101 - Began transaction (1) for test context [DefaultTestContext@2ee30736 testClass = ClientFoundTest, testInstance = integration.authorization.oauth2.grant.token.request.ValidateParams.validation.State.ClientFoundTest@1e204713, testMethod = stateHasTwoItemsShouldThrowInformClientException@ClientFoundTest, testException = [null], mergedContextConfiguration = [MergedContextConfiguration@1e85dedf testClass = ClientFoundTest, locations = '{classpath:spring-auth-test.xml}', classes = '{}', contextInitializerClasses = '[]', activeProfiles = '{}', propertySourceLocations = '{}', propertySourceProperties = '{}', contextCustomizers = set[[empty]], contextLoader = 'org.springframework.test.context.support.DelegatingSmartContextLoader', parent = [null]]]; transaction manager [org.springframework.jdbc.datasource.DataSourceTransactionManager@7c498c62]; rollback [true]
2018-01-07T10:01:47,179  INFO Test worker transaction.TransactionContext:136 - Rolled back transaction for test context [DefaultTestContext@2ee30736 testClass = ClientFoundTest, testInstance = integration.authorization.oauth2.grant.token.request.ValidateParams.validation.State.ClientFoundTest@1e204713, testMethod = stateHasTwoItemsShouldThrowInformClientException@ClientFoundTest, testException = [null], mergedContextConfiguration = [MergedContextConfiguration@1e85dedf testClass = ClientFoundTest, locations = '{classpath:spring-auth-test.xml}', classes = '{}', contextInitializerClasses = '[]', activeProfiles = '{}', propertySourceLocations = '{}', propertySourceProperties = '{}', contextCustomizers = set[[empty]], contextLoader = 'org.springframework.test.context.support.DelegatingSmartContextLoader', parent = [null]]].
2018-01-07T10:01:47,182  INFO Test worker transaction.TransactionContext:101 - Began transaction (1) for test context [DefaultTestContext@2ee30736 testClass = ClientFoundTest, testInstance = integration.authorization.oauth2.grant.token.request.ValidateParams.validation.State.ClientFoundTest@263dc12c, testMethod = stateIsBlankStringShouldThrowInformClientException@ClientFoundTest, testException = [null], mergedContextConfiguration = [MergedContextConfiguration@1e85dedf testClass = ClientFoundTest, locations = '{classpath:spring-auth-test.xml}', classes = '{}', contextInitializerClasses = '[]', activeProfiles = '{}', propertySourceLocations = '{}', propertySourceProperties = '{}', contextCustomizers = set[[empty]], contextLoader = 'org.springframework.test.context.support.DelegatingSmartContextLoader', parent = [null]]]; transaction manager [org.springframework.jdbc.datasource.DataSourceTransactionManager@7c498c62]; rollback [true]
2018-01-07T10:01:47,193  INFO Test worker transaction.TransactionContext:136 - Rolled back transaction for test context [DefaultTestContext@2ee30736 testClass = ClientFoundTest, testInstance = integration.authorization.oauth2.grant.token.request.ValidateParams.validation.State.ClientFoundTest@263dc12c, testMethod = stateIsBlankStringShouldThrowInformClientException@ClientFoundTest, testException = [null], mergedContextConfiguration = [MergedContextConfiguration@1e85dedf testClass = ClientFoundTest, locations = '{classpath:spring-auth-test.xml}', classes = '{}', contextInitializerClasses = '[]', activeProfiles = '{}', propertySourceLocations = '{}', propertySourceProperties = '{}', contextCustomizers = set[[empty]], contextLoader = 'org.springframework.test.context.support.DelegatingSmartContextLoader', parent = [null]]].
]]></system-out>
  <system-err><![CDATA[]]></system-err>
</testsuite>
