<?xml version="1.0" encoding="UTF-8"?>
<testsuite name="org.rootservices.authorization.persistence.repository.ResourceOwnerRepositoryImplTest" tests="12" skipped="0" failures="0" errors="0" timestamp="2018-01-07T16:02:20" hostname="Kristins-MBP" time="0.654">
  <properties/>
  <testcase name="setEmailVerifiedShouldBeOk" classname="org.rootservices.authorization.persistence.repository.ResourceOwnerRepositoryImplTest" time="0.044"/>
  <testcase name="getByAccessTokenWithProfileAndTokensShouldBeOk" classname="org.rootservices.authorization.persistence.repository.ResourceOwnerRepositoryImplTest" time="0.107"/>
  <testcase name="insert" classname="org.rootservices.authorization.persistence.repository.ResourceOwnerRepositoryImplTest" time="0.1"/>
  <testcase name="getByAccessTokenShouldBeOk" classname="org.rootservices.authorization.persistence.repository.ResourceOwnerRepositoryImplTest" time="0.097"/>
  <testcase name="getByUUIDNoRecordFound" classname="org.rootservices.authorization.persistence.repository.ResourceOwnerRepositoryImplTest" time="0.001"/>
  <testcase name="getById" classname="org.rootservices.authorization.persistence.repository.ResourceOwnerRepositoryImplTest" time="0.098"/>
  <testcase name="insertShouldThrowDuplicateRecordException" classname="org.rootservices.authorization.persistence.repository.ResourceOwnerRepositoryImplTest" time="0.1"/>
  <testcase name="updatePasswordShouldBeOk" classname="org.rootservices.authorization.persistence.repository.ResourceOwnerRepositoryImplTest" time="0.002"/>
  <testcase name="getByEmailNoRecordFound" classname="org.rootservices.authorization.persistence.repository.ResourceOwnerRepositoryImplTest" time="0.001"/>
  <testcase name="getByEmail" classname="org.rootservices.authorization.persistence.repository.ResourceOwnerRepositoryImplTest" time="0.101"/>
  <testcase name="getByAccessTokenShouldThrowRecordNotFound" classname="org.rootservices.authorization.persistence.repository.ResourceOwnerRepositoryImplTest" time="0.001"/>
  <testcase name="getByAccessTokenWithProfileAndTokensShouldThrowRecordNotFound" classname="org.rootservices.authorization.persistence.repository.ResourceOwnerRepositoryImplTest" time="0.001"/>
  <system-out><![CDATA[]]></system-out>
  <system-err><![CDATA[]]></system-err>
</testsuite>
