<?xml version="1.0" encoding="UTF-8"?>
<testsuite name="integration.authorization.oauth2.grant.token.request.ValidateParams.validation.State.ClientNotFoundTest" tests="2" skipped="0" failures="0" errors="0" timestamp="2018-01-07T16:01:46" hostname="Kristins-MBP" time="0.035">
  <properties/>
  <testcase name="stateIsBlankStringShouldThrowInformResourceOwnerException" classname="integration.authorization.oauth2.grant.token.request.ValidateParams.validation.State.ClientNotFoundTest" time="0.02"/>
  <testcase name="stateHasTwoItemsShouldThrowInformResourceOwnerException" classname="integration.authorization.oauth2.grant.token.request.ValidateParams.validation.State.ClientNotFoundTest" time="0.013"/>
  <system-out><![CDATA[2018-01-07T10:01:46,293  INFO Test worker support.DefaultTestContextBootstrapper:260 - Loaded default TestExecutionListener class names from location [META-INF/spring.factories]: [org.springframework.test.context.web.ServletTestExecutionListener, org.springframework.test.context.support.DirtiesContextBeforeModesTestExecutionListener, org.springframework.test.context.support.DependencyInjectionTestExecutionListener, org.springframework.test.context.support.DirtiesContextTestExecutionListener, org.springframework.test.context.transaction.TransactionalTestExecutionListener, org.springframework.test.context.jdbc.SqlScriptsTestExecutionListener]
2018-01-07T10:01:46,296  INFO Test worker support.DefaultTestContextBootstrapper:209 - Could not instantiate TestExecutionListener [org.springframework.test.context.web.ServletTestExecutionListener]. Specify custom listener classes or make the default listener classes (and their required dependencies) available. Offending class: [javax/servlet/ServletContext]
2018-01-07T10:01:46,296  INFO Test worker support.DefaultTestContextBootstrapper:187 - Using TestExecutionListeners: [org.springframework.test.context.support.DirtiesContextBeforeModesTestExecutionListener@598d749f, org.springframework.test.context.support.DependencyInjectionTestExecutionListener@9cd4562, org.springframework.test.context.support.DirtiesContextTestExecutionListener@3f68ca2e, org.springframework.test.context.transaction.TransactionalTestExecutionListener@346a8696, org.springframework.test.context.jdbc.SqlScriptsTestExecutionListener@6f13508]
2018-01-07T10:01:46,303  INFO Test worker transaction.TransactionContext:101 - Began transaction (1) for test context [DefaultTestContext@735c5111 testClass = ClientNotFoundTest, testInstance = integration.authorization.oauth2.grant.token.request.ValidateParams.validation.State.ClientNotFoundTest@32de9215, testMethod = stateIsBlankStringShouldThrowInformResourceOwnerException@ClientNotFoundTest, testException = [null], mergedContextConfiguration = [MergedContextConfiguration@657486e1 testClass = ClientNotFoundTest, locations = '{classpath:spring-auth-test.xml}', classes = '{}', contextInitializerClasses = '[]', activeProfiles = '{}', propertySourceLocations = '{}', propertySourceProperties = '{}', contextCustomizers = set[[empty]], contextLoader = 'org.springframework.test.context.support.DelegatingSmartContextLoader', parent = [null]]]; transaction manager [org.springframework.jdbc.datasource.DataSourceTransactionManager@2afd27a1]; rollback [true]
2018-01-07T10:01:46,310  INFO Test worker transaction.TransactionContext:136 - Rolled back transaction for test context [DefaultTestContext@735c5111 testClass = ClientNotFoundTest, testInstance = integration.authorization.oauth2.grant.token.request.ValidateParams.validation.State.ClientNotFoundTest@32de9215, testMethod = stateIsBlankStringShouldThrowInformResourceOwnerException@ClientNotFoundTest, testException = [null], mergedContextConfiguration = [MergedContextConfiguration@657486e1 testClass = ClientNotFoundTest, locations = '{classpath:spring-auth-test.xml}', classes = '{}', contextInitializerClasses = '[]', activeProfiles = '{}', propertySourceLocations = '{}', propertySourceProperties = '{}', contextCustomizers = set[[empty]], contextLoader = 'org.springframework.test.context.support.DelegatingSmartContextLoader', parent = [null]]].
2018-01-07T10:01:46,324  INFO Test worker transaction.TransactionContext:101 - Began transaction (1) for test context [DefaultTestContext@735c5111 testClass = ClientNotFoundTest, testInstance = integration.authorization.oauth2.grant.token.request.ValidateParams.validation.State.ClientNotFoundTest@212a39f0, testMethod = stateHasTwoItemsShouldThrowInformResourceOwnerException@ClientNotFoundTest, testException = [null], mergedContextConfiguration = [MergedContextConfiguration@657486e1 testClass = ClientNotFoundTest, locations = '{classpath:spring-auth-test.xml}', classes = '{}', contextInitializerClasses = '[]', activeProfiles = '{}', propertySourceLocations = '{}', propertySourceProperties = '{}', contextCustomizers = set[[empty]], contextLoader = 'org.springframework.test.context.support.DelegatingSmartContextLoader', parent = [null]]]; transaction manager [org.springframework.jdbc.datasource.DataSourceTransactionManager@2afd27a1]; rollback [true]
2018-01-07T10:01:46,335  INFO Test worker transaction.TransactionContext:136 - Rolled back transaction for test context [DefaultTestContext@735c5111 testClass = ClientNotFoundTest, testInstance = integration.authorization.oauth2.grant.token.request.ValidateParams.validation.State.ClientNotFoundTest@212a39f0, testMethod = stateHasTwoItemsShouldThrowInformResourceOwnerException@ClientNotFoundTest, testException = [null], mergedContextConfiguration = [MergedContextConfiguration@657486e1 testClass = ClientNotFoundTest, locations = '{classpath:spring-auth-test.xml}', classes = '{}', contextInitializerClasses = '[]', activeProfiles = '{}', propertySourceLocations = '{}', propertySourceProperties = '{}', contextCustomizers = set[[empty]], contextLoader = 'org.springframework.test.context.support.DelegatingSmartContextLoader', parent = [null]]].
]]></system-out>
  <system-err><![CDATA[]]></system-err>
</testsuite>
