<?xml version="1.0" encoding="UTF-8"?>
<testsuite name="integration.authorization.oauth2.grant.code.request.ValidateParams.validation.ClientIdTest" tests="5" skipped="0" failures="0" errors="0" timestamp="2018-01-07T16:01:41" hostname="Kristins-MBP" time="0.497">
  <properties/>
  <testcase name="clientIdIsInvalidShouldThrowInformResourceOwnerException" classname="integration.authorization.oauth2.grant.code.request.ValidateParams.validation.ClientIdTest" time="0.437"/>
  <testcase name="clientIdsHasTwoItemsShouldThrowInformResourceOwnerException" classname="integration.authorization.oauth2.grant.code.request.ValidateParams.validation.ClientIdTest" time="0.007"/>
  <testcase name="clientIdIsNullShouldThrowInformResourceOwnerException" classname="integration.authorization.oauth2.grant.code.request.ValidateParams.validation.ClientIdTest" time="0.004"/>
  <testcase name="clientIdIsEmptyListShouldThrowInformResourceOwnerException" classname="integration.authorization.oauth2.grant.code.request.ValidateParams.validation.ClientIdTest" time="0.004"/>
  <testcase name="clientIdIsBlankStringShouldThrowInformResourceOwnerException" classname="integration.authorization.oauth2.grant.code.request.ValidateParams.validation.ClientIdTest" time="0.038"/>
  <system-out><![CDATA[2018-01-07T10:01:29,248  INFO Test worker support.DefaultTestContextBootstrapper:260 - Loaded default TestExecutionListener class names from location [META-INF/spring.factories]: [org.springframework.test.context.web.ServletTestExecutionListener, org.springframework.test.context.support.DirtiesContextBeforeModesTestExecutionListener, org.springframework.test.context.support.DependencyInjectionTestExecutionListener, org.springframework.test.context.support.DirtiesContextTestExecutionListener, org.springframework.test.context.transaction.TransactionalTestExecutionListener, org.springframework.test.context.jdbc.SqlScriptsTestExecutionListener]
2018-01-07T10:01:29,326  INFO Test worker support.DefaultTestContextBootstrapper:209 - Could not instantiate TestExecutionListener [org.springframework.test.context.web.ServletTestExecutionListener]. Specify custom listener classes or make the default listener classes (and their required dependencies) available. Offending class: [javax/servlet/ServletContext]
2018-01-07T10:01:29,328  INFO Test worker support.DefaultTestContextBootstrapper:187 - Using TestExecutionListeners: [org.springframework.test.context.support.DirtiesContextBeforeModesTestExecutionListener@1f683c2d, org.springframework.test.context.support.DependencyInjectionTestExecutionListener@38f33876, org.springframework.test.context.support.DirtiesContextTestExecutionListener@4a8cc7da, org.springframework.test.context.transaction.TransactionalTestExecutionListener@7e1764fa, org.springframework.test.context.jdbc.SqlScriptsTestExecutionListener@2040b641]
2018-01-07T10:01:29,595  INFO Test worker xml.XmlBeanDefinitionReader:317 - Loading XML bean definitions from class path resource [spring-auth-test.xml]
2018-01-07T10:01:30,240  INFO Test worker support.GenericApplicationContext:581 - Refreshing org.springframework.context.support.GenericApplicationContext@44c794e7: startup date [Sun Jan 07 10:01:30 CST 2018]; root of context hierarchy
2018-01-07T10:01:31,998  INFO Test worker support.DefaultListableBeanFactory:843 - Overriding bean definition for bean 'getPublicClientRedirectUri' with a different definition: replacing [Generic bean: class [org.rootservices.authorization.oauth2.grant.redirect.implicit.authorization.request.context.GetPublicClientRedirectUri]; scope=singleton; abstract=false; lazyInit=false; autowireMode=0; dependencyCheck=0; autowireCandidate=true; primary=false; factoryBeanName=null; factoryMethodName=null; initMethodName=null; destroyMethodName=null; defined in file [/Users/tommackenzie/Documents/workspace/auth/build/classes/java/main/org/rootservices/authorization/oauth2/grant/redirect/implicit/authorization/request/context/GetPublicClientRedirectUri.class]] with [Root bean: class [null]; scope=; abstract=false; lazyInit=false; autowireMode=3; dependencyCheck=0; autowireCandidate=true; primary=false; factoryBeanName=org.rootservices.config.AppConfig#0; factoryMethodName=getPublicClientRedirectUri; initMethodName=null; destroyMethodName=(inferred); defined in class path resource [org/rootservices/config/AppConfig.class]]
2018-01-07T10:01:31,999  INFO Test worker support.DefaultListableBeanFactory:843 - Overriding bean definition for bean 'getConfidentialClientRedirectUri' with a different definition: replacing [Generic bean: class [org.rootservices.authorization.oauth2.grant.redirect.code.authorization.request.context.GetConfidentialClientRedirectUri]; scope=singleton; abstract=false; lazyInit=false; autowireMode=0; dependencyCheck=0; autowireCandidate=true; primary=false; factoryBeanName=null; factoryMethodName=null; initMethodName=null; destroyMethodName=null; defined in file [/Users/tommackenzie/Documents/workspace/auth/build/classes/java/main/org/rootservices/authorization/oauth2/grant/redirect/code/authorization/request/context/GetConfidentialClientRedirectUri.class]] with [Root bean: class [null]; scope=; abstract=false; lazyInit=false; autowireMode=3; dependencyCheck=0; autowireCandidate=true; primary=false; factoryBeanName=org.rootservices.config.AppConfig#0; factoryMethodName=getConfidentialClientRedirectUri; initMethodName=null; destroyMethodName=(inferred); defined in class path resource [org/rootservices/config/AppConfig.class]]
2018-01-07T10:01:41,447  INFO Test worker transaction.TransactionContext:101 - Began transaction (1) for test context [DefaultTestContext@30cfe717 testClass = ClientIdTest, testInstance = integration.authorization.oauth2.grant.code.request.ValidateParams.validation.ClientIdTest@64e8fff0, testMethod = clientIdIsInvalidShouldThrowInformResourceOwnerException@ClientIdTest, testException = [null], mergedContextConfiguration = [MergedContextConfiguration@509ad0ef testClass = ClientIdTest, locations = '{classpath:spring-auth-test.xml}', classes = '{}', contextInitializerClasses = '[]', activeProfiles = '{}', propertySourceLocations = '{}', propertySourceProperties = '{}', contextCustomizers = set[[empty]], contextLoader = 'org.springframework.test.context.support.DelegatingSmartContextLoader', parent = [null]]]; transaction manager [org.springframework.jdbc.datasource.DataSourceTransactionManager@6cc63594]; rollback [true]
2018-01-07T10:01:41,500  INFO Test worker transaction.TransactionContext:136 - Rolled back transaction for test context [DefaultTestContext@30cfe717 testClass = ClientIdTest, testInstance = integration.authorization.oauth2.grant.code.request.ValidateParams.validation.ClientIdTest@64e8fff0, testMethod = clientIdIsInvalidShouldThrowInformResourceOwnerException@ClientIdTest, testException = [null], mergedContextConfiguration = [MergedContextConfiguration@509ad0ef testClass = ClientIdTest, locations = '{classpath:spring-auth-test.xml}', classes = '{}', contextInitializerClasses = '[]', activeProfiles = '{}', propertySourceLocations = '{}', propertySourceProperties = '{}', contextCustomizers = set[[empty]], contextLoader = 'org.springframework.test.context.support.DelegatingSmartContextLoader', parent = [null]]].
2018-01-07T10:01:41,510  INFO Test worker transaction.TransactionContext:101 - Began transaction (1) for test context [DefaultTestContext@30cfe717 testClass = ClientIdTest, testInstance = integration.authorization.oauth2.grant.code.request.ValidateParams.validation.ClientIdTest@525a303a, testMethod = clientIdsHasTwoItemsShouldThrowInformResourceOwnerException@ClientIdTest, testException = [null], mergedContextConfiguration = [MergedContextConfiguration@509ad0ef testClass = ClientIdTest, locations = '{classpath:spring-auth-test.xml}', classes = '{}', contextInitializerClasses = '[]', activeProfiles = '{}', propertySourceLocations = '{}', propertySourceProperties = '{}', contextCustomizers = set[[empty]], contextLoader = 'org.springframework.test.context.support.DelegatingSmartContextLoader', parent = [null]]]; transaction manager [org.springframework.jdbc.datasource.DataSourceTransactionManager@6cc63594]; rollback [true]
2018-01-07T10:01:41,515  INFO Test worker transaction.TransactionContext:136 - Rolled back transaction for test context [DefaultTestContext@30cfe717 testClass = ClientIdTest, testInstance = integration.authorization.oauth2.grant.code.request.ValidateParams.validation.ClientIdTest@525a303a, testMethod = clientIdsHasTwoItemsShouldThrowInformResourceOwnerException@ClientIdTest, testException = [null], mergedContextConfiguration = [MergedContextConfiguration@509ad0ef testClass = ClientIdTest, locations = '{classpath:spring-auth-test.xml}', classes = '{}', contextInitializerClasses = '[]', activeProfiles = '{}', propertySourceLocations = '{}', propertySourceProperties = '{}', contextCustomizers = set[[empty]], contextLoader = 'org.springframework.test.context.support.DelegatingSmartContextLoader', parent = [null]]].
2018-01-07T10:01:41,518  INFO Test worker transaction.TransactionContext:101 - Began transaction (1) for test context [DefaultTestContext@30cfe717 testClass = ClientIdTest, testInstance = integration.authorization.oauth2.grant.code.request.ValidateParams.validation.ClientIdTest@9805714, testMethod = clientIdIsNullShouldThrowInformResourceOwnerException@ClientIdTest, testException = [null], mergedContextConfiguration = [MergedContextConfiguration@509ad0ef testClass = ClientIdTest, locations = '{classpath:spring-auth-test.xml}', classes = '{}', contextInitializerClasses = '[]', activeProfiles = '{}', propertySourceLocations = '{}', propertySourceProperties = '{}', contextCustomizers = set[[empty]], contextLoader = 'org.springframework.test.context.support.DelegatingSmartContextLoader', parent = [null]]]; transaction manager [org.springframework.jdbc.datasource.DataSourceTransactionManager@6cc63594]; rollback [true]
2018-01-07T10:01:41,519  INFO Test worker transaction.TransactionContext:136 - Rolled back transaction for test context [DefaultTestContext@30cfe717 testClass = ClientIdTest, testInstance = integration.authorization.oauth2.grant.code.request.ValidateParams.validation.ClientIdTest@9805714, testMethod = clientIdIsNullShouldThrowInformResourceOwnerException@ClientIdTest, testException = [null], mergedContextConfiguration = [MergedContextConfiguration@509ad0ef testClass = ClientIdTest, locations = '{classpath:spring-auth-test.xml}', classes = '{}', contextInitializerClasses = '[]', activeProfiles = '{}', propertySourceLocations = '{}', propertySourceProperties = '{}', contextCustomizers = set[[empty]], contextLoader = 'org.springframework.test.context.support.DelegatingSmartContextLoader', parent = [null]]].
2018-01-07T10:01:41,522  INFO Test worker transaction.TransactionContext:101 - Began transaction (1) for test context [DefaultTestContext@30cfe717 testClass = ClientIdTest, testInstance = integration.authorization.oauth2.grant.code.request.ValidateParams.validation.ClientIdTest@2956fd53, testMethod = clientIdIsEmptyListShouldThrowInformResourceOwnerException@ClientIdTest, testException = [null], mergedContextConfiguration = [MergedContextConfiguration@509ad0ef testClass = ClientIdTest, locations = '{classpath:spring-auth-test.xml}', classes = '{}', contextInitializerClasses = '[]', activeProfiles = '{}', propertySourceLocations = '{}', propertySourceProperties = '{}', contextCustomizers = set[[empty]], contextLoader = 'org.springframework.test.context.support.DelegatingSmartContextLoader', parent = [null]]]; transaction manager [org.springframework.jdbc.datasource.DataSourceTransactionManager@6cc63594]; rollback [true]
2018-01-07T10:01:41,524  INFO Test worker transaction.TransactionContext:136 - Rolled back transaction for test context [DefaultTestContext@30cfe717 testClass = ClientIdTest, testInstance = integration.authorization.oauth2.grant.code.request.ValidateParams.validation.ClientIdTest@2956fd53, testMethod = clientIdIsEmptyListShouldThrowInformResourceOwnerException@ClientIdTest, testException = [null], mergedContextConfiguration = [MergedContextConfiguration@509ad0ef testClass = ClientIdTest, locations = '{classpath:spring-auth-test.xml}', classes = '{}', contextInitializerClasses = '[]', activeProfiles = '{}', propertySourceLocations = '{}', propertySourceProperties = '{}', contextCustomizers = set[[empty]], contextLoader = 'org.springframework.test.context.support.DelegatingSmartContextLoader', parent = [null]]].
2018-01-07T10:01:41,553  INFO Test worker transaction.TransactionContext:101 - Began transaction (1) for test context [DefaultTestContext@30cfe717 testClass = ClientIdTest, testInstance = integration.authorization.oauth2.grant.code.request.ValidateParams.validation.ClientIdTest@49d9f31f, testMethod = clientIdIsBlankStringShouldThrowInformResourceOwnerException@ClientIdTest, testException = [null], mergedContextConfiguration = [MergedContextConfiguration@509ad0ef testClass = ClientIdTest, locations = '{classpath:spring-auth-test.xml}', classes = '{}', contextInitializerClasses = '[]', activeProfiles = '{}', propertySourceLocations = '{}', propertySourceProperties = '{}', contextCustomizers = set[[empty]], contextLoader = 'org.springframework.test.context.support.DelegatingSmartContextLoader', parent = [null]]]; transaction manager [org.springframework.jdbc.datasource.DataSourceTransactionManager@6cc63594]; rollback [true]
2018-01-07T10:01:41,563  INFO Test worker transaction.TransactionContext:136 - Rolled back transaction for test context [DefaultTestContext@30cfe717 testClass = ClientIdTest, testInstance = integration.authorization.oauth2.grant.code.request.ValidateParams.validation.ClientIdTest@49d9f31f, testMethod = clientIdIsBlankStringShouldThrowInformResourceOwnerException@ClientIdTest, testException = [null], mergedContextConfiguration = [MergedContextConfiguration@509ad0ef testClass = ClientIdTest, locations = '{classpath:spring-auth-test.xml}', classes = '{}', contextInitializerClasses = '[]', activeProfiles = '{}', propertySourceLocations = '{}', propertySourceProperties = '{}', contextCustomizers = set[[empty]], contextLoader = 'org.springframework.test.context.support.DelegatingSmartContextLoader', parent = [null]]].
]]></system-out>
  <system-err><![CDATA[]]></system-err>
</testsuite>
