<?xml version="1.0" encoding="UTF-8"?>
<testsuite name="integration.authorization.openid.grant.token.request.ValidateOpenIdParams.validation.Scopes.ClientNotFoundTest" tests="3" skipped="0" failures="0" errors="0" timestamp="2018-01-07T16:01:49" hostname="Kristins-MBP" time="0.045">
  <properties/>
  <testcase name="scopeIsBlankStringShouldThrowInformResourceOwnerException" classname="integration.authorization.openid.grant.token.request.ValidateOpenIdParams.validation.Scopes.ClientNotFoundTest" time="0.019"/>
  <testcase name="scopesHasTwoItemsShouldThrowInformResourceOwnerException" classname="integration.authorization.openid.grant.token.request.ValidateOpenIdParams.validation.Scopes.ClientNotFoundTest" time="0.012"/>
  <testcase name="scopeIsInvalidShouldThrowInformResourceOwnerException" classname="integration.authorization.openid.grant.token.request.ValidateOpenIdParams.validation.Scopes.ClientNotFoundTest" time="0.012"/>
  <system-out><![CDATA[2018-01-07T10:01:49,683  INFO Test worker support.DefaultTestContextBootstrapper:260 - Loaded default TestExecutionListener class names from location [META-INF/spring.factories]: [org.springframework.test.context.web.ServletTestExecutionListener, org.springframework.test.context.support.DirtiesContextBeforeModesTestExecutionListener, org.springframework.test.context.support.DependencyInjectionTestExecutionListener, org.springframework.test.context.support.DirtiesContextTestExecutionListener, org.springframework.test.context.transaction.TransactionalTestExecutionListener, org.springframework.test.context.jdbc.SqlScriptsTestExecutionListener]
2018-01-07T10:01:49,691  INFO Test worker support.DefaultTestContextBootstrapper:209 - Could not instantiate TestExecutionListener [org.springframework.test.context.web.ServletTestExecutionListener]. Specify custom listener classes or make the default listener classes (and their required dependencies) available. Offending class: [javax/servlet/ServletContext]
2018-01-07T10:01:49,693  INFO Test worker support.DefaultTestContextBootstrapper:187 - Using TestExecutionListeners: [org.springframework.test.context.support.DirtiesContextBeforeModesTestExecutionListener@4fe757a2, org.springframework.test.context.support.DependencyInjectionTestExecutionListener@46e8a99, org.springframework.test.context.support.DirtiesContextTestExecutionListener@fbc7303, org.springframework.test.context.transaction.TransactionalTestExecutionListener@349977b3, org.springframework.test.context.jdbc.SqlScriptsTestExecutionListener@41366cc5]
2018-01-07T10:01:49,699  INFO Test worker transaction.TransactionContext:101 - Began transaction (1) for test context [DefaultTestContext@50cd8549 testClass = ClientNotFoundTest, testInstance = integration.authorization.openid.grant.token.request.ValidateOpenIdParams.validation.Scopes.ClientNotFoundTest@181dea4, testMethod = scopeIsBlankStringShouldThrowInformResourceOwnerException@ClientNotFoundTest, testException = [null], mergedContextConfiguration = [MergedContextConfiguration@31fc0c38 testClass = ClientNotFoundTest, locations = '{classpath:spring-auth-test.xml}', classes = '{}', contextInitializerClasses = '[]', activeProfiles = '{}', propertySourceLocations = '{}', propertySourceProperties = '{}', contextCustomizers = set[[empty]], contextLoader = 'org.springframework.test.context.support.DelegatingSmartContextLoader', parent = [null]]]; transaction manager [org.springframework.jdbc.datasource.DataSourceTransactionManager@2afd27a1]; rollback [true]
2018-01-07T10:01:49,705  INFO Test worker transaction.TransactionContext:136 - Rolled back transaction for test context [DefaultTestContext@50cd8549 testClass = ClientNotFoundTest, testInstance = integration.authorization.openid.grant.token.request.ValidateOpenIdParams.validation.Scopes.ClientNotFoundTest@181dea4, testMethod = scopeIsBlankStringShouldThrowInformResourceOwnerException@ClientNotFoundTest, testException = [null], mergedContextConfiguration = [MergedContextConfiguration@31fc0c38 testClass = ClientNotFoundTest, locations = '{classpath:spring-auth-test.xml}', classes = '{}', contextInitializerClasses = '[]', activeProfiles = '{}', propertySourceLocations = '{}', propertySourceProperties = '{}', contextCustomizers = set[[empty]], contextLoader = 'org.springframework.test.context.support.DelegatingSmartContextLoader', parent = [null]]].
2018-01-07T10:01:49,719  INFO Test worker transaction.TransactionContext:101 - Began transaction (1) for test context [DefaultTestContext@50cd8549 testClass = ClientNotFoundTest, testInstance = integration.authorization.openid.grant.token.request.ValidateOpenIdParams.validation.Scopes.ClientNotFoundTest@20fc8db2, testMethod = scopesHasTwoItemsShouldThrowInformResourceOwnerException@ClientNotFoundTest, testException = [null], mergedContextConfiguration = [MergedContextConfiguration@31fc0c38 testClass = ClientNotFoundTest, locations = '{classpath:spring-auth-test.xml}', classes = '{}', contextInitializerClasses = '[]', activeProfiles = '{}', propertySourceLocations = '{}', propertySourceProperties = '{}', contextCustomizers = set[[empty]], contextLoader = 'org.springframework.test.context.support.DelegatingSmartContextLoader', parent = [null]]]; transaction manager [org.springframework.jdbc.datasource.DataSourceTransactionManager@2afd27a1]; rollback [true]
2018-01-07T10:01:49,729  INFO Test worker transaction.TransactionContext:136 - Rolled back transaction for test context [DefaultTestContext@50cd8549 testClass = ClientNotFoundTest, testInstance = integration.authorization.openid.grant.token.request.ValidateOpenIdParams.validation.Scopes.ClientNotFoundTest@20fc8db2, testMethod = scopesHasTwoItemsShouldThrowInformResourceOwnerException@ClientNotFoundTest, testException = [null], mergedContextConfiguration = [MergedContextConfiguration@31fc0c38 testClass = ClientNotFoundTest, locations = '{classpath:spring-auth-test.xml}', classes = '{}', contextInitializerClasses = '[]', activeProfiles = '{}', propertySourceLocations = '{}', propertySourceProperties = '{}', contextCustomizers = set[[empty]], contextLoader = 'org.springframework.test.context.support.DelegatingSmartContextLoader', parent = [null]]].
2018-01-07T10:01:49,739  INFO Test worker transaction.TransactionContext:101 - Began transaction (1) for test context [DefaultTestContext@50cd8549 testClass = ClientNotFoundTest, testInstance = integration.authorization.openid.grant.token.request.ValidateOpenIdParams.validation.Scopes.ClientNotFoundTest@13dc2af7, testMethod = scopeIsInvalidShouldThrowInformResourceOwnerException@ClientNotFoundTest, testException = [null], mergedContextConfiguration = [MergedContextConfiguration@31fc0c38 testClass = ClientNotFoundTest, locations = '{classpath:spring-auth-test.xml}', classes = '{}', contextInitializerClasses = '[]', activeProfiles = '{}', propertySourceLocations = '{}', propertySourceProperties = '{}', contextCustomizers = set[[empty]], contextLoader = 'org.springframework.test.context.support.DelegatingSmartContextLoader', parent = [null]]]; transaction manager [org.springframework.jdbc.datasource.DataSourceTransactionManager@2afd27a1]; rollback [true]
2018-01-07T10:01:49,742  INFO Test worker transaction.TransactionContext:136 - Rolled back transaction for test context [DefaultTestContext@50cd8549 testClass = ClientNotFoundTest, testInstance = integration.authorization.openid.grant.token.request.ValidateOpenIdParams.validation.Scopes.ClientNotFoundTest@13dc2af7, testMethod = scopeIsInvalidShouldThrowInformResourceOwnerException@ClientNotFoundTest, testException = [null], mergedContextConfiguration = [MergedContextConfiguration@31fc0c38 testClass = ClientNotFoundTest, locations = '{classpath:spring-auth-test.xml}', classes = '{}', contextInitializerClasses = '[]', activeProfiles = '{}', propertySourceLocations = '{}', propertySourceProperties = '{}', contextCustomizers = set[[empty]], contextLoader = 'org.springframework.test.context.support.DelegatingSmartContextLoader', parent = [null]]].
]]></system-out>
  <system-err><![CDATA[]]></system-err>
</testsuite>
