<?xml version="1.0" encoding="UTF-8"?>
<testsuite name="integration.authorization.openid.grant.token.request.ValidateOpenIdParams.validation.Scopes.ClientFoundRedirectMismatchTest" tests="3" skipped="0" failures="0" errors="0" timestamp="2018-01-07T16:01:43" hostname="Kristins-MBP" time="0.042">
  <properties/>
  <testcase name="scopeIsBlankStringShouldThrowInformResourceOwnerException" classname="integration.authorization.openid.grant.token.request.ValidateOpenIdParams.validation.Scopes.ClientFoundRedirectMismatchTest" time="0.016"/>
  <testcase name="scopesHasTwoItemsShouldThrowInformResourceOwnerException" classname="integration.authorization.openid.grant.token.request.ValidateOpenIdParams.validation.Scopes.ClientFoundRedirectMismatchTest" time="0.011"/>
  <testcase name="scopeIsInvalidShouldThrowInformResourceOwnerException" classname="integration.authorization.openid.grant.token.request.ValidateOpenIdParams.validation.Scopes.ClientFoundRedirectMismatchTest" time="0.013"/>
  <system-out><![CDATA[2018-01-07T10:01:43,919  INFO Test worker support.DefaultTestContextBootstrapper:260 - Loaded default TestExecutionListener class names from location [META-INF/spring.factories]: [org.springframework.test.context.web.ServletTestExecutionListener, org.springframework.test.context.support.DirtiesContextBeforeModesTestExecutionListener, org.springframework.test.context.support.DependencyInjectionTestExecutionListener, org.springframework.test.context.support.DirtiesContextTestExecutionListener, org.springframework.test.context.transaction.TransactionalTestExecutionListener, org.springframework.test.context.jdbc.SqlScriptsTestExecutionListener]
2018-01-07T10:01:43,920  INFO Test worker support.DefaultTestContextBootstrapper:209 - Could not instantiate TestExecutionListener [org.springframework.test.context.web.ServletTestExecutionListener]. Specify custom listener classes or make the default listener classes (and their required dependencies) available. Offending class: [javax/servlet/ServletContext]
2018-01-07T10:01:43,921  INFO Test worker support.DefaultTestContextBootstrapper:187 - Using TestExecutionListeners: [org.springframework.test.context.support.DirtiesContextBeforeModesTestExecutionListener@2f11769d, org.springframework.test.context.support.DependencyInjectionTestExecutionListener@b17be9d, org.springframework.test.context.support.DirtiesContextTestExecutionListener@243255b6, org.springframework.test.context.transaction.TransactionalTestExecutionListener@7a0f3dfc, org.springframework.test.context.jdbc.SqlScriptsTestExecutionListener@5e0e19be]
2018-01-07T10:01:43,927  INFO Test worker transaction.TransactionContext:101 - Began transaction (1) for test context [DefaultTestContext@737cc7f6 testClass = ClientFoundRedirectMismatchTest, testInstance = integration.authorization.openid.grant.token.request.ValidateOpenIdParams.validation.Scopes.ClientFoundRedirectMismatchTest@462fa82a, testMethod = scopeIsBlankStringShouldThrowInformResourceOwnerException@ClientFoundRedirectMismatchTest, testException = [null], mergedContextConfiguration = [MergedContextConfiguration@685ba7b4 testClass = ClientFoundRedirectMismatchTest, locations = '{classpath:spring-auth-test.xml}', classes = '{}', contextInitializerClasses = '[]', activeProfiles = '{}', propertySourceLocations = '{}', propertySourceProperties = '{}', contextCustomizers = set[[empty]], contextLoader = 'org.springframework.test.context.support.DelegatingSmartContextLoader', parent = [null]]]; transaction manager [org.springframework.jdbc.datasource.DataSourceTransactionManager@6cc63594]; rollback [true]
2018-01-07T10:01:43,940  INFO Test worker transaction.TransactionContext:136 - Rolled back transaction for test context [DefaultTestContext@737cc7f6 testClass = ClientFoundRedirectMismatchTest, testInstance = integration.authorization.openid.grant.token.request.ValidateOpenIdParams.validation.Scopes.ClientFoundRedirectMismatchTest@462fa82a, testMethod = scopeIsBlankStringShouldThrowInformResourceOwnerException@ClientFoundRedirectMismatchTest, testException = [null], mergedContextConfiguration = [MergedContextConfiguration@685ba7b4 testClass = ClientFoundRedirectMismatchTest, locations = '{classpath:spring-auth-test.xml}', classes = '{}', contextInitializerClasses = '[]', activeProfiles = '{}', propertySourceLocations = '{}', propertySourceProperties = '{}', contextCustomizers = set[[empty]], contextLoader = 'org.springframework.test.context.support.DelegatingSmartContextLoader', parent = [null]]].
2018-01-07T10:01:43,943  INFO Test worker transaction.TransactionContext:101 - Began transaction (1) for test context [DefaultTestContext@737cc7f6 testClass = ClientFoundRedirectMismatchTest, testInstance = integration.authorization.openid.grant.token.request.ValidateOpenIdParams.validation.Scopes.ClientFoundRedirectMismatchTest@72629bf5, testMethod = scopesHasTwoItemsShouldThrowInformResourceOwnerException@ClientFoundRedirectMismatchTest, testException = [null], mergedContextConfiguration = [MergedContextConfiguration@685ba7b4 testClass = ClientFoundRedirectMismatchTest, locations = '{classpath:spring-auth-test.xml}', classes = '{}', contextInitializerClasses = '[]', activeProfiles = '{}', propertySourceLocations = '{}', propertySourceProperties = '{}', contextCustomizers = set[[empty]], contextLoader = 'org.springframework.test.context.support.DelegatingSmartContextLoader', parent = [null]]]; transaction manager [org.springframework.jdbc.datasource.DataSourceTransactionManager@6cc63594]; rollback [true]
2018-01-07T10:01:43,953  INFO Test worker transaction.TransactionContext:136 - Rolled back transaction for test context [DefaultTestContext@737cc7f6 testClass = ClientFoundRedirectMismatchTest, testInstance = integration.authorization.openid.grant.token.request.ValidateOpenIdParams.validation.Scopes.ClientFoundRedirectMismatchTest@72629bf5, testMethod = scopesHasTwoItemsShouldThrowInformResourceOwnerException@ClientFoundRedirectMismatchTest, testException = [null], mergedContextConfiguration = [MergedContextConfiguration@685ba7b4 testClass = ClientFoundRedirectMismatchTest, locations = '{classpath:spring-auth-test.xml}', classes = '{}', contextInitializerClasses = '[]', activeProfiles = '{}', propertySourceLocations = '{}', propertySourceProperties = '{}', contextCustomizers = set[[empty]], contextLoader = 'org.springframework.test.context.support.DelegatingSmartContextLoader', parent = [null]]].
2018-01-07T10:01:43,955  INFO Test worker transaction.TransactionContext:101 - Began transaction (1) for test context [DefaultTestContext@737cc7f6 testClass = ClientFoundRedirectMismatchTest, testInstance = integration.authorization.openid.grant.token.request.ValidateOpenIdParams.validation.Scopes.ClientFoundRedirectMismatchTest@3ea82858, testMethod = scopeIsInvalidShouldThrowInformResourceOwnerException@ClientFoundRedirectMismatchTest, testException = [null], mergedContextConfiguration = [MergedContextConfiguration@685ba7b4 testClass = ClientFoundRedirectMismatchTest, locations = '{classpath:spring-auth-test.xml}', classes = '{}', contextInitializerClasses = '[]', activeProfiles = '{}', propertySourceLocations = '{}', propertySourceProperties = '{}', contextCustomizers = set[[empty]], contextLoader = 'org.springframework.test.context.support.DelegatingSmartContextLoader', parent = [null]]]; transaction manager [org.springframework.jdbc.datasource.DataSourceTransactionManager@6cc63594]; rollback [true]
2018-01-07T10:01:43,967  INFO Test worker transaction.TransactionContext:136 - Rolled back transaction for test context [DefaultTestContext@737cc7f6 testClass = ClientFoundRedirectMismatchTest, testInstance = integration.authorization.openid.grant.token.request.ValidateOpenIdParams.validation.Scopes.ClientFoundRedirectMismatchTest@3ea82858, testMethod = scopeIsInvalidShouldThrowInformResourceOwnerException@ClientFoundRedirectMismatchTest, testException = [null], mergedContextConfiguration = [MergedContextConfiguration@685ba7b4 testClass = ClientFoundRedirectMismatchTest, locations = '{classpath:spring-auth-test.xml}', classes = '{}', contextInitializerClasses = '[]', activeProfiles = '{}', propertySourceLocations = '{}', propertySourceProperties = '{}', contextCustomizers = set[[empty]], contextLoader = 'org.springframework.test.context.support.DelegatingSmartContextLoader', parent = [null]]].
]]></system-out>
  <system-err><![CDATA[]]></system-err>
</testsuite>
