<?xml version="1.0" encoding="UTF-8"?>
<testsuite name="integration.authorization.openid.grant.code.request.ValidateOpenIdParams.validation.ResponseType.ClientNotFoundTest" tests="5" skipped="0" failures="0" errors="0" timestamp="2018-01-07T16:01:43" hostname="Kristins-MBP" time="0.036">
  <properties/>
  <testcase name="responseTypeIsInvalidShouldThrowInformResourceOwnerException" classname="integration.authorization.openid.grant.code.request.ValidateOpenIdParams.validation.ResponseType.ClientNotFoundTest" time="0.009"/>
  <testcase name="responseTypeIsNullShouldThrowInformResourceOwnerException" classname="integration.authorization.openid.grant.code.request.ValidateOpenIdParams.validation.ResponseType.ClientNotFoundTest" time="0.006"/>
  <testcase name="responseTypeHasTwoItemsShouldThrowInformResourceException" classname="integration.authorization.openid.grant.code.request.ValidateOpenIdParams.validation.ResponseType.ClientNotFoundTest" time="0.006"/>
  <testcase name="responseTypeIsBlankStringShouldThrowInformResourceOwnerException" classname="integration.authorization.openid.grant.code.request.ValidateOpenIdParams.validation.ResponseType.ClientNotFoundTest" time="0.006"/>
  <testcase name="responseTypeIsEmptyListShouldThrowInformResourceOwnerException" classname="integration.authorization.openid.grant.code.request.ValidateOpenIdParams.validation.ResponseType.ClientNotFoundTest" time="0.006"/>
  <system-out><![CDATA[2018-01-07T10:01:43,031  INFO Test worker support.DefaultTestContextBootstrapper:260 - Loaded default TestExecutionListener class names from location [META-INF/spring.factories]: [org.springframework.test.context.web.ServletTestExecutionListener, org.springframework.test.context.support.DirtiesContextBeforeModesTestExecutionListener, org.springframework.test.context.support.DependencyInjectionTestExecutionListener, org.springframework.test.context.support.DirtiesContextTestExecutionListener, org.springframework.test.context.transaction.TransactionalTestExecutionListener, org.springframework.test.context.jdbc.SqlScriptsTestExecutionListener]
2018-01-07T10:01:43,033  INFO Test worker support.DefaultTestContextBootstrapper:209 - Could not instantiate TestExecutionListener [org.springframework.test.context.web.ServletTestExecutionListener]. Specify custom listener classes or make the default listener classes (and their required dependencies) available. Offending class: [javax/servlet/ServletContext]
2018-01-07T10:01:43,033  INFO Test worker support.DefaultTestContextBootstrapper:187 - Using TestExecutionListeners: [org.springframework.test.context.support.DirtiesContextBeforeModesTestExecutionListener@704b7f3e, org.springframework.test.context.support.DependencyInjectionTestExecutionListener@2b990897, org.springframework.test.context.support.DirtiesContextTestExecutionListener@36f9f7f, org.springframework.test.context.transaction.TransactionalTestExecutionListener@35962722, org.springframework.test.context.jdbc.SqlScriptsTestExecutionListener@1e8f0c21]
2018-01-07T10:01:43,041  INFO Test worker transaction.TransactionContext:101 - Began transaction (1) for test context [DefaultTestContext@60f9fcdc testClass = ClientNotFoundTest, testInstance = integration.authorization.openid.grant.code.request.ValidateOpenIdParams.validation.ResponseType.ClientNotFoundTest@16288dce, testMethod = responseTypeIsInvalidShouldThrowInformResourceOwnerException@ClientNotFoundTest, testException = [null], mergedContextConfiguration = [MergedContextConfiguration@7db162d7 testClass = ClientNotFoundTest, locations = '{classpath:spring-auth-test.xml}', classes = '{}', contextInitializerClasses = '[]', activeProfiles = '{}', propertySourceLocations = '{}', propertySourceProperties = '{}', contextCustomizers = set[[empty]], contextLoader = 'org.springframework.test.context.support.DelegatingSmartContextLoader', parent = [null]]]; transaction manager [org.springframework.jdbc.datasource.DataSourceTransactionManager@6cc63594]; rollback [true]
2018-01-07T10:01:43,046  INFO Test worker transaction.TransactionContext:136 - Rolled back transaction for test context [DefaultTestContext@60f9fcdc testClass = ClientNotFoundTest, testInstance = integration.authorization.openid.grant.code.request.ValidateOpenIdParams.validation.ResponseType.ClientNotFoundTest@16288dce, testMethod = responseTypeIsInvalidShouldThrowInformResourceOwnerException@ClientNotFoundTest, testException = [null], mergedContextConfiguration = [MergedContextConfiguration@7db162d7 testClass = ClientNotFoundTest, locations = '{classpath:spring-auth-test.xml}', classes = '{}', contextInitializerClasses = '[]', activeProfiles = '{}', propertySourceLocations = '{}', propertySourceProperties = '{}', contextCustomizers = set[[empty]], contextLoader = 'org.springframework.test.context.support.DelegatingSmartContextLoader', parent = [null]]].
2018-01-07T10:01:43,048  INFO Test worker transaction.TransactionContext:101 - Began transaction (1) for test context [DefaultTestContext@60f9fcdc testClass = ClientNotFoundTest, testInstance = integration.authorization.openid.grant.code.request.ValidateOpenIdParams.validation.ResponseType.ClientNotFoundTest@4e1916a7, testMethod = responseTypeIsNullShouldThrowInformResourceOwnerException@ClientNotFoundTest, testException = [null], mergedContextConfiguration = [MergedContextConfiguration@7db162d7 testClass = ClientNotFoundTest, locations = '{classpath:spring-auth-test.xml}', classes = '{}', contextInitializerClasses = '[]', activeProfiles = '{}', propertySourceLocations = '{}', propertySourceProperties = '{}', contextCustomizers = set[[empty]], contextLoader = 'org.springframework.test.context.support.DelegatingSmartContextLoader', parent = [null]]]; transaction manager [org.springframework.jdbc.datasource.DataSourceTransactionManager@6cc63594]; rollback [true]
2018-01-07T10:01:43,052  INFO Test worker transaction.TransactionContext:136 - Rolled back transaction for test context [DefaultTestContext@60f9fcdc testClass = ClientNotFoundTest, testInstance = integration.authorization.openid.grant.code.request.ValidateOpenIdParams.validation.ResponseType.ClientNotFoundTest@4e1916a7, testMethod = responseTypeIsNullShouldThrowInformResourceOwnerException@ClientNotFoundTest, testException = [null], mergedContextConfiguration = [MergedContextConfiguration@7db162d7 testClass = ClientNotFoundTest, locations = '{classpath:spring-auth-test.xml}', classes = '{}', contextInitializerClasses = '[]', activeProfiles = '{}', propertySourceLocations = '{}', propertySourceProperties = '{}', contextCustomizers = set[[empty]], contextLoader = 'org.springframework.test.context.support.DelegatingSmartContextLoader', parent = [null]]].
2018-01-07T10:01:43,055  INFO Test worker transaction.TransactionContext:101 - Began transaction (1) for test context [DefaultTestContext@60f9fcdc testClass = ClientNotFoundTest, testInstance = integration.authorization.openid.grant.code.request.ValidateOpenIdParams.validation.ResponseType.ClientNotFoundTest@33bdbba2, testMethod = responseTypeHasTwoItemsShouldThrowInformResourceException@ClientNotFoundTest, testException = [null], mergedContextConfiguration = [MergedContextConfiguration@7db162d7 testClass = ClientNotFoundTest, locations = '{classpath:spring-auth-test.xml}', classes = '{}', contextInitializerClasses = '[]', activeProfiles = '{}', propertySourceLocations = '{}', propertySourceProperties = '{}', contextCustomizers = set[[empty]], contextLoader = 'org.springframework.test.context.support.DelegatingSmartContextLoader', parent = [null]]]; transaction manager [org.springframework.jdbc.datasource.DataSourceTransactionManager@6cc63594]; rollback [true]
2018-01-07T10:01:43,059  INFO Test worker transaction.TransactionContext:136 - Rolled back transaction for test context [DefaultTestContext@60f9fcdc testClass = ClientNotFoundTest, testInstance = integration.authorization.openid.grant.code.request.ValidateOpenIdParams.validation.ResponseType.ClientNotFoundTest@33bdbba2, testMethod = responseTypeHasTwoItemsShouldThrowInformResourceException@ClientNotFoundTest, testException = [null], mergedContextConfiguration = [MergedContextConfiguration@7db162d7 testClass = ClientNotFoundTest, locations = '{classpath:spring-auth-test.xml}', classes = '{}', contextInitializerClasses = '[]', activeProfiles = '{}', propertySourceLocations = '{}', propertySourceProperties = '{}', contextCustomizers = set[[empty]], contextLoader = 'org.springframework.test.context.support.DelegatingSmartContextLoader', parent = [null]]].
2018-01-07T10:01:43,062  INFO Test worker transaction.TransactionContext:101 - Began transaction (1) for test context [DefaultTestContext@60f9fcdc testClass = ClientNotFoundTest, testInstance = integration.authorization.openid.grant.code.request.ValidateOpenIdParams.validation.ResponseType.ClientNotFoundTest@4ebaa0ba, testMethod = responseTypeIsBlankStringShouldThrowInformResourceOwnerException@ClientNotFoundTest, testException = [null], mergedContextConfiguration = [MergedContextConfiguration@7db162d7 testClass = ClientNotFoundTest, locations = '{classpath:spring-auth-test.xml}', classes = '{}', contextInitializerClasses = '[]', activeProfiles = '{}', propertySourceLocations = '{}', propertySourceProperties = '{}', contextCustomizers = set[[empty]], contextLoader = 'org.springframework.test.context.support.DelegatingSmartContextLoader', parent = [null]]]; transaction manager [org.springframework.jdbc.datasource.DataSourceTransactionManager@6cc63594]; rollback [true]
2018-01-07T10:01:43,066  INFO Test worker transaction.TransactionContext:136 - Rolled back transaction for test context [DefaultTestContext@60f9fcdc testClass = ClientNotFoundTest, testInstance = integration.authorization.openid.grant.code.request.ValidateOpenIdParams.validation.ResponseType.ClientNotFoundTest@4ebaa0ba, testMethod = responseTypeIsBlankStringShouldThrowInformResourceOwnerException@ClientNotFoundTest, testException = [null], mergedContextConfiguration = [MergedContextConfiguration@7db162d7 testClass = ClientNotFoundTest, locations = '{classpath:spring-auth-test.xml}', classes = '{}', contextInitializerClasses = '[]', activeProfiles = '{}', propertySourceLocations = '{}', propertySourceProperties = '{}', contextCustomizers = set[[empty]], contextLoader = 'org.springframework.test.context.support.DelegatingSmartContextLoader', parent = [null]]].
2018-01-07T10:01:43,068  INFO Test worker transaction.TransactionContext:101 - Began transaction (1) for test context [DefaultTestContext@60f9fcdc testClass = ClientNotFoundTest, testInstance = integration.authorization.openid.grant.code.request.ValidateOpenIdParams.validation.ResponseType.ClientNotFoundTest@39610e17, testMethod = responseTypeIsEmptyListShouldThrowInformResourceOwnerException@ClientNotFoundTest, testException = [null], mergedContextConfiguration = [MergedContextConfiguration@7db162d7 testClass = ClientNotFoundTest, locations = '{classpath:spring-auth-test.xml}', classes = '{}', contextInitializerClasses = '[]', activeProfiles = '{}', propertySourceLocations = '{}', propertySourceProperties = '{}', contextCustomizers = set[[empty]], contextLoader = 'org.springframework.test.context.support.DelegatingSmartContextLoader', parent = [null]]]; transaction manager [org.springframework.jdbc.datasource.DataSourceTransactionManager@6cc63594]; rollback [true]
2018-01-07T10:01:43,073  INFO Test worker transaction.TransactionContext:136 - Rolled back transaction for test context [DefaultTestContext@60f9fcdc testClass = ClientNotFoundTest, testInstance = integration.authorization.openid.grant.code.request.ValidateOpenIdParams.validation.ResponseType.ClientNotFoundTest@39610e17, testMethod = responseTypeIsEmptyListShouldThrowInformResourceOwnerException@ClientNotFoundTest, testException = [null], mergedContextConfiguration = [MergedContextConfiguration@7db162d7 testClass = ClientNotFoundTest, locations = '{classpath:spring-auth-test.xml}', classes = '{}', contextInitializerClasses = '[]', activeProfiles = '{}', propertySourceLocations = '{}', propertySourceProperties = '{}', contextCustomizers = set[[empty]], contextLoader = 'org.springframework.test.context.support.DelegatingSmartContextLoader', parent = [null]]].
]]></system-out>
  <system-err><![CDATA[]]></system-err>
</testsuite>
