<?xml version="1.0" encoding="UTF-8"?>
<testsuite name="org.rootservices.authorization.persistence.mapper.AccessRequestScopesMapperTest" tests="1" skipped="0" failures="0" errors="0" timestamp="2018-01-07T16:02:07" hostname="Kristins-MBP" time="0.016">
  <properties/>
  <testcase name="insert" classname="org.rootservices.authorization.persistence.mapper.AccessRequestScopesMapperTest" time="0.016"/>
  <system-out><![CDATA[2018-01-07T10:02:07,094  INFO Test worker support.DefaultTestContextBootstrapper:260 - Loaded default TestExecutionListener class names from location [META-INF/spring.factories]: [org.springframework.test.context.web.ServletTestExecutionListener, org.springframework.test.context.support.DirtiesContextBeforeModesTestExecutionListener, org.springframework.test.context.support.DependencyInjectionTestExecutionListener, org.springframework.test.context.support.DirtiesContextTestExecutionListener, org.springframework.test.context.transaction.TransactionalTestExecutionListener, org.springframework.test.context.jdbc.SqlScriptsTestExecutionListener]
2018-01-07T10:02:07,106  INFO Test worker support.DefaultTestContextBootstrapper:209 - Could not instantiate TestExecutionListener [org.springframework.test.context.web.ServletTestExecutionListener]. Specify custom listener classes or make the default listener classes (and their required dependencies) available. Offending class: [javax/servlet/ServletContext]
2018-01-07T10:02:07,107  INFO Test worker support.DefaultTestContextBootstrapper:187 - Using TestExecutionListeners: [org.springframework.test.context.support.DirtiesContextBeforeModesTestExecutionListener@5fa64a33, org.springframework.test.context.support.DependencyInjectionTestExecutionListener@3e4f79a9, org.springframework.test.context.support.DirtiesContextTestExecutionListener@4bc22023, org.springframework.test.context.transaction.TransactionalTestExecutionListener@7304213a, org.springframework.test.context.jdbc.SqlScriptsTestExecutionListener@1e1e0abb]
2018-01-07T10:02:07,117  INFO Test worker transaction.TransactionContext:101 - Began transaction (1) for test context [DefaultTestContext@6acaa633 testClass = AccessRequestScopesMapperTest, testInstance = org.rootservices.authorization.persistence.mapper.AccessRequestScopesMapperTest@55e39b58, testMethod = insert@AccessRequestScopesMapperTest, testException = [null], mergedContextConfiguration = [MergedContextConfiguration@5b59aae0 testClass = AccessRequestScopesMapperTest, locations = '{classpath:spring-auth-test.xml}', classes = '{}', contextInitializerClasses = '[]', activeProfiles = '{}', propertySourceLocations = '{}', propertySourceProperties = '{}', contextCustomizers = set[[empty]], contextLoader = 'org.springframework.test.context.support.DelegatingSmartContextLoader', parent = [null]]]; transaction manager [org.springframework.jdbc.datasource.DataSourceTransactionManager@6cc63594]; rollback [true]
2018-01-07T10:02:07,131  INFO Test worker transaction.TransactionContext:136 - Rolled back transaction for test context [DefaultTestContext@6acaa633 testClass = AccessRequestScopesMapperTest, testInstance = org.rootservices.authorization.persistence.mapper.AccessRequestScopesMapperTest@55e39b58, testMethod = insert@AccessRequestScopesMapperTest, testException = [null], mergedContextConfiguration = [MergedContextConfiguration@5b59aae0 testClass = AccessRequestScopesMapperTest, locations = '{classpath:spring-auth-test.xml}', classes = '{}', contextInitializerClasses = '[]', activeProfiles = '{}', propertySourceLocations = '{}', propertySourceProperties = '{}', contextCustomizers = set[[empty]], contextLoader = 'org.springframework.test.context.support.DelegatingSmartContextLoader', parent = [null]]].
]]></system-out>
  <system-err><![CDATA[]]></system-err>
</testsuite>
