<?xml version="1.0" encoding="UTF-8"?>
<testsuite name="org.rootservices.authorization.oauth2.grant.password.factory.TokenInputPasswordGrantFactoryTest" tests="7" skipped="0" failures="0" errors="0" timestamp="2018-01-07T16:01:52" hostname="Kristins-MBP" time="0.024">
  <properties/>
  <testcase name="runWhenRequiredAndOptionalAndUnknownKeyShouldThrowUnknownKeyException" classname="org.rootservices.authorization.oauth2.grant.password.factory.TokenInputPasswordGrantFactoryTest" time="0.006"/>
  <testcase name="runWithManyScopesShouldBeOk" classname="org.rootservices.authorization.oauth2.grant.password.factory.TokenInputPasswordGrantFactoryTest" time="0.012"/>
  <testcase name="runWithOneScopeShouldBeOk" classname="org.rootservices.authorization.oauth2.grant.password.factory.TokenInputPasswordGrantFactoryTest" time="0.0"/>
  <testcase name="runWhenRequiredAndUnknownKeyShouldThrowUnknownKeyException" classname="org.rootservices.authorization.oauth2.grant.password.factory.TokenInputPasswordGrantFactoryTest" time="0.0"/>
  <testcase name="runWithScopeValueEmptyShouldThrowInvalidValueException" classname="org.rootservices.authorization.oauth2.grant.password.factory.TokenInputPasswordGrantFactoryTest" time="0.0"/>
  <testcase name="runWithUserNameNotInRequestShouldThrowMissingKeyException" classname="org.rootservices.authorization.oauth2.grant.password.factory.TokenInputPasswordGrantFactoryTest" time="0.0"/>
  <testcase name="runWithPasswordNotInRequestShouldThrowMissingKeyException" classname="org.rootservices.authorization.oauth2.grant.password.factory.TokenInputPasswordGrantFactoryTest" time="0.0"/>
  <system-out><![CDATA[2018-01-07T10:01:52,064  INFO Test worker support.DefaultTestContextBootstrapper:260 - Loaded default TestExecutionListener class names from location [META-INF/spring.factories]: [org.springframework.test.context.web.ServletTestExecutionListener, org.springframework.test.context.support.DirtiesContextBeforeModesTestExecutionListener, org.springframework.test.context.support.DependencyInjectionTestExecutionListener, org.springframework.test.context.support.DirtiesContextTestExecutionListener, org.springframework.test.context.transaction.TransactionalTestExecutionListener, org.springframework.test.context.jdbc.SqlScriptsTestExecutionListener]
2018-01-07T10:01:52,074  INFO Test worker support.DefaultTestContextBootstrapper:209 - Could not instantiate TestExecutionListener [org.springframework.test.context.web.ServletTestExecutionListener]. Specify custom listener classes or make the default listener classes (and their required dependencies) available. Offending class: [javax/servlet/ServletContext]
2018-01-07T10:01:52,074  INFO Test worker support.DefaultTestContextBootstrapper:187 - Using TestExecutionListeners: [org.springframework.test.context.support.DirtiesContextBeforeModesTestExecutionListener@368ef4ba, org.springframework.test.context.support.DependencyInjectionTestExecutionListener@4414bebb, org.springframework.test.context.support.DirtiesContextTestExecutionListener@62bf343d, org.springframework.test.context.transaction.TransactionalTestExecutionListener@862089d, org.springframework.test.context.jdbc.SqlScriptsTestExecutionListener@4908060f]
]]></system-out>
  <system-err><![CDATA[]]></system-err>
</testsuite>
