<?xml version="1.0" encoding="UTF-8"?>
<testsuite name="integration.authorization.openid.grant.code.request.ValidateOpenIdParams.validation.ResponseType.ClientFoundTest" tests="6" skipped="0" failures="0" errors="0" timestamp="2018-01-07T16:01:45" hostname="Kristins-MBP" time="2.069">
  <properties/>
  <testcase name="responseTypesDontMatchShouldThrowInformClientException" classname="integration.authorization.openid.grant.code.request.ValidateOpenIdParams.validation.ResponseType.ClientFoundTest" time="0.339"/>
  <testcase name="responseTypeIsBlankStringShouldThrowInformClientException" classname="integration.authorization.openid.grant.code.request.ValidateOpenIdParams.validation.ResponseType.ClientFoundTest" time="0.368"/>
  <testcase name="responseTypeHasTwoItemsShouldThrowInformClientException" classname="integration.authorization.openid.grant.code.request.ValidateOpenIdParams.validation.ResponseType.ClientFoundTest" time="0.295"/>
  <testcase name="responseTypeIsInvalidShouldThrowInformClientException" classname="integration.authorization.openid.grant.code.request.ValidateOpenIdParams.validation.ResponseType.ClientFoundTest" time="0.362"/>
  <testcase name="responseTypeIsNullShouldThrowInformClientException" classname="integration.authorization.openid.grant.code.request.ValidateOpenIdParams.validation.ResponseType.ClientFoundTest" time="0.34"/>
  <testcase name="responseTypeIsEmptyListShouldThrowInformClientException" classname="integration.authorization.openid.grant.code.request.ValidateOpenIdParams.validation.ResponseType.ClientFoundTest" time="0.364"/>
  <system-out><![CDATA[2018-01-07T10:01:45,594  INFO Test worker support.DefaultTestContextBootstrapper:260 - Loaded default TestExecutionListener class names from location [META-INF/spring.factories]: [org.springframework.test.context.web.ServletTestExecutionListener, org.springframework.test.context.support.DirtiesContextBeforeModesTestExecutionListener, org.springframework.test.context.support.DependencyInjectionTestExecutionListener, org.springframework.test.context.support.DirtiesContextTestExecutionListener, org.springframework.test.context.transaction.TransactionalTestExecutionListener, org.springframework.test.context.jdbc.SqlScriptsTestExecutionListener]
2018-01-07T10:01:45,596  INFO Test worker support.DefaultTestContextBootstrapper:209 - Could not instantiate TestExecutionListener [org.springframework.test.context.web.ServletTestExecutionListener]. Specify custom listener classes or make the default listener classes (and their required dependencies) available. Offending class: [javax/servlet/ServletContext]
2018-01-07T10:01:45,597  INFO Test worker support.DefaultTestContextBootstrapper:187 - Using TestExecutionListeners: [org.springframework.test.context.support.DirtiesContextBeforeModesTestExecutionListener@19e085cd, org.springframework.test.context.support.DependencyInjectionTestExecutionListener@efdd45b, org.springframework.test.context.support.DirtiesContextTestExecutionListener@289043fb, org.springframework.test.context.transaction.TransactionalTestExecutionListener@28b07959, org.springframework.test.context.jdbc.SqlScriptsTestExecutionListener@35e35f6f]
2018-01-07T10:01:45,605  INFO Test worker transaction.TransactionContext:101 - Began transaction (1) for test context [DefaultTestContext@7b1ff585 testClass = ClientFoundTest, testInstance = integration.authorization.openid.grant.code.request.ValidateOpenIdParams.validation.ResponseType.ClientFoundTest@4e22d858, testMethod = responseTypesDontMatchShouldThrowInformClientException@ClientFoundTest, testException = [null], mergedContextConfiguration = [MergedContextConfiguration@55dc1a84 testClass = ClientFoundTest, locations = '{classpath:spring-auth-test.xml}', classes = '{}', contextInitializerClasses = '[]', activeProfiles = '{}', propertySourceLocations = '{}', propertySourceProperties = '{}', contextCustomizers = set[[empty]], contextLoader = 'org.springframework.test.context.support.DelegatingSmartContextLoader', parent = [null]]]; transaction manager [org.springframework.jdbc.datasource.DataSourceTransactionManager@2d976234]; rollback [true]
2018-01-07T10:01:45,943  INFO Test worker transaction.TransactionContext:136 - Rolled back transaction for test context [DefaultTestContext@7b1ff585 testClass = ClientFoundTest, testInstance = integration.authorization.openid.grant.code.request.ValidateOpenIdParams.validation.ResponseType.ClientFoundTest@4e22d858, testMethod = responseTypesDontMatchShouldThrowInformClientException@ClientFoundTest, testException = [null], mergedContextConfiguration = [MergedContextConfiguration@55dc1a84 testClass = ClientFoundTest, locations = '{classpath:spring-auth-test.xml}', classes = '{}', contextInitializerClasses = '[]', activeProfiles = '{}', propertySourceLocations = '{}', propertySourceProperties = '{}', contextCustomizers = set[[empty]], contextLoader = 'org.springframework.test.context.support.DelegatingSmartContextLoader', parent = [null]]].
2018-01-07T10:01:45,945  INFO Test worker transaction.TransactionContext:101 - Began transaction (1) for test context [DefaultTestContext@7b1ff585 testClass = ClientFoundTest, testInstance = integration.authorization.openid.grant.code.request.ValidateOpenIdParams.validation.ResponseType.ClientFoundTest@6b76434e, testMethod = responseTypeIsBlankStringShouldThrowInformClientException@ClientFoundTest, testException = [null], mergedContextConfiguration = [MergedContextConfiguration@55dc1a84 testClass = ClientFoundTest, locations = '{classpath:spring-auth-test.xml}', classes = '{}', contextInitializerClasses = '[]', activeProfiles = '{}', propertySourceLocations = '{}', propertySourceProperties = '{}', contextCustomizers = set[[empty]], contextLoader = 'org.springframework.test.context.support.DelegatingSmartContextLoader', parent = [null]]]; transaction manager [org.springframework.jdbc.datasource.DataSourceTransactionManager@2d976234]; rollback [true]
2018-01-07T10:01:46,312  INFO Test worker transaction.TransactionContext:136 - Rolled back transaction for test context [DefaultTestContext@7b1ff585 testClass = ClientFoundTest, testInstance = integration.authorization.openid.grant.code.request.ValidateOpenIdParams.validation.ResponseType.ClientFoundTest@6b76434e, testMethod = responseTypeIsBlankStringShouldThrowInformClientException@ClientFoundTest, testException = [null], mergedContextConfiguration = [MergedContextConfiguration@55dc1a84 testClass = ClientFoundTest, locations = '{classpath:spring-auth-test.xml}', classes = '{}', contextInitializerClasses = '[]', activeProfiles = '{}', propertySourceLocations = '{}', propertySourceProperties = '{}', contextCustomizers = set[[empty]], contextLoader = 'org.springframework.test.context.support.DelegatingSmartContextLoader', parent = [null]]].
2018-01-07T10:01:46,314  INFO Test worker transaction.TransactionContext:101 - Began transaction (1) for test context [DefaultTestContext@7b1ff585 testClass = ClientFoundTest, testInstance = integration.authorization.openid.grant.code.request.ValidateOpenIdParams.validation.ResponseType.ClientFoundTest@37f9d5c0, testMethod = responseTypeHasTwoItemsShouldThrowInformClientException@ClientFoundTest, testException = [null], mergedContextConfiguration = [MergedContextConfiguration@55dc1a84 testClass = ClientFoundTest, locations = '{classpath:spring-auth-test.xml}', classes = '{}', contextInitializerClasses = '[]', activeProfiles = '{}', propertySourceLocations = '{}', propertySourceProperties = '{}', contextCustomizers = set[[empty]], contextLoader = 'org.springframework.test.context.support.DelegatingSmartContextLoader', parent = [null]]]; transaction manager [org.springframework.jdbc.datasource.DataSourceTransactionManager@2d976234]; rollback [true]
2018-01-07T10:01:46,606  INFO Test worker transaction.TransactionContext:136 - Rolled back transaction for test context [DefaultTestContext@7b1ff585 testClass = ClientFoundTest, testInstance = integration.authorization.openid.grant.code.request.ValidateOpenIdParams.validation.ResponseType.ClientFoundTest@37f9d5c0, testMethod = responseTypeHasTwoItemsShouldThrowInformClientException@ClientFoundTest, testException = [null], mergedContextConfiguration = [MergedContextConfiguration@55dc1a84 testClass = ClientFoundTest, locations = '{classpath:spring-auth-test.xml}', classes = '{}', contextInitializerClasses = '[]', activeProfiles = '{}', propertySourceLocations = '{}', propertySourceProperties = '{}', contextCustomizers = set[[empty]], contextLoader = 'org.springframework.test.context.support.DelegatingSmartContextLoader', parent = [null]]].
2018-01-07T10:01:46,608  INFO Test worker transaction.TransactionContext:101 - Began transaction (1) for test context [DefaultTestContext@7b1ff585 testClass = ClientFoundTest, testInstance = integration.authorization.openid.grant.code.request.ValidateOpenIdParams.validation.ResponseType.ClientFoundTest@603d6ac2, testMethod = responseTypeIsInvalidShouldThrowInformClientException@ClientFoundTest, testException = [null], mergedContextConfiguration = [MergedContextConfiguration@55dc1a84 testClass = ClientFoundTest, locations = '{classpath:spring-auth-test.xml}', classes = '{}', contextInitializerClasses = '[]', activeProfiles = '{}', propertySourceLocations = '{}', propertySourceProperties = '{}', contextCustomizers = set[[empty]], contextLoader = 'org.springframework.test.context.support.DelegatingSmartContextLoader', parent = [null]]]; transaction manager [org.springframework.jdbc.datasource.DataSourceTransactionManager@2d976234]; rollback [true]
2018-01-07T10:01:46,968  INFO Test worker transaction.TransactionContext:136 - Rolled back transaction for test context [DefaultTestContext@7b1ff585 testClass = ClientFoundTest, testInstance = integration.authorization.openid.grant.code.request.ValidateOpenIdParams.validation.ResponseType.ClientFoundTest@603d6ac2, testMethod = responseTypeIsInvalidShouldThrowInformClientException@ClientFoundTest, testException = [null], mergedContextConfiguration = [MergedContextConfiguration@55dc1a84 testClass = ClientFoundTest, locations = '{classpath:spring-auth-test.xml}', classes = '{}', contextInitializerClasses = '[]', activeProfiles = '{}', propertySourceLocations = '{}', propertySourceProperties = '{}', contextCustomizers = set[[empty]], contextLoader = 'org.springframework.test.context.support.DelegatingSmartContextLoader', parent = [null]]].
2018-01-07T10:01:46,973  INFO Test worker transaction.TransactionContext:101 - Began transaction (1) for test context [DefaultTestContext@7b1ff585 testClass = ClientFoundTest, testInstance = integration.authorization.openid.grant.code.request.ValidateOpenIdParams.validation.ResponseType.ClientFoundTest@7d39721, testMethod = responseTypeIsNullShouldThrowInformClientException@ClientFoundTest, testException = [null], mergedContextConfiguration = [MergedContextConfiguration@55dc1a84 testClass = ClientFoundTest, locations = '{classpath:spring-auth-test.xml}', classes = '{}', contextInitializerClasses = '[]', activeProfiles = '{}', propertySourceLocations = '{}', propertySourceProperties = '{}', contextCustomizers = set[[empty]], contextLoader = 'org.springframework.test.context.support.DelegatingSmartContextLoader', parent = [null]]]; transaction manager [org.springframework.jdbc.datasource.DataSourceTransactionManager@2d976234]; rollback [true]
2018-01-07T10:01:47,308  INFO Test worker transaction.TransactionContext:136 - Rolled back transaction for test context [DefaultTestContext@7b1ff585 testClass = ClientFoundTest, testInstance = integration.authorization.openid.grant.code.request.ValidateOpenIdParams.validation.ResponseType.ClientFoundTest@7d39721, testMethod = responseTypeIsNullShouldThrowInformClientException@ClientFoundTest, testException = [null], mergedContextConfiguration = [MergedContextConfiguration@55dc1a84 testClass = ClientFoundTest, locations = '{classpath:spring-auth-test.xml}', classes = '{}', contextInitializerClasses = '[]', activeProfiles = '{}', propertySourceLocations = '{}', propertySourceProperties = '{}', contextCustomizers = set[[empty]], contextLoader = 'org.springframework.test.context.support.DelegatingSmartContextLoader', parent = [null]]].
2018-01-07T10:01:47,311  INFO Test worker transaction.TransactionContext:101 - Began transaction (1) for test context [DefaultTestContext@7b1ff585 testClass = ClientFoundTest, testInstance = integration.authorization.openid.grant.code.request.ValidateOpenIdParams.validation.ResponseType.ClientFoundTest@44c09014, testMethod = responseTypeIsEmptyListShouldThrowInformClientException@ClientFoundTest, testException = [null], mergedContextConfiguration = [MergedContextConfiguration@55dc1a84 testClass = ClientFoundTest, locations = '{classpath:spring-auth-test.xml}', classes = '{}', contextInitializerClasses = '[]', activeProfiles = '{}', propertySourceLocations = '{}', propertySourceProperties = '{}', contextCustomizers = set[[empty]], contextLoader = 'org.springframework.test.context.support.DelegatingSmartContextLoader', parent = [null]]]; transaction manager [org.springframework.jdbc.datasource.DataSourceTransactionManager@2d976234]; rollback [true]
2018-01-07T10:01:47,673  INFO Test worker transaction.TransactionContext:136 - Rolled back transaction for test context [DefaultTestContext@7b1ff585 testClass = ClientFoundTest, testInstance = integration.authorization.openid.grant.code.request.ValidateOpenIdParams.validation.ResponseType.ClientFoundTest@44c09014, testMethod = responseTypeIsEmptyListShouldThrowInformClientException@ClientFoundTest, testException = [null], mergedContextConfiguration = [MergedContextConfiguration@55dc1a84 testClass = ClientFoundTest, locations = '{classpath:spring-auth-test.xml}', classes = '{}', contextInitializerClasses = '[]', activeProfiles = '{}', propertySourceLocations = '{}', propertySourceProperties = '{}', contextCustomizers = set[[empty]], contextLoader = 'org.springframework.test.context.support.DelegatingSmartContextLoader', parent = [null]]].
]]></system-out>
  <system-err><![CDATA[]]></system-err>
</testsuite>
