<?xml version="1.0" encoding="UTF-8"?>
<testsuite name="integration.authorization.oauth2.grant.code.request.ValidateParams.validation.State.ClientFoundTest" tests="2" skipped="0" failures="0" errors="0" timestamp="2018-01-07T16:01:46" hostname="Kristins-MBP" time="0.637">
  <properties/>
  <testcase name="stateHasTwoItemsShouldThrowInformClientException" classname="integration.authorization.oauth2.grant.code.request.ValidateParams.validation.State.ClientFoundTest" time="0.335"/>
  <testcase name="stateIsBlankStringShouldThrowInformClientException" classname="integration.authorization.oauth2.grant.code.request.ValidateParams.validation.State.ClientFoundTest" time="0.301"/>
  <system-out><![CDATA[2018-01-07T10:01:46,232  INFO Test worker support.DefaultTestContextBootstrapper:260 - Loaded default TestExecutionListener class names from location [META-INF/spring.factories]: [org.springframework.test.context.web.ServletTestExecutionListener, org.springframework.test.context.support.DirtiesContextBeforeModesTestExecutionListener, org.springframework.test.context.support.DependencyInjectionTestExecutionListener, org.springframework.test.context.support.DirtiesContextTestExecutionListener, org.springframework.test.context.transaction.TransactionalTestExecutionListener, org.springframework.test.context.jdbc.SqlScriptsTestExecutionListener]
2018-01-07T10:01:46,234  INFO Test worker support.DefaultTestContextBootstrapper:209 - Could not instantiate TestExecutionListener [org.springframework.test.context.web.ServletTestExecutionListener]. Specify custom listener classes or make the default listener classes (and their required dependencies) available. Offending class: [javax/servlet/ServletContext]
2018-01-07T10:01:46,235  INFO Test worker support.DefaultTestContextBootstrapper:187 - Using TestExecutionListeners: [org.springframework.test.context.support.DirtiesContextBeforeModesTestExecutionListener@18c707c2, org.springframework.test.context.support.DependencyInjectionTestExecutionListener@1d73954d, org.springframework.test.context.support.DirtiesContextTestExecutionListener@58450f26, org.springframework.test.context.transaction.TransactionalTestExecutionListener@3c2f4fae, org.springframework.test.context.jdbc.SqlScriptsTestExecutionListener@1cf6b6fe]
2018-01-07T10:01:46,266  INFO Test worker transaction.TransactionContext:101 - Began transaction (1) for test context [DefaultTestContext@29ee397 testClass = ClientFoundTest, testInstance = integration.authorization.oauth2.grant.code.request.ValidateParams.validation.State.ClientFoundTest@6b57c215, testMethod = stateHasTwoItemsShouldThrowInformClientException@ClientFoundTest, testException = [null], mergedContextConfiguration = [MergedContextConfiguration@1d2e81d0 testClass = ClientFoundTest, locations = '{classpath:spring-auth-test.xml}', classes = '{}', contextInitializerClasses = '[]', activeProfiles = '{}', propertySourceLocations = '{}', propertySourceProperties = '{}', contextCustomizers = set[[empty]], contextLoader = 'org.springframework.test.context.support.DelegatingSmartContextLoader', parent = [null]]]; transaction manager [org.springframework.jdbc.datasource.DataSourceTransactionManager@7c498c62]; rollback [true]
2018-01-07T10:01:46,575  INFO Test worker transaction.TransactionContext:136 - Rolled back transaction for test context [DefaultTestContext@29ee397 testClass = ClientFoundTest, testInstance = integration.authorization.oauth2.grant.code.request.ValidateParams.validation.State.ClientFoundTest@6b57c215, testMethod = stateHasTwoItemsShouldThrowInformClientException@ClientFoundTest, testException = [null], mergedContextConfiguration = [MergedContextConfiguration@1d2e81d0 testClass = ClientFoundTest, locations = '{classpath:spring-auth-test.xml}', classes = '{}', contextInitializerClasses = '[]', activeProfiles = '{}', propertySourceLocations = '{}', propertySourceProperties = '{}', contextCustomizers = set[[empty]], contextLoader = 'org.springframework.test.context.support.DelegatingSmartContextLoader', parent = [null]]].
2018-01-07T10:01:46,578  INFO Test worker transaction.TransactionContext:101 - Began transaction (1) for test context [DefaultTestContext@29ee397 testClass = ClientFoundTest, testInstance = integration.authorization.oauth2.grant.code.request.ValidateParams.validation.State.ClientFoundTest@e275092, testMethod = stateIsBlankStringShouldThrowInformClientException@ClientFoundTest, testException = [null], mergedContextConfiguration = [MergedContextConfiguration@1d2e81d0 testClass = ClientFoundTest, locations = '{classpath:spring-auth-test.xml}', classes = '{}', contextInitializerClasses = '[]', activeProfiles = '{}', propertySourceLocations = '{}', propertySourceProperties = '{}', contextCustomizers = set[[empty]], contextLoader = 'org.springframework.test.context.support.DelegatingSmartContextLoader', parent = [null]]]; transaction manager [org.springframework.jdbc.datasource.DataSourceTransactionManager@7c498c62]; rollback [true]
2018-01-07T10:01:46,877  INFO Test worker transaction.TransactionContext:136 - Rolled back transaction for test context [DefaultTestContext@29ee397 testClass = ClientFoundTest, testInstance = integration.authorization.oauth2.grant.code.request.ValidateParams.validation.State.ClientFoundTest@e275092, testMethod = stateIsBlankStringShouldThrowInformClientException@ClientFoundTest, testException = [null], mergedContextConfiguration = [MergedContextConfiguration@1d2e81d0 testClass = ClientFoundTest, locations = '{classpath:spring-auth-test.xml}', classes = '{}', contextInitializerClasses = '[]', activeProfiles = '{}', propertySourceLocations = '{}', propertySourceProperties = '{}', contextCustomizers = set[[empty]], contextLoader = 'org.springframework.test.context.support.DelegatingSmartContextLoader', parent = [null]]].
]]></system-out>
  <system-err><![CDATA[]]></system-err>
</testsuite>
