<?xml version="1.0" encoding="UTF-8"?>
<testsuite name="integration.authorization.openid.grant.token.request.ValidateOpenIdParams.OkTest" tests="2" skipped="0" failures="0" errors="0" timestamp="2018-01-07T16:01:47" hostname="Kristins-MBP" time="0.096">
  <properties/>
  <testcase name="requiredAndOptionalParamsShouldBeOK" classname="integration.authorization.openid.grant.token.request.ValidateOpenIdParams.OkTest" time="0.08"/>
  <testcase name="requiredParamsShouldBeOK" classname="integration.authorization.openid.grant.token.request.ValidateOpenIdParams.OkTest" time="0.015"/>
  <system-out><![CDATA[2018-01-07T10:01:47,708  INFO Test worker support.DefaultTestContextBootstrapper:260 - Loaded default TestExecutionListener class names from location [META-INF/spring.factories]: [org.springframework.test.context.web.ServletTestExecutionListener, org.springframework.test.context.support.DirtiesContextBeforeModesTestExecutionListener, org.springframework.test.context.support.DependencyInjectionTestExecutionListener, org.springframework.test.context.support.DirtiesContextTestExecutionListener, org.springframework.test.context.transaction.TransactionalTestExecutionListener, org.springframework.test.context.jdbc.SqlScriptsTestExecutionListener]
2018-01-07T10:01:47,710  INFO Test worker support.DefaultTestContextBootstrapper:209 - Could not instantiate TestExecutionListener [org.springframework.test.context.web.ServletTestExecutionListener]. Specify custom listener classes or make the default listener classes (and their required dependencies) available. Offending class: [javax/servlet/ServletContext]
2018-01-07T10:01:47,710  INFO Test worker support.DefaultTestContextBootstrapper:187 - Using TestExecutionListeners: [org.springframework.test.context.support.DirtiesContextBeforeModesTestExecutionListener@5e9e8827, org.springframework.test.context.support.DependencyInjectionTestExecutionListener@168521b, org.springframework.test.context.support.DirtiesContextTestExecutionListener@7c0a777c, org.springframework.test.context.transaction.TransactionalTestExecutionListener@71b295f1, org.springframework.test.context.jdbc.SqlScriptsTestExecutionListener@5bc7f450]
2018-01-07T10:01:47,782  INFO Test worker transaction.TransactionContext:101 - Began transaction (1) for test context [DefaultTestContext@361ba52a testClass = OkTest, testInstance = integration.authorization.openid.grant.token.request.ValidateOpenIdParams.OkTest@4af66705, testMethod = requiredAndOptionalParamsShouldBeOK@OkTest, testException = [null], mergedContextConfiguration = [MergedContextConfiguration@187c9db9 testClass = OkTest, locations = '{classpath:spring-auth-test.xml}', classes = '{}', contextInitializerClasses = '[]', activeProfiles = '{}', propertySourceLocations = '{}', propertySourceProperties = '{}', contextCustomizers = set[[empty]], contextLoader = 'org.springframework.test.context.support.DelegatingSmartContextLoader', parent = [null]]]; transaction manager [org.springframework.jdbc.datasource.DataSourceTransactionManager@2d976234]; rollback [true]
2018-01-07T10:01:47,796  INFO Test worker transaction.TransactionContext:136 - Rolled back transaction for test context [DefaultTestContext@361ba52a testClass = OkTest, testInstance = integration.authorization.openid.grant.token.request.ValidateOpenIdParams.OkTest@4af66705, testMethod = requiredAndOptionalParamsShouldBeOK@OkTest, testException = [null], mergedContextConfiguration = [MergedContextConfiguration@187c9db9 testClass = OkTest, locations = '{classpath:spring-auth-test.xml}', classes = '{}', contextInitializerClasses = '[]', activeProfiles = '{}', propertySourceLocations = '{}', propertySourceProperties = '{}', contextCustomizers = set[[empty]], contextLoader = 'org.springframework.test.context.support.DelegatingSmartContextLoader', parent = [null]]].
2018-01-07T10:01:47,799  INFO Test worker transaction.TransactionContext:101 - Began transaction (1) for test context [DefaultTestContext@361ba52a testClass = OkTest, testInstance = integration.authorization.openid.grant.token.request.ValidateOpenIdParams.OkTest@6f1bad43, testMethod = requiredParamsShouldBeOK@OkTest, testException = [null], mergedContextConfiguration = [MergedContextConfiguration@187c9db9 testClass = OkTest, locations = '{classpath:spring-auth-test.xml}', classes = '{}', contextInitializerClasses = '[]', activeProfiles = '{}', propertySourceLocations = '{}', propertySourceProperties = '{}', contextCustomizers = set[[empty]], contextLoader = 'org.springframework.test.context.support.DelegatingSmartContextLoader', parent = [null]]]; transaction manager [org.springframework.jdbc.datasource.DataSourceTransactionManager@2d976234]; rollback [true]
2018-01-07T10:01:47,812  INFO Test worker transaction.TransactionContext:136 - Rolled back transaction for test context [DefaultTestContext@361ba52a testClass = OkTest, testInstance = integration.authorization.openid.grant.token.request.ValidateOpenIdParams.OkTest@6f1bad43, testMethod = requiredParamsShouldBeOK@OkTest, testException = [null], mergedContextConfiguration = [MergedContextConfiguration@187c9db9 testClass = OkTest, locations = '{classpath:spring-auth-test.xml}', classes = '{}', contextInitializerClasses = '[]', activeProfiles = '{}', propertySourceLocations = '{}', propertySourceProperties = '{}', contextCustomizers = set[[empty]], contextLoader = 'org.springframework.test.context.support.DelegatingSmartContextLoader', parent = [null]]].
]]></system-out>
  <system-err><![CDATA[]]></system-err>
</testsuite>
