<?xml version="1.0" encoding="UTF-8"?>
<testsuite name="integration.authorization.oauth2.grant.code.request.ValidateParams.validation.ResponseType.ClientFoundRedirectMismatchTest" tests="5" skipped="0" failures="0" errors="0" timestamp="2018-01-07T16:01:43" hostname="Kristins-MBP" time="1.599">
  <properties/>
  <testcase name="responseTypeIsInvalidShouldThrowInformResourceOwnerException" classname="integration.authorization.oauth2.grant.code.request.ValidateParams.validation.ResponseType.ClientFoundRedirectMismatchTest" time="0.286"/>
  <testcase name="responseTypeIsNullShouldThrowInformResourceOwnerException" classname="integration.authorization.oauth2.grant.code.request.ValidateParams.validation.ResponseType.ClientFoundRedirectMismatchTest" time="0.311"/>
  <testcase name="responseTypeHasTwoItemsShouldThrowInformResourceOwnerException" classname="integration.authorization.oauth2.grant.code.request.ValidateParams.validation.ResponseType.ClientFoundRedirectMismatchTest" time="0.347"/>
  <testcase name="responseTypeIsBlankStringShouldThrowInformResourceOwnerException" classname="integration.authorization.oauth2.grant.code.request.ValidateParams.validation.ResponseType.ClientFoundRedirectMismatchTest" time="0.334"/>
  <testcase name="responseTypeIsEmptyListShouldThrowInformResourceOwnerException" classname="integration.authorization.oauth2.grant.code.request.ValidateParams.validation.ResponseType.ClientFoundRedirectMismatchTest" time="0.315"/>
  <system-out><![CDATA[2018-01-07T10:01:43,168  INFO Test worker support.DefaultTestContextBootstrapper:260 - Loaded default TestExecutionListener class names from location [META-INF/spring.factories]: [org.springframework.test.context.web.ServletTestExecutionListener, org.springframework.test.context.support.DirtiesContextBeforeModesTestExecutionListener, org.springframework.test.context.support.DependencyInjectionTestExecutionListener, org.springframework.test.context.support.DirtiesContextTestExecutionListener, org.springframework.test.context.transaction.TransactionalTestExecutionListener, org.springframework.test.context.jdbc.SqlScriptsTestExecutionListener]
2018-01-07T10:01:43,170  INFO Test worker support.DefaultTestContextBootstrapper:209 - Could not instantiate TestExecutionListener [org.springframework.test.context.web.ServletTestExecutionListener]. Specify custom listener classes or make the default listener classes (and their required dependencies) available. Offending class: [javax/servlet/ServletContext]
2018-01-07T10:01:43,170  INFO Test worker support.DefaultTestContextBootstrapper:187 - Using TestExecutionListeners: [org.springframework.test.context.support.DirtiesContextBeforeModesTestExecutionListener@5eb2a3a6, org.springframework.test.context.support.DependencyInjectionTestExecutionListener@77155c5a, org.springframework.test.context.support.DirtiesContextTestExecutionListener@290eb55a, org.springframework.test.context.transaction.TransactionalTestExecutionListener@6751bb18, org.springframework.test.context.jdbc.SqlScriptsTestExecutionListener@2cb59bc7]
2018-01-07T10:01:43,179  INFO Test worker transaction.TransactionContext:101 - Began transaction (1) for test context [DefaultTestContext@49d27b67 testClass = ClientFoundRedirectMismatchTest, testInstance = integration.authorization.oauth2.grant.code.request.ValidateParams.validation.ResponseType.ClientFoundRedirectMismatchTest@5df52334, testMethod = responseTypeIsInvalidShouldThrowInformResourceOwnerException@ClientFoundRedirectMismatchTest, testException = [null], mergedContextConfiguration = [MergedContextConfiguration@711ff587 testClass = ClientFoundRedirectMismatchTest, locations = '{classpath:spring-auth-test.xml}', classes = '{}', contextInitializerClasses = '[]', activeProfiles = '{}', propertySourceLocations = '{}', propertySourceProperties = '{}', contextCustomizers = set[[empty]], contextLoader = 'org.springframework.test.context.support.DelegatingSmartContextLoader', parent = [null]]]; transaction manager [org.springframework.jdbc.datasource.DataSourceTransactionManager@2afd27a1]; rollback [true]
2018-01-07T10:01:43,463  INFO Test worker transaction.TransactionContext:136 - Rolled back transaction for test context [DefaultTestContext@49d27b67 testClass = ClientFoundRedirectMismatchTest, testInstance = integration.authorization.oauth2.grant.code.request.ValidateParams.validation.ResponseType.ClientFoundRedirectMismatchTest@5df52334, testMethod = responseTypeIsInvalidShouldThrowInformResourceOwnerException@ClientFoundRedirectMismatchTest, testException = [null], mergedContextConfiguration = [MergedContextConfiguration@711ff587 testClass = ClientFoundRedirectMismatchTest, locations = '{classpath:spring-auth-test.xml}', classes = '{}', contextInitializerClasses = '[]', activeProfiles = '{}', propertySourceLocations = '{}', propertySourceProperties = '{}', contextCustomizers = set[[empty]], contextLoader = 'org.springframework.test.context.support.DelegatingSmartContextLoader', parent = [null]]].
2018-01-07T10:01:43,475  INFO Test worker transaction.TransactionContext:101 - Began transaction (1) for test context [DefaultTestContext@49d27b67 testClass = ClientFoundRedirectMismatchTest, testInstance = integration.authorization.oauth2.grant.code.request.ValidateParams.validation.ResponseType.ClientFoundRedirectMismatchTest@512b90c5, testMethod = responseTypeIsNullShouldThrowInformResourceOwnerException@ClientFoundRedirectMismatchTest, testException = [null], mergedContextConfiguration = [MergedContextConfiguration@711ff587 testClass = ClientFoundRedirectMismatchTest, locations = '{classpath:spring-auth-test.xml}', classes = '{}', contextInitializerClasses = '[]', activeProfiles = '{}', propertySourceLocations = '{}', propertySourceProperties = '{}', contextCustomizers = set[[empty]], contextLoader = 'org.springframework.test.context.support.DelegatingSmartContextLoader', parent = [null]]]; transaction manager [org.springframework.jdbc.datasource.DataSourceTransactionManager@2afd27a1]; rollback [true]
2018-01-07T10:01:43,776  INFO Test worker transaction.TransactionContext:136 - Rolled back transaction for test context [DefaultTestContext@49d27b67 testClass = ClientFoundRedirectMismatchTest, testInstance = integration.authorization.oauth2.grant.code.request.ValidateParams.validation.ResponseType.ClientFoundRedirectMismatchTest@512b90c5, testMethod = responseTypeIsNullShouldThrowInformResourceOwnerException@ClientFoundRedirectMismatchTest, testException = [null], mergedContextConfiguration = [MergedContextConfiguration@711ff587 testClass = ClientFoundRedirectMismatchTest, locations = '{classpath:spring-auth-test.xml}', classes = '{}', contextInitializerClasses = '[]', activeProfiles = '{}', propertySourceLocations = '{}', propertySourceProperties = '{}', contextCustomizers = set[[empty]], contextLoader = 'org.springframework.test.context.support.DelegatingSmartContextLoader', parent = [null]]].
2018-01-07T10:01:43,780  INFO Test worker transaction.TransactionContext:101 - Began transaction (1) for test context [DefaultTestContext@49d27b67 testClass = ClientFoundRedirectMismatchTest, testInstance = integration.authorization.oauth2.grant.code.request.ValidateParams.validation.ResponseType.ClientFoundRedirectMismatchTest@5cf92df5, testMethod = responseTypeHasTwoItemsShouldThrowInformResourceOwnerException@ClientFoundRedirectMismatchTest, testException = [null], mergedContextConfiguration = [MergedContextConfiguration@711ff587 testClass = ClientFoundRedirectMismatchTest, locations = '{classpath:spring-auth-test.xml}', classes = '{}', contextInitializerClasses = '[]', activeProfiles = '{}', propertySourceLocations = '{}', propertySourceProperties = '{}', contextCustomizers = set[[empty]], contextLoader = 'org.springframework.test.context.support.DelegatingSmartContextLoader', parent = [null]]]; transaction manager [org.springframework.jdbc.datasource.DataSourceTransactionManager@2afd27a1]; rollback [true]
2018-01-07T10:01:44,124  INFO Test worker transaction.TransactionContext:136 - Rolled back transaction for test context [DefaultTestContext@49d27b67 testClass = ClientFoundRedirectMismatchTest, testInstance = integration.authorization.oauth2.grant.code.request.ValidateParams.validation.ResponseType.ClientFoundRedirectMismatchTest@5cf92df5, testMethod = responseTypeHasTwoItemsShouldThrowInformResourceOwnerException@ClientFoundRedirectMismatchTest, testException = [null], mergedContextConfiguration = [MergedContextConfiguration@711ff587 testClass = ClientFoundRedirectMismatchTest, locations = '{classpath:spring-auth-test.xml}', classes = '{}', contextInitializerClasses = '[]', activeProfiles = '{}', propertySourceLocations = '{}', propertySourceProperties = '{}', contextCustomizers = set[[empty]], contextLoader = 'org.springframework.test.context.support.DelegatingSmartContextLoader', parent = [null]]].
2018-01-07T10:01:44,127  INFO Test worker transaction.TransactionContext:101 - Began transaction (1) for test context [DefaultTestContext@49d27b67 testClass = ClientFoundRedirectMismatchTest, testInstance = integration.authorization.oauth2.grant.code.request.ValidateParams.validation.ResponseType.ClientFoundRedirectMismatchTest@1fedf406, testMethod = responseTypeIsBlankStringShouldThrowInformResourceOwnerException@ClientFoundRedirectMismatchTest, testException = [null], mergedContextConfiguration = [MergedContextConfiguration@711ff587 testClass = ClientFoundRedirectMismatchTest, locations = '{classpath:spring-auth-test.xml}', classes = '{}', contextInitializerClasses = '[]', activeProfiles = '{}', propertySourceLocations = '{}', propertySourceProperties = '{}', contextCustomizers = set[[empty]], contextLoader = 'org.springframework.test.context.support.DelegatingSmartContextLoader', parent = [null]]]; transaction manager [org.springframework.jdbc.datasource.DataSourceTransactionManager@2afd27a1]; rollback [true]
2018-01-07T10:01:44,459  INFO Test worker transaction.TransactionContext:136 - Rolled back transaction for test context [DefaultTestContext@49d27b67 testClass = ClientFoundRedirectMismatchTest, testInstance = integration.authorization.oauth2.grant.code.request.ValidateParams.validation.ResponseType.ClientFoundRedirectMismatchTest@1fedf406, testMethod = responseTypeIsBlankStringShouldThrowInformResourceOwnerException@ClientFoundRedirectMismatchTest, testException = [null], mergedContextConfiguration = [MergedContextConfiguration@711ff587 testClass = ClientFoundRedirectMismatchTest, locations = '{classpath:spring-auth-test.xml}', classes = '{}', contextInitializerClasses = '[]', activeProfiles = '{}', propertySourceLocations = '{}', propertySourceProperties = '{}', contextCustomizers = set[[empty]], contextLoader = 'org.springframework.test.context.support.DelegatingSmartContextLoader', parent = [null]]].
2018-01-07T10:01:44,466  INFO Test worker transaction.TransactionContext:101 - Began transaction (1) for test context [DefaultTestContext@49d27b67 testClass = ClientFoundRedirectMismatchTest, testInstance = integration.authorization.oauth2.grant.code.request.ValidateParams.validation.ResponseType.ClientFoundRedirectMismatchTest@772897f1, testMethod = responseTypeIsEmptyListShouldThrowInformResourceOwnerException@ClientFoundRedirectMismatchTest, testException = [null], mergedContextConfiguration = [MergedContextConfiguration@711ff587 testClass = ClientFoundRedirectMismatchTest, locations = '{classpath:spring-auth-test.xml}', classes = '{}', contextInitializerClasses = '[]', activeProfiles = '{}', propertySourceLocations = '{}', propertySourceProperties = '{}', contextCustomizers = set[[empty]], contextLoader = 'org.springframework.test.context.support.DelegatingSmartContextLoader', parent = [null]]]; transaction manager [org.springframework.jdbc.datasource.DataSourceTransactionManager@2afd27a1]; rollback [true]
2018-01-07T10:01:44,775  INFO Test worker transaction.TransactionContext:136 - Rolled back transaction for test context [DefaultTestContext@49d27b67 testClass = ClientFoundRedirectMismatchTest, testInstance = integration.authorization.oauth2.grant.code.request.ValidateParams.validation.ResponseType.ClientFoundRedirectMismatchTest@772897f1, testMethod = responseTypeIsEmptyListShouldThrowInformResourceOwnerException@ClientFoundRedirectMismatchTest, testException = [null], mergedContextConfiguration = [MergedContextConfiguration@711ff587 testClass = ClientFoundRedirectMismatchTest, locations = '{classpath:spring-auth-test.xml}', classes = '{}', contextInitializerClasses = '[]', activeProfiles = '{}', propertySourceLocations = '{}', propertySourceProperties = '{}', contextCustomizers = set[[empty]], contextLoader = 'org.springframework.test.context.support.DelegatingSmartContextLoader', parent = [null]]].
]]></system-out>
  <system-err><![CDATA[]]></system-err>
</testsuite>
