<?xml version="1.0" encoding="UTF-8"?>
<testsuite name="integration.authorization.openid.grant.token.request.ValidateOpenIdParams.validation.Scopes.ClientFoundTest" tests="3" skipped="0" failures="0" errors="0" timestamp="2018-01-07T16:01:51" hostname="Kristins-MBP" time="0.086">
  <properties/>
  <testcase name="scopesHasTwoItemsShouldThrowInformClientException" classname="integration.authorization.openid.grant.token.request.ValidateOpenIdParams.validation.Scopes.ClientFoundTest" time="0.041"/>
  <testcase name="scopeIsBlankStringShouldThrowInformClientException" classname="integration.authorization.openid.grant.token.request.ValidateOpenIdParams.validation.Scopes.ClientFoundTest" time="0.018"/>
  <testcase name="scopeIsInvalidShouldThrowInformClientException" classname="integration.authorization.openid.grant.token.request.ValidateOpenIdParams.validation.Scopes.ClientFoundTest" time="0.023"/>
  <system-out><![CDATA[2018-01-07T10:01:51,500  INFO Test worker support.DefaultTestContextBootstrapper:260 - Loaded default TestExecutionListener class names from location [META-INF/spring.factories]: [org.springframework.test.context.web.ServletTestExecutionListener, org.springframework.test.context.support.DirtiesContextBeforeModesTestExecutionListener, org.springframework.test.context.support.DependencyInjectionTestExecutionListener, org.springframework.test.context.support.DirtiesContextTestExecutionListener, org.springframework.test.context.transaction.TransactionalTestExecutionListener, org.springframework.test.context.jdbc.SqlScriptsTestExecutionListener]
2018-01-07T10:01:51,502  INFO Test worker support.DefaultTestContextBootstrapper:209 - Could not instantiate TestExecutionListener [org.springframework.test.context.web.ServletTestExecutionListener]. Specify custom listener classes or make the default listener classes (and their required dependencies) available. Offending class: [javax/servlet/ServletContext]
2018-01-07T10:01:51,502  INFO Test worker support.DefaultTestContextBootstrapper:187 - Using TestExecutionListeners: [org.springframework.test.context.support.DirtiesContextBeforeModesTestExecutionListener@616060d8, org.springframework.test.context.support.DependencyInjectionTestExecutionListener@35d04894, org.springframework.test.context.support.DirtiesContextTestExecutionListener@1fc7881d, org.springframework.test.context.transaction.TransactionalTestExecutionListener@68668d1b, org.springframework.test.context.jdbc.SqlScriptsTestExecutionListener@ae2466f]
2018-01-07T10:01:51,508  INFO Test worker transaction.TransactionContext:101 - Began transaction (1) for test context [DefaultTestContext@5a7e741f testClass = ClientFoundTest, testInstance = integration.authorization.openid.grant.token.request.ValidateOpenIdParams.validation.Scopes.ClientFoundTest@6ed1a74c, testMethod = scopesHasTwoItemsShouldThrowInformClientException@ClientFoundTest, testException = [null], mergedContextConfiguration = [MergedContextConfiguration@3dc12b4f testClass = ClientFoundTest, locations = '{classpath:spring-auth-test.xml}', classes = '{}', contextInitializerClasses = '[]', activeProfiles = '{}', propertySourceLocations = '{}', propertySourceProperties = '{}', contextCustomizers = set[[empty]], contextLoader = 'org.springframework.test.context.support.DelegatingSmartContextLoader', parent = [null]]]; transaction manager [org.springframework.jdbc.datasource.DataSourceTransactionManager@7c498c62]; rollback [true]
2018-01-07T10:01:51,547  INFO Test worker transaction.TransactionContext:136 - Rolled back transaction for test context [DefaultTestContext@5a7e741f testClass = ClientFoundTest, testInstance = integration.authorization.openid.grant.token.request.ValidateOpenIdParams.validation.Scopes.ClientFoundTest@6ed1a74c, testMethod = scopesHasTwoItemsShouldThrowInformClientException@ClientFoundTest, testException = [null], mergedContextConfiguration = [MergedContextConfiguration@3dc12b4f testClass = ClientFoundTest, locations = '{classpath:spring-auth-test.xml}', classes = '{}', contextInitializerClasses = '[]', activeProfiles = '{}', propertySourceLocations = '{}', propertySourceProperties = '{}', contextCustomizers = set[[empty]], contextLoader = 'org.springframework.test.context.support.DelegatingSmartContextLoader', parent = [null]]].
2018-01-07T10:01:51,551  INFO Test worker transaction.TransactionContext:101 - Began transaction (1) for test context [DefaultTestContext@5a7e741f testClass = ClientFoundTest, testInstance = integration.authorization.openid.grant.token.request.ValidateOpenIdParams.validation.Scopes.ClientFoundTest@20897f87, testMethod = scopeIsBlankStringShouldThrowInformClientException@ClientFoundTest, testException = [null], mergedContextConfiguration = [MergedContextConfiguration@3dc12b4f testClass = ClientFoundTest, locations = '{classpath:spring-auth-test.xml}', classes = '{}', contextInitializerClasses = '[]', activeProfiles = '{}', propertySourceLocations = '{}', propertySourceProperties = '{}', contextCustomizers = set[[empty]], contextLoader = 'org.springframework.test.context.support.DelegatingSmartContextLoader', parent = [null]]]; transaction manager [org.springframework.jdbc.datasource.DataSourceTransactionManager@7c498c62]; rollback [true]
2018-01-07T10:01:51,568  INFO Test worker transaction.TransactionContext:136 - Rolled back transaction for test context [DefaultTestContext@5a7e741f testClass = ClientFoundTest, testInstance = integration.authorization.openid.grant.token.request.ValidateOpenIdParams.validation.Scopes.ClientFoundTest@20897f87, testMethod = scopeIsBlankStringShouldThrowInformClientException@ClientFoundTest, testException = [null], mergedContextConfiguration = [MergedContextConfiguration@3dc12b4f testClass = ClientFoundTest, locations = '{classpath:spring-auth-test.xml}', classes = '{}', contextInitializerClasses = '[]', activeProfiles = '{}', propertySourceLocations = '{}', propertySourceProperties = '{}', contextCustomizers = set[[empty]], contextLoader = 'org.springframework.test.context.support.DelegatingSmartContextLoader', parent = [null]]].
2018-01-07T10:01:51,571  INFO Test worker transaction.TransactionContext:101 - Began transaction (1) for test context [DefaultTestContext@5a7e741f testClass = ClientFoundTest, testInstance = integration.authorization.openid.grant.token.request.ValidateOpenIdParams.validation.Scopes.ClientFoundTest@6af604a1, testMethod = scopeIsInvalidShouldThrowInformClientException@ClientFoundTest, testException = [null], mergedContextConfiguration = [MergedContextConfiguration@3dc12b4f testClass = ClientFoundTest, locations = '{classpath:spring-auth-test.xml}', classes = '{}', contextInitializerClasses = '[]', activeProfiles = '{}', propertySourceLocations = '{}', propertySourceProperties = '{}', contextCustomizers = set[[empty]], contextLoader = 'org.springframework.test.context.support.DelegatingSmartContextLoader', parent = [null]]]; transaction manager [org.springframework.jdbc.datasource.DataSourceTransactionManager@7c498c62]; rollback [true]
2018-01-07T10:01:51,592  INFO Test worker transaction.TransactionContext:136 - Rolled back transaction for test context [DefaultTestContext@5a7e741f testClass = ClientFoundTest, testInstance = integration.authorization.openid.grant.token.request.ValidateOpenIdParams.validation.Scopes.ClientFoundTest@6af604a1, testMethod = scopeIsInvalidShouldThrowInformClientException@ClientFoundTest, testException = [null], mergedContextConfiguration = [MergedContextConfiguration@3dc12b4f testClass = ClientFoundTest, locations = '{classpath:spring-auth-test.xml}', classes = '{}', contextInitializerClasses = '[]', activeProfiles = '{}', propertySourceLocations = '{}', propertySourceProperties = '{}', contextCustomizers = set[[empty]], contextLoader = 'org.springframework.test.context.support.DelegatingSmartContextLoader', parent = [null]]].
]]></system-out>
  <system-err><![CDATA[]]></system-err>
</testsuite>
