<?xml version="1.0" encoding="UTF-8"?>
<testsuite name="org.rootservices.authorization.oauth2.grant.redirect.code.authorization.request.context.GetConfidentialClientRedirectUriTest" tests="4" skipped="0" failures="0" errors="0" timestamp="2018-01-07T16:01:56" hostname="Kristins-MBP" time="0.456">
  <properties/>
  <testcase name="clientFoundRedirectUriMismatch" classname="org.rootservices.authorization.oauth2.grant.redirect.code.authorization.request.context.GetConfidentialClientRedirectUriTest" time="0.168"/>
  <testcase name="clientFoundRedirectUriIsNotPresent" classname="org.rootservices.authorization.oauth2.grant.redirect.code.authorization.request.context.GetConfidentialClientRedirectUriTest" time="0.141"/>
  <testcase name="clientNotFound" classname="org.rootservices.authorization.oauth2.grant.redirect.code.authorization.request.context.GetConfidentialClientRedirectUriTest" time="0.001"/>
  <testcase name="clientFoundRedirectUrisMatch" classname="org.rootservices.authorization.oauth2.grant.redirect.code.authorization.request.context.GetConfidentialClientRedirectUriTest" time="0.144"/>
  <system-out><![CDATA[]]></system-out>
  <system-err><![CDATA[]]></system-err>
</testsuite>
